usage: main.py [-h] [-simulation_method {EMT,LennardJones,Interface}]
               [-structure {-1,0,1,2,3}] [-visualisation {on,off}] [-cif CIF]
               [-ensemble_mode {energy,temperature}]
               [-lattice_constant LATTICE_CONSTANT] [-slurm]
               [-lattice_interpolation] [-substrate_lattice SUBSTRATE_LATTICE]
               [-film_lattice FILM_LATTICE]
               [-substrate_alloy_ratio SUBSTRATE_ALLOY_RATIO]
               [-film_alloy_ratio FILM_ALLOY_RATIO]
               [-substrate_atoms {Au,Ag,Cu,Al,Ni,Pd,Pt,deafult}]
               [-substrate_alloying_atoms {Au,Ag,Cu,Al,Ni,Pd,Pt,deafult}]
               [-film_atoms {Au,Ag,Cu,Al,Ni,Pd,Pt,deafult}]
               [-film_alloying_atoms {Au,Ag,Cu,Al,Ni,Pd,Pt,deafult}]
main.py: error: argument -film_lattice: expected one argument
usage: main.py [-h] [-simulation_method {EMT,LennardJones,Interface}]
               [-structure {-1,0,1,2,3}] [-visualisation {on,off}] [-cif CIF]
               [-ensemble_mode {energy,temperature}]
               [-lattice_constant LATTICE_CONSTANT] [-slurm]
               [-lattice_interpolation] [-substrate_lattice SUBSTRATE_LATTICE]
               [-film_lattice FILM_LATTICE]
               [-substrate_alloy_ratio SUBSTRATE_ALLOY_RATIO]
               [-film_alloy_ratio FILM_ALLOY_RATIO]
               [-substrate_atoms {Au,Ag,Cu,Al,Ni,Pd,Pt,deafult}]
               [-substrate_alloying_atoms {Au,Ag,Cu,Al,Ni,Pd,Pt,deafult}]
               [-film_atoms {Au,Ag,Cu,Al,Ni,Pd,Pt,deafult}]
               [-film_alloying_atoms {Au,Ag,Cu,Al,Ni,Pd,Pt,deafult}]
main.py: error: argument -film_lattice: expected one argument
usage: main.py [-h] [-simulation_method {EMT,LennardJones,Interface}]
               [-structure {-1,0,1,2,3}] [-visualisation {on,off}] [-cif CIF]
               [-ensemble_mode {energy,temperature}]
               [-lattice_constant LATTICE_CONSTANT] [-slurm]
               [-lattice_interpolation] [-substrate_lattice SUBSTRATE_LATTICE]
               [-film_lattice FILM_LATTICE]
               [-substrate_alloy_ratio SUBSTRATE_ALLOY_RATIO]
               [-film_alloy_ratio FILM_ALLOY_RATIO]
               [-substrate_atoms {Au,Ag,Cu,Al,Ni,Pd,Pt,deafult}]
               [-substrate_alloying_atoms {Au,Ag,Cu,Al,Ni,Pd,Pt,deafult}]
               [-film_atoms {Au,Ag,Cu,Al,Ni,Pd,Pt,deafult}]
               [-film_alloying_atoms {Au,Ag,Cu,Al,Ni,Pd,Pt,deafult}]
main.py: error: argument -film_lattice: expected one argument
usage: main.py [-h] [-simulation_method {EMT,LennardJones,Interface}]
               [-structure {-1,0,1,2,3}] [-visualisation {on,off}] [-cif CIF]
               [-ensemble_mode {energy,temperature}]
               [-lattice_constant LATTICE_CONSTANT] [-slurm]
               [-lattice_interpolation] [-substrate_lattice SUBSTRATE_LATTICE]
               [-film_lattice FILM_LATTICE]
               [-substrate_alloy_ratio SUBSTRATE_ALLOY_RATIO]
               [-film_alloy_ratio FILM_ALLOY_RATIO]
               [-substrate_atoms {Au,Ag,Cu,Al,Ni,Pd,Pt,deafult}]
               [-substrate_alloying_atoms {Au,Ag,Cu,Al,Ni,Pd,Pt,deafult}]
               [-film_atoms {Au,Ag,Cu,Al,Ni,Pd,Pt,deafult}]
               [-film_alloying_atoms {Au,Ag,Cu,Al,Ni,Pd,Pt,deafult}]
main.py: error: argument -film_lattice: expected one argument
usage: main.py [-h] [-simulation_method {EMT,LennardJones,Interface}]
               [-structure {-1,0,1,2,3}] [-visualisation {on,off}] [-cif CIF]
               [-ensemble_mode {energy,temperature}]
               [-lattice_constant LATTICE_CONSTANT] [-slurm]
               [-lattice_interpolation] [-substrate_lattice SUBSTRATE_LATTICE]
               [-film_lattice FILM_LATTICE]
               [-substrate_alloy_ratio SUBSTRATE_ALLOY_RATIO]
               [-film_alloy_ratio FILM_ALLOY_RATIO]
               [-substrate_atoms {Au,Ag,Cu,Al,Ni,Pd,Pt,deafult}]
               [-substrate_alloying_atoms {Au,Ag,Cu,Al,Ni,Pd,Pt,deafult}]
               [-film_atoms {Au,Ag,Cu,Al,Ni,Pd,Pt,deafult}]
               [-film_alloying_atoms {Au,Ag,Cu,Al,Ni,Pd,Pt,deafult}]
main.py: error: argument -film_lattice: expected one argument
usage: main.py [-h] [-simulation_method {EMT,LennardJones,Interface}]
               [-structure {-1,0,1,2,3}] [-visualisation {on,off}] [-cif CIF]
               [-ensemble_mode {energy,temperature}]
               [-lattice_constant LATTICE_CONSTANT] [-slurm]
               [-lattice_interpolation] [-substrate_lattice SUBSTRATE_LATTICE]
               [-film_lattice FILM_LATTICE]
               [-substrate_alloy_ratio SUBSTRATE_ALLOY_RATIO]
               [-film_alloy_ratio FILM_ALLOY_RATIO]
               [-substrate_atoms {Au,Ag,Cu,Al,Ni,Pd,Pt,deafult}]
               [-substrate_alloying_atoms {Au,Ag,Cu,Al,Ni,Pd,Pt,deafult}]
               [-film_atoms {Au,Ag,Cu,Al,Ni,Pd,Pt,deafult}]
               [-film_alloying_atoms {Au,Ag,Cu,Al,Ni,Pd,Pt,deafult}]
main.py: error: argument -film_lattice: expected one argument
usage: main.py [-h] [-simulation_method {EMT,LennardJones,Interface}]
               [-structure {-1,0,1,2,3}] [-visualisation {on,off}] [-cif CIF]
               [-ensemble_mode {energy,temperature}]
               [-lattice_constant LATTICE_CONSTANT] [-slurm]
               [-lattice_interpolation] [-substrate_lattice SUBSTRATE_LATTICE]
               [-film_lattice FILM_LATTICE]
               [-substrate_alloy_ratio SUBSTRATE_ALLOY_RATIO]
               [-film_alloy_ratio FILM_ALLOY_RATIO]
               [-substrate_atoms {Au,Ag,Cu,Al,Ni,Pd,Pt,deafult}]
               [-substrate_alloying_atoms {Au,Ag,Cu,Al,Ni,Pd,Pt,deafult}]
               [-film_atoms {Au,Ag,Cu,Al,Ni,Pd,Pt,deafult}]
               [-film_alloying_atoms {Au,Ag,Cu,Al,Ni,Pd,Pt,deafult}]
main.py: error: argument -film_lattice: expected one argument
usage: main.py [-h] [-simulation_method {EMT,LennardJones,Interface}]
               [-structure {-1,0,1,2,3}] [-visualisation {on,off}] [-cif CIF]
               [-ensemble_mode {energy,temperature}]
               [-lattice_constant LATTICE_CONSTANT] [-slurm]
               [-lattice_interpolation] [-substrate_lattice SUBSTRATE_LATTICE]
               [-film_lattice FILM_LATTICE]
               [-substrate_alloy_ratio SUBSTRATE_ALLOY_RATIO]
               [-film_alloy_ratio FILM_ALLOY_RATIO]
               [-substrate_atoms {Au,Ag,Cu,Al,Ni,Pd,Pt,deafult}]
               [-substrate_alloying_atoms {Au,Ag,Cu,Al,Ni,Pd,Pt,deafult}]
               [-film_atoms {Au,Ag,Cu,Al,Ni,Pd,Pt,deafult}]
               [-film_alloying_atoms {Au,Ag,Cu,Al,Ni,Pd,Pt,deafult}]
main.py: error: argument -film_lattice: expected one argument
usage: main.py [-h] [-simulation_method {EMT,LennardJones,Interface}]
               [-structure {-1,0,1,2,3}] [-visualisation {on,off}] [-cif CIF]
               [-ensemble_mode {energy,temperature}]
               [-lattice_constant LATTICE_CONSTANT] [-slurm]
               [-lattice_interpolation] [-substrate_lattice SUBSTRATE_LATTICE]
               [-film_lattice FILM_LATTICE]
               [-substrate_alloy_ratio SUBSTRATE_ALLOY_RATIO]
               [-film_alloy_ratio FILM_ALLOY_RATIO]
               [-substrate_atoms {Au,Ag,Cu,Al,Ni,Pd,Pt,deafult}]
               [-substrate_alloying_atoms {Au,Ag,Cu,Al,Ni,Pd,Pt,deafult}]
               [-film_atoms {Au,Ag,Cu,Al,Ni,Pd,Pt,deafult}]
               [-film_alloying_atoms {Au,Ag,Cu,Al,Ni,Pd,Pt,deafult}]
main.py: error: argument -film_lattice: expected one argument
usage: main.py [-h] [-simulation_method {EMT,LennardJones,Interface}]
               [-structure {-1,0,1,2,3}] [-visualisation {on,off}] [-cif CIF]
               [-ensemble_mode {energy,temperature}]
               [-lattice_constant LATTICE_CONSTANT] [-slurm]
               [-lattice_interpolation] [-substrate_lattice SUBSTRATE_LATTICE]
               [-film_lattice FILM_LATTICE]
               [-substrate_alloy_ratio SUBSTRATE_ALLOY_RATIO]
               [-film_alloy_ratio FILM_ALLOY_RATIO]
               [-substrate_atoms {Au,Ag,Cu,Al,Ni,Pd,Pt,deafult}]
               [-substrate_alloying_atoms {Au,Ag,Cu,Al,Ni,Pd,Pt,deafult}]
               [-film_atoms {Au,Ag,Cu,Al,Ni,Pd,Pt,deafult}]
               [-film_alloying_atoms {Au,Ag,Cu,Al,Ni,Pd,Pt,deafult}]
main.py: error: argument -film_lattice: expected one argument
usage: main.py [-h] [-simulation_method {EMT,LennardJones,Interface}]
               [-structure {-1,0,1,2,3}] [-visualisation {on,off}] [-cif CIF]
               [-ensemble_mode {energy,temperature}]
               [-lattice_constant LATTICE_CONSTANT] [-slurm]
               [-lattice_interpolation] [-substrate_lattice SUBSTRATE_LATTICE]
               [-film_lattice FILM_LATTICE]
               [-substrate_alloy_ratio SUBSTRATE_ALLOY_RATIO]
               [-film_alloy_ratio FILM_ALLOY_RATIO]
               [-substrate_atoms {Au,Ag,Cu,Al,Ni,Pd,Pt,deafult}]
               [-substrate_alloying_atoms {Au,Ag,Cu,Al,Ni,Pd,Pt,deafult}]
               [-film_atoms {Au,Ag,Cu,Al,Ni,Pd,Pt,deafult}]
               [-film_alloying_atoms {Au,Ag,Cu,Al,Ni,Pd,Pt,deafult}]
main.py: error: argument -film_lattice: expected one argument
usage: main.py [-h] [-simulation_method {EMT,LennardJones,Interface}]
               [-structure {-1,0,1,2,3}] [-visualisation {on,off}] [-cif CIF]
               [-ensemble_mode {energy,temperature}]
               [-lattice_constant LATTICE_CONSTANT] [-slurm]
               [-lattice_interpolation] [-substrate_lattice SUBSTRATE_LATTICE]
               [-film_lattice FILM_LATTICE]
               [-substrate_alloy_ratio SUBSTRATE_ALLOY_RATIO]
               [-film_alloy_ratio FILM_ALLOY_RATIO]
               [-substrate_atoms {Au,Ag,Cu,Al,Ni,Pd,Pt,deafult}]
               [-substrate_alloying_atoms {Au,Ag,Cu,Al,Ni,Pd,Pt,deafult}]
               [-film_atoms {Au,Ag,Cu,Al,Ni,Pd,Pt,deafult}]
               [-film_alloying_atoms {Au,Ag,Cu,Al,Ni,Pd,Pt,deafult}]
main.py: error: argument -film_lattice: expected one argument
usage: main.py [-h] [-simulation_method {EMT,LennardJones,Interface}]
               [-structure {-1,0,1,2,3}] [-visualisation {on,off}] [-cif CIF]
               [-ensemble_mode {energy,temperature}]
               [-lattice_constant LATTICE_CONSTANT] [-slurm]
               [-lattice_interpolation] [-substrate_lattice SUBSTRATE_LATTICE]
               [-film_lattice FILM_LATTICE]
               [-substrate_alloy_ratio SUBSTRATE_ALLOY_RATIO]
               [-film_alloy_ratio FILM_ALLOY_RATIO]
               [-substrate_atoms {Au,Ag,Cu,Al,Ni,Pd,Pt,deafult}]
               [-substrate_alloying_atoms {Au,Ag,Cu,Al,Ni,Pd,Pt,deafult}]
               [-film_atoms {Au,Ag,Cu,Al,Ni,Pd,Pt,deafult}]
               [-film_alloying_atoms {Au,Ag,Cu,Al,Ni,Pd,Pt,deafult}]
main.py: error: argument -film_lattice: expected one argument
usage: main.py [-h] [-simulation_method {EMT,LennardJones,Interface}]
               [-structure {-1,0,1,2,3}] [-visualisation {on,off}] [-cif CIF]
               [-ensemble_mode {energy,temperature}]
               [-lattice_constant LATTICE_CONSTANT] [-slurm]
               [-lattice_interpolation] [-substrate_lattice SUBSTRATE_LATTICE]
               [-film_lattice FILM_LATTICE]
               [-substrate_alloy_ratio SUBSTRATE_ALLOY_RATIO]
               [-film_alloy_ratio FILM_ALLOY_RATIO]
               [-substrate_atoms {Au,Ag,Cu,Al,Ni,Pd,Pt,deafult}]
               [-substrate_alloying_atoms {Au,Ag,Cu,Al,Ni,Pd,Pt,deafult}]
               [-film_atoms {Au,Ag,Cu,Al,Ni,Pd,Pt,deafult}]
               [-film_alloying_atoms {Au,Ag,Cu,Al,Ni,Pd,Pt,deafult}]
main.py: error: argument -film_lattice: expected one argument
usage: main.py [-h] [-simulation_method {EMT,LennardJones,Interface}]
               [-structure {-1,0,1,2,3}] [-visualisation {on,off}] [-cif CIF]
               [-ensemble_mode {energy,temperature}]
               [-lattice_constant LATTICE_CONSTANT] [-slurm]
               [-lattice_interpolation] [-substrate_lattice SUBSTRATE_LATTICE]
               [-film_lattice FILM_LATTICE]
               [-substrate_alloy_ratio SUBSTRATE_ALLOY_RATIO]
               [-film_alloy_ratio FILM_ALLOY_RATIO]
               [-substrate_atoms {Au,Ag,Cu,Al,Ni,Pd,Pt,deafult}]
               [-substrate_alloying_atoms {Au,Ag,Cu,Al,Ni,Pd,Pt,deafult}]
               [-film_atoms {Au,Ag,Cu,Al,Ni,Pd,Pt,deafult}]
               [-film_alloying_atoms {Au,Ag,Cu,Al,Ni,Pd,Pt,deafult}]
main.py: error: argument -film_lattice: expected one argument
usage: main.py [-h] [-simulation_method {EMT,LennardJones,Interface}]
               [-structure {-1,0,1,2,3}] [-visualisation {on,off}] [-cif CIF]
               [-ensemble_mode {energy,temperature}]
               [-lattice_constant LATTICE_CONSTANT] [-slurm]
               [-lattice_interpolation] [-substrate_lattice SUBSTRATE_LATTICE]
               [-film_lattice FILM_LATTICE]
               [-substrate_alloy_ratio SUBSTRATE_ALLOY_RATIO]
               [-film_alloy_ratio FILM_ALLOY_RATIO]
               [-substrate_atoms {Au,Ag,Cu,Al,Ni,Pd,Pt,deafult}]
               [-substrate_alloying_atoms {Au,Ag,Cu,Al,Ni,Pd,Pt,deafult}]
               [-film_atoms {Au,Ag,Cu,Al,Ni,Pd,Pt,deafult}]
               [-film_alloying_atoms {Au,Ag,Cu,Al,Ni,Pd,Pt,deafult}]
main.py: error: argument -film_lattice: expected one argument
usage: main.py [-h] [-simulation_method {EMT,LennardJones,Interface}]
               [-structure {-1,0,1,2,3}] [-visualisation {on,off}] [-cif CIF]
               [-ensemble_mode {energy,temperature}]
               [-lattice_constant LATTICE_CONSTANT] [-slurm]
               [-lattice_interpolation] [-substrate_lattice SUBSTRATE_LATTICE]
               [-film_lattice FILM_LATTICE]
               [-substrate_alloy_ratio SUBSTRATE_ALLOY_RATIO]
               [-film_alloy_ratio FILM_ALLOY_RATIO]
               [-substrate_atoms {Au,Ag,Cu,Al,Ni,Pd,Pt,deafult}]
               [-substrate_alloying_atoms {Au,Ag,Cu,Al,Ni,Pd,Pt,deafult}]
               [-film_atoms {Au,Ag,Cu,Al,Ni,Pd,Pt,deafult}]
               [-film_alloying_atoms {Au,Ag,Cu,Al,Ni,Pd,Pt,deafult}]
main.py: error: argument -film_lattice: expected one argument
usage: main.py [-h] [-simulation_method {EMT,LennardJones,Interface}]
               [-structure {-1,0,1,2,3}] [-visualisation {on,off}] [-cif CIF]
               [-ensemble_mode {energy,temperature}]
               [-lattice_constant LATTICE_CONSTANT] [-slurm]
               [-lattice_interpolation] [-substrate_lattice SUBSTRATE_LATTICE]
               [-film_lattice FILM_LATTICE]
               [-substrate_alloy_ratio SUBSTRATE_ALLOY_RATIO]
               [-film_alloy_ratio FILM_ALLOY_RATIO]
               [-substrate_atoms {Au,Ag,Cu,Al,Ni,Pd,Pt,deafult}]
               [-substrate_alloying_atoms {Au,Ag,Cu,Al,Ni,Pd,Pt,deafult}]
               [-film_atoms {Au,Ag,Cu,Al,Ni,Pd,Pt,deafult}]
               [-film_alloying_atoms {Au,Ag,Cu,Al,Ni,Pd,Pt,deafult}]
main.py: error: argument -film_lattice: expected one argument
usage: main.py [-h] [-simulation_method {EMT,LennardJones,Interface}]
               [-structure {-1,0,1,2,3}] [-visualisation {on,off}] [-cif CIF]
               [-ensemble_mode {energy,temperature}]
               [-lattice_constant LATTICE_CONSTANT] [-slurm]
               [-lattice_interpolation] [-substrate_lattice SUBSTRATE_LATTICE]
               [-film_lattice FILM_LATTICE]
               [-substrate_alloy_ratio SUBSTRATE_ALLOY_RATIO]
               [-film_alloy_ratio FILM_ALLOY_RATIO]
               [-substrate_atoms {Au,Ag,Cu,Al,Ni,Pd,Pt,deafult}]
               [-substrate_alloying_atoms {Au,Ag,Cu,Al,Ni,Pd,Pt,deafult}]
               [-film_atoms {Au,Ag,Cu,Al,Ni,Pd,Pt,deafult}]
               [-film_alloying_atoms {Au,Ag,Cu,Al,Ni,Pd,Pt,deafult}]
main.py: error: argument -film_lattice: expected one argument
usage: main.py [-h] [-simulation_method {EMT,LennardJones,Interface}]
               [-structure {-1,0,1,2,3}] [-visualisation {on,off}] [-cif CIF]
               [-ensemble_mode {energy,temperature}]
               [-lattice_constant LATTICE_CONSTANT] [-slurm]
               [-lattice_interpolation] [-substrate_lattice SUBSTRATE_LATTICE]
               [-film_lattice FILM_LATTICE]
               [-substrate_alloy_ratio SUBSTRATE_ALLOY_RATIO]
               [-film_alloy_ratio FILM_ALLOY_RATIO]
               [-substrate_atoms {Au,Ag,Cu,Al,Ni,Pd,Pt,deafult}]
               [-substrate_alloying_atoms {Au,Ag,Cu,Al,Ni,Pd,Pt,deafult}]
               [-film_atoms {Au,Ag,Cu,Al,Ni,Pd,Pt,deafult}]
               [-film_alloying_atoms {Au,Ag,Cu,Al,Ni,Pd,Pt,deafult}]
main.py: error: argument -film_lattice: expected one argument
usage: main.py [-h] [-simulation_method {EMT,LennardJones,Interface}]
               [-structure {-1,0,1,2,3}] [-visualisation {on,off}] [-cif CIF]
               [-ensemble_mode {energy,temperature}]
               [-lattice_constant LATTICE_CONSTANT] [-slurm]
               [-lattice_interpolation] [-substrate_lattice SUBSTRATE_LATTICE]
               [-film_lattice FILM_LATTICE]
               [-substrate_alloy_ratio SUBSTRATE_ALLOY_RATIO]
               [-film_alloy_ratio FILM_ALLOY_RATIO]
               [-substrate_atoms {Au,Ag,Cu,Al,Ni,Pd,Pt,deafult}]
               [-substrate_alloying_atoms {Au,Ag,Cu,Al,Ni,Pd,Pt,deafult}]
               [-film_atoms {Au,Ag,Cu,Al,Ni,Pd,Pt,deafult}]
               [-film_alloying_atoms {Au,Ag,Cu,Al,Ni,Pd,Pt,deafult}]
main.py: error: argument -film_lattice: expected one argument
usage: main.py [-h] [-simulation_method {EMT,LennardJones,Interface}]
               [-structure {-1,0,1,2,3}] [-visualisation {on,off}] [-cif CIF]
               [-ensemble_mode {energy,temperature}]
               [-lattice_constant LATTICE_CONSTANT] [-slurm]
               [-lattice_interpolation] [-substrate_lattice SUBSTRATE_LATTICE]
               [-film_lattice FILM_LATTICE]
               [-substrate_alloy_ratio SUBSTRATE_ALLOY_RATIO]
               [-film_alloy_ratio FILM_ALLOY_RATIO]
               [-substrate_atoms {Au,Ag,Cu,Al,Ni,Pd,Pt,deafult}]
               [-substrate_alloying_atoms {Au,Ag,Cu,Al,Ni,Pd,Pt,deafult}]
               [-film_atoms {Au,Ag,Cu,Al,Ni,Pd,Pt,deafult}]
               [-film_alloying_atoms {Au,Ag,Cu,Al,Ni,Pd,Pt,deafult}]
main.py: error: argument -film_lattice: expected one argument
usage: main.py [-h] [-simulation_method {EMT,LennardJones,Interface}]
               [-structure {-1,0,1,2,3}] [-visualisation {on,off}] [-cif CIF]
               [-ensemble_mode {energy,temperature}]
               [-lattice_constant LATTICE_CONSTANT] [-slurm]
               [-lattice_interpolation] [-substrate_lattice SUBSTRATE_LATTICE]
               [-film_lattice FILM_LATTICE]
               [-substrate_alloy_ratio SUBSTRATE_ALLOY_RATIO]
               [-film_alloy_ratio FILM_ALLOY_RATIO]
               [-substrate_atoms {Au,Ag,Cu,Al,Ni,Pd,Pt,deafult}]
               [-substrate_alloying_atoms {Au,Ag,Cu,Al,Ni,Pd,Pt,deafult}]
               [-film_atoms {Au,Ag,Cu,Al,Ni,Pd,Pt,deafult}]
               [-film_alloying_atoms {Au,Ag,Cu,Al,Ni,Pd,Pt,deafult}]
main.py: error: argument -film_lattice: expected one argument
usage: main.py [-h] [-simulation_method {EMT,LennardJones,Interface}]
               [-structure {-1,0,1,2,3}] [-visualisation {on,off}] [-cif CIF]
               [-ensemble_mode {energy,temperature}]
               [-lattice_constant LATTICE_CONSTANT] [-slurm]
               [-lattice_interpolation] [-substrate_lattice SUBSTRATE_LATTICE]
               [-film_lattice FILM_LATTICE]
               [-substrate_alloy_ratio SUBSTRATE_ALLOY_RATIO]
               [-film_alloy_ratio FILM_ALLOY_RATIO]
               [-substrate_atoms {Au,Ag,Cu,Al,Ni,Pd,Pt,deafult}]
               [-substrate_alloying_atoms {Au,Ag,Cu,Al,Ni,Pd,Pt,deafult}]
               [-film_atoms {Au,Ag,Cu,Al,Ni,Pd,Pt,deafult}]
               [-film_alloying_atoms {Au,Ag,Cu,Al,Ni,Pd,Pt,deafult}]
main.py: error: argument -film_lattice: expected one argument
usage: main.py [-h] [-simulation_method {EMT,LennardJones,Interface}]
               [-structure {-1,0,1,2,3}] [-visualisation {on,off}] [-cif CIF]
               [-ensemble_mode {energy,temperature}]
               [-lattice_constant LATTICE_CONSTANT] [-slurm]
               [-lattice_interpolation] [-substrate_lattice SUBSTRATE_LATTICE]
               [-film_lattice FILM_LATTICE]
               [-substrate_alloy_ratio SUBSTRATE_ALLOY_RATIO]
               [-film_alloy_ratio FILM_ALLOY_RATIO]
               [-substrate_atoms {Au,Ag,Cu,Al,Ni,Pd,Pt,deafult}]
               [-substrate_alloying_atoms {Au,Ag,Cu,Al,Ni,Pd,Pt,deafult}]
               [-film_atoms {Au,Ag,Cu,Al,Ni,Pd,Pt,deafult}]
               [-film_alloying_atoms {Au,Ag,Cu,Al,Ni,Pd,Pt,deafult}]
main.py: error: argument -film_lattice: expected one argument
usage: main.py [-h] [-simulation_method {EMT,LennardJones,Interface}]
               [-structure {-1,0,1,2,3}] [-visualisation {on,off}] [-cif CIF]
               [-ensemble_mode {energy,temperature}]
               [-lattice_constant LATTICE_CONSTANT] [-slurm]
               [-lattice_interpolation] [-substrate_lattice SUBSTRATE_LATTICE]
               [-film_lattice FILM_LATTICE]
               [-substrate_alloy_ratio SUBSTRATE_ALLOY_RATIO]
               [-film_alloy_ratio FILM_ALLOY_RATIO]
               [-substrate_atoms {Au,Ag,Cu,Al,Ni,Pd,Pt,deafult}]
               [-substrate_alloying_atoms {Au,Ag,Cu,Al,Ni,Pd,Pt,deafult}]
               [-film_atoms {Au,Ag,Cu,Al,Ni,Pd,Pt,deafult}]
               [-film_alloying_atoms {Au,Ag,Cu,Al,Ni,Pd,Pt,deafult}]
main.py: error: argument -film_lattice: expected one argument
usage: main.py [-h] [-simulation_method {EMT,LennardJones,Interface}]
               [-structure {-1,0,1,2,3}] [-visualisation {on,off}] [-cif CIF]
               [-ensemble_mode {energy,temperature}]
               [-lattice_constant LATTICE_CONSTANT] [-slurm]
               [-lattice_interpolation] [-substrate_lattice SUBSTRATE_LATTICE]
               [-film_lattice FILM_LATTICE]
               [-substrate_alloy_ratio SUBSTRATE_ALLOY_RATIO]
               [-film_alloy_ratio FILM_ALLOY_RATIO]
               [-substrate_atoms {Au,Ag,Cu,Al,Ni,Pd,Pt,deafult}]
               [-substrate_alloying_atoms {Au,Ag,Cu,Al,Ni,Pd,Pt,deafult}]
               [-film_atoms {Au,Ag,Cu,Al,Ni,Pd,Pt,deafult}]
               [-film_alloying_atoms {Au,Ag,Cu,Al,Ni,Pd,Pt,deafult}]
main.py: error: argument -film_lattice: expected one argument
usage: main.py [-h] [-simulation_method {EMT,LennardJones,Interface}]
               [-structure {-1,0,1,2,3}] [-visualisation {on,off}] [-cif CIF]
               [-ensemble_mode {energy,temperature}]
               [-lattice_constant LATTICE_CONSTANT] [-slurm]
               [-lattice_interpolation] [-substrate_lattice SUBSTRATE_LATTICE]
               [-film_lattice FILM_LATTICE]
               [-substrate_alloy_ratio SUBSTRATE_ALLOY_RATIO]
               [-film_alloy_ratio FILM_ALLOY_RATIO]
               [-substrate_atoms {Au,Ag,Cu,Al,Ni,Pd,Pt,deafult}]
               [-substrate_alloying_atoms {Au,Ag,Cu,Al,Ni,Pd,Pt,deafult}]
               [-film_atoms {Au,Ag,Cu,Al,Ni,Pd,Pt,deafult}]
               [-film_alloying_atoms {Au,Ag,Cu,Al,Ni,Pd,Pt,deafult}]
main.py: error: argument -film_lattice: expected one argument
usage: main.py [-h] [-simulation_method {EMT,LennardJones,Interface}]
               [-structure {-1,0,1,2,3}] [-visualisation {on,off}] [-cif CIF]
               [-ensemble_mode {energy,temperature}]
               [-lattice_constant LATTICE_CONSTANT] [-slurm]
               [-lattice_interpolation] [-substrate_lattice SUBSTRATE_LATTICE]
               [-film_lattice FILM_LATTICE]
               [-substrate_alloy_ratio SUBSTRATE_ALLOY_RATIO]
               [-film_alloy_ratio FILM_ALLOY_RATIO]
               [-substrate_atoms {Au,Ag,Cu,Al,Ni,Pd,Pt,deafult}]
               [-substrate_alloying_atoms {Au,Ag,Cu,Al,Ni,Pd,Pt,deafult}]
               [-film_atoms {Au,Ag,Cu,Al,Ni,Pd,Pt,deafult}]
               [-film_alloying_atoms {Au,Ag,Cu,Al,Ni,Pd,Pt,deafult}]
main.py: error: argument -film_lattice: expected one argument
usage: main.py [-h] [-simulation_method {EMT,LennardJones,Interface}]
               [-structure {-1,0,1,2,3}] [-visualisation {on,off}] [-cif CIF]
               [-ensemble_mode {energy,temperature}]
               [-lattice_constant LATTICE_CONSTANT] [-slurm]
               [-lattice_interpolation] [-substrate_lattice SUBSTRATE_LATTICE]
               [-film_lattice FILM_LATTICE]
               [-substrate_alloy_ratio SUBSTRATE_ALLOY_RATIO]
               [-film_alloy_ratio FILM_ALLOY_RATIO]
               [-substrate_atoms {Au,Ag,Cu,Al,Ni,Pd,Pt,deafult}]
               [-substrate_alloying_atoms {Au,Ag,Cu,Al,Ni,Pd,Pt,deafult}]
               [-film_atoms {Au,Ag,Cu,Al,Ni,Pd,Pt,deafult}]
               [-film_alloying_atoms {Au,Ag,Cu,Al,Ni,Pd,Pt,deafult}]
main.py: error: argument -film_lattice: expected one argument
usage: main.py [-h] [-simulation_method {EMT,LennardJones,Interface}]
               [-structure {-1,0,1,2,3}] [-visualisation {on,off}] [-cif CIF]
               [-ensemble_mode {energy,temperature}]
               [-lattice_constant LATTICE_CONSTANT] [-slurm]
               [-lattice_interpolation] [-substrate_lattice SUBSTRATE_LATTICE]
               [-film_lattice FILM_LATTICE]
               [-substrate_alloy_ratio SUBSTRATE_ALLOY_RATIO]
               [-film_alloy_ratio FILM_ALLOY_RATIO]
               [-substrate_atoms {Au,Ag,Cu,Al,Ni,Pd,Pt,deafult}]
               [-substrate_alloying_atoms {Au,Ag,Cu,Al,Ni,Pd,Pt,deafult}]
               [-film_atoms {Au,Ag,Cu,Al,Ni,Pd,Pt,deafult}]
               [-film_alloying_atoms {Au,Ag,Cu,Al,Ni,Pd,Pt,deafult}]
main.py: error: argument -film_lattice: expected one argument
usage: main.py [-h] [-simulation_method {EMT,LennardJones,Interface}]
               [-structure {-1,0,1,2,3}] [-visualisation {on,off}] [-cif CIF]
               [-ensemble_mode {energy,temperature}]
               [-lattice_constant LATTICE_CONSTANT] [-slurm]
               [-lattice_interpolation] [-substrate_lattice SUBSTRATE_LATTICE]
               [-film_lattice FILM_LATTICE]
               [-substrate_alloy_ratio SUBSTRATE_ALLOY_RATIO]
               [-film_alloy_ratio FILM_ALLOY_RATIO]
               [-substrate_atoms {Au,Ag,Cu,Al,Ni,Pd,Pt,deafult}]
               [-substrate_alloying_atoms {Au,Ag,Cu,Al,Ni,Pd,Pt,deafult}]
               [-film_atoms {Au,Ag,Cu,Al,Ni,Pd,Pt,deafult}]
               [-film_alloying_atoms {Au,Ag,Cu,Al,Ni,Pd,Pt,deafult}]
main.py: error: argument -film_lattice: expected one argument
usage: main.py [-h] [-simulation_method {EMT,LennardJones,Interface}]
               [-structure {-1,0,1,2,3}] [-visualisation {on,off}] [-cif CIF]
               [-ensemble_mode {energy,temperature}]
               [-lattice_constant LATTICE_CONSTANT] [-slurm]
               [-lattice_interpolation] [-substrate_lattice SUBSTRATE_LATTICE]
               [-film_lattice FILM_LATTICE]
               [-substrate_alloy_ratio SUBSTRATE_ALLOY_RATIO]
               [-film_alloy_ratio FILM_ALLOY_RATIO]
               [-substrate_atoms {Au,Ag,Cu,Al,Ni,Pd,Pt,deafult}]
               [-substrate_alloying_atoms {Au,Ag,Cu,Al,Ni,Pd,Pt,deafult}]
               [-film_atoms {Au,Ag,Cu,Al,Ni,Pd,Pt,deafult}]
               [-film_alloying_atoms {Au,Ag,Cu,Al,Ni,Pd,Pt,deafult}]
main.py: error: argument -film_lattice: expected one argument
usage: main.py [-h] [-simulation_method {EMT,LennardJones,Interface}]
               [-structure {-1,0,1,2,3}] [-visualisation {on,off}] [-cif CIF]
               [-ensemble_mode {energy,temperature}]
               [-lattice_constant LATTICE_CONSTANT] [-slurm]
               [-lattice_interpolation] [-substrate_lattice SUBSTRATE_LATTICE]
               [-film_lattice FILM_LATTICE]
               [-substrate_alloy_ratio SUBSTRATE_ALLOY_RATIO]
               [-film_alloy_ratio FILM_ALLOY_RATIO]
               [-substrate_atoms {Au,Ag,Cu,Al,Ni,Pd,Pt,deafult}]
               [-substrate_alloying_atoms {Au,Ag,Cu,Al,Ni,Pd,Pt,deafult}]
               [-film_atoms {Au,Ag,Cu,Al,Ni,Pd,Pt,deafult}]
               [-film_alloying_atoms {Au,Ag,Cu,Al,Ni,Pd,Pt,deafult}]
main.py: error: argument -film_lattice: expected one argument
usage: main.py [-h] [-simulation_method {EMT,LennardJones,Interface}]
               [-structure {-1,0,1,2,3}] [-visualisation {on,off}] [-cif CIF]
               [-ensemble_mode {energy,temperature}]
               [-lattice_constant LATTICE_CONSTANT] [-slurm]
               [-lattice_interpolation] [-substrate_lattice SUBSTRATE_LATTICE]
               [-film_lattice FILM_LATTICE]
               [-substrate_alloy_ratio SUBSTRATE_ALLOY_RATIO]
               [-film_alloy_ratio FILM_ALLOY_RATIO]
               [-substrate_atoms {Au,Ag,Cu,Al,Ni,Pd,Pt,deafult}]
               [-substrate_alloying_atoms {Au,Ag,Cu,Al,Ni,Pd,Pt,deafult}]
               [-film_atoms {Au,Ag,Cu,Al,Ni,Pd,Pt,deafult}]
               [-film_alloying_atoms {Au,Ag,Cu,Al,Ni,Pd,Pt,deafult}]
main.py: error: argument -film_lattice: expected one argument
usage: main.py [-h] [-simulation_method {EMT,LennardJones,Interface}]
               [-structure {-1,0,1,2,3}] [-visualisation {on,off}] [-cif CIF]
               [-ensemble_mode {energy,temperature}]
               [-lattice_constant LATTICE_CONSTANT] [-slurm]
               [-lattice_interpolation] [-substrate_lattice SUBSTRATE_LATTICE]
               [-film_lattice FILM_LATTICE]
               [-substrate_alloy_ratio SUBSTRATE_ALLOY_RATIO]
               [-film_alloy_ratio FILM_ALLOY_RATIO]
               [-substrate_atoms {Au,Ag,Cu,Al,Ni,Pd,Pt,deafult}]
               [-substrate_alloying_atoms {Au,Ag,Cu,Al,Ni,Pd,Pt,deafult}]
               [-film_atoms {Au,Ag,Cu,Al,Ni,Pd,Pt,deafult}]
               [-film_alloying_atoms {Au,Ag,Cu,Al,Ni,Pd,Pt,deafult}]
main.py: error: argument -film_lattice: expected one argument
usage: main.py [-h] [-simulation_method {EMT,LennardJones,Interface}]
               [-structure {-1,0,1,2,3}] [-visualisation {on,off}] [-cif CIF]
               [-ensemble_mode {energy,temperature}]
               [-lattice_constant LATTICE_CONSTANT] [-slurm]
               [-lattice_interpolation] [-substrate_lattice SUBSTRATE_LATTICE]
               [-film_lattice FILM_LATTICE]
               [-substrate_alloy_ratio SUBSTRATE_ALLOY_RATIO]
               [-film_alloy_ratio FILM_ALLOY_RATIO]
               [-substrate_atoms {Au,Ag,Cu,Al,Ni,Pd,Pt,deafult}]
               [-substrate_alloying_atoms {Au,Ag,Cu,Al,Ni,Pd,Pt,deafult}]
               [-film_atoms {Au,Ag,Cu,Al,Ni,Pd,Pt,deafult}]
               [-film_alloying_atoms {Au,Ag,Cu,Al,Ni,Pd,Pt,deafult}]
main.py: error: argument -film_lattice: expected one argument
usage: main.py [-h] [-simulation_method {EMT,LennardJones,Interface}]
               [-structure {-1,0,1,2,3}] [-visualisation {on,off}] [-cif CIF]
               [-ensemble_mode {energy,temperature}]
               [-lattice_constant LATTICE_CONSTANT] [-slurm]
               [-lattice_interpolation] [-substrate_lattice SUBSTRATE_LATTICE]
               [-film_lattice FILM_LATTICE]
               [-substrate_alloy_ratio SUBSTRATE_ALLOY_RATIO]
               [-film_alloy_ratio FILM_ALLOY_RATIO]
               [-substrate_atoms {Au,Ag,Cu,Al,Ni,Pd,Pt,deafult}]
               [-substrate_alloying_atoms {Au,Ag,Cu,Al,Ni,Pd,Pt,deafult}]
               [-film_atoms {Au,Ag,Cu,Al,Ni,Pd,Pt,deafult}]
               [-film_alloying_atoms {Au,Ag,Cu,Al,Ni,Pd,Pt,deafult}]
main.py: error: argument -film_lattice: expected one argument
usage: main.py [-h] [-simulation_method {EMT,LennardJones,Interface}]
               [-structure {-1,0,1,2,3}] [-visualisation {on,off}] [-cif CIF]
               [-ensemble_mode {energy,temperature}]
               [-lattice_constant LATTICE_CONSTANT] [-slurm]
               [-lattice_interpolation] [-substrate_lattice SUBSTRATE_LATTICE]
               [-film_lattice FILM_LATTICE]
               [-substrate_alloy_ratio SUBSTRATE_ALLOY_RATIO]
               [-film_alloy_ratio FILM_ALLOY_RATIO]
               [-substrate_atoms {Au,Ag,Cu,Al,Ni,Pd,Pt,deafult}]
               [-substrate_alloying_atoms {Au,Ag,Cu,Al,Ni,Pd,Pt,deafult}]
               [-film_atoms {Au,Ag,Cu,Al,Ni,Pd,Pt,deafult}]
               [-film_alloying_atoms {Au,Ag,Cu,Al,Ni,Pd,Pt,deafult}]
main.py: error: argument -film_lattice: expected one argument
usage: main.py [-h] [-simulation_method {EMT,LennardJones,Interface}]
               [-structure {-1,0,1,2,3}] [-visualisation {on,off}] [-cif CIF]
               [-ensemble_mode {energy,temperature}]
               [-lattice_constant LATTICE_CONSTANT] [-slurm]
               [-lattice_interpolation] [-substrate_lattice SUBSTRATE_LATTICE]
               [-film_lattice FILM_LATTICE]
               [-substrate_alloy_ratio SUBSTRATE_ALLOY_RATIO]
               [-film_alloy_ratio FILM_ALLOY_RATIO]
               [-substrate_atoms {Au,Ag,Cu,Al,Ni,Pd,Pt,deafult}]
               [-substrate_alloying_atoms {Au,Ag,Cu,Al,Ni,Pd,Pt,deafult}]
               [-film_atoms {Au,Ag,Cu,Al,Ni,Pd,Pt,deafult}]
               [-film_alloying_atoms {Au,Ag,Cu,Al,Ni,Pd,Pt,deafult}]
main.py: error: argument -film_lattice: expected one argument
usage: main.py [-h] [-simulation_method {EMT,LennardJones,Interface}]
               [-structure {-1,0,1,2,3}] [-visualisation {on,off}] [-cif CIF]
               [-ensemble_mode {energy,temperature}]
               [-lattice_constant LATTICE_CONSTANT] [-slurm]
               [-lattice_interpolation] [-substrate_lattice SUBSTRATE_LATTICE]
               [-film_lattice FILM_LATTICE]
               [-substrate_alloy_ratio SUBSTRATE_ALLOY_RATIO]
               [-film_alloy_ratio FILM_ALLOY_RATIO]
               [-substrate_atoms {Au,Ag,Cu,Al,Ni,Pd,Pt,deafult}]
               [-substrate_alloying_atoms {Au,Ag,Cu,Al,Ni,Pd,Pt,deafult}]
               [-film_atoms {Au,Ag,Cu,Al,Ni,Pd,Pt,deafult}]
               [-film_alloying_atoms {Au,Ag,Cu,Al,Ni,Pd,Pt,deafult}]
main.py: error: argument -film_lattice: expected one argument
usage: main.py [-h] [-simulation_method {EMT,LennardJones,Interface}]
               [-structure {-1,0,1,2,3}] [-visualisation {on,off}] [-cif CIF]
               [-ensemble_mode {energy,temperature}]
               [-lattice_constant LATTICE_CONSTANT] [-slurm]
               [-lattice_interpolation] [-substrate_lattice SUBSTRATE_LATTICE]
               [-film_lattice FILM_LATTICE]
               [-substrate_alloy_ratio SUBSTRATE_ALLOY_RATIO]
               [-film_alloy_ratio FILM_ALLOY_RATIO]
               [-substrate_atoms {Au,Ag,Cu,Al,Ni,Pd,Pt,deafult}]
               [-substrate_alloying_atoms {Au,Ag,Cu,Al,Ni,Pd,Pt,deafult}]
               [-film_atoms {Au,Ag,Cu,Al,Ni,Pd,Pt,deafult}]
               [-film_alloying_atoms {Au,Ag,Cu,Al,Ni,Pd,Pt,deafult}]
main.py: error: argument -film_lattice: expected one argument
usage: main.py [-h] [-simulation_method {EMT,LennardJones,Interface}]
               [-structure {-1,0,1,2,3}] [-visualisation {on,off}] [-cif CIF]
               [-ensemble_mode {energy,temperature}]
               [-lattice_constant LATTICE_CONSTANT] [-slurm]
               [-lattice_interpolation] [-substrate_lattice SUBSTRATE_LATTICE]
               [-film_lattice FILM_LATTICE]
               [-substrate_alloy_ratio SUBSTRATE_ALLOY_RATIO]
               [-film_alloy_ratio FILM_ALLOY_RATIO]
               [-substrate_atoms {Au,Ag,Cu,Al,Ni,Pd,Pt,deafult}]
               [-substrate_alloying_atoms {Au,Ag,Cu,Al,Ni,Pd,Pt,deafult}]
               [-film_atoms {Au,Ag,Cu,Al,Ni,Pd,Pt,deafult}]
               [-film_alloying_atoms {Au,Ag,Cu,Al,Ni,Pd,Pt,deafult}]
main.py: error: argument -film_lattice: expected one argument
usage: main.py [-h] [-simulation_method {EMT,LennardJones,Interface}]
               [-structure {-1,0,1,2,3}] [-visualisation {on,off}] [-cif CIF]
               [-ensemble_mode {energy,temperature}]
               [-lattice_constant LATTICE_CONSTANT] [-slurm]
               [-lattice_interpolation] [-substrate_lattice SUBSTRATE_LATTICE]
               [-film_lattice FILM_LATTICE]
               [-substrate_alloy_ratio SUBSTRATE_ALLOY_RATIO]
               [-film_alloy_ratio FILM_ALLOY_RATIO]
               [-substrate_atoms {Au,Ag,Cu,Al,Ni,Pd,Pt,deafult}]
               [-substrate_alloying_atoms {Au,Ag,Cu,Al,Ni,Pd,Pt,deafult}]
               [-film_atoms {Au,Ag,Cu,Al,Ni,Pd,Pt,deafult}]
               [-film_alloying_atoms {Au,Ag,Cu,Al,Ni,Pd,Pt,deafult}]
main.py: error: argument -film_lattice: expected one argument
usage: main.py [-h] [-simulation_method {EMT,LennardJones,Interface}]
               [-structure {-1,0,1,2,3}] [-visualisation {on,off}] [-cif CIF]
               [-ensemble_mode {energy,temperature}]
               [-lattice_constant LATTICE_CONSTANT] [-slurm]
               [-lattice_interpolation] [-substrate_lattice SUBSTRATE_LATTICE]
               [-film_lattice FILM_LATTICE]
               [-substrate_alloy_ratio SUBSTRATE_ALLOY_RATIO]
               [-film_alloy_ratio FILM_ALLOY_RATIO]
               [-substrate_atoms {Au,Ag,Cu,Al,Ni,Pd,Pt,deafult}]
               [-substrate_alloying_atoms {Au,Ag,Cu,Al,Ni,Pd,Pt,deafult}]
               [-film_atoms {Au,Ag,Cu,Al,Ni,Pd,Pt,deafult}]
               [-film_alloying_atoms {Au,Ag,Cu,Al,Ni,Pd,Pt,deafult}]
main.py: error: argument -film_lattice: expected one argument
usage: main.py [-h] [-simulation_method {EMT,LennardJones,Interface}]
               [-structure {-1,0,1,2,3}] [-visualisation {on,off}] [-cif CIF]
               [-ensemble_mode {energy,temperature}]
               [-lattice_constant LATTICE_CONSTANT] [-slurm]
               [-lattice_interpolation] [-substrate_lattice SUBSTRATE_LATTICE]
               [-film_lattice FILM_LATTICE]
               [-substrate_alloy_ratio SUBSTRATE_ALLOY_RATIO]
               [-film_alloy_ratio FILM_ALLOY_RATIO]
               [-substrate_atoms {Au,Ag,Cu,Al,Ni,Pd,Pt,deafult}]
               [-substrate_alloying_atoms {Au,Ag,Cu,Al,Ni,Pd,Pt,deafult}]
               [-film_atoms {Au,Ag,Cu,Al,Ni,Pd,Pt,deafult}]
               [-film_alloying_atoms {Au,Ag,Cu,Al,Ni,Pd,Pt,deafult}]
main.py: error: argument -film_lattice: expected one argument
usage: main.py [-h] [-simulation_method {EMT,LennardJones,Interface}]
               [-structure {-1,0,1,2,3}] [-visualisation {on,off}] [-cif CIF]
               [-ensemble_mode {energy,temperature}]
               [-lattice_constant LATTICE_CONSTANT] [-slurm]
               [-lattice_interpolation] [-substrate_lattice SUBSTRATE_LATTICE]
               [-film_lattice FILM_LATTICE]
               [-substrate_alloy_ratio SUBSTRATE_ALLOY_RATIO]
               [-film_alloy_ratio FILM_ALLOY_RATIO]
               [-substrate_atoms {Au,Ag,Cu,Al,Ni,Pd,Pt,deafult}]
               [-substrate_alloying_atoms {Au,Ag,Cu,Al,Ni,Pd,Pt,deafult}]
               [-film_atoms {Au,Ag,Cu,Al,Ni,Pd,Pt,deafult}]
               [-film_alloying_atoms {Au,Ag,Cu,Al,Ni,Pd,Pt,deafult}]
main.py: error: argument -film_lattice: expected one argument
usage: main.py [-h] [-simulation_method {EMT,LennardJones,Interface}]
               [-structure {-1,0,1,2,3}] [-visualisation {on,off}] [-cif CIF]
               [-ensemble_mode {energy,temperature}]
               [-lattice_constant LATTICE_CONSTANT] [-slurm]
               [-lattice_interpolation] [-substrate_lattice SUBSTRATE_LATTICE]
               [-film_lattice FILM_LATTICE]
               [-substrate_alloy_ratio SUBSTRATE_ALLOY_RATIO]
               [-film_alloy_ratio FILM_ALLOY_RATIO]
               [-substrate_atoms {Au,Ag,Cu,Al,Ni,Pd,Pt,deafult}]
               [-substrate_alloying_atoms {Au,Ag,Cu,Al,Ni,Pd,Pt,deafult}]
               [-film_atoms {Au,Ag,Cu,Al,Ni,Pd,Pt,deafult}]
               [-film_alloying_atoms {Au,Ag,Cu,Al,Ni,Pd,Pt,deafult}]
main.py: error: argument -film_lattice: expected one argument
usage: main.py [-h] [-simulation_method {EMT,LennardJones,Interface}]
               [-structure {-1,0,1,2,3}] [-visualisation {on,off}] [-cif CIF]
               [-ensemble_mode {energy,temperature}]
               [-lattice_constant LATTICE_CONSTANT] [-slurm]
               [-lattice_interpolation] [-substrate_lattice SUBSTRATE_LATTICE]
               [-film_lattice FILM_LATTICE]
               [-substrate_alloy_ratio SUBSTRATE_ALLOY_RATIO]
               [-film_alloy_ratio FILM_ALLOY_RATIO]
               [-substrate_atoms {Au,Ag,Cu,Al,Ni,Pd,Pt,deafult}]
               [-substrate_alloying_atoms {Au,Ag,Cu,Al,Ni,Pd,Pt,deafult}]
               [-film_atoms {Au,Ag,Cu,Al,Ni,Pd,Pt,deafult}]
               [-film_alloying_atoms {Au,Ag,Cu,Al,Ni,Pd,Pt,deafult}]
main.py: error: argument -film_lattice: expected one argument
usage: main.py [-h] [-simulation_method {EMT,LennardJones,Interface}]
               [-structure {-1,0,1,2,3}] [-visualisation {on,off}] [-cif CIF]
               [-ensemble_mode {energy,temperature}]
               [-lattice_constant LATTICE_CONSTANT] [-slurm]
               [-lattice_interpolation] [-substrate_lattice SUBSTRATE_LATTICE]
               [-film_lattice FILM_LATTICE]
               [-substrate_alloy_ratio SUBSTRATE_ALLOY_RATIO]
               [-film_alloy_ratio FILM_ALLOY_RATIO]
               [-substrate_atoms {Au,Ag,Cu,Al,Ni,Pd,Pt,deafult}]
               [-substrate_alloying_atoms {Au,Ag,Cu,Al,Ni,Pd,Pt,deafult}]
               [-film_atoms {Au,Ag,Cu,Al,Ni,Pd,Pt,deafult}]
               [-film_alloying_atoms {Au,Ag,Cu,Al,Ni,Pd,Pt,deafult}]
main.py: error: argument -film_lattice: expected one argument
job completed
