mpprun INFO: mpprun v1.10.1 started
mpprun INFO: mpprun srun handler invoked on: /proj/liu-compute-2024-33/software/venv/bin/python3
mpprun WARNING: Using srun handler that just uses srun without setting up the environment; no MPI module will be loaded, etc.
mpprun INFO: Setting env variable: SLURM_KILL_BAD_EXIT=1 (was unset; to override, set to 0 before invoking mpprun)
mpprun INFO: threading env variables set by user: OPENBLAS_NUM_THREADS=1, MKL_NUM_THREADS=1, NUMEXPR_NUM_THREADS=1; set by mpprun: OMP_NUM_THREADS=1
mpprun INFO: mpprun v1.10.1 executing: /usr/bin/srun /proj/liu-compute-2024-33/software/venv/bin/python3 supercomp_main.py -slurm -simulation_method Interface -lattice_interpolation -film_alloy_ratio 0 -sc_film_alloy_ratio_offset .01 -sc
____Starting new simulation____:
Equilibrium not reached
-----End of simulation.-----
____Starting new simulation____:
Equilibrium not reached
-----End of simulation.-----
____Starting new simulation____:
Equilibrium not reached
-----End of simulation.-----
____Starting new simulation____:
Equilibrium not reached
-----End of simulation.-----
____Starting new simulation____:
Equilibrium not reached
-----End of simulation.-----
____Starting new simulation____:
Equilibrium not reached
-----End of simulation.-----
____Starting new simulation____:
Equilibrium not reached
-----End of simulation.-----
____Starting new simulation____:
Equilibrium not reached
-----End of simulation.-----
____Starting new simulation____:
Equilibrium not reached
-----End of simulation.-----
____Starting new simulation____:
Equilibrium not reached
-----End of simulation.-----
____Starting new simulation____:
Equilibrium not reached
-----End of simulation.-----
____Starting new simulation____:
Epot,Ekin,T,Etot,bulk_modulus,interface_energy,substrate_alloy_ratio,film_alloy_ratio,substrate_lattice,film_lattice,Etot_substrate,Etot_film,substrate_atoms,substrate_structure,substrate_alloying_atoms,film_atoms,film_structure,film_alloying_atoms
0.1015203940764486,0.025500674201990665,197.28209088806636,0.12702106827843926,181.67741527631028,-0.029460901472993725,0,0.15,4.06,3.879,0.18832063620686523,-0.002377764982438525,Au,fcc,Pt,Pd,fcc,Pt
Simulation data saved to file:  output_data.txt
-----End of simulation.-----
____Starting new simulation____:
Equilibrium not reached
-----End of simulation.-----
____Starting new simulation____:
Equilibrium not reached
-----End of simulation.-----
____Starting new simulation____:
Equilibrium not reached
-----End of simulation.-----
____Starting new simulation____:
Epot,Ekin,T,Etot,bulk_modulus,interface_energy,substrate_alloy_ratio,film_alloy_ratio,substrate_lattice,film_lattice,Etot_substrate,Etot_film,substrate_atoms,substrate_structure,substrate_alloying_atoms,film_atoms,film_structure,film_alloying_atoms
0.10072963127901129,0.02486612637610296,192.37300805880412,0.12559575765511424,182.7725256408415,-0.028608038909638464,0,0.17,4.06,3.8802,0.18553264825936133,-0.0027208127849701557,Au,fcc,Pt,Pd,fcc,Pt
Simulation data saved to file:  output_data.txt
-----End of simulation.-----
____Starting new simulation____:
Epot,Ekin,T,Etot,bulk_modulus,interface_energy,substrate_alloy_ratio,film_alloy_ratio,substrate_lattice,film_lattice,Etot_substrate,Etot_film,substrate_atoms,substrate_structure,substrate_alloying_atoms,film_atoms,film_structure,film_alloying_atoms
0.09951513359461413,0.024605293178598213,190.3551116624516,0.12412042677321233,184.27888826485804,-0.027739709262099566,0,0.19,4.06,3.8814,0.1827688628681195,-0.003169017570708034,Au,fcc,Pt,Pd,fcc,Pt
Simulation data saved to file:  output_data.txt
-----End of simulation.-----
____Starting new simulation____:
Equilibrium not reached
-----End of simulation.-----
____Starting new simulation____:
Equilibrium not reached
-----End of simulation.-----
____Starting new simulation____:
Epot,Ekin,T,Etot,bulk_modulus,interface_energy,substrate_alloy_ratio,film_alloy_ratio,substrate_lattice,film_lattice,Etot_substrate,Etot_film,substrate_atoms,substrate_structure,substrate_alloying_atoms,film_atoms,film_structure,film_alloying_atoms
0.09812010955886533,0.024789822688394827,191.78269617393815,0.12290993224726016,184.969125525848,-0.02685291321962195,0,0.21,4.06,3.8826,0.18002920166324662,-0.003413442976742553,Au,fcc,Pt,Pd,fcc,Pt
Simulation data saved to file:  output_data.txt
-----End of simulation.-----
____Starting new simulation____:
Equilibrium not reached
-----End of simulation.-----
____Starting new simulation____:
Epot,Ekin,T,Etot,bulk_modulus,interface_energy,substrate_alloy_ratio,film_alloy_ratio,substrate_lattice,film_lattice,Etot_substrate,Etot_film,substrate_atoms,substrate_structure,substrate_alloying_atoms,film_atoms,film_structure,film_alloying_atoms
0.09713965586706265,0.024421953374418576,188.9367311276835,0.12156160924148122,184.88604794876147,-0.026171516133103263,0,0.23,4.06,3.8838000000000004,0.17731358633150648,-0.0034089448238187386,Au,fcc,Pt,Pd,fcc,Pt
Simulation data saved to file:  output_data.txt
-----End of simulation.-----
____Starting new simulation____:
Equilibrium not reached
-----End of simulation.-----
____Starting new simulation____:
Equilibrium not reached
-----End of simulation.-----
____Starting new simulation____:
Equilibrium not reached
-----End of simulation.-----
____Starting new simulation____:
Equilibrium not reached
-----End of simulation.-----
____Starting new simulation____:
Equilibrium not reached
-----End of simulation.-----
____Starting new simulation____:
Equilibrium not reached
-----End of simulation.-----
____Starting new simulation____:
Equilibrium not reached
-----End of simulation.-----
____Starting new simulation____:
Epot,Ekin,T,Etot,bulk_modulus,interface_energy,substrate_alloy_ratio,film_alloy_ratio,substrate_lattice,film_lattice,Etot_substrate,Etot_film,substrate_atoms,substrate_structure,substrate_alloying_atoms,film_atoms,film_structure,film_alloying_atoms
0.07744857343392628,0.026407621263136876,204.2985490071911,0.10385619469706316,198.71110986669717,-0.015137771683792052,0,0.53,4.06,3.9018,0.13941181239969294,-0.0052800743350456866,Au,fcc,Pt,Pd,fcc,Pt
Simulation data saved to file:  output_data.txt
-----End of simulation.-----
____Starting new simulation____:
Equilibrium not reached
-----End of simulation.-----
____Starting new simulation____:
Epot,Ekin,T,Etot,bulk_modulus,interface_energy,substrate_alloy_ratio,film_alloy_ratio,substrate_lattice,film_lattice,Etot_substrate,Etot_film,substrate_atoms,substrate_structure,substrate_alloying_atoms,film_atoms,film_structure,film_alloying_atoms
0.07968694366874718,0.0261959697311688,202.66113909263026,0.10588291339991598,197.55614191276155,-0.016465189904505607,0,0.49,4.06,3.8994,0.1441632482958189,-0.005349955086891698,Au,fcc,Pt,Pd,fcc,Pt
Simulation data saved to file:  output_data.txt
-----End of simulation.-----
____Starting new simulation____:
Epot,Ekin,T,Etot,bulk_modulus,interface_energy,substrate_alloy_ratio,film_alloy_ratio,substrate_lattice,film_lattice,Etot_substrate,Etot_film,substrate_atoms,substrate_structure,substrate_alloying_atoms,film_atoms,film_structure,film_alloying_atoms
0.10015506287679912,0.02475620755732269,191.5226378205449,0.12491127043412181,183.7581768668008,-0.028110061981067774,0,0.18,4.06,3.8808000000000002,0.1841477351436335,-0.0030163407473761416,Au,fcc,Pt,Pd,fcc,Pt
Simulation data saved to file:  output_data.txt
-----End of simulation.-----
____Starting new simulation____:
Equilibrium not reached
-----End of simulation.-----
____Starting new simulation____:
Epot,Ekin,T,Etot,bulk_modulus,interface_energy,substrate_alloy_ratio,film_alloy_ratio,substrate_lattice,film_lattice,Etot_substrate,Etot_film,substrate_atoms,substrate_structure,substrate_alloying_atoms,film_atoms,film_structure,film_alloying_atoms
0.10111377986369399,0.025326092509905876,195.93146615663966,0.12643987237359988,182.26996679680676,-0.028962562215200938,0,0.16,4.06,3.8796,0.18692361201327537,-0.002558615209273623,Au,fcc,Pt,Pd,fcc,Pt
Simulation data saved to file:  output_data.txt
-----End of simulation.-----
____Starting new simulation____:
Epot,Ekin,T,Etot,bulk_modulus,interface_energy,substrate_alloy_ratio,film_alloy_ratio,substrate_lattice,film_lattice,Etot_substrate,Etot_film,substrate_atoms,substrate_structure,substrate_alloying_atoms,film_atoms,film_structure,film_alloying_atoms
0.0943228360854447,0.024565378337695194,190.04631656125397,0.11888821442313989,187.68600054016926,-0.02448628378591132,0,0.27,4.06,3.8861999999999997,0.17195418033256415,-0.004093398337601607,Au,fcc,Pt,Pd,fcc,Pt
Simulation data saved to file:  output_data.txt
-----End of simulation.-----
____Starting new simulation____:
Epot,Ekin,T,Etot,bulk_modulus,interface_energy,substrate_alloy_ratio,film_alloy_ratio,substrate_lattice,film_lattice,Etot_substrate,Etot_film,substrate_atoms,substrate_structure,substrate_alloying_atoms,film_atoms,film_structure,film_alloying_atoms
0.09581654672119128,0.02445655606284593,189.20442956848643,0.1202731027840372,186.11543829326834,-0.02530571670036537,0,0.25,4.06,3.885,0.17462193861880676,-0.0037374024340391635,Au,fcc,Pt,Pd,fcc,Pt
Simulation data saved to file:  output_data.txt
-----End of simulation.-----
____Starting new simulation____:
Epot,Ekin,T,Etot,bulk_modulus,interface_energy,substrate_alloy_ratio,film_alloy_ratio,substrate_lattice,film_lattice,Etot_substrate,Etot_film,substrate_atoms,substrate_structure,substrate_alloying_atoms,film_atoms,film_structure,film_alloying_atoms
0.09892830870687605,0.024699365369365452,191.08288687113742,0.1236276740762415,184.228332541443,-0.027286522593366253,0,0.2,4.06,3.882,0.18139602163831467,-0.003195302375340662,Au,fcc,Pt,Pd,fcc,Pt
Simulation data saved to file:  output_data.txt
-----End of simulation.-----
____Starting new simulation____:
Epot,Ekin,T,Etot,bulk_modulus,interface_energy,substrate_alloy_ratio,film_alloy_ratio,substrate_lattice,film_lattice,Etot_substrate,Etot_film,substrate_atoms,substrate_structure,substrate_alloying_atoms,film_atoms,film_structure,film_alloying_atoms
0.07413134669375936,0.02649497013988026,204.97431031860432,0.10062631683363962,201.21614956737164,-0.013333325049333322,0,0.59,4.06,3.9053999999999998,0.13245548789484632,-0.005162520962540057,Au,fcc,Pt,Pd,fcc,Pt
Simulation data saved to file:  output_data.txt
-----End of simulation.-----
____Starting new simulation____:
Equilibrium not reached
-----End of simulation.-----
____Starting new simulation____:
Equilibrium not reached
-----End of simulation.-----
____Starting new simulation____:
Epot,Ekin,T,Etot,bulk_modulus,interface_energy,substrate_alloy_ratio,film_alloy_ratio,substrate_lattice,film_lattice,Etot_substrate,Etot_film,substrate_atoms,substrate_structure,substrate_alloying_atoms,film_atoms,film_structure,film_alloying_atoms
0.07857806632087919,0.026190414116933788,202.61815892733077,0.10476848043781298,197.91815431222724,-0.015861818978311307,0,0.51,4.06,3.9006000000000003,0.14177609041872186,-0.005283972024286267,Au,fcc,Pt,Pd,fcc,Pt
Simulation data saved to file:  output_data.txt
-----End of simulation.-----
____Starting new simulation____:
Epot,Ekin,T,Etot,bulk_modulus,interface_energy,substrate_alloy_ratio,film_alloy_ratio,substrate_lattice,film_lattice,Etot_substrate,Etot_film,substrate_atoms,substrate_structure,substrate_alloying_atoms,film_atoms,film_structure,film_alloying_atoms
0.09776879003922892,0.02452769638480647,189.75479585886984,0.12229648642403539,185.01644560586791,-0.026479884514444343,0,0.22,4.06,3.8832000000000004,0.17866839315549227,-0.0034121377025681863,Au,fcc,Pt,Pd,fcc,Pt
Simulation data saved to file:  output_data.txt
-----End of simulation.-----
____Starting new simulation____:
Equilibrium not reached
-----End of simulation.-----
____Starting new simulation____:
Epot,Ekin,T,Etot,bulk_modulus,interface_energy,substrate_alloy_ratio,film_alloy_ratio,substrate_lattice,film_lattice,Etot_substrate,Etot_film,substrate_atoms,substrate_structure,substrate_alloying_atoms,film_atoms,film_structure,film_alloying_atoms
0.07641587058543273,0.026376590971820952,204.05848787378022,0.10279246155725368,199.93531588290628,-0.014480726412100187,0,0.55,4.06,3.903,0.13707033722466047,-0.005316422843206425,Au,fcc,Pt,Pd,fcc,Pt
Simulation data saved to file:  output_data.txt
-----End of simulation.-----
____Starting new simulation____:
Epot,Ekin,T,Etot,bulk_modulus,interface_energy,substrate_alloy_ratio,film_alloy_ratio,substrate_lattice,film_lattice,Etot_substrate,Etot_film,substrate_atoms,substrate_structure,substrate_alloying_atoms,film_atoms,film_structure,film_alloying_atoms
0.07519089400176622,0.026452533267014217,204.64600390037202,0.10164342726878044,200.54010110318768,-0.013932574532996407,0,0.5700000000000001,4.06,3.9042000000000003,0.1347515879878402,-0.005243011653066953,Au,fcc,Pt,Pd,fcc,Pt
Simulation data saved to file:  output_data.txt
-----End of simulation.-----
____Starting new simulation____:
Equilibrium not reached
-----End of simulation.-----
____Starting new simulation____:
Equilibrium not reached
-----End of simulation.-----
____Starting new simulation____:
Equilibrium not reached
-----End of simulation.-----
____Starting new simulation____:
Equilibrium not reached
-----End of simulation.-----
____Starting new simulation____:
Equilibrium not reached
-----End of simulation.-----
____Starting new simulation____:
Equilibrium not reached
-----End of simulation.-----
____Starting new simulation____:
Epot,Ekin,T,Etot,bulk_modulus,interface_energy,substrate_alloy_ratio,film_alloy_ratio,substrate_lattice,film_lattice,Etot_substrate,Etot_film,substrate_atoms,substrate_structure,substrate_alloying_atoms,film_atoms,film_structure,film_alloying_atoms
0.07229743187330734,0.026420710210555094,204.39980965989918,0.09871814208386243,203.203658347794,-0.012124645361441429,0,0.63,4.06,3.9078,0.1279309285381207,-0.004963495731375408,Au,fcc,Pt,Pd,fcc,Pt
Simulation data saved to file:  output_data.txt
-----End of simulation.-----
____Starting new simulation____:
Epot,Ekin,T,Etot,bulk_modulus,interface_energy,substrate_alloy_ratio,film_alloy_ratio,substrate_lattice,film_lattice,Etot_substrate,Etot_film,substrate_atoms,substrate_structure,substrate_alloying_atoms,film_atoms,film_structure,film_alloying_atoms
0.09625451645129177,0.02457242251367081,190.10081275825823,0.12082693896496258,185.93063920572203,-0.025739621530568406,0,0.24,4.06,3.8844,0.1759647714112785,-0.003658589385179113,Au,fcc,Pt,Pd,fcc,Pt
Simulation data saved to file:  output_data.txt
-----End of simulation.-----
____Starting new simulation____:
Epot,Ekin,T,Etot,bulk_modulus,interface_energy,substrate_alloy_ratio,film_alloy_ratio,substrate_lattice,film_lattice,Etot_substrate,Etot_film,substrate_atoms,substrate_structure,substrate_alloying_atoms,film_atoms,film_structure,film_alloying_atoms
0.08124240873487572,0.026318317920953887,203.6076672709044,0.10756072665582961,195.71245008336447,-0.017472970024840342,0,0.46,4.06,3.8975999999999997,0.1477870535714252,-0.0052803868659148994,Au,fcc,Pt,Pd,fcc,Pt
Simulation data saved to file:  output_data.txt
-----End of simulation.-----
____Starting new simulation____:
Equilibrium not reached
-----End of simulation.-----
____Starting new simulation____:
Equilibrium not reached
-----End of simulation.-----
____Starting new simulation____:
Epot,Ekin,T,Etot,bulk_modulus,interface_energy,substrate_alloy_ratio,film_alloy_ratio,substrate_lattice,film_lattice,Etot_substrate,Etot_film,substrate_atoms,substrate_structure,substrate_alloying_atoms,film_atoms,film_structure,film_alloying_atoms
0.07805031794609434,0.026214538345769683,202.8047923578083,0.10426485629186402,198.38117241814612,-0.01550874921788701,0,0.52,4.06,3.9012,0.14059109624282576,-0.005308741515187719,Au,fcc,Pt,Pd,fcc,Pt
Simulation data saved to file:  output_data.txt
-----End of simulation.-----
____Starting new simulation____:
Epot,Ekin,T,Etot,bulk_modulus,interface_energy,substrate_alloy_ratio,film_alloy_ratio,substrate_lattice,film_lattice,Etot_substrate,Etot_film,substrate_atoms,substrate_structure,substrate_alloying_atoms,film_atoms,film_structure,film_alloying_atoms
0.07670427599513485,0.026504727557488627,205.0497970971969,0.10320900355262348,198.99003432012174,-0.014873754756364543,0,0.54,4.06,3.9024,0.13823822926587784,-0.005281716200525268,Au,fcc,Pt,Pd,fcc,Pt
Simulation data saved to file:  output_data.txt
-----End of simulation.-----
____Starting new simulation____:
Epot,Ekin,T,Etot,bulk_modulus,interface_energy,substrate_alloy_ratio,film_alloy_ratio,substrate_lattice,film_lattice,Etot_substrate,Etot_film,substrate_atoms,substrate_structure,substrate_alloying_atoms,film_atoms,film_structure,film_alloying_atoms
0.0726680536295181,0.026426712037444858,204.44624188159582,0.09909476566696296,202.71705483132897,-0.012465004283858223,0,0.62,4.06,3.9072,0.12905363719474236,-0.0050288629600629495,Au,fcc,Pt,Pd,fcc,Pt
Simulation data saved to file:  output_data.txt
-----End of simulation.-----
____Starting new simulation____:
Epot,Ekin,T,Etot,bulk_modulus,interface_energy,substrate_alloy_ratio,film_alloy_ratio,substrate_lattice,film_lattice,Etot_substrate,Etot_film,substrate_atoms,substrate_structure,substrate_alloying_atoms,film_atoms,film_structure,film_alloying_atoms
0.07583913047553961,0.026488294289929392,204.9226636199198,0.10232742476546901,200.5047656921966,-0.014177513298789142,0,0.56,4.06,3.9036,0.13590812666626215,-0.0052256753032148585,Au,fcc,Pt,Pd,fcc,Pt
Simulation data saved to file:  output_data.txt
-----End of simulation.-----
____Starting new simulation____:
Epot,Ekin,T,Etot,bulk_modulus,interface_energy,substrate_alloy_ratio,film_alloy_ratio,substrate_lattice,film_lattice,Etot_substrate,Etot_film,substrate_atoms,substrate_structure,substrate_alloying_atoms,film_atoms,film_structure,film_alloying_atoms
0.0734181672017153,0.026208741587804306,202.75994662068297,0.0996269087895196,202.60195284006053,-0.012718436801096952,0,0.61,4.06,3.9065999999999996,0.13018196026575862,-0.005118177874045119,Au,fcc,Pt,Pd,fcc,Pt
Simulation data saved to file:  output_data.txt
-----End of simulation.-----
____Starting new simulation____:
Epot,Ekin,T,Etot,bulk_modulus,interface_energy,substrate_alloy_ratio,film_alloy_ratio,substrate_lattice,film_lattice,Etot_substrate,Etot_film,substrate_atoms,substrate_structure,substrate_alloying_atoms,film_atoms,film_structure,film_alloying_atoms
0.07371023568053986,0.026553455348840085,205.42677225032529,0.10026369102937994,201.61420202444512,-0.012942369296004126,0,0.6,4.06,3.9059999999999997,0.13131590731023954,-0.005167477688851336,Au,fcc,Pt,Pd,fcc,Pt
Simulation data saved to file:  output_data.txt
-----End of simulation.-----
____Starting new simulation____:
Epot,Ekin,T,Etot,bulk_modulus,interface_energy,substrate_alloy_ratio,film_alloy_ratio,substrate_lattice,film_lattice,Etot_substrate,Etot_film,substrate_atoms,substrate_structure,substrate_alloying_atoms,film_atoms,film_structure,film_alloying_atoms
0.07500109999573797,0.026209380960278077,202.76489302866742,0.10121048095601604,201.01381291528466,-0.01357806432379701,0,0.58,4.06,3.9048,0.1336007115935501,-0.0052341019899400576,Au,fcc,Pt,Pd,fcc,Pt
Simulation data saved to file:  output_data.txt
-----End of simulation.-----
mpprun INFO: mpprun v1.10.1 started
mpprun INFO: mpprun srun handler invoked on: /proj/liu-compute-2024-33/software/venv/bin/python3
mpprun WARNING: Using srun handler that just uses srun without setting up the environment; no MPI module will be loaded, etc.
mpprun INFO: Setting env variable: SLURM_KILL_BAD_EXIT=1 (was unset; to override, set to 0 before invoking mpprun)
mpprun INFO: threading env variables set by user: OPENBLAS_NUM_THREADS=1, MKL_NUM_THREADS=1, NUMEXPR_NUM_THREADS=1; set by mpprun: OMP_NUM_THREADS=1
mpprun INFO: mpprun v1.10.1 executing: /usr/bin/srun /proj/liu-compute-2024-33/software/venv/bin/python3 supercomp_main.py -slurm -simulation_method Interface -lattice_interpolation -film_alloy_ratio .64 -sc_film_alloy_ratio_offset .01 -sc
____Starting new simulation____:
Film alloy ratio 1.07 grater than 1. Stopping simulation on this core.
-----End of simulation.-----
____Starting new simulation____:
Film alloy ratio 1.25 grater than 1. Stopping simulation on this core.
-----End of simulation.-----
____Starting new simulation____:
Film alloy ratio 1.27 grater than 1. Stopping simulation on this core.
-----End of simulation.-----
____Starting new simulation____:
Film alloy ratio 1.11 grater than 1. Stopping simulation on this core.
-----End of simulation.-----
____Starting new simulation____:
Film alloy ratio 1.15 grater than 1. Stopping simulation on this core.
-----End of simulation.-----
____Starting new simulation____:
Film alloy ratio 1.23 grater than 1. Stopping simulation on this core.
-----End of simulation.-----
____Starting new simulation____:
Film alloy ratio 1.03 grater than 1. Stopping simulation on this core.
-----End of simulation.-----
____Starting new simulation____:
Film alloy ratio 1.13 grater than 1. Stopping simulation on this core.
-----End of simulation.-----
____Starting new simulation____:
Film alloy ratio 1.21 grater than 1. Stopping simulation on this core.
-----End of simulation.-----
____Starting new simulation____:
Film alloy ratio 1.1 grater than 1. Stopping simulation on this core.
-----End of simulation.-----
____Starting new simulation____:
Film alloy ratio 1.09 grater than 1. Stopping simulation on this core.
-----End of simulation.-----
____Starting new simulation____:
Film alloy ratio 1.2000000000000002 grater than 1. Stopping simulation on this core.
-----End of simulation.-----
____Starting new simulation____:
Film alloy ratio 1.22 grater than 1. Stopping simulation on this core.
-----End of simulation.-----
____Starting new simulation____:
Film alloy ratio 1.05 grater than 1. Stopping simulation on this core.
-----End of simulation.-----
____Starting new simulation____:
Film alloy ratio 1.19 grater than 1. Stopping simulation on this core.
-----End of simulation.-----
____Starting new simulation____:
Film alloy ratio 1.17 grater than 1. Stopping simulation on this core.
-----End of simulation.-----
____Starting new simulation____:
Film alloy ratio 1.01 grater than 1. Stopping simulation on this core.
-----End of simulation.-----
____Starting new simulation____:
Film alloy ratio 1.12 grater than 1. Stopping simulation on this core.
-----End of simulation.-----
____Starting new simulation____:
Film alloy ratio 1.02 grater than 1. Stopping simulation on this core.
-----End of simulation.-----
____Starting new simulation____:
Film alloy ratio 1.06 grater than 1. Stopping simulation on this core.
-----End of simulation.-----
____Starting new simulation____:
Film alloy ratio 1.1400000000000001 grater than 1. Stopping simulation on this core.
-----End of simulation.-----
____Starting new simulation____:
Film alloy ratio 1.08 grater than 1. Stopping simulation on this core.
-----End of simulation.-----
____Starting new simulation____:
Film alloy ratio 1.04 grater than 1. Stopping simulation on this core.
-----End of simulation.-----
____Starting new simulation____:
Film alloy ratio 1.26 grater than 1. Stopping simulation on this core.
-----End of simulation.-----
____Starting new simulation____:
Film alloy ratio 1.1600000000000001 grater than 1. Stopping simulation on this core.
-----End of simulation.-----
____Starting new simulation____:
Film alloy ratio 1.24 grater than 1. Stopping simulation on this core.
-----End of simulation.-----
____Starting new simulation____:
Film alloy ratio 1.1800000000000002 grater than 1. Stopping simulation on this core.
-----End of simulation.-----
____Starting new simulation____:
Epot,Ekin,T,Etot,bulk_modulus,interface_energy,substrate_alloy_ratio,film_alloy_ratio,substrate_lattice,film_lattice,Etot_substrate,Etot_film,substrate_atoms,substrate_structure,substrate_alloying_atoms,film_atoms,film_structure,film_alloying_atoms
0.06064130142133591,0.02483681484655465,192.14624386462583,0.08547811626789056,218.69577029417084,-0.003252204340893468,0,0.98,4.06,3.9288000000000003,0.09209953634592612,-0.00011701139624861467,Au,fcc,Pt,Pd,fcc,Pt
Simulation data saved to file:  output_data.txt
-----End of simulation.-----
____Starting new simulation____:
Epot,Ekin,T,Etot,bulk_modulus,interface_energy,substrate_alloy_ratio,film_alloy_ratio,substrate_lattice,film_lattice,Etot_substrate,Etot_film,substrate_atoms,substrate_structure,substrate_alloying_atoms,film_atoms,film_structure,film_alloying_atoms
0.06095452294339698,0.024875605173014233,192.44633933071276,0.08583012811641122,218.2278252988246,-0.003432656287661054,0,0.97,4.06,3.9282000000000004,0.09303169815579075,-0.0003362574640574252,Au,fcc,Pt,Pd,fcc,Pt
Simulation data saved to file:  output_data.txt
-----End of simulation.-----
____Starting new simulation____:
Epot,Ekin,T,Etot,bulk_modulus,interface_energy,substrate_alloy_ratio,film_alloy_ratio,substrate_lattice,film_lattice,Etot_substrate,Etot_film,substrate_atoms,substrate_structure,substrate_alloying_atoms,film_atoms,film_structure,film_alloying_atoms
0.060537284257412644,0.024692926830762917,191.03307609563748,0.08523021108817556,219.34475267442448,-0.0030602955107620275,0,0.99,4.06,3.9294000000000002,0.091172650511833,0.00017815159786662194,Au,fcc,Pt,Pd,fcc,Pt
Simulation data saved to file:  output_data.txt
-----End of simulation.-----
____Starting new simulation____:
Epot,Ekin,T,Etot,bulk_modulus,interface_energy,substrate_alloy_ratio,film_alloy_ratio,substrate_lattice,film_lattice,Etot_substrate,Etot_film,substrate_atoms,substrate_structure,substrate_alloying_atoms,film_atoms,film_structure,film_alloying_atoms
0.0660472666510393,0.025509096652308647,197.34724989507814,0.09155636330334795,211.78089257488512,-0.006985103687650235,0,0.81,4.06,3.9185999999999996,0.10867138756334571,-0.0031448168846972937,Au,fcc,Pt,Pd,fcc,Pt
Simulation data saved to file:  output_data.txt
-----End of simulation.-----
____Starting new simulation____:
Epot,Ekin,T,Etot,bulk_modulus,interface_energy,substrate_alloy_ratio,film_alloy_ratio,substrate_lattice,film_lattice,Etot_substrate,Etot_film,substrate_atoms,substrate_structure,substrate_alloying_atoms,film_atoms,film_structure,film_alloying_atoms
0.06305956998279186,0.02521243193268011,195.05214837276347,0.08827200191547196,215.38371492195162,-0.004872163818532581,0,0.9,4.06,3.924,0.09970533532206068,-0.0016890057695235455,Au,fcc,Pt,Pd,fcc,Pt
Simulation data saved to file:  output_data.txt
-----End of simulation.-----
____Starting new simulation____:
Epot,Ekin,T,Etot,bulk_modulus,interface_energy,substrate_alloy_ratio,film_alloy_ratio,substrate_lattice,film_lattice,Etot_substrate,Etot_film,substrate_atoms,substrate_structure,substrate_alloying_atoms,film_atoms,film_structure,film_alloying_atoms
0.07041596183299106,0.026950614959503703,208.4993372259561,0.09736657679249477,204.53605271366737,-0.01068099795991656,0,0.67,4.06,3.9102,0.12349604714238605,-0.004767474430058145,Au,fcc,Pt,Pd,fcc,Pt
Simulation data saved to file:  output_data.txt
-----End of simulation.-----
____Starting new simulation____:
Epot,Ekin,T,Etot,bulk_modulus,interface_energy,substrate_alloy_ratio,film_alloy_ratio,substrate_lattice,film_lattice,Etot_substrate,Etot_film,substrate_atoms,substrate_structure,substrate_alloying_atoms,film_atoms,film_structure,film_alloying_atoms
0.0714223830847832,0.027200082200730644,210.42930262873307,0.09862246528551384,204.3582710825651,-0.011119642113832623,0,0.65,4.06,3.9090000000000003,0.12570231626993683,-0.004840566756757742,Au,fcc,Pt,Pd,fcc,Pt
Simulation data saved to file:  output_data.txt
-----End of simulation.-----
____Starting new simulation____:
Epot,Ekin,T,Etot,bulk_modulus,interface_energy,substrate_alloy_ratio,film_alloy_ratio,substrate_lattice,film_lattice,Etot_substrate,Etot_film,substrate_atoms,substrate_structure,substrate_alloying_atoms,film_atoms,film_structure,film_alloying_atoms
0.06874885405148913,0.026422680506523855,204.41505255525584,0.09517153455801299,207.6823428305263,-0.009322738392091849,0,0.72,4.06,3.9132,0.1180776258672205,-0.004260614525023815,Au,fcc,Pt,Pd,fcc,Pt
Simulation data saved to file:  output_data.txt
-----End of simulation.-----
____Starting new simulation____:
Epot,Ekin,T,Etot,bulk_modulus,interface_energy,substrate_alloy_ratio,film_alloy_ratio,substrate_lattice,film_lattice,Etot_substrate,Etot_film,substrate_atoms,substrate_structure,substrate_alloying_atoms,film_atoms,film_structure,film_alloying_atoms
0.07029939278505738,0.026697500444984423,206.54115524759166,0.0969968932300418,204.96866555505068,-0.010364741954333553,0,0.68,4.06,3.9108,0.12240126744115969,-0.0046748903024507685,Au,fcc,Pt,Pd,fcc,Pt
Simulation data saved to file:  output_data.txt
-----End of simulation.-----
____Starting new simulation____:
Epot,Ekin,T,Etot,bulk_modulus,interface_energy,substrate_alloy_ratio,film_alloy_ratio,substrate_lattice,film_lattice,Etot_substrate,Etot_film,substrate_atoms,substrate_structure,substrate_alloying_atoms,film_atoms,film_structure,film_alloying_atoms
0.06945122054101707,0.026702206875243297,206.57756583010155,0.09615342741626037,205.9197625556765,-0.00979499537802974,0,0.7,4.06,3.912,0.12022837020352767,-0.004484952031207811,Au,fcc,Pt,Pd,fcc,Pt
Simulation data saved to file:  output_data.txt
-----End of simulation.-----
____Starting new simulation____:
Epot,Ekin,T,Etot,bulk_modulus,interface_energy,substrate_alloy_ratio,film_alloy_ratio,substrate_lattice,film_lattice,Etot_substrate,Etot_film,substrate_atoms,substrate_structure,substrate_alloying_atoms,film_atoms,film_structure,film_alloying_atoms
0.06795249763695156,0.026040595834742625,201.45911255350495,0.09399309347169418,209.24322861172533,-0.008499169992511699,0,0.75,4.06,3.915,0.11489288013364024,-0.0039014466769226566,Au,fcc,Pt,Pd,fcc,Pt
Simulation data saved to file:  output_data.txt
-----End of simulation.-----
____Starting new simulation____:
Epot,Ekin,T,Etot,bulk_modulus,interface_energy,substrate_alloy_ratio,film_alloy_ratio,substrate_lattice,film_lattice,Etot_substrate,Etot_film,substrate_atoms,substrate_structure,substrate_alloying_atoms,film_atoms,film_structure,film_alloying_atoms
0.06779785659078563,0.026983400353046378,208.75297644103938,0.094781256943832,206.909805586245,-0.008987164195751893,0,0.73,4.06,3.9137999999999997,0.11701053732381855,-0.0042549519884827625,Au,fcc,Pt,Pd,fcc,Pt
Simulation data saved to file:  output_data.txt
-----End of simulation.-----
____Starting new simulation____:
Epot,Ekin,T,Etot,bulk_modulus,interface_energy,substrate_alloy_ratio,film_alloy_ratio,substrate_lattice,film_lattice,Etot_substrate,Etot_film,substrate_atoms,substrate_structure,substrate_alloying_atoms,film_atoms,film_structure,film_alloying_atoms
0.0668249341714484,0.02594318223866038,200.70548707035866,0.09276811641010878,210.56817970147546,-0.007732362283830299,0,0.78,4.06,3.9168,0.11175755228889606,-0.003524711311126686,Au,fcc,Pt,Pd,fcc,Pt
Simulation data saved to file:  output_data.txt
-----End of simulation.-----
____Starting new simulation____:
Epot,Ekin,T,Etot,bulk_modulus,interface_energy,substrate_alloy_ratio,film_alloy_ratio,substrate_lattice,film_lattice,Etot_substrate,Etot_film,substrate_atoms,substrate_structure,substrate_alloying_atoms,film_atoms,film_structure,film_alloying_atoms
0.06523559824188364,0.025597403059785816,198.03041899750718,0.09083300130166946,212.4084074999723,-0.00647821736145799,0,0.8300000000000001,4.06,3.9198000000000004,0.10664113177073298,-0.002851695746147532,Au,fcc,Pt,Pd,fcc,Pt
Simulation data saved to file:  output_data.txt
-----End of simulation.-----
____Starting new simulation____:
Epot,Ekin,T,Etot,bulk_modulus,interface_energy,substrate_alloy_ratio,film_alloy_ratio,substrate_lattice,film_lattice,Etot_substrate,Etot_film,substrate_atoms,substrate_structure,substrate_alloying_atoms,film_atoms,film_structure,film_alloying_atoms
0.0710865610487994,0.026907246505255045,208.16382376992007,0.09799380755405444,204.66275043742633,-0.01092146665973514,0,0.66,4.06,3.9096,0.12459639357859743,-0.004759652705072714,Au,fcc,Pt,Pd,fcc,Pt
Simulation data saved to file:  output_data.txt
-----End of simulation.-----
____Starting new simulation____:
Epot,Ekin,T,Etot,bulk_modulus,interface_energy,substrate_alloy_ratio,film_alloy_ratio,substrate_lattice,film_lattice,Etot_substrate,Etot_film,substrate_atoms,substrate_structure,substrate_alloying_atoms,film_atoms,film_structure,film_alloying_atoms
0.0640695321136292,0.025489587412303328,197.1963196243959,0.08955911952593253,213.1074536863594,-0.005794846767988637,0,0.86,4.06,3.9216,0.10363634138865245,-0.002487528326742652,Au,fcc,Pt,Pd,fcc,Pt
Simulation data saved to file:  output_data.txt
-----End of simulation.-----
____Starting new simulation____:
Epot,Ekin,T,Etot,bulk_modulus,interface_energy,substrate_alloy_ratio,film_alloy_ratio,substrate_lattice,film_lattice,Etot_substrate,Etot_film,substrate_atoms,substrate_structure,substrate_alloying_atoms,film_atoms,film_structure,film_alloying_atoms
0.06527223550950587,0.025825082281674683,199.79182469957672,0.09109731779118055,211.60552903005936,-0.006737955685131032,0,0.8200000000000001,4.06,3.9192,0.10765354719504548,-0.0030803180336028734,Au,fcc,Pt,Pd,fcc,Pt
Simulation data saved to file:  output_data.txt
-----End of simulation.-----
____Starting new simulation____:
Epot,Ekin,T,Etot,bulk_modulus,interface_energy,substrate_alloy_ratio,film_alloy_ratio,substrate_lattice,film_lattice,Etot_substrate,Etot_film,substrate_atoms,substrate_structure,substrate_alloying_atoms,film_atoms,film_structure,film_alloying_atoms
0.06702702755589941,0.0266080909018404,205.8494519037082,0.09363511845773981,208.73556376937933,-0.008171953502212573,0,0.76,4.06,3.9156,0.1138422925713867,-0.0038632671092217476,Au,fcc,Pt,Pd,fcc,Pt
Simulation data saved to file:  output_data.txt
-----End of simulation.-----
____Starting new simulation____:
Epot,Ekin,T,Etot,bulk_modulus,interface_energy,substrate_alloy_ratio,film_alloy_ratio,substrate_lattice,film_lattice,Etot_substrate,Etot_film,substrate_atoms,substrate_structure,substrate_alloying_atoms,film_atoms,film_structure,film_alloying_atoms
0.0626865075095851,0.025207538999566396,195.014294939258,0.0878940465091515,215.76955724467842,-0.004656670351321168,0,0.91,4.06,3.9246,0.09873598248421059,-0.0015285952724167478,Au,fcc,Pt,Pd,fcc,Pt
Simulation data saved to file:  output_data.txt
-----End of simulation.-----
____Starting new simulation____:
Epot,Ekin,T,Etot,bulk_modulus,interface_energy,substrate_alloy_ratio,film_alloy_ratio,substrate_lattice,film_lattice,Etot_substrate,Etot_film,substrate_atoms,substrate_structure,substrate_alloying_atoms,film_atoms,film_structure,film_alloying_atoms
0.06681472993090658,0.02608525529431347,201.80461367603525,0.09289998522522006,209.0630743078636,-0.008050343236502631,0,0.77,4.06,3.9162,0.1127971864351254,-0.003796514736900084,Au,fcc,Pt,Pd,fcc,Pt
Simulation data saved to file:  output_data.txt
-----End of simulation.-----
____Starting new simulation____:
Epot,Ekin,T,Etot,bulk_modulus,interface_energy,substrate_alloy_ratio,film_alloy_ratio,substrate_lattice,film_lattice,Etot_substrate,Etot_film,substrate_atoms,substrate_structure,substrate_alloying_atoms,film_atoms,film_structure,film_alloying_atoms
0.06482238924679914,0.025523163269113195,197.4560741384272,0.09034555251591234,212.47234883120427,-0.006250691283605447,0,0.8400000000000001,4.06,3.9204,0.10563413190848393,-0.0027871968253607078,Au,fcc,Pt,Pd,fcc,Pt
Simulation data saved to file:  output_data.txt
-----End of simulation.-----
____Starting new simulation____:
Epot,Ekin,T,Etot,bulk_modulus,interface_energy,substrate_alloy_ratio,film_alloy_ratio,substrate_lattice,film_lattice,Etot_substrate,Etot_film,substrate_atoms,substrate_structure,substrate_alloying_atoms,film_atoms,film_structure,film_alloying_atoms
0.06813474718129342,0.026175879191568004,202.50571168596176,0.09431062637286142,207.98663891018893,-0.008762563119283827,0,0.74,4.06,3.9144,0.1159489585666411,-0.004113205955212033,Au,fcc,Pt,Pd,fcc,Pt
Simulation data saved to file:  output_data.txt
-----End of simulation.-----
____Starting new simulation____:
Epot,Ekin,T,Etot,bulk_modulus,interface_energy,substrate_alloy_ratio,film_alloy_ratio,substrate_lattice,film_lattice,Etot_substrate,Etot_film,substrate_atoms,substrate_structure,substrate_alloying_atoms,film_atoms,film_structure,film_alloying_atoms
0.064710250991865,0.02539373708206867,196.45478810992603,0.09010398807393367,213.40921197813748,-0.006025978726462156,0,0.85,4.06,3.9210000000000003,0.1046325382355685,-0.002476592708710524,Au,fcc,Pt,Pd,fcc,Pt
Simulation data saved to file:  output_data.txt
-----End of simulation.-----
____Starting new simulation____:
Epot,Ekin,T,Etot,bulk_modulus,interface_energy,substrate_alloy_ratio,film_alloy_ratio,substrate_lattice,film_lattice,Etot_substrate,Etot_film,substrate_atoms,substrate_structure,substrate_alloying_atoms,film_atoms,film_structure,film_alloying_atoms
0.06565013416748125,0.026287028874050364,203.3656043142105,0.09193716304153161,210.54065541943612,-0.007186320164725861,0,0.8,4.06,3.918,0.10969466226675945,-0.003384858895776113,Au,fcc,Pt,Pd,fcc,Pt
Simulation data saved to file:  output_data.txt
-----End of simulation.-----
____Starting new simulation____:
Epot,Ekin,T,Etot,bulk_modulus,interface_energy,substrate_alloy_ratio,film_alloy_ratio,substrate_lattice,film_lattice,Etot_substrate,Etot_film,substrate_atoms,substrate_structure,substrate_alloying_atoms,film_atoms,film_structure,film_alloying_atoms
0.06387728180642514,0.02532834762717008,195.94891252866717,0.08920562943359522,213.71168231143287,-0.005571576856786609,0,0.87,4.06,3.9222,0.10264553201367953,-0.002296748866511084,Au,fcc,Pt,Pd,fcc,Pt
Simulation data saved to file:  output_data.txt
-----End of simulation.-----
____Starting new simulation____:
Epot,Ekin,T,Etot,bulk_modulus,interface_energy,substrate_alloy_ratio,film_alloy_ratio,substrate_lattice,film_lattice,Etot_substrate,Etot_film,substrate_atoms,substrate_structure,substrate_alloying_atoms,film_atoms,film_structure,film_alloying_atoms
0.062166440375330416,0.02504957090241084,193.79219876040386,0.08721601127774126,216.56978325983656,-0.004226712702208708,0,0.9299999999999999,4.06,3.9257999999999997,0.09681329004548665,-0.0011438533633279814,Au,fcc,Pt,Pd,fcc,Pt
Simulation data saved to file:  output_data.txt
-----End of simulation.-----
____Starting new simulation____:
Epot,Ekin,T,Etot,bulk_modulus,interface_energy,substrate_alloy_ratio,film_alloy_ratio,substrate_lattice,film_lattice,Etot_substrate,Etot_film,substrate_atoms,substrate_structure,substrate_alloying_atoms,film_atoms,film_structure,film_alloying_atoms
0.06884593470779134,0.026606688898912403,205.83860552110374,0.09545262360670374,206.0442289794711,-0.00963901247983514,0,0.71,4.06,3.9126,0.11915023366743217,-0.004419585101058147,Au,fcc,Pt,Pd,fcc,Pt
Simulation data saved to file:  output_data.txt
-----End of simulation.-----
____Starting new simulation____:
Epot,Ekin,T,Etot,bulk_modulus,interface_energy,substrate_alloy_ratio,film_alloy_ratio,substrate_lattice,film_lattice,Etot_substrate,Etot_film,substrate_atoms,substrate_structure,substrate_alloying_atoms,film_atoms,film_structure,film_alloying_atoms
0.06355485401634357,0.0253520058149918,196.131940503658,0.08890685983133537,214.16664857832376,-0.0053046099125536456,0,0.88,4.06,3.9228,0.10166010076607422,-0.00214402110963157,Au,fcc,Pt,Pd,fcc,Pt
Simulation data saved to file:  output_data.txt
-----End of simulation.-----
____Starting new simulation____:
Epot,Ekin,T,Etot,bulk_modulus,interface_energy,substrate_alloy_ratio,film_alloy_ratio,substrate_lattice,film_lattice,Etot_substrate,Etot_film,substrate_atoms,substrate_structure,substrate_alloying_atoms,film_atoms,film_structure,film_alloying_atoms
0.0624853897056018,0.024969545804493308,193.17309675095737,0.08745493551009512,216.09986528666855,-0.004483793992599572,0,0.92,4.06,3.9252000000000002,0.09777197049086978,-0.0013494469955755194,Au,fcc,Pt,Pd,fcc,Pt
Simulation data saved to file:  output_data.txt
-----End of simulation.-----
____Starting new simulation____:
Epot,Ekin,T,Etot,bulk_modulus,interface_energy,substrate_alloy_ratio,film_alloy_ratio,substrate_lattice,film_lattice,Etot_substrate,Etot_film,substrate_atoms,substrate_structure,substrate_alloying_atoms,film_atoms,film_structure,film_alloying_atoms
0.06168701939916884,0.024776289945597343,191.6780021657174,0.08646330934476618,217.42403905830508,-0.003850355272161987,0,0.95,4.06,3.9270000000000005,0.09491188666132502,-0.0007478667722348666,Au,fcc,Pt,Pd,fcc,Pt
Simulation data saved to file:  output_data.txt
-----End of simulation.-----
____Starting new simulation____:
Epot,Ekin,T,Etot,bulk_modulus,interface_energy,substrate_alloy_ratio,film_alloy_ratio,substrate_lattice,film_lattice,Etot_substrate,Etot_film,substrate_atoms,substrate_structure,substrate_alloying_atoms,film_atoms,film_structure,film_alloying_atoms
0.06640018920199188,0.02563538067749622,198.3242270658551,0.0920355698794881,210.08049233773843,-0.007568029771641116,0,0.79,4.06,3.9173999999999998,0.11072338070551505,-0.0035517512827447106,Au,fcc,Pt,Pd,fcc,Pt
Simulation data saved to file:  output_data.txt
-----End of simulation.-----
____Starting new simulation____:
Epot,Ekin,T,Etot,bulk_modulus,interface_energy,substrate_alloy_ratio,film_alloy_ratio,substrate_lattice,film_lattice,Etot_substrate,Etot_film,substrate_atoms,substrate_structure,substrate_alloying_atoms,film_atoms,film_structure,film_alloying_atoms
0.06983165558487006,0.026761649415414323,207.03743400926217,0.09659330500028439,205.5091115494971,-0.010065110527978517,0,0.6900000000000001,4.06,3.9114000000000004,0.12131204496284882,-0.004588518906607398,Au,fcc,Pt,Pd,fcc,Pt
Simulation data saved to file:  output_data.txt
-----End of simulation.-----
____Starting new simulation____:
Epot,Ekin,T,Etot,bulk_modulus,interface_energy,substrate_alloy_ratio,film_alloy_ratio,substrate_lattice,film_lattice,Etot_substrate,Etot_film,substrate_atoms,substrate_structure,substrate_alloying_atoms,film_atoms,film_structure,film_alloying_atoms
0.06192001777621264,0.024870485253554384,192.4067298518332,0.08679050302976701,217.10516156797672,-0.004068474530151349,0,0.94,4.06,3.9264,0.09585993186128908,-0.0009324797712193682,Au,fcc,Pt,Pd,fcc,Pt
Simulation data saved to file:  output_data.txt
-----End of simulation.-----
____Starting new simulation____:
Epot,Ekin,T,Etot,bulk_modulus,interface_energy,substrate_alloy_ratio,film_alloy_ratio,substrate_lattice,film_lattice,Etot_substrate,Etot_film,substrate_atoms,substrate_structure,substrate_alloying_atoms,film_atoms,film_structure,film_alloying_atoms
0.06315330206645922,0.025416475040773573,196.63069687219237,0.0885697771072328,214.90987114632253,-0.0051116295410757046,0,0.89,4.06,3.9234,0.10068003831070821,-0.0018870021213240101,Au,fcc,Pt,Pd,fcc,Pt
Simulation data saved to file:  output_data.txt
-----End of simulation.-----
