mpprun INFO: mpprun v1.10.1 started
mpprun INFO: mpprun srun handler invoked on: /proj/liu-compute-2024-33/software/venv/bin/python3
mpprun WARNING: Using srun handler that just uses srun without setting up the environment; no MPI module will be loaded, etc.
mpprun INFO: Setting env variable: SLURM_KILL_BAD_EXIT=1 (was unset; to override, set to 0 before invoking mpprun)
mpprun INFO: threading env variables set by user: OPENBLAS_NUM_THREADS=1, MKL_NUM_THREADS=1, NUMEXPR_NUM_THREADS=1; set by mpprun: OMP_NUM_THREADS=1
mpprun INFO: mpprun v1.10.1 executing: /usr/bin/srun /proj/liu-compute-2024-33/software/venv/bin/python3 supercomp_main.py -slurm -simulation_method Interface -lattice_interpolation -film_alloy_ratio 0 -sc_film_alloy_ratio_offset .01 -sc
____Starting new simulation____:
Epot,Ekin,T,Etot,bulk_modulus,interface_energy,substrate_alloy_ratio,film_alloy_ratio,substrate_lattice,film_lattice,Etot_substrate,Etot_film,substrate_atoms,substrate_structure,substrate_alloying_atoms,film_atoms,film_structure,film_alloying_atoms
0.10650455239027541,0.05639683180868344,436.30551924039486,0.16290138419895886,166.86083615485006,-0.04719586134501334,0.5,0.0,3.85,4.06,0.2573556051277799,-6.249823879433447e-05,Cu,fcc,Pt,Au,fcc,Ag
Simulation data saved to file:  output_data.txt
-----End of simulation.-----
____Starting new simulation____:
Epot,Ekin,T,Etot,bulk_modulus,interface_energy,substrate_alloy_ratio,film_alloy_ratio,substrate_lattice,film_lattice,Etot_substrate,Etot_film,substrate_atoms,substrate_structure,substrate_alloying_atoms,film_atoms,film_structure,film_alloying_atoms
0.10060494589647506,0.05287971335100234,409.0958667529256,0.1534846592474774,145.41060475974507,-0.03969822690218659,0.5,0.63,3.85,4.0578,0.2440357547651371,-0.011154641713286504,Cu,fcc,Pt,Au,fcc,Ag
Simulation data saved to file:  output_data.txt
-----End of simulation.-----
____Starting new simulation____:
Epot,Ekin,T,Etot,bulk_modulus,interface_energy,substrate_alloy_ratio,film_alloy_ratio,substrate_lattice,film_lattice,Etot_substrate,Etot_film,substrate_atoms,substrate_structure,substrate_alloying_atoms,film_atoms,film_structure,film_alloying_atoms
0.10369649793635811,0.05545635624414348,429.02967294974684,0.1591528541805016,166.53994770429617,-0.04486304447282949,0.5,0.03,3.85,4.059399999999999,0.25089833232298714,-0.0020193891968265697,Cu,fcc,Pt,Au,fcc,Ag
Simulation data saved to file:  output_data.txt
-----End of simulation.-----
____Starting new simulation____:
Epot,Ekin,T,Etot,bulk_modulus,interface_energy,substrate_alloy_ratio,film_alloy_ratio,substrate_lattice,film_lattice,Etot_substrate,Etot_film,substrate_atoms,substrate_structure,substrate_alloying_atoms,film_atoms,film_structure,film_alloying_atoms
0.0981646440971986,0.05245663394190497,405.8227771954777,0.15062127803910358,153.9219194883417,-0.03922881845746326,0.5,0.37,3.85,4.0526,0.24214937524775873,-0.013070460293728643,Cu,fcc,Pt,Au,fcc,Ag
Simulation data saved to file:  output_data.txt
-----End of simulation.-----
____Starting new simulation____:
Epot,Ekin,T,Etot,bulk_modulus,interface_energy,substrate_alloy_ratio,film_alloy_ratio,substrate_lattice,film_lattice,Etot_substrate,Etot_film,substrate_atoms,substrate_structure,substrate_alloying_atoms,film_atoms,film_structure,film_alloying_atoms
0.09698324568497572,0.051029968035742196,394.7855932082191,0.1480132137207179,153.32556747996574,-0.03787615551427004,0.5,0.41000000000000003,3.85,4.0518,0.23714069111243094,-0.013375166363172963,Cu,fcc,Pt,Au,fcc,Ag
Simulation data saved to file:  output_data.txt
-----End of simulation.-----
____Starting new simulation____:
Epot,Ekin,T,Etot,bulk_modulus,interface_energy,substrate_alloy_ratio,film_alloy_ratio,substrate_lattice,film_lattice,Etot_substrate,Etot_film,substrate_atoms,substrate_structure,substrate_alloying_atoms,film_atoms,film_structure,film_alloying_atoms
0.10302898559604506,0.05430363666297255,420.1118330769773,0.15733262225901762,164.36166595538668,-0.04352252528396888,0.5,0.09,3.85,4.058199999999999,0.24950195272319398,-0.0051242798962385875,Cu,fcc,Pt,Au,fcc,Ag
Simulation data saved to file:  output_data.txt
-----End of simulation.-----
____Starting new simulation____:
Epot,Ekin,T,Etot,bulk_modulus,interface_energy,substrate_alloy_ratio,film_alloy_ratio,substrate_lattice,film_lattice,Etot_substrate,Etot_film,substrate_atoms,substrate_structure,substrate_alloying_atoms,film_atoms,film_structure,film_alloying_atoms
0.1033779185873944,0.05417452230712338,419.1129594831332,0.15755244089451778,165.8278258412566,-0.043924575975211086,0.5,0.07,3.85,4.058599999999999,0.24915476865695924,-0.003753175812019274,Cu,fcc,Pt,Au,fcc,Ag
Simulation data saved to file:  output_data.txt
-----End of simulation.-----
____Starting new simulation____:
Epot,Ekin,T,Etot,bulk_modulus,interface_energy,substrate_alloy_ratio,film_alloy_ratio,substrate_lattice,film_lattice,Etot_substrate,Etot_film,substrate_atoms,substrate_structure,substrate_alloying_atoms,film_atoms,film_structure,film_alloying_atoms
0.10634925368881917,0.055503833310060514,429.39697205561174,0.16185308699887968,166.83872110939163,-0.0463423406782969,0.5,0.01,3.85,4.0598,0.2552435728373063,-0.0007058044818328146,Cu,fcc,Pt,Au,fcc,Ag
Simulation data saved to file:  output_data.txt
-----End of simulation.-----
____Starting new simulation____:
Epot,Ekin,T,Etot,bulk_modulus,interface_energy,substrate_alloy_ratio,film_alloy_ratio,substrate_lattice,film_lattice,Etot_substrate,Etot_film,substrate_atoms,substrate_structure,substrate_alloying_atoms,film_atoms,film_structure,film_alloying_atoms
0.09935207865754843,0.051426545219492935,397.85365232654385,0.15077862387704136,147.7358065536407,-0.038265266693489716,0.5,0.59,3.85,4.0554,0.23956454402218144,-0.012255386758160652,Cu,fcc,Pt,Au,fcc,Ag
Simulation data saved to file:  output_data.txt
-----End of simulation.-----
____Starting new simulation____:
Epot,Ekin,T,Etot,bulk_modulus,interface_energy,substrate_alloy_ratio,film_alloy_ratio,substrate_lattice,film_lattice,Etot_substrate,Etot_film,substrate_atoms,substrate_structure,substrate_alloying_atoms,film_atoms,film_structure,film_alloying_atoms
0.09864239892199295,0.04990053631873038,386.04791635769897,0.14854293524072332,156.22473650536182,-0.03774970817792876,0.5,0.35000000000000003,3.85,4.052999999999999,0.23688731764976143,-0.012844966053180579,Cu,fcc,Pt,Au,fcc,Ag
Simulation data saved to file:  output_data.txt
-----End of simulation.-----
____Starting new simulation____:
Epot,Ekin,T,Etot,bulk_modulus,interface_energy,substrate_alloy_ratio,film_alloy_ratio,substrate_lattice,film_lattice,Etot_substrate,Etot_film,substrate_atoms,substrate_structure,substrate_alloying_atoms,film_atoms,film_structure,film_alloying_atoms
0.10072157719725218,0.05453211235085091,421.87940051714384,0.1552536895481031,144.25661380279575,-0.04111479951449694,0.5,0.61,3.85,4.0565999999999995,0.24930235247874882,-0.011819063901651855,Cu,fcc,Pt,Au,fcc,Ag
Simulation data saved to file:  output_data.txt
-----End of simulation.-----
____Starting new simulation____:
Epot,Ekin,T,Etot,bulk_modulus,interface_energy,substrate_alloy_ratio,film_alloy_ratio,substrate_lattice,film_lattice,Etot_substrate,Etot_film,substrate_atoms,substrate_structure,substrate_alloying_atoms,film_atoms,film_structure,film_alloying_atoms
0.1036008801969425,0.05265565158103969,407.3624469179763,0.15625653177798218,145.2540798264791,-0.041680230291767345,0.5,0.5700000000000001,3.85,4.0542,0.2521067368440847,-0.012489744482567813,Cu,fcc,Pt,Au,fcc,Ag
Simulation data saved to file:  output_data.txt
-----End of simulation.-----
____Starting new simulation____:
Epot,Ekin,T,Etot,bulk_modulus,interface_energy,substrate_alloy_ratio,film_alloy_ratio,substrate_lattice,film_lattice,Etot_substrate,Etot_film,substrate_atoms,substrate_structure,substrate_alloying_atoms,film_atoms,film_structure,film_alloying_atoms
0.09653151511954168,0.051049863352343676,394.93951030181944,0.14758137847188535,158.0200174900517,-0.037549879450212806,0.5,0.33,3.85,4.0534,0.23490425141205165,-0.012223114039740699,Cu,fcc,Pt,Au,fcc,Ag
Simulation data saved to file:  output_data.txt
-----End of simulation.-----
____Starting new simulation____:
Epot,Ekin,T,Etot,bulk_modulus,interface_energy,substrate_alloy_ratio,film_alloy_ratio,substrate_lattice,film_lattice,Etot_substrate,Etot_film,substrate_atoms,substrate_structure,substrate_alloying_atoms,film_atoms,film_structure,film_alloying_atoms
0.09869072612481702,0.05029086284505605,389.0676182147029,0.14898158896987307,149.44040004891232,-0.03790428326981901,0.5,0.53,3.85,4.0518,0.23792222129341306,-0.013132065783901982,Cu,fcc,Pt,Au,fcc,Ag
Simulation data saved to file:  output_data.txt
-----End of simulation.-----
____Starting new simulation____:
Epot,Ekin,T,Etot,bulk_modulus,interface_energy,substrate_alloy_ratio,film_alloy_ratio,substrate_lattice,film_lattice,Etot_substrate,Etot_film,substrate_atoms,substrate_structure,substrate_alloying_atoms,film_atoms,film_structure,film_alloying_atoms
0.09914060971214228,0.052628101921163836,407.14931316078565,0.15176871163330613,147.55483739916073,-0.039202141470880775,0.5,0.55,3.85,4.053,0.24317576808245156,-0.013002773507383894,Cu,fcc,Pt,Au,fcc,Ag
Simulation data saved to file:  output_data.txt
-----End of simulation.-----
____Starting new simulation____:
Epot,Ekin,T,Etot,bulk_modulus,interface_energy,substrate_alloy_ratio,film_alloy_ratio,substrate_lattice,film_lattice,Etot_substrate,Etot_film,substrate_atoms,substrate_structure,substrate_alloying_atoms,film_atoms,film_structure,film_alloying_atoms
0.10164829248430898,0.05473325565535322,423.43551512674316,0.1563815481396622,163.0981550511148,-0.04304022095301571,0.5,0.11,3.85,4.0578,0.2485554649078886,-0.006093474862194977,Cu,fcc,Pt,Au,fcc,Ag
Simulation data saved to file:  output_data.txt
-----End of simulation.-----
____Starting new simulation____:
Epot,Ekin,T,Etot,bulk_modulus,interface_energy,substrate_alloy_ratio,film_alloy_ratio,substrate_lattice,film_lattice,Etot_substrate,Etot_film,substrate_atoms,substrate_structure,substrate_alloying_atoms,film_atoms,film_structure,film_alloying_atoms
0.10572370875422644,0.053264307501301233,412.0712209538887,0.15898801625552766,166.25204090973222,-0.0447289235671859,0.5,0.05,3.85,4.059,0.2515239557343985,-0.0030780923444990583,Cu,fcc,Pt,Au,fcc,Ag
Simulation data saved to file:  output_data.txt
-----End of simulation.-----
____Starting new simulation____:
Epot,Ekin,T,Etot,bulk_modulus,interface_energy,substrate_alloy_ratio,film_alloy_ratio,substrate_lattice,film_lattice,Etot_substrate,Etot_film,substrate_atoms,substrate_structure,substrate_alloying_atoms,film_atoms,film_structure,film_alloying_atoms
0.09495849539589288,0.05096112367347179,394.25298926108496,0.14591961906936468,151.7570176203363,-0.036228794016708185,0.5,0.47000000000000003,3.85,4.050599999999999,0.2318540808376957,-0.013476873734914645,Cu,fcc,Pt,Au,fcc,Ag
Simulation data saved to file:  output_data.txt
-----End of simulation.-----
____Starting new simulation____:
Epot,Ekin,T,Etot,bulk_modulus,interface_energy,substrate_alloy_ratio,film_alloy_ratio,substrate_lattice,film_lattice,Etot_substrate,Etot_film,substrate_atoms,substrate_structure,substrate_alloying_atoms,film_atoms,film_structure,film_alloying_atoms
0.096413672334239,0.050588773041966933,391.3723551827501,0.14700244537620594,150.51669019275323,-0.036675007050563674,0.5,0.49,3.85,4.0502,0.2338644519376036,-0.013511992460270326,Cu,fcc,Pt,Au,fcc,Ag
Simulation data saved to file:  output_data.txt
-----End of simulation.-----
____Starting new simulation____:
Epot,Ekin,T,Etot,bulk_modulus,interface_energy,substrate_alloy_ratio,film_alloy_ratio,substrate_lattice,film_lattice,Etot_substrate,Etot_film,substrate_atoms,substrate_structure,substrate_alloying_atoms,film_atoms,film_structure,film_alloying_atoms
0.09800588187258695,0.05127518797596331,396.6827000121832,0.14928106984855027,152.0389891193854,-0.03797121040429351,0.5,0.45,3.85,4.051,0.23886192279407092,-0.013638432136933628,Cu,fcc,Pt,Au,fcc,Ag
Simulation data saved to file:  output_data.txt
-----End of simulation.-----
____Starting new simulation____:
Epot,Ekin,T,Etot,bulk_modulus,interface_energy,substrate_alloy_ratio,film_alloy_ratio,substrate_lattice,film_lattice,Etot_substrate,Etot_film,substrate_atoms,substrate_structure,substrate_alloying_atoms,film_atoms,film_structure,film_alloying_atoms
0.10559598711578456,0.055760452585228645,431.38226808215353,0.1613564397010132,166.84665485604577,-0.04605039317389527,0.5,0.02,3.85,4.0596,0.25467491209571813,-0.0012176860469143942,Cu,fcc,Pt,Au,fcc,Ag
Simulation data saved to file:  output_data.txt
-----End of simulation.-----
____Starting new simulation____:
Epot,Ekin,T,Etot,bulk_modulus,interface_energy,substrate_alloy_ratio,film_alloy_ratio,substrate_lattice,film_lattice,Etot_substrate,Etot_film,substrate_atoms,substrate_structure,substrate_alloying_atoms,film_atoms,film_structure,film_alloying_atoms
0.10195516208563918,0.054617052032062206,422.53652345342374,0.1565722141177014,163.8251365715501,-0.043064298929008094,0.5,0.1,3.85,4.058,0.248415959095566,-0.005715147119848413,Cu,fcc,Pt,Au,fcc,Ag
Simulation data saved to file:  output_data.txt
-----End of simulation.-----
____Starting new simulation____:
Epot,Ekin,T,Etot,bulk_modulus,interface_energy,substrate_alloy_ratio,film_alloy_ratio,substrate_lattice,film_lattice,Etot_substrate,Etot_film,substrate_atoms,substrate_structure,substrate_alloying_atoms,film_atoms,film_structure,film_alloying_atoms
0.10379228188077103,0.0532778873391526,412.1762793058373,0.15707016921992362,162.67156442725963,-0.04349101889945296,0.5,0.13,3.85,4.0573999999999995,0.25089262938058976,-0.006840422361760228,Cu,fcc,Pt,Au,fcc,Ag
Simulation data saved to file:  output_data.txt
-----End of simulation.-----
____Starting new simulation____:
Epot,Ekin,T,Etot,bulk_modulus,interface_energy,substrate_alloy_ratio,film_alloy_ratio,substrate_lattice,film_lattice,Etot_substrate,Etot_film,substrate_atoms,substrate_structure,substrate_alloying_atoms,film_atoms,film_structure,film_alloying_atoms
0.0948777376097149,0.050974209759641696,394.3542277781803,0.14585194736935658,151.0653998765046,-0.03614863047317059,0.5,0.5,3.85,4.05,0.23170427666035898,-0.013555068344661225,Cu,fcc,Pt,Au,fcc,Ag
Simulation data saved to file:  output_data.txt
-----End of simulation.-----
____Starting new simulation____:
Epot,Ekin,T,Etot,bulk_modulus,interface_energy,substrate_alloy_ratio,film_alloy_ratio,substrate_lattice,film_lattice,Etot_substrate,Etot_film,substrate_atoms,substrate_structure,substrate_alloying_atoms,film_atoms,film_structure,film_alloying_atoms
0.09808045764580715,0.04965637963582117,384.1590352823561,0.1477368372816283,154.86578778909447,-0.037816840216292655,0.5,0.38,3.85,4.0524,0.23649777298092117,-0.013127255266707544,Cu,fcc,Pt,Au,fcc,Ag
Simulation data saved to file:  output_data.txt
-----End of simulation.-----
____Starting new simulation____:
Epot,Ekin,T,Etot,bulk_modulus,interface_energy,substrate_alloy_ratio,film_alloy_ratio,substrate_lattice,film_lattice,Etot_substrate,Etot_film,substrate_atoms,substrate_structure,substrate_alloying_atoms,film_atoms,film_structure,film_alloying_atoms
0.10664194780565407,0.05407251638173914,418.3238061421912,0.1607144641873932,166.40163886003282,-0.04571955679819316,0.5,0.04,3.85,4.0592,0.2544117030256173,-0.002258125241837738,Cu,fcc,Pt,Au,fcc,Ag
Simulation data saved to file:  output_data.txt
-----End of simulation.-----
____Starting new simulation____:
Epot,Ekin,T,Etot,bulk_modulus,interface_energy,substrate_alloy_ratio,film_alloy_ratio,substrate_lattice,film_lattice,Etot_substrate,Etot_film,substrate_atoms,substrate_structure,substrate_alloying_atoms,film_atoms,film_structure,film_alloying_atoms
0.10116972855599884,0.05335609650636151,412.7813326433049,0.15452582506236034,162.82938774105287,-0.04197791210855105,0.5,0.14,3.85,4.0572,0.24583133890319228,-0.007349689623729836,Cu,fcc,Pt,Au,fcc,Ag
Simulation data saved to file:  output_data.txt
-----End of simulation.-----
____Starting new simulation____:
Epot,Ekin,T,Etot,bulk_modulus,interface_energy,substrate_alloy_ratio,film_alloy_ratio,substrate_lattice,film_lattice,Etot_substrate,Etot_film,substrate_atoms,substrate_structure,substrate_alloying_atoms,film_atoms,film_structure,film_alloying_atoms
0.10149264944499427,0.05364819186471304,415.04108399645895,0.15514084130970732,162.98393160242517,-0.042220553637633954,0.5,0.15,3.85,4.0569999999999995,0.24664507133250793,-0.007063122747532695,Cu,fcc,Pt,Au,fcc,Ag
Simulation data saved to file:  output_data.txt
-----End of simulation.-----
____Starting new simulation____:
Epot,Ekin,T,Etot,bulk_modulus,interface_energy,substrate_alloy_ratio,film_alloy_ratio,substrate_lattice,film_lattice,Etot_substrate,Etot_film,substrate_atoms,substrate_structure,substrate_alloying_atoms,film_atoms,film_structure,film_alloying_atoms
0.09706567472859827,0.050046550605288516,387.177533697364,0.1471122253338868,150.11727473244906,-0.03677314098257847,0.5,0.52,3.85,4.0512,0.23400888492616218,-0.013350377627118444,Cu,fcc,Pt,Au,fcc,Ag
Simulation data saved to file:  output_data.txt
-----End of simulation.-----
____Starting new simulation____:
Epot,Ekin,T,Etot,bulk_modulus,interface_energy,substrate_alloy_ratio,film_alloy_ratio,substrate_lattice,film_lattice,Etot_substrate,Etot_film,substrate_atoms,substrate_structure,substrate_alloying_atoms,film_atoms,film_structure,film_alloying_atoms
0.10066246199395411,0.05206692965456864,402.8078891958595,0.15272939164852276,162.40557333877737,-0.04084594646431257,0.5,0.17,3.85,4.0565999999999995,0.24274074047735267,-0.008319455900204767,Cu,fcc,Pt,Au,fcc,Ag
Simulation data saved to file:  output_data.txt
-----End of simulation.-----
____Starting new simulation____:
Epot,Ekin,T,Etot,bulk_modulus,interface_energy,substrate_alloy_ratio,film_alloy_ratio,substrate_lattice,film_lattice,Etot_substrate,Etot_film,substrate_atoms,substrate_structure,substrate_alloying_atoms,film_atoms,film_structure,film_alloying_atoms
0.104645375089183,0.05422403828073879,419.4960322885747,0.15886941336992177,165.93015954966387,-0.04457673594312034,0.5,0.06,3.85,4.0588,0.2512435217029161,-0.0032206364467536456,Cu,fcc,Pt,Au,fcc,Ag
Simulation data saved to file:  output_data.txt
-----End of simulation.-----
____Starting new simulation____:
Epot,Ekin,T,Etot,bulk_modulus,interface_energy,substrate_alloy_ratio,film_alloy_ratio,substrate_lattice,film_lattice,Etot_substrate,Etot_film,substrate_atoms,substrate_structure,substrate_alloying_atoms,film_atoms,film_structure,film_alloying_atoms
0.096781684590767,0.05149444160339567,398.37892238309104,0.14827612619416267,154.16429644038925,-0.038055064166477484,0.5,0.39,3.85,4.052199999999999,0.23775566346953164,-0.013369408942414009,Cu,fcc,Pt,Au,fcc,Ag
Simulation data saved to file:  output_data.txt
-----End of simulation.-----
____Starting new simulation____:
Epot,Ekin,T,Etot,bulk_modulus,interface_energy,substrate_alloy_ratio,film_alloy_ratio,substrate_lattice,film_lattice,Etot_substrate,Etot_film,substrate_atoms,substrate_structure,substrate_alloying_atoms,film_atoms,film_structure,film_alloying_atoms
0.10088810576765604,0.052095941284893144,403.03233326526544,0.1529840470525492,146.78931180407022,-0.03948382509496756,0.5,0.62,3.85,4.0572,0.24365245577529585,-0.011700758532811516,Cu,fcc,Pt,Au,fcc,Ag
Simulation data saved to file:  output_data.txt
-----End of simulation.-----
____Starting new simulation____:
Epot,Ekin,T,Etot,bulk_modulus,interface_energy,substrate_alloy_ratio,film_alloy_ratio,substrate_lattice,film_lattice,Etot_substrate,Etot_film,substrate_atoms,substrate_structure,substrate_alloying_atoms,film_atoms,film_structure,film_alloying_atoms
0.09533709016336013,0.052507478113286564,406.2161254011047,0.1478445682766467,152.30807666757795,-0.0375924828436109,0.5,0.44,3.85,4.0512,0.2367654918603888,-0.013735957896520325,Cu,fcc,Pt,Au,fcc,Ag
Simulation data saved to file:  output_data.txt
-----End of simulation.-----
____Starting new simulation____:
Epot,Ekin,T,Etot,bulk_modulus,interface_energy,substrate_alloy_ratio,film_alloy_ratio,substrate_lattice,film_lattice,Etot_substrate,Etot_film,substrate_atoms,substrate_structure,substrate_alloying_atoms,film_atoms,film_structure,film_alloying_atoms
0.09574621869949204,0.05070365804975856,392.2611455876349,0.14644987674925058,150.98277229484935,-0.036523012907952054,0.5,0.48,3.85,4.0504,0.23312818343425287,-0.013632280869098184,Cu,fcc,Pt,Au,fcc,Ag
Simulation data saved to file:  output_data.txt
-----End of simulation.-----
____Starting new simulation____:
Epot,Ekin,T,Etot,bulk_modulus,interface_energy,substrate_alloy_ratio,film_alloy_ratio,substrate_lattice,film_lattice,Etot_substrate,Etot_film,substrate_atoms,substrate_structure,substrate_alloying_atoms,film_atoms,film_structure,film_alloying_atoms
0.09916709462396066,0.05306292000356792,410.5132171804653,0.15223001462752858,147.1654299711,-0.03915103157802506,0.5,0.6,3.85,4.056,0.24265995099097834,-0.012127873207399643,Cu,fcc,Pt,Au,fcc,Ag
Simulation data saved to file:  output_data.txt
-----End of simulation.-----
____Starting new simulation____:
Epot,Ekin,T,Etot,bulk_modulus,interface_energy,substrate_alloy_ratio,film_alloy_ratio,substrate_lattice,film_lattice,Etot_substrate,Etot_film,substrate_atoms,substrate_structure,substrate_alloying_atoms,film_atoms,film_structure,film_alloying_atoms
0.09796336706687116,0.0525016341052147,406.1709141207107,0.15046500117208586,154.6783547195483,-0.03877645832819543,0.5,0.36,3.85,4.0527999999999995,0.24090579766089723,-0.012887879832420525,Cu,fcc,Pt,Au,fcc,Ag
Simulation data saved to file:  output_data.txt
-----End of simulation.-----
____Starting new simulation____:
Epot,Ekin,T,Etot,bulk_modulus,interface_energy,substrate_alloy_ratio,film_alloy_ratio,substrate_lattice,film_lattice,Etot_substrate,Etot_film,substrate_atoms,substrate_structure,substrate_alloying_atoms,film_atoms,film_structure,film_alloying_atoms
0.09730920582551264,0.05097138438126362,394.3323696677021,0.14828059020677625,152.52899124153473,-0.037557342260394325,0.5,0.43,3.85,4.051399999999999,0.23696504173817132,-0.01356976701060641,Cu,fcc,Pt,Au,fcc,Ag
Simulation data saved to file:  output_data.txt
-----End of simulation.-----
____Starting new simulation____:
Epot,Ekin,T,Etot,bulk_modulus,interface_energy,substrate_alloy_ratio,film_alloy_ratio,substrate_lattice,film_lattice,Etot_substrate,Etot_film,substrate_atoms,substrate_structure,substrate_alloying_atoms,film_atoms,film_structure,film_alloying_atoms
0.09929449019629155,0.052389905036907734,405.30653916207314,0.1516843952331993,161.03942822222993,-0.04010240236720698,0.5,0.21,3.85,4.0558,0.24151356017775147,-0.009624360210138214,Cu,fcc,Pt,Au,fcc,Ag
Simulation data saved to file:  output_data.txt
-----End of simulation.-----
____Starting new simulation____:
Epot,Ekin,T,Etot,bulk_modulus,interface_energy,substrate_alloy_ratio,film_alloy_ratio,substrate_lattice,film_lattice,Etot_substrate,Etot_film,substrate_atoms,substrate_structure,substrate_alloying_atoms,film_atoms,film_structure,film_alloying_atoms
0.09633164807852222,0.05070404886858781,392.2641690981187,0.14703569694711002,154.6459378683252,-0.03722872348479654,0.5,0.4,3.85,4.052,0.23465355356782341,-0.01316040965112032,Cu,fcc,Pt,Au,fcc,Ag
Simulation data saved to file:  output_data.txt
-----End of simulation.-----
____Starting new simulation____:
Epot,Ekin,T,Etot,bulk_modulus,interface_energy,substrate_alloy_ratio,film_alloy_ratio,substrate_lattice,film_lattice,Etot_substrate,Etot_film,substrate_atoms,substrate_structure,substrate_alloying_atoms,film_atoms,film_structure,film_alloying_atoms
0.09544893687618185,0.05058159568828486,391.31682867665745,0.14603053256446671,151.1034370063966,-0.03640941439789597,0.5,0.51,3.85,4.0506,0.23235134268396057,-0.013501981323701936,Cu,fcc,Pt,Au,fcc,Ag
Simulation data saved to file:  output_data.txt
-----End of simulation.-----
____Starting new simulation____:
Epot,Ekin,T,Etot,bulk_modulus,interface_energy,substrate_alloy_ratio,film_alloy_ratio,substrate_lattice,film_lattice,Etot_substrate,Etot_film,substrate_atoms,substrate_structure,substrate_alloying_atoms,film_atoms,film_structure,film_alloying_atoms
0.10264412045562876,0.0547712585121216,423.72951845322774,0.15741537896775037,165.35809796527698,-0.043698983526489196,0.5,0.08,3.85,4.0584,0.24892416687886001,-0.004110820858131247,Cu,fcc,Pt,Au,fcc,Ag
Simulation data saved to file:  output_data.txt
-----End of simulation.-----
____Starting new simulation____:
Epot,Ekin,T,Etot,bulk_modulus,interface_energy,substrate_alloy_ratio,film_alloy_ratio,substrate_lattice,film_lattice,Etot_substrate,Etot_film,substrate_atoms,substrate_structure,substrate_alloying_atoms,film_atoms,film_structure,film_alloying_atoms
0.10009570552501841,0.05242757321237237,405.5979532775094,0.15252327873739077,159.35501762170122,-0.04059379928271893,0.5,0.23,3.85,4.055400000000001,0.24427658377969785,-0.010565706476869215,Cu,fcc,Pt,Au,fcc,Ag
Simulation data saved to file:  output_data.txt
-----End of simulation.-----
____Starting new simulation____:
Epot,Ekin,T,Etot,bulk_modulus,interface_energy,substrate_alloy_ratio,film_alloy_ratio,substrate_lattice,film_lattice,Etot_substrate,Etot_film,substrate_atoms,substrate_structure,substrate_alloying_atoms,film_atoms,film_structure,film_alloying_atoms
0.09673260701036018,0.052569951967428336,406.6994448801624,0.14930255897778852,148.49636225286295,-0.03791043608190928,0.5,0.58,3.85,4.0548,0.2377472164921337,-0.01262378535052662,Cu,fcc,Pt,Au,fcc,Ag
Simulation data saved to file:  output_data.txt
-----End of simulation.-----
____Starting new simulation____:
Epot,Ekin,T,Etot,bulk_modulus,interface_energy,substrate_alloy_ratio,film_alloy_ratio,substrate_lattice,film_lattice,Etot_substrate,Etot_film,substrate_atoms,substrate_structure,substrate_alloying_atoms,film_atoms,film_structure,film_alloying_atoms
0.09774029589557236,0.05122045293321252,396.2592506714642,0.14896074882878488,149.24922660539036,-0.037556209721957334,0.5,0.54,3.85,4.0524,0.23709638688390164,-0.013023218611202097,Cu,fcc,Pt,Au,fcc,Ag
Simulation data saved to file:  output_data.txt
-----End of simulation.-----
____Starting new simulation____:
Epot,Ekin,T,Etot,bulk_modulus,interface_energy,substrate_alloy_ratio,film_alloy_ratio,substrate_lattice,film_lattice,Etot_substrate,Etot_film,substrate_atoms,substrate_structure,substrate_alloying_atoms,film_atoms,film_structure,film_alloying_atoms
0.10348396180832604,0.05372559979219271,415.63993866451744,0.15720956160051874,163.07431927274095,-0.043358090765743984,0.5,0.12,3.85,4.0576,0.2501731627671504,-0.006247419635143704,Cu,fcc,Pt,Au,fcc,Ag
Simulation data saved to file:  output_data.txt
-----End of simulation.-----
____Starting new simulation____:
Epot,Ekin,T,Etot,bulk_modulus,interface_energy,substrate_alloy_ratio,film_alloy_ratio,substrate_lattice,film_lattice,Etot_substrate,Etot_film,substrate_atoms,substrate_structure,substrate_alloying_atoms,film_atoms,film_structure,film_alloying_atoms
0.09937560784292024,0.05208984226638456,402.985149135379,0.1514654501093048,157.3491268473324,-0.04007356148916376,0.5,0.29,3.85,4.0542,0.24334437373757956,-0.01173180064994724,Cu,fcc,Pt,Au,fcc,Ag
Simulation data saved to file:  output_data.txt
-----End of simulation.-----
____Starting new simulation____:
Epot,Ekin,T,Etot,bulk_modulus,interface_energy,substrate_alloy_ratio,film_alloy_ratio,substrate_lattice,film_lattice,Etot_substrate,Etot_film,substrate_atoms,substrate_structure,substrate_alloying_atoms,film_atoms,film_structure,film_alloying_atoms
0.09779447020122793,0.05120696991606415,396.1549413581715,0.14900144011729208,157.25865331185383,-0.03850181213096569,0.5,0.32,3.85,4.053599999999999,0.23827504444630931,-0.012269980067085838,Cu,fcc,Pt,Au,fcc,Ag
Simulation data saved to file:  output_data.txt
-----End of simulation.-----
____Starting new simulation____:
Epot,Ekin,T,Etot,bulk_modulus,interface_energy,substrate_alloy_ratio,film_alloy_ratio,substrate_lattice,film_lattice,Etot_substrate,Etot_film,substrate_atoms,substrate_structure,substrate_alloying_atoms,film_atoms,film_structure,film_alloying_atoms
0.1001588852202284,0.05105226989343348,394.9581281412634,0.15121115511366187,159.76304419012422,-0.04002047903543293,0.5,0.25,3.85,4.055,0.2420866808493489,-0.010834567664821165,Cu,fcc,Pt,Au,fcc,Ag
Simulation data saved to file:  output_data.txt
-----End of simulation.-----
____Starting new simulation____:
Epot,Ekin,T,Etot,bulk_modulus,interface_energy,substrate_alloy_ratio,film_alloy_ratio,substrate_lattice,film_lattice,Etot_substrate,Etot_film,substrate_atoms,substrate_structure,substrate_alloying_atoms,film_atoms,film_structure,film_alloying_atoms
0.09968751958647423,0.052168639838905476,403.594754581129,0.15185615942537972,160.34925363111523,-0.040564077265251214,0.5,0.22,3.85,4.0556,0.24290483679686084,-0.009920522840978684,Cu,fcc,Pt,Au,fcc,Ag
Simulation data saved to file:  output_data.txt
-----End of simulation.-----
____Starting new simulation____:
Epot,Ekin,T,Etot,bulk_modulus,interface_energy,substrate_alloy_ratio,film_alloy_ratio,substrate_lattice,film_lattice,Etot_substrate,Etot_film,substrate_atoms,substrate_structure,substrate_alloying_atoms,film_atoms,film_structure,film_alloying_atoms
0.10031552491137785,0.05236727843136568,405.13149186663003,0.15268280334274353,161.4759278605424,-0.040735549476348665,0.5,0.19,3.85,4.0562,0.24316391764896192,-0.009010015353521065,Cu,fcc,Pt,Au,fcc,Ag
Simulation data saved to file:  output_data.txt
-----End of simulation.-----
____Starting new simulation____:
Epot,Ekin,T,Etot,bulk_modulus,interface_energy,substrate_alloy_ratio,film_alloy_ratio,substrate_lattice,film_lattice,Etot_substrate,Etot_film,substrate_atoms,substrate_structure,substrate_alloying_atoms,film_atoms,film_structure,film_alloying_atoms
0.10118215888965905,0.051659193395656965,399.6534995882822,0.152841352285316,162.4648372924421,-0.04107486338956878,0.5,0.18,3.85,4.0564,0.24336333364569163,-0.008372254581238065,Cu,fcc,Pt,Au,fcc,Ag
Simulation data saved to file:  output_data.txt
-----End of simulation.-----
____Starting new simulation____:
Epot,Ekin,T,Etot,bulk_modulus,interface_energy,substrate_alloy_ratio,film_alloy_ratio,substrate_lattice,film_lattice,Etot_substrate,Etot_film,substrate_atoms,substrate_structure,substrate_alloying_atoms,film_atoms,film_structure,film_alloying_atoms
0.10022787556254803,0.05288136622498271,409.10865396130447,0.15310924178753074,161.3789958747834,-0.040940130541030725,0.5,0.2,3.85,4.055999999999999,0.24401756971058933,-0.009028066840997141,Cu,fcc,Pt,Au,fcc,Ag
Simulation data saved to file:  output_data.txt
-----End of simulation.-----
____Starting new simulation____:
Epot,Ekin,T,Etot,bulk_modulus,interface_energy,substrate_alloy_ratio,film_alloy_ratio,substrate_lattice,film_lattice,Etot_substrate,Etot_film,substrate_atoms,substrate_structure,substrate_alloying_atoms,film_atoms,film_structure,film_alloying_atoms
0.0990054408952408,0.05146692484887889,398.1660431932106,0.15047236574411968,155.9612178761714,-0.038890029770694653,0.5,0.34,3.85,4.0531999999999995,0.2409039070982613,-0.012651481812752288,Cu,fcc,Pt,Au,fcc,Ag
Simulation data saved to file:  output_data.txt
-----End of simulation.-----
____Starting new simulation____:
Epot,Ekin,T,Etot,bulk_modulus,interface_energy,substrate_alloy_ratio,film_alloy_ratio,substrate_lattice,film_lattice,Etot_substrate,Etot_film,substrate_atoms,substrate_structure,substrate_alloying_atoms,film_atoms,film_structure,film_alloying_atoms
0.09921089887448428,0.051004967133208644,394.5921775248987,0.15021586600769293,158.12781265465338,-0.039098483893928754,0.5,0.31,3.85,4.0538,0.24022323672512774,-0.0118104029295773,Cu,fcc,Pt,Au,fcc,Ag
Simulation data saved to file:  output_data.txt
-----End of simulation.-----
____Starting new simulation____:
Epot,Ekin,T,Etot,bulk_modulus,interface_energy,substrate_alloy_ratio,film_alloy_ratio,substrate_lattice,film_lattice,Etot_substrate,Etot_film,substrate_atoms,substrate_structure,substrate_alloying_atoms,film_atoms,film_structure,film_alloying_atoms
0.09857520890411275,0.05093797108601572,394.07387278649213,0.14951317999012848,152.52564399908562,-0.03806972356873056,0.5,0.42,3.85,4.0516,0.23903737383831977,-0.013384746710730184,Cu,fcc,Pt,Au,fcc,Ag
Simulation data saved to file:  output_data.txt
-----End of simulation.-----
____Starting new simulation____:
Epot,Ekin,T,Etot,bulk_modulus,interface_energy,substrate_alloy_ratio,film_alloy_ratio,substrate_lattice,film_lattice,Etot_substrate,Etot_film,substrate_atoms,substrate_structure,substrate_alloying_atoms,film_atoms,film_structure,film_alloying_atoms
0.09810926797695653,0.05131472118795978,396.9885426993376,0.1494239891649163,148.72709670616675,-0.03759895494188764,0.5,0.56,3.85,4.0536,0.23749535320043155,-0.012873454151739966,Cu,fcc,Pt,Au,fcc,Ag
Simulation data saved to file:  output_data.txt
-----End of simulation.-----
____Starting new simulation____:
Epot,Ekin,T,Etot,bulk_modulus,interface_energy,substrate_alloy_ratio,film_alloy_ratio,substrate_lattice,film_lattice,Etot_substrate,Etot_film,substrate_atoms,substrate_structure,substrate_alloying_atoms,film_atoms,film_structure,film_alloying_atoms
0.1031149399446964,0.054720044209769426,423.33330678559184,0.1578349841544658,160.227072754589,-0.043751167227477725,0.5,0.16,3.85,4.0568,0.2533607918309105,-0.008023473221489216,Cu,fcc,Pt,Au,fcc,Ag
Simulation data saved to file:  output_data.txt
-----End of simulation.-----
____Starting new simulation____:
Epot,Ekin,T,Etot,bulk_modulus,interface_energy,substrate_alloy_ratio,film_alloy_ratio,substrate_lattice,film_lattice,Etot_substrate,Etot_film,substrate_atoms,substrate_structure,substrate_alloying_atoms,film_atoms,film_structure,film_alloying_atoms
0.09951954709244697,0.051233914607738046,396.36339487079846,0.150753461700185,159.16278869155053,-0.03951602319370057,0.5,0.26,3.85,4.054799999999999,0.2409201074401032,-0.011134599352517066,Cu,fcc,Pt,Au,fcc,Ag
Simulation data saved to file:  output_data.txt
-----End of simulation.-----
____Starting new simulation____:
Epot,Ekin,T,Etot,bulk_modulus,interface_energy,substrate_alloy_ratio,film_alloy_ratio,substrate_lattice,film_lattice,Etot_substrate,Etot_film,substrate_atoms,substrate_structure,substrate_alloying_atoms,film_atoms,film_structure,film_alloying_atoms
0.10012118291945087,0.052418944011073804,405.5311947729542,0.15254012693052466,156.65787604836186,-0.04012391573262529,0.5,0.3,3.85,4.053999999999999,0.24464775503122696,-0.011859796635451737,Cu,fcc,Pt,Au,fcc,Ag
Simulation data saved to file:  output_data.txt
-----End of simulation.-----
____Starting new simulation____:
Epot,Ekin,T,Etot,bulk_modulus,interface_energy,substrate_alloy_ratio,film_alloy_ratio,substrate_lattice,film_lattice,Etot_substrate,Etot_film,substrate_atoms,substrate_structure,substrate_alloying_atoms,film_atoms,film_structure,film_alloying_atoms
0.10051823239419172,0.05301129161018139,410.11380196046724,0.1535295240043731,158.8672935766927,-0.04134647383470956,0.5,0.24,3.85,4.055199999999999,0.24673400512371146,-0.010511533449919234,Cu,fcc,Pt,Au,fcc,Ag
Simulation data saved to file:  output_data.txt
-----End of simulation.-----
____Starting new simulation____:
Epot,Ekin,T,Etot,bulk_modulus,interface_energy,substrate_alloy_ratio,film_alloy_ratio,substrate_lattice,film_lattice,Etot_substrate,Etot_film,substrate_atoms,substrate_structure,substrate_alloying_atoms,film_atoms,film_structure,film_alloying_atoms
0.09904701842351368,0.05177750182649994,400.5687747853814,0.15082452025001364,159.04668275610655,-0.039657864443667826,0.5,0.27,3.85,4.0546,0.2412695985111054,-0.01112934937375613,Cu,fcc,Pt,Au,fcc,Ag
Simulation data saved to file:  output_data.txt
-----End of simulation.-----
____Starting new simulation____:
Epot,Ekin,T,Etot,bulk_modulus,interface_energy,substrate_alloy_ratio,film_alloy_ratio,substrate_lattice,film_lattice,Etot_substrate,Etot_film,substrate_atoms,substrate_structure,substrate_alloying_atoms,film_atoms,film_structure,film_alloying_atoms
0.09771445487854172,0.05225194062367251,404.2391984441142,0.14996639550221424,158.09263311355812,-0.03913051716725974,0.5,0.28,3.85,4.054399999999999,0.23979797317776635,-0.011570543341032621,Cu,fcc,Pt,Au,fcc,Ag
Simulation data saved to file:  output_data.txt
-----End of simulation.-----
____Starting new simulation____:
Epot,Ekin,T,Etot,bulk_modulus,interface_energy,substrate_alloy_ratio,film_alloy_ratio,substrate_lattice,film_lattice,Etot_substrate,Etot_film,substrate_atoms,substrate_structure,substrate_alloying_atoms,film_atoms,film_structure,film_alloying_atoms
0.09590397757172853,0.05160757505756315,399.25416215952833,0.14751155262929166,151.84985245313104,-0.037044212516801345,0.5,0.46,3.85,4.0508,0.2349982184574789,-0.01339824079458455,Cu,fcc,Pt,Au,fcc,Ag
Simulation data saved to file:  output_data.txt
-----End of simulation.-----
mpprun INFO: mpprun v1.10.1 started
mpprun INFO: mpprun srun handler invoked on: /proj/liu-compute-2024-33/software/venv/bin/python3
mpprun WARNING: Using srun handler that just uses srun without setting up the environment; no MPI module will be loaded, etc.
mpprun INFO: Setting env variable: SLURM_KILL_BAD_EXIT=1 (was unset; to override, set to 0 before invoking mpprun)
mpprun INFO: threading env variables set by user: OPENBLAS_NUM_THREADS=1, MKL_NUM_THREADS=1, NUMEXPR_NUM_THREADS=1; set by mpprun: OMP_NUM_THREADS=1
mpprun INFO: mpprun v1.10.1 executing: /usr/bin/srun /proj/liu-compute-2024-33/software/venv/bin/python3 supercomp_main.py -slurm -simulation_method Interface -lattice_interpolation -film_alloy_ratio .64 -sc_film_alloy_ratio_offset .01 -sc
____Starting new simulation____:
Film alloy ratio 1.17 grater than 1. Stopping simulation on this core.
-----End of simulation.-----
____Starting new simulation____:
Film alloy ratio 1.03 grater than 1. Stopping simulation on this core.
-----End of simulation.-----
____Starting new simulation____:
Film alloy ratio 1.19 grater than 1. Stopping simulation on this core.
-----End of simulation.-----
____Starting new simulation____:
Film alloy ratio 1.25 grater than 1. Stopping simulation on this core.
-----End of simulation.-----
____Starting new simulation____:
Film alloy ratio 1.27 grater than 1. Stopping simulation on this core.
-----End of simulation.-----
____Starting new simulation____:
Film alloy ratio 1.21 grater than 1. Stopping simulation on this core.
-----End of simulation.-----
____Starting new simulation____:
Film alloy ratio 1.09 grater than 1. Stopping simulation on this core.
-----End of simulation.-----
____Starting new simulation____:
Film alloy ratio 1.05 grater than 1. Stopping simulation on this core.
-----End of simulation.-----
____Starting new simulation____:
Film alloy ratio 1.15 grater than 1. Stopping simulation on this core.
-----End of simulation.-----
____Starting new simulation____:
Film alloy ratio 1.07 grater than 1. Stopping simulation on this core.
-----End of simulation.-----
____Starting new simulation____:
Film alloy ratio 1.13 grater than 1. Stopping simulation on this core.
-----End of simulation.-----
____Starting new simulation____:
Film alloy ratio 1.23 grater than 1. Stopping simulation on this core.
-----End of simulation.-----
____Starting new simulation____:
Film alloy ratio 1.11 grater than 1. Stopping simulation on this core.
-----End of simulation.-----
____Starting new simulation____:
Film alloy ratio 1.2000000000000002 grater than 1. Stopping simulation on this core.
-----End of simulation.-----
____Starting new simulation____:
Film alloy ratio 1.02 grater than 1. Stopping simulation on this core.
-----End of simulation.-----
____Starting new simulation____:
Film alloy ratio 1.1600000000000001 grater than 1. Stopping simulation on this core.
-----End of simulation.-----
____Starting new simulation____:
Film alloy ratio 1.12 grater than 1. Stopping simulation on this core.
-----End of simulation.-----
____Starting new simulation____:
Film alloy ratio 1.01 grater than 1. Stopping simulation on this core.
-----End of simulation.-----
____Starting new simulation____:
Film alloy ratio 1.26 grater than 1. Stopping simulation on this core.
-----End of simulation.-----
____Starting new simulation____:
Film alloy ratio 1.1400000000000001 grater than 1. Stopping simulation on this core.
-----End of simulation.-----
____Starting new simulation____:
Film alloy ratio 1.24 grater than 1. Stopping simulation on this core.
-----End of simulation.-----
____Starting new simulation____:
Film alloy ratio 1.04 grater than 1. Stopping simulation on this core.
-----End of simulation.-----
____Starting new simulation____:
Film alloy ratio 1.22 grater than 1. Stopping simulation on this core.
-----End of simulation.-----
____Starting new simulation____:
Film alloy ratio 1.1 grater than 1. Stopping simulation on this core.
-----End of simulation.-----
____Starting new simulation____:
Film alloy ratio 1.08 grater than 1. Stopping simulation on this core.
-----End of simulation.-----
____Starting new simulation____:
Film alloy ratio 1.1800000000000002 grater than 1. Stopping simulation on this core.
-----End of simulation.-----
____Starting new simulation____:
Film alloy ratio 1.06 grater than 1. Stopping simulation on this core.
-----End of simulation.-----
____Starting new simulation____:
Epot,Ekin,T,Etot,bulk_modulus,interface_energy,substrate_alloy_ratio,film_alloy_ratio,substrate_lattice,film_lattice,Etot_substrate,Etot_film,substrate_atoms,substrate_structure,substrate_alloying_atoms,film_atoms,film_structure,film_alloying_atoms
0.11766736199266078,0.06099729744549822,471.8963225540841,0.178664659438159,131.6567206590291,-0.05315074011515031,0.5,0.98,3.85,4.0788,0.2852787301841521,-0.0003125905156924794,Cu,fcc,Pt,Au,fcc,Ag
Simulation data saved to file:  output_data.txt
-----End of simulation.-----
____Starting new simulation____:
Epot,Ekin,T,Etot,bulk_modulus,interface_energy,substrate_alloy_ratio,film_alloy_ratio,substrate_lattice,film_lattice,Etot_substrate,Etot_film,substrate_atoms,substrate_structure,substrate_alloying_atoms,film_atoms,film_structure,film_alloying_atoms
0.11914278508042764,0.06357342719781303,491.8261589148792,0.18271621227824067,129.5328993055001,-0.055221187441989686,0.5,0.99,3.85,4.079400000000001,0.2930448541533646,0.00011373300885542626,Cu,fcc,Pt,Au,fcc,Ag
Simulation data saved to file:  output_data.txt
-----End of simulation.-----
____Starting new simulation____:
Epot,Ekin,T,Etot,bulk_modulus,interface_energy,substrate_alloy_ratio,film_alloy_ratio,substrate_lattice,film_lattice,Etot_substrate,Etot_film,substrate_atoms,substrate_structure,substrate_alloying_atoms,film_atoms,film_structure,film_alloying_atoms
0.11848641596369312,0.06190682749851791,478.93276359732727,0.18039324346221103,130.79184497284484,-0.05420293739568928,0.5,0.97,3.85,4.0782,0.28935656449768316,-0.000557446244093568,Cu,fcc,Pt,Au,fcc,Ag
Simulation data saved to file:  output_data.txt
-----End of simulation.-----
____Starting new simulation____:
Epot,Ekin,T,Etot,bulk_modulus,interface_energy,substrate_alloy_ratio,film_alloy_ratio,substrate_lattice,film_lattice,Etot_substrate,Etot_film,substrate_atoms,substrate_structure,substrate_alloying_atoms,film_atoms,film_structure,film_alloying_atoms
0.11955809489866018,0.06027466487219793,466.3057854617991,0.1798327597708581,131.23705482507054,-0.05425991545683785,0.5,0.94,3.85,4.0764000000000005,0.2898358123835716,-0.001483221699037788,Cu,fcc,Pt,Au,fcc,Ag
Simulation data saved to file:  output_data.txt
-----End of simulation.-----
____Starting new simulation____:
Epot,Ekin,T,Etot,bulk_modulus,interface_energy,substrate_alloy_ratio,film_alloy_ratio,substrate_lattice,film_lattice,Etot_substrate,Etot_film,substrate_atoms,substrate_structure,substrate_alloying_atoms,film_atoms,film_structure,film_alloying_atoms
0.11550503299754025,0.05835172087487008,451.42922143652794,0.17385675387241034,134.94296469329376,-0.05098851214620766,0.5,0.88,3.85,4.0728,0.27981320257265535,-0.003979424407829697,Cu,fcc,Pt,Au,fcc,Ag
Simulation data saved to file:  output_data.txt
-----End of simulation.-----
____Starting new simulation____:
Epot,Ekin,T,Etot,bulk_modulus,interface_energy,substrate_alloy_ratio,film_alloy_ratio,substrate_lattice,film_lattice,Etot_substrate,Etot_film,substrate_atoms,substrate_structure,substrate_alloying_atoms,film_atoms,film_structure,film_alloying_atoms
0.1173920882519838,0.059614840406099115,461.2011537465751,0.17700692865808293,132.6856928903465,-0.05271864262933518,0.5,0.9299999999999999,3.85,4.0758,0.2846808887252479,-0.002236674808494606,Cu,fcc,Pt,Au,fcc,Ag
Simulation data saved to file:  output_data.txt
-----End of simulation.-----
____Starting new simulation____:
Epot,Ekin,T,Etot,bulk_modulus,interface_energy,substrate_alloy_ratio,film_alloy_ratio,substrate_lattice,film_lattice,Etot_substrate,Etot_film,substrate_atoms,substrate_structure,substrate_alloying_atoms,film_atoms,film_structure,film_alloying_atoms
0.11286671436114036,0.05640413649431358,436.36203083075435,0.16927085085545393,136.78561983545225,-0.04877491393813481,0.5,0.85,3.85,4.071,0.2716311222239528,-0.004810443492229245,Cu,fcc,Pt,Au,fcc,Ag
Simulation data saved to file:  output_data.txt
-----End of simulation.-----
____Starting new simulation____:
Epot,Ekin,T,Etot,bulk_modulus,interface_energy,substrate_alloy_ratio,film_alloy_ratio,substrate_lattice,film_lattice,Etot_substrate,Etot_film,substrate_atoms,substrate_structure,substrate_alloying_atoms,film_atoms,film_structure,film_alloying_atoms
0.11149130718722793,0.05764126305590236,445.9328724810644,0.16913257024313028,136.4315496720021,-0.04862141739638451,0.5,0.8400000000000001,3.85,4.0704,0.27147422783720104,-0.005098822801301761,Cu,fcc,Pt,Au,fcc,Ag
Simulation data saved to file:  output_data.txt
-----End of simulation.-----
____Starting new simulation____:
Epot,Ekin,T,Etot,bulk_modulus,interface_energy,substrate_alloy_ratio,film_alloy_ratio,substrate_lattice,film_lattice,Etot_substrate,Etot_film,substrate_atoms,substrate_structure,substrate_alloying_atoms,film_atoms,film_structure,film_alloying_atoms
0.10304757640324207,0.05310343132271672,410.82662684497075,0.1561510077259588,143.64682789973622,-0.04229367327199175,0.5,0.66,3.85,4.0596,0.25118213717507093,-0.010443782905128613,Cu,fcc,Pt,Au,fcc,Ag
Simulation data saved to file:  output_data.txt
-----End of simulation.-----
____Starting new simulation____:
Epot,Ekin,T,Etot,bulk_modulus,interface_energy,substrate_alloy_ratio,film_alloy_ratio,substrate_lattice,film_lattice,Etot_substrate,Etot_film,substrate_atoms,substrate_structure,substrate_alloying_atoms,film_atoms,film_structure,film_alloying_atoms
0.11479810697849112,0.0584471177580548,452.16724492680163,0.1732452247365459,134.6288946150272,-0.05039323879062002,0.5,0.9,3.85,4.074,0.2769934233182947,-0.002961721000508738,Cu,fcc,Pt,Au,fcc,Ag
Simulation data saved to file:  output_data.txt
-----End of simulation.-----
____Starting new simulation____:
Epot,Ekin,T,Etot,bulk_modulus,interface_energy,substrate_alloy_ratio,film_alloy_ratio,substrate_lattice,film_lattice,Etot_substrate,Etot_film,substrate_atoms,substrate_structure,substrate_alloying_atoms,film_atoms,film_structure,film_alloying_atoms
0.11093680382824522,0.055383246422662395,428.46406992560736,0.16632005025090763,138.9504409769567,-0.047253660139686016,0.5,0.8200000000000001,3.85,4.0692,0.26665583415977673,-0.0058284636294970845,Cu,fcc,Pt,Au,fcc,Ag
Simulation data saved to file:  output_data.txt
-----End of simulation.-----
____Starting new simulation____:
Epot,Ekin,T,Etot,bulk_modulus,interface_energy,substrate_alloy_ratio,film_alloy_ratio,substrate_lattice,film_lattice,Etot_substrate,Etot_film,substrate_atoms,substrate_structure,substrate_alloying_atoms,film_atoms,film_structure,film_alloying_atoms
0.11459937707831173,0.05847385205920727,452.37407078513047,0.173073229137519,134.40095747215952,-0.051002885321589295,0.5,0.87,3.85,4.0722000000000005,0.2790087442470292,-0.003929744466331636,Cu,fcc,Pt,Au,fcc,Ag
Simulation data saved to file:  output_data.txt
-----End of simulation.-----
____Starting new simulation____:
Epot,Ekin,T,Etot,bulk_modulus,interface_energy,substrate_alloy_ratio,film_alloy_ratio,substrate_lattice,film_lattice,Etot_substrate,Etot_film,substrate_atoms,substrate_structure,substrate_alloying_atoms,film_atoms,film_structure,film_alloying_atoms
0.11798132974103025,0.06138606325823339,474.90395018756084,0.17936739299926363,131.52850921998396,-0.05369538624367956,0.5,0.95,3.85,4.077,0.2881127423905013,-0.0013545769038785323,Cu,fcc,Pt,Au,fcc,Ag
Simulation data saved to file:  output_data.txt
-----End of simulation.-----
____Starting new simulation____:
Epot,Ekin,T,Etot,bulk_modulus,interface_energy,substrate_alloy_ratio,film_alloy_ratio,substrate_lattice,film_lattice,Etot_substrate,Etot_film,substrate_atoms,substrate_structure,substrate_alloying_atoms,film_atoms,film_structure,film_alloying_atoms
0.11731602474639223,0.05856390385363329,453.0707428084608,0.17587992860002552,133.05638018495873,-0.051885502843149856,0.5,0.92,3.85,4.075200000000001,0.2817086242680539,-0.0020576899817286516,Cu,fcc,Pt,Au,fcc,Ag
Simulation data saved to file:  output_data.txt
-----End of simulation.-----
____Starting new simulation____:
Epot,Ekin,T,Etot,bulk_modulus,interface_energy,substrate_alloy_ratio,film_alloy_ratio,substrate_lattice,film_lattice,Etot_substrate,Etot_film,substrate_atoms,substrate_structure,substrate_alloying_atoms,film_atoms,film_structure,film_alloying_atoms
0.11507276767912517,0.056954812080097554,440.6222488196573,0.17202757975922273,135.39421992612483,-0.05006169996556899,0.5,0.86,3.85,4.0716,0.2763716309135297,-0.004220651223168969,Cu,fcc,Pt,Au,fcc,Ag
Simulation data saved to file:  output_data.txt
-----End of simulation.-----
____Starting new simulation____:
Epot,Ekin,T,Etot,bulk_modulus,interface_energy,substrate_alloy_ratio,film_alloy_ratio,substrate_lattice,film_lattice,Etot_substrate,Etot_film,substrate_atoms,substrate_structure,substrate_alloying_atoms,film_atoms,film_structure,film_alloying_atoms
0.10970355459211997,0.05562917582285704,430.36666535884734,0.165332730414977,138.40659440386426,-0.04693184422652011,0.5,0.8,3.85,4.068,0.26533380352803465,-0.006137384660017418,Cu,fcc,Pt,Au,fcc,Ag
Simulation data saved to file:  output_data.txt
-----End of simulation.-----
____Starting new simulation____:
Epot,Ekin,T,Etot,bulk_modulus,interface_energy,substrate_alloy_ratio,film_alloy_ratio,substrate_lattice,film_lattice,Etot_substrate,Etot_film,substrate_atoms,substrate_structure,substrate_alloying_atoms,film_atoms,film_structure,film_alloying_atoms
0.10600228922898668,0.05364488702859371,415.0155166340238,0.1596471762575804,142.59097790679593,-0.0444201208058357,0.5,0.68,3.85,4.0608,0.2588202755158108,-0.010332857646559019,Cu,fcc,Pt,Au,fcc,Ag
Simulation data saved to file:  output_data.txt
-----End of simulation.-----
____Starting new simulation____:
Epot,Ekin,T,Etot,bulk_modulus,interface_energy,substrate_alloy_ratio,film_alloy_ratio,substrate_lattice,film_lattice,Etot_substrate,Etot_film,substrate_atoms,substrate_structure,substrate_alloying_atoms,film_atoms,film_structure,film_alloying_atoms
0.1124785555984843,0.057315398120180466,443.4118679242005,0.16979395371866476,136.19123475461444,-0.04910612964054953,0.5,0.8300000000000001,3.85,4.0698,0.27324905441369607,-0.0052428414139322555,Cu,fcc,Pt,Au,fcc,Ag
Simulation data saved to file:  output_data.txt
-----End of simulation.-----
____Starting new simulation____:
Epot,Ekin,T,Etot,bulk_modulus,interface_energy,substrate_alloy_ratio,film_alloy_ratio,substrate_lattice,film_lattice,Etot_substrate,Etot_film,substrate_atoms,substrate_structure,substrate_alloying_atoms,film_atoms,film_structure,film_alloying_atoms
0.10646002908125309,0.05286558088992476,408.98653311536395,0.15932560997117784,142.5280994666381,-0.04396992184148195,0.5,0.72,3.85,4.0632,0.25641025002916545,-0.009144796375023712,Cu,fcc,Pt,Au,fcc,Ag
Simulation data saved to file:  output_data.txt
-----End of simulation.-----
____Starting new simulation____:
Epot,Ekin,T,Etot,bulk_modulus,interface_energy,substrate_alloy_ratio,film_alloy_ratio,substrate_lattice,film_lattice,Etot_substrate,Etot_film,substrate_atoms,substrate_structure,substrate_alloying_atoms,film_atoms,film_structure,film_alloying_atoms
0.10977489255113476,0.05627812931013813,435.387195398399,0.16605302186127288,138.08599062444728,-0.04743511484091456,0.5,0.79,3.85,4.0674,0.2675748305478395,-0.006651579004737485,Cu,fcc,Pt,Au,fcc,Ag
Simulation data saved to file:  output_data.txt
-----End of simulation.-----
____Starting new simulation____:
Epot,Ekin,T,Etot,bulk_modulus,interface_energy,substrate_alloy_ratio,film_alloy_ratio,substrate_lattice,film_lattice,Etot_substrate,Etot_film,substrate_atoms,substrate_structure,substrate_alloying_atoms,film_atoms,film_structure,film_alloying_atoms
0.1050266784651898,0.05251265828826503,406.2562010376476,0.15753933675345483,142.9698286053503,-0.04330455173637281,0.5,0.7,3.85,4.061999999999999,0.2536282177817149,-0.009479777555514454,Cu,fcc,Pt,Au,fcc,Ag
Simulation data saved to file:  output_data.txt
-----End of simulation.-----
____Starting new simulation____:
Epot,Ekin,T,Etot,bulk_modulus,interface_energy,substrate_alloy_ratio,film_alloy_ratio,substrate_lattice,film_lattice,Etot_substrate,Etot_film,substrate_atoms,substrate_structure,substrate_alloying_atoms,film_atoms,film_structure,film_alloying_atoms
0.10633241612533709,0.054422841077260885,421.0340399138481,0.16075525720259798,140.92996596938045,-0.0445290274873915,0.5,0.73,3.85,4.0638,0.25827517984173354,-0.008461867664352547,Cu,fcc,Pt,Au,fcc,Ag
Simulation data saved to file:  output_data.txt
-----End of simulation.-----
____Starting new simulation____:
Epot,Ekin,T,Etot,bulk_modulus,interface_energy,substrate_alloy_ratio,film_alloy_ratio,substrate_lattice,film_lattice,Etot_substrate,Etot_film,substrate_atoms,substrate_structure,substrate_alloying_atoms,film_atoms,film_structure,film_alloying_atoms
0.10907789707467634,0.054493278679902675,421.57896972300705,0.16357117575457902,140.10154560070245,-0.04618825604510132,0.5,0.76,3.85,4.0656,0.26362466890039044,-0.007676981055608777,Cu,fcc,Pt,Au,fcc,Ag
Simulation data saved to file:  output_data.txt
-----End of simulation.-----
____Starting new simulation____:
Epot,Ekin,T,Etot,bulk_modulus,interface_energy,substrate_alloy_ratio,film_alloy_ratio,substrate_lattice,film_lattice,Etot_substrate,Etot_film,substrate_atoms,substrate_structure,substrate_alloying_atoms,film_atoms,film_structure,film_alloying_atoms
0.11708558349511339,0.05714533056917889,442.0961661592964,0.17423091406429228,134.35237649588112,-0.05134711143526541,0.5,0.89,3.85,4.0734,0.2801517603407957,-0.0032266234059725877,Cu,fcc,Pt,Au,fcc,Ag
Simulation data saved to file:  output_data.txt
-----End of simulation.-----
____Starting new simulation____:
Epot,Ekin,T,Etot,bulk_modulus,interface_energy,substrate_alloy_ratio,film_alloy_ratio,substrate_lattice,film_lattice,Etot_substrate,Etot_film,substrate_atoms,substrate_structure,substrate_alloying_atoms,film_atoms,film_structure,film_alloying_atoms
0.10831787695407182,0.05445390764619945,421.2743817035738,0.16277178460027125,140.56966588676372,-0.045743329947635775,0.5,0.74,3.85,4.0644,0.2625678713711251,-0.008309426875582287,Cu,fcc,Pt,Au,fcc,Ag
Simulation data saved to file:  output_data.txt
-----End of simulation.-----
____Starting new simulation____:
Epot,Ekin,T,Etot,bulk_modulus,interface_energy,substrate_alloy_ratio,film_alloy_ratio,substrate_lattice,film_lattice,Etot_substrate,Etot_film,substrate_atoms,substrate_structure,substrate_alloying_atoms,film_atoms,film_structure,film_alloying_atoms
0.10853448277980722,0.05506472618312677,425.99988649469043,0.163599208962934,139.89410919519477,-0.04605205813754293,0.5,0.78,3.85,4.0668,0.26276008672925155,-0.00705676149123168,Cu,fcc,Pt,Au,fcc,Ag
Simulation data saved to file:  output_data.txt
-----End of simulation.-----
____Starting new simulation____:
Epot,Ekin,T,Etot,bulk_modulus,interface_energy,substrate_alloy_ratio,film_alloy_ratio,substrate_lattice,film_lattice,Etot_substrate,Etot_film,substrate_atoms,substrate_structure,substrate_alloying_atoms,film_atoms,film_structure,film_alloying_atoms
0.10364289150818976,0.052073229318118405,402.8566255856171,0.15571612082630815,144.10681745212418,-0.04252189654322791,0.5,0.65,3.85,4.058999999999999,0.25151204226764207,-0.010752128354878094,Cu,fcc,Pt,Au,fcc,Ag
Simulation data saved to file:  output_data.txt
-----End of simulation.-----
____Starting new simulation____:
Epot,Ekin,T,Etot,bulk_modulus,interface_energy,substrate_alloy_ratio,film_alloy_ratio,substrate_lattice,film_lattice,Etot_substrate,Etot_film,substrate_atoms,substrate_structure,substrate_alloying_atoms,film_atoms,film_structure,film_alloying_atoms
0.10360121615822565,0.05437061823360698,420.630025819689,0.15797183439183263,142.9887961214581,-0.0434580217011436,0.5,0.67,3.85,4.0602,0.2554910159901413,-0.01060313819602145,Cu,fcc,Pt,Au,fcc,Ag
Simulation data saved to file:  output_data.txt
-----End of simulation.-----
____Starting new simulation____:
Epot,Ekin,T,Etot,bulk_modulus,interface_energy,substrate_alloy_ratio,film_alloy_ratio,substrate_lattice,film_lattice,Etot_substrate,Etot_film,substrate_atoms,substrate_structure,substrate_alloying_atoms,film_atoms,film_structure,film_alloying_atoms
0.10642797312602177,0.051978147827631736,402.12104208302486,0.1584061209536535,142.60123042623886,-0.0434827729820889,0.5,0.71,3.85,4.0626,0.2544402211933788,-0.009068554275547471,Cu,fcc,Pt,Au,fcc,Ag
Simulation data saved to file:  output_data.txt
-----End of simulation.-----
____Starting new simulation____:
Epot,Ekin,T,Etot,bulk_modulus,interface_energy,substrate_alloy_ratio,film_alloy_ratio,substrate_lattice,film_lattice,Etot_substrate,Etot_film,substrate_atoms,substrate_structure,substrate_alloying_atoms,film_atoms,film_structure,film_alloying_atoms
0.11331553980736482,0.05659413590941425,437.8319324334204,0.16990967571677906,136.69332669101811,-0.04903238250153592,0.5,0.81,3.85,4.0686,0.27389796552660584,-0.005923524806754933,Cu,fcc,Pt,Au,fcc,Ag
Simulation data saved to file:  output_data.txt
-----End of simulation.-----
____Starting new simulation____:
Epot,Ekin,T,Etot,bulk_modulus,interface_energy,substrate_alloy_ratio,film_alloy_ratio,substrate_lattice,film_lattice,Etot_substrate,Etot_film,substrate_atoms,substrate_structure,substrate_alloying_atoms,film_atoms,film_structure,film_alloying_atoms
0.10645266475787475,0.05586896715600668,432.2217745691326,0.16232163191388144,140.31514195810104,-0.04556404608351898,0.5,0.77,3.85,4.0662,0.26073850695959244,-0.007288782878673045,Cu,fcc,Pt,Au,fcc,Ag
Simulation data saved to file:  output_data.txt
-----End of simulation.-----
____Starting new simulation____:
Epot,Ekin,T,Etot,bulk_modulus,interface_energy,substrate_alloy_ratio,film_alloy_ratio,substrate_lattice,film_lattice,Etot_substrate,Etot_film,substrate_atoms,substrate_structure,substrate_alloying_atoms,film_atoms,film_structure,film_alloying_atoms
0.10918880567903522,0.05417446737624664,419.1125345187526,0.16336327305528187,140.12630589946573,-0.0458483019466904,0.5,0.75,3.85,4.0649999999999995,0.26278696944728147,-0.007727092498618805,Cu,fcc,Pt,Au,fcc,Ag
Simulation data saved to file:  output_data.txt
-----End of simulation.-----
____Starting new simulation____:
Epot,Ekin,T,Etot,bulk_modulus,interface_energy,substrate_alloy_ratio,film_alloy_ratio,substrate_lattice,film_lattice,Etot_substrate,Etot_film,substrate_atoms,substrate_structure,substrate_alloying_atoms,film_atoms,film_structure,film_alloying_atoms
0.10434300783150854,0.05454404771609576,421.97173665666566,0.1588870555476043,141.85637439324475,-0.043839333920838164,0.5,0.6900000000000001,3.85,4.0614,0.25625796709396803,-0.009692243704687412,Cu,fcc,Pt,Au,fcc,Ag
Simulation data saved to file:  output_data.txt
-----End of simulation.-----
____Starting new simulation____:
Epot,Ekin,T,Etot,bulk_modulus,interface_energy,substrate_alloy_ratio,film_alloy_ratio,substrate_lattice,film_lattice,Etot_substrate,Etot_film,substrate_atoms,substrate_structure,substrate_alloying_atoms,film_atoms,film_structure,film_alloying_atoms
0.11728073998532566,0.05746597772286031,444.5768041382969,0.17474671770818598,134.2772269184984,-0.0515340362705982,0.5,0.91,3.85,4.0746,0.28049664890706827,-0.0026818586576858937,Cu,fcc,Pt,Au,fcc,Ag
Simulation data saved to file:  output_data.txt
-----End of simulation.-----
srun: Job step aborted: Waiting up to 302 seconds for job step to finish.
slurmstepd: error: *** JOB 4062396 ON n1206 CANCELLED AT 2024-12-18T16:02:09 DUE TO TIME LIMIT ***
slurmstepd: error: *** STEP 4062396.1 ON n1206 CANCELLED AT 2024-12-18T16:02:09 DUE TO TIME LIMIT ***
