mpprun INFO: mpprun v1.10.1 started
mpprun INFO: mpprun srun handler invoked on: /proj/liu-compute-2024-33/software/venv/bin/python3
mpprun WARNING: Using srun handler that just uses srun without setting up the environment; no MPI module will be loaded, etc.
mpprun INFO: Setting env variable: SLURM_KILL_BAD_EXIT=1 (was unset; to override, set to 0 before invoking mpprun)
mpprun INFO: threading env variables set by user: OPENBLAS_NUM_THREADS=1, MKL_NUM_THREADS=1, NUMEXPR_NUM_THREADS=1; set by mpprun: OMP_NUM_THREADS=1
mpprun INFO: mpprun v1.10.1 executing: /usr/bin/srun /proj/liu-compute-2024-33/software/venv/bin/python3 supercomp_main.py -slurm -simulation_method Interface -lattice_interpolation -film_alloy_ratio 0 -sc_film_alloy_ratio_offset .01 -sc
____Starting new simulation____:
Epot,Ekin,T,Etot,bulk_modulus,interface_energy,substrate_alloy_ratio,film_alloy_ratio,substrate_lattice,film_lattice,Etot_substrate,Etot_film,substrate_atoms,substrate_structure,substrate_alloying_atoms,film_atoms,film_structure,film_alloying_atoms
0.19504874280564702,0.0754688842180661,583.8535545215984,0.2705176270237131,128.48723136213113,-0.11476514386329675,0,0.03,3.61,4.059399999999999,0.5016121483483396,-0.0015642335980329393,Cu,fcc,Pt,Au,fcc,Ag
Simulation data saved to file:  output_data.txt
-----End of simulation.-----
____Starting new simulation____:
Epot,Ekin,T,Etot,bulk_modulus,interface_energy,substrate_alloy_ratio,film_alloy_ratio,substrate_lattice,film_lattice,Etot_substrate,Etot_film,substrate_atoms,substrate_structure,substrate_alloying_atoms,film_atoms,film_structure,film_alloying_atoms
0.18606772200064972,0.07399101850801236,572.4202710318458,0.26005874050866207,115.53550524839902,-0.10841785479328594,0,0.39,3.61,4.052199999999999,0.48995740102556107,-0.013062950930327107,Cu,fcc,Pt,Au,fcc,Ag
Simulation data saved to file:  output_data.txt
-----End of simulation.-----
____Starting new simulation____:
Epot,Ekin,T,Etot,bulk_modulus,interface_energy,substrate_alloy_ratio,film_alloy_ratio,substrate_lattice,film_lattice,Etot_substrate,Etot_film,substrate_atoms,substrate_structure,substrate_alloying_atoms,film_atoms,film_structure,film_alloying_atoms
0.19300461839254407,0.07630871093864541,590.3507463255163,0.26931332933118945,127.57456081572424,-0.11403381335490329,0,0.06,3.61,4.0588,0.5006382906453279,-0.0032573346043319345,Cu,fcc,Pt,Au,fcc,Ag
Simulation data saved to file:  output_data.txt
-----End of simulation.-----
____Starting new simulation____:
Epot,Ekin,T,Etot,bulk_modulus,interface_energy,substrate_alloy_ratio,film_alloy_ratio,substrate_lattice,film_lattice,Etot_substrate,Etot_film,substrate_atoms,substrate_structure,substrate_alloying_atoms,film_atoms,film_structure,film_alloying_atoms
0.19007797407141058,0.07638759187923946,590.9609967356955,0.2664655659506501,124.37005461577563,-0.11236358684302786,0,0.14,3.61,4.0572,0.49804366189981897,-0.006850922263113171,Cu,fcc,Pt,Au,fcc,Ag
Simulation data saved to file:  output_data.txt
-----End of simulation.-----
____Starting new simulation____:
Equilibrium not reached
-----End of simulation.-----
____Starting new simulation____:
Epot,Ekin,T,Etot,bulk_modulus,interface_energy,substrate_alloy_ratio,film_alloy_ratio,substrate_lattice,film_lattice,Etot_substrate,Etot_film,substrate_atoms,substrate_structure,substrate_alloying_atoms,film_atoms,film_structure,film_alloying_atoms
0.1970500839636527,0.0742467296992667,574.3985418051808,0.2712968136629194,129.200213190193,-0.11524429500607386,0,0.01,3.61,4.0598,0.5022616503229096,-0.00047624664784247584,Cu,fcc,Pt,Au,fcc,Ag
Simulation data saved to file:  output_data.txt
-----End of simulation.-----
____Starting new simulation____:
Epot,Ekin,T,Etot,bulk_modulus,interface_energy,substrate_alloy_ratio,film_alloy_ratio,substrate_lattice,film_lattice,Etot_substrate,Etot_film,substrate_atoms,substrate_structure,substrate_alloying_atoms,film_atoms,film_structure,film_alloying_atoms
0.18854167752312137,0.07579057758971737,586.3422864069397,0.26433225511283875,121.6899028098401,-0.11097929182056368,0,0.21,3.61,4.0558,0.4957761461889735,-0.009485307435007364,Cu,fcc,Pt,Au,fcc,Ag
Simulation data saved to file:  output_data.txt
-----End of simulation.-----
____Starting new simulation____:
Epot,Ekin,T,Etot,bulk_modulus,interface_energy,substrate_alloy_ratio,film_alloy_ratio,substrate_lattice,film_lattice,Etot_substrate,Etot_film,substrate_atoms,substrate_structure,substrate_alloying_atoms,film_atoms,film_structure,film_alloying_atoms
0.19394591770825623,0.0760911466959694,588.6675936230575,0.27003706440422565,127.7850940410525,-0.1144443952404442,0,0.04,3.61,4.0592,0.5012874763795023,-0.0023616214943882985,Cu,fcc,Pt,Au,fcc,Ag
Simulation data saved to file:  output_data.txt
-----End of simulation.-----
____Starting new simulation____:
Epot,Ekin,T,Etot,bulk_modulus,interface_energy,substrate_alloy_ratio,film_alloy_ratio,substrate_lattice,film_lattice,Etot_substrate,Etot_film,substrate_atoms,substrate_structure,substrate_alloying_atoms,film_atoms,film_structure,film_alloying_atoms
0.19265679294230303,0.07568478565740352,585.5238431987074,0.26834157859970653,126.52867370352577,-0.11350167210150963,0,0.09,3.61,4.058199999999999,0.4996649080473954,-0.004319985244669586,Cu,fcc,Pt,Au,fcc,Ag
Simulation data saved to file:  output_data.txt
-----End of simulation.-----
____Starting new simulation____:
Epot,Ekin,T,Etot,bulk_modulus,interface_energy,substrate_alloy_ratio,film_alloy_ratio,substrate_lattice,film_lattice,Etot_substrate,Etot_film,substrate_atoms,substrate_structure,substrate_alloying_atoms,film_atoms,film_structure,film_alloying_atoms
0.19405874492440212,0.07557003566676815,584.6360973335347,0.26962878059117024,127.55903183767859,-0.11418955550935248,0,0.05,3.61,4.059,0.5009628571340825,-0.002954965524207302,Cu,fcc,Pt,Au,fcc,Ag
Simulation data saved to file:  output_data.txt
-----End of simulation.-----
____Starting new simulation____:
Epot,Ekin,T,Etot,bulk_modulus,interface_energy,substrate_alloy_ratio,film_alloy_ratio,substrate_lattice,film_lattice,Etot_substrate,Etot_film,substrate_atoms,substrate_structure,substrate_alloying_atoms,film_atoms,film_structure,film_alloying_atoms
0.19300182369604696,0.07451594079581483,576.4812525443791,0.2675177644918618,125.33868356827746,-0.11291348273967639,0,0.11,3.61,4.0578,0.4990162506992541,-0.005671520728039507,Cu,fcc,Pt,Au,fcc,Ag
Simulation data saved to file:  output_data.txt
-----End of simulation.-----
____Starting new simulation____:
Epot,Ekin,T,Etot,bulk_modulus,interface_energy,substrate_alloy_ratio,film_alloy_ratio,substrate_lattice,film_lattice,Etot_substrate,Etot_film,substrate_atoms,substrate_structure,substrate_alloying_atoms,film_atoms,film_structure,film_alloying_atoms
0.1903204942533115,0.07575340631811535,586.0547165127272,0.2660739005714268,106.33945844472,-0.11070045178790927,0,0.63,3.61,4.0578,0.4990162506992541,-0.011541446552008722,Cu,fcc,Pt,Au,fcc,Ag
Simulation data saved to file:  output_data.txt
-----End of simulation.-----
____Starting new simulation____:
Epot,Ekin,T,Etot,bulk_modulus,interface_energy,substrate_alloy_ratio,film_alloy_ratio,substrate_lattice,film_lattice,Etot_substrate,Etot_film,substrate_atoms,substrate_structure,substrate_alloying_atoms,film_atoms,film_structure,film_alloying_atoms
0.18860122418292566,0.07633609238985968,590.5625787619575,0.26493731657278535,106.78838819155375,-0.11017903064608423,0,0.61,3.61,4.0565999999999995,0.4970715505337934,-0.011776172668839631,Cu,fcc,Pt,Au,fcc,Ag
Simulation data saved to file:  output_data.txt
-----End of simulation.-----
____Starting new simulation____:
Epot,Ekin,T,Etot,bulk_modulus,interface_energy,substrate_alloy_ratio,film_alloy_ratio,substrate_lattice,film_lattice,Etot_substrate,Etot_film,substrate_atoms,substrate_structure,substrate_alloying_atoms,film_atoms,film_structure,film_alloying_atoms
0.19783353444092272,0.07380996952089594,571.0196130551753,0.2716435039618187,129.57056810521277,-0.11544023903056122,0,0.0,3.61,4.06,0.5025864802617355,-6.249823879433447e-05,Cu,fcc,Pt,Au,fcc,Ag
Simulation data saved to file:  output_data.txt
-----End of simulation.-----
____Starting new simulation____:
Epot,Ekin,T,Etot,bulk_modulus,interface_energy,substrate_alloy_ratio,film_alloy_ratio,substrate_lattice,film_lattice,Etot_substrate,Etot_film,substrate_atoms,substrate_structure,substrate_alloying_atoms,film_atoms,film_structure,film_alloying_atoms
0.19449303081624872,0.07444894381588318,575.9629405899811,0.2689419746321319,126.82961469421157,-0.11381672993119893,0,0.07,3.61,4.058599999999999,0.5003137769460381,-0.003738342451508345,Cu,fcc,Pt,Au,fcc,Ag
Simulation data saved to file:  output_data.txt
-----End of simulation.-----
____Starting new simulation____:
Epot,Ekin,T,Etot,bulk_modulus,interface_energy,substrate_alloy_ratio,film_alloy_ratio,substrate_lattice,film_lattice,Etot_substrate,Etot_film,substrate_atoms,substrate_structure,substrate_alloying_atoms,film_atoms,film_structure,film_alloying_atoms
0.1853617163260391,0.07697446488446419,595.5012505595516,0.2623361812105033,108.77742395615469,-0.10904510698909736,0,0.5700000000000001,3.61,4.0542,0.4931878962302136,-0.01276150104151557,Cu,fcc,Pt,Au,fcc,Ag
Simulation data saved to file:  output_data.txt
-----End of simulation.-----
____Starting new simulation____:
Epot,Ekin,T,Etot,bulk_modulus,interface_energy,substrate_alloy_ratio,film_alloy_ratio,substrate_lattice,film_lattice,Etot_substrate,Etot_film,substrate_atoms,substrate_structure,substrate_alloying_atoms,film_atoms,film_structure,film_alloying_atoms
0.18617509540384128,0.0736892497814561,570.0856831355384,0.2598643451852974,115.44887260824746,-0.10834348448947723,0,0.4,3.61,4.052,0.48963464689354474,-0.013083332729292935,Cu,fcc,Pt,Au,fcc,Ag
Simulation data saved to file:  output_data.txt
-----End of simulation.-----
____Starting new simulation____:
Epot,Ekin,T,Etot,bulk_modulus,interface_energy,substrate_alloy_ratio,film_alloy_ratio,substrate_lattice,film_lattice,Etot_substrate,Etot_film,substrate_atoms,substrate_structure,substrate_alloying_atoms,film_atoms,film_structure,film_alloying_atoms
0.1849591485676877,0.07622929963230217,589.7363928213127,0.2611884481999899,109.24895274422786,-0.1085329210145301,0,0.55,3.61,4.053,0.4912489551861785,-0.01299466495712841,Cu,fcc,Pt,Au,fcc,Ag
Simulation data saved to file:  output_data.txt
-----End of simulation.-----
____Starting new simulation____:
Epot,Ekin,T,Etot,bulk_modulus,interface_energy,substrate_alloy_ratio,film_alloy_ratio,substrate_lattice,film_lattice,Etot_substrate,Etot_film,substrate_atoms,substrate_structure,substrate_alloying_atoms,film_atoms,film_structure,film_alloying_atoms
0.1862522658450154,0.07489896573031928,579.4444667458062,0.26115123157533465,117.61641501569883,-0.10918663776660645,0,0.33,3.61,4.0534,0.4918950544546959,-0.012370547346148343,Cu,fcc,Pt,Au,fcc,Ag
Simulation data saved to file:  output_data.txt
-----End of simulation.-----
____Starting new simulation____:
Epot,Ekin,T,Etot,bulk_modulus,interface_energy,substrate_alloy_ratio,film_alloy_ratio,substrate_lattice,film_lattice,Etot_substrate,Etot_film,substrate_atoms,substrate_structure,substrate_alloying_atoms,film_atoms,film_structure,film_alloying_atoms
0.18866708530277337,0.07652532333206293,592.0265351908295,0.2651924086348363,122.67460583369463,-0.11157343066304401,0,0.18,3.61,4.0564,0.4967476196555624,-0.008408349694638113,Cu,fcc,Pt,Au,fcc,Ag
Simulation data saved to file:  output_data.txt
-----End of simulation.-----
____Starting new simulation____:
Epot,Ekin,T,Etot,bulk_modulus,interface_energy,substrate_alloy_ratio,film_alloy_ratio,substrate_lattice,film_lattice,Etot_substrate,Etot_film,substrate_atoms,substrate_structure,substrate_alloying_atoms,film_atoms,film_structure,film_alloying_atoms
0.1858944184904098,0.07300185656643424,564.767769983611,0.25889627505684404,110.86998278008178,-0.10757553401480205,0,0.51,3.61,4.0506,0.48737687639726357,-0.013329533310815427,Cu,fcc,Pt,Au,fcc,Ag
Simulation data saved to file:  output_data.txt
-----End of simulation.-----
____Starting new simulation____:
Epot,Ekin,T,Etot,bulk_modulus,interface_energy,substrate_alloy_ratio,film_alloy_ratio,substrate_lattice,film_lattice,Etot_substrate,Etot_film,substrate_atoms,substrate_structure,substrate_alloying_atoms,film_atoms,film_structure,film_alloying_atoms
0.18806535250407228,0.07508508577395373,580.884356180632,0.263150438278026,120.20562062597104,-0.1103448807167769,0,0.25,3.61,4.055,0.49448159410760617,-0.010641394396026415,Cu,fcc,Pt,Au,fcc,Ag
Simulation data saved to file:  output_data.txt
-----End of simulation.-----
____Starting new simulation____:
Epot,Ekin,T,Etot,bulk_modulus,interface_energy,substrate_alloy_ratio,film_alloy_ratio,substrate_lattice,film_lattice,Etot_substrate,Etot_film,substrate_atoms,substrate_structure,substrate_alloying_atoms,film_atoms,film_structure,film_alloying_atoms
0.18824692534422766,0.07264802670669387,562.0304190416205,0.2608949520509215,117.15110063526204,-0.10893517100061181,0,0.35000000000000003,3.61,4.052999999999999,0.4912489551861779,-0.01248366113403277,Cu,fcc,Pt,Au,fcc,Ag
Simulation data saved to file:  output_data.txt
-----End of simulation.-----
____Starting new simulation____:
Equilibrium not reached
-----End of simulation.-----
____Starting new simulation____:
Epot,Ekin,T,Etot,bulk_modulus,interface_energy,substrate_alloy_ratio,film_alloy_ratio,substrate_lattice,film_lattice,Etot_substrate,Etot_film,substrate_atoms,substrate_structure,substrate_alloying_atoms,film_atoms,film_structure,film_alloying_atoms
0.18949721797337576,0.07582542490880127,586.611877395643,0.26532264288217705,122.59645140475864,-0.1115899077014755,0,0.17,3.61,4.0565999999999995,0.4970715505337934,-0.00856909224866536,Cu,fcc,Pt,Au,fcc,Ag
Simulation data saved to file:  output_data.txt
-----End of simulation.-----
____Starting new simulation____:
Epot,Ekin,T,Etot,bulk_modulus,interface_energy,substrate_alloy_ratio,film_alloy_ratio,substrate_lattice,film_lattice,Etot_substrate,Etot_film,substrate_atoms,substrate_structure,substrate_alloying_atoms,film_atoms,film_structure,film_alloying_atoms
0.18601954169674895,0.07777831826439835,601.7201400800676,0.2637978599611473,107.00095839624838,-0.10963744471057857,0,0.59,3.61,4.0554,0.49512876349308904,-0.012056014110784592,Cu,fcc,Pt,Au,fcc,Ag
Simulation data saved to file:  output_data.txt
-----End of simulation.-----
____Starting new simulation____:
Epot,Ekin,T,Etot,bulk_modulus,interface_energy,substrate_alloy_ratio,film_alloy_ratio,substrate_lattice,film_lattice,Etot_substrate,Etot_film,substrate_atoms,substrate_structure,substrate_alloying_atoms,film_atoms,film_structure,film_alloying_atoms
0.18548575492204003,0.07347004127055715,568.3898098018353,0.2589557961925972,113.36012987039503,-0.10779269841789266,0,0.45,3.61,4.051,0.4880216840513758,-0.013480491022993292,Cu,fcc,Pt,Au,fcc,Ag
Simulation data saved to file:  output_data.txt
-----End of simulation.-----
____Starting new simulation____:
Epot,Ekin,T,Etot,bulk_modulus,interface_energy,substrate_alloy_ratio,film_alloy_ratio,substrate_lattice,film_lattice,Etot_substrate,Etot_film,substrate_atoms,substrate_structure,substrate_alloying_atoms,film_atoms,film_structure,film_alloying_atoms
0.1856235386448174,0.07745571399718287,599.2243611896132,0.26307925264200027,108.15145238045284,-0.10932557562177767,0,0.58,3.61,4.0548,0.4941580894817564,-0.01242768559620079,Cu,fcc,Pt,Au,fcc,Ag
Simulation data saved to file:  output_data.txt
-----End of simulation.-----
____Starting new simulation____:
Epot,Ekin,T,Etot,bulk_modulus,interface_energy,substrate_alloy_ratio,film_alloy_ratio,substrate_lattice,film_lattice,Etot_substrate,Etot_film,substrate_atoms,substrate_structure,substrate_alloying_atoms,film_atoms,film_structure,film_alloying_atoms
0.18621588554166169,0.07418260101616644,573.9024199933532,0.26039848655782816,115.86317724083825,-0.10863780770660658,0,0.37,3.61,4.0526,0.49060307063496106,-0.012928968663919712,Cu,fcc,Pt,Au,fcc,Ag
Simulation data saved to file:  output_data.txt
-----End of simulation.-----
____Starting new simulation____:
Epot,Ekin,T,Etot,bulk_modulus,interface_energy,substrate_alloy_ratio,film_alloy_ratio,substrate_lattice,film_lattice,Etot_substrate,Etot_film,substrate_atoms,substrate_structure,substrate_alloying_atoms,film_atoms,film_structure,film_alloying_atoms
0.18560624512496698,0.07408929923976867,573.1806049783648,0.25969554436473563,114.33851250000903,-0.10813327417596219,0,0.41000000000000003,3.61,4.0518,0.48931194657984634,-0.013349853863186335,Cu,fcc,Pt,Au,fcc,Ag
Simulation data saved to file:  output_data.txt
-----End of simulation.-----
____Starting new simulation____:
Epot,Ekin,T,Etot,bulk_modulus,interface_energy,substrate_alloy_ratio,film_alloy_ratio,substrate_lattice,film_lattice,Etot_substrate,Etot_film,substrate_atoms,substrate_structure,substrate_alloying_atoms,film_atoms,film_structure,film_alloying_atoms
0.19450443284313387,0.07626544446280895,590.0160218099696,0.2707698773059428,128.5702285813813,-0.11489843704076241,0,0.02,3.61,4.0596,0.5019368730072531,-0.001370121619785464,Cu,fcc,Pt,Au,fcc,Ag
Simulation data saved to file:  output_data.txt
-----End of simulation.-----
____Starting new simulation____:
Epot,Ekin,T,Etot,bulk_modulus,interface_energy,substrate_alloy_ratio,film_alloy_ratio,substrate_lattice,film_lattice,Etot_substrate,Etot_film,substrate_atoms,substrate_structure,substrate_alloying_atoms,film_atoms,film_structure,film_alloying_atoms
0.18408638652708537,0.07471869736124917,578.0498479020284,0.25880508388833456,112.34102163820054,-0.1075495294487131,0,0.47000000000000003,3.61,4.050599999999999,0.4873768763972633,-0.013472733611502532,Cu,fcc,Pt,Au,fcc,Ag
Simulation data saved to file:  output_data.txt
-----End of simulation.-----
____Starting new simulation____:
Epot,Ekin,T,Etot,bulk_modulus,interface_energy,substrate_alloy_ratio,film_alloy_ratio,substrate_lattice,film_lattice,Etot_substrate,Etot_film,substrate_atoms,substrate_structure,substrate_alloying_atoms,film_atoms,film_structure,film_alloying_atoms
0.1926950223488439,0.07596981962193845,587.7289651516468,0.26866484197078233,126.69966976598589,-0.1136338328804126,0,0.08,3.61,4.0584,0.49998931606911023,-0.0040568083375027335,Cu,fcc,Pt,Au,fcc,Ag
Simulation data saved to file:  output_data.txt
-----End of simulation.-----
____Starting new simulation____:
Epot,Ekin,T,Etot,bulk_modulus,interface_energy,substrate_alloy_ratio,film_alloy_ratio,substrate_lattice,film_lattice,Etot_substrate,Etot_film,substrate_atoms,substrate_structure,substrate_alloying_atoms,film_atoms,film_structure,film_alloying_atoms
0.19298240572356243,0.07369704132116023,570.1459611984591,0.2666794470447227,124.39647964333474,-0.11239281794989878,0,0.13,3.61,4.0573999999999995,0.4983678051605229,-0.006902722216002714,Cu,fcc,Pt,Au,fcc,Ag
Simulation data saved to file:  output_data.txt
-----End of simulation.-----
____Starting new simulation____:
Epot,Ekin,T,Etot,bulk_modulus,interface_energy,substrate_alloy_ratio,film_alloy_ratio,substrate_lattice,film_lattice,Etot_substrate,Etot_film,substrate_atoms,substrate_structure,substrate_alloying_atoms,film_atoms,film_structure,film_alloying_atoms
0.182814569427923,0.07648857237417832,591.742216989821,0.25930314180210134,113.45876032377386,-0.10790673528779965,0,0.43,3.61,4.051399999999999,0.48866670751656893,-0.013550095138868288,Cu,fcc,Pt,Au,fcc,Ag
Simulation data saved to file:  output_data.txt
-----End of simulation.-----
____Starting new simulation____:
Epot,Ekin,T,Etot,bulk_modulus,interface_energy,substrate_alloy_ratio,film_alloy_ratio,substrate_lattice,film_lattice,Etot_substrate,Etot_film,substrate_atoms,substrate_structure,substrate_alloying_atoms,film_atoms,film_structure,film_alloying_atoms
0.18760903711462423,0.07459235280321683,577.0724024280964,0.26220138991784103,119.07451578257786,-0.10968332296170155,0,0.29,3.61,4.0542,0.4931878962302136,-0.011619860388969448,Cu,fcc,Pt,Au,fcc,Ag
Simulation data saved to file:  output_data.txt
-----End of simulation.-----
____Starting new simulation____:
Epot,Ekin,T,Etot,bulk_modulus,interface_energy,substrate_alloy_ratio,film_alloy_ratio,substrate_lattice,film_lattice,Etot_substrate,Etot_film,substrate_atoms,substrate_structure,substrate_alloying_atoms,film_atoms,film_structure,film_alloying_atoms
0.19264596756655794,0.0751130667190925,581.1008265107212,0.26775903428565045,125.97177956413546,-0.11317449649015554,0,0.1,3.61,4.058,0.4993405529132814,-0.005232525647319848,Cu,fcc,Pt,Au,fcc,Ag
Simulation data saved to file:  output_data.txt
-----End of simulation.-----
____Starting new simulation____:
Epot,Ekin,T,Etot,bulk_modulus,interface_energy,substrate_alloy_ratio,film_alloy_ratio,substrate_lattice,film_lattice,Etot_substrate,Etot_film,substrate_atoms,substrate_structure,substrate_alloying_atoms,film_atoms,film_structure,film_alloying_atoms
0.18979926134744352,0.07419254407057264,573.9793429228229,0.26399180541801615,121.22696008315872,-0.11078721559006238,0,0.22,3.61,4.0556,0.49545242819244995,-0.009886191594309033,Cu,fcc,Pt,Au,fcc,Ag
Simulation data saved to file:  output_data.txt
-----End of simulation.-----
____Starting new simulation____:
Epot,Ekin,T,Etot,bulk_modulus,interface_energy,substrate_alloy_ratio,film_alloy_ratio,substrate_lattice,film_lattice,Etot_substrate,Etot_film,substrate_atoms,substrate_structure,substrate_alloying_atoms,film_atoms,film_structure,film_alloying_atoms
0.1857292340955899,0.07485513810730714,579.1054010004066,0.26058437220289704,116.1835935926355,-0.10872819745839957,0,0.36,3.61,4.0527999999999995,0.4909259860567861,-0.01288521893708994,Cu,fcc,Pt,Au,fcc,Ag
Simulation data saved to file:  output_data.txt
-----End of simulation.-----
____Starting new simulation____:
Epot,Ekin,T,Etot,bulk_modulus,interface_energy,substrate_alloy_ratio,film_alloy_ratio,substrate_lattice,film_lattice,Etot_substrate,Etot_film,substrate_atoms,substrate_structure,substrate_alloying_atoms,film_atoms,film_structure,film_alloying_atoms
0.18836734609781042,0.0752448185119066,582.1201042348603,0.26361216460971704,120.96497569895995,-0.11067822814122305,0,0.23,3.61,4.055400000000001,0.49512876349308993,-0.010160142600926807,Cu,fcc,Pt,Au,fcc,Ag
Simulation data saved to file:  output_data.txt
-----End of simulation.-----
____Starting new simulation____:
Epot,Ekin,T,Etot,bulk_modulus,interface_energy,substrate_alloy_ratio,film_alloy_ratio,substrate_lattice,film_lattice,Etot_substrate,Etot_film,substrate_atoms,substrate_structure,substrate_alloying_atoms,film_atoms,film_structure,film_alloying_atoms
0.18390744284049756,0.07615686509058235,589.1760139964309,0.26006430793107993,109.54582485124185,-0.10809016667916432,0,0.53,3.61,4.0518,0.48931194657984634,-0.013067305290437738,Cu,fcc,Pt,Au,fcc,Ag
Simulation data saved to file:  output_data.txt
-----End of simulation.-----
____Starting new simulation____:
Epot,Ekin,T,Etot,bulk_modulus,interface_energy,substrate_alloy_ratio,film_alloy_ratio,substrate_lattice,film_lattice,Etot_substrate,Etot_film,substrate_atoms,substrate_structure,substrate_alloying_atoms,film_atoms,film_structure,film_alloying_atoms
0.18457681029522438,0.07380218756629606,570.9594091459571,0.2583789978615204,112.05087324221222,-0.10737391789966652,0,0.49,3.61,4.0502,0.48673228476356034,-0.013605451102706915,Cu,fcc,Pt,Au,fcc,Ag
Simulation data saved to file:  output_data.txt
-----End of simulation.-----
____Starting new simulation____:
Epot,Ekin,T,Etot,bulk_modulus,interface_energy,substrate_alloy_ratio,film_alloy_ratio,substrate_lattice,film_lattice,Etot_substrate,Etot_film,substrate_atoms,substrate_structure,substrate_alloying_atoms,film_atoms,film_structure,film_alloying_atoms
0.19004172197654814,0.07433813014154818,575.1056474377046,0.26437985211809634,107.12936428278945,-0.10990943757785768,0,0.6,3.61,4.056,0.49609991745223564,-0.011901190178423927,Cu,fcc,Pt,Au,fcc,Ag
Simulation data saved to file:  output_data.txt
-----End of simulation.-----
____Starting new simulation____:
Epot,Ekin,T,Etot,bulk_modulus,interface_energy,substrate_alloy_ratio,film_alloy_ratio,substrate_lattice,film_lattice,Etot_substrate,Etot_film,substrate_atoms,substrate_structure,substrate_alloying_atoms,film_atoms,film_structure,film_alloying_atoms
0.19087147464929105,0.07508462626055769,580.8808012250711,0.2659561009098487,123.34871249419892,-0.11195312364670201,0,0.15,3.61,4.0569999999999995,0.497719571687398,-0.007857223484145252,Cu,fcc,Pt,Au,fcc,Ag
Simulation data saved to file:  output_data.txt
-----End of simulation.-----
____Starting new simulation____:
Epot,Ekin,T,Etot,bulk_modulus,interface_energy,substrate_alloy_ratio,film_alloy_ratio,substrate_lattice,film_lattice,Etot_substrate,Etot_film,substrate_atoms,substrate_structure,substrate_alloying_atoms,film_atoms,film_structure,film_alloying_atoms
0.19054303335658787,0.0754470576687767,583.6846967397776,0.2659900910253646,123.9587545752858,-0.11202883483379683,0,0.16,3.61,4.0568,0.4973955345548948,-0.007347773861936583,Cu,fcc,Pt,Au,fcc,Ag
Simulation data saved to file:  output_data.txt
-----End of simulation.-----
____Starting new simulation____:
Epot,Ekin,T,Etot,bulk_modulus,interface_energy,substrate_alloy_ratio,film_alloy_ratio,substrate_lattice,film_lattice,Etot_substrate,Etot_film,substrate_atoms,substrate_structure,substrate_alloying_atoms,film_atoms,film_structure,film_alloying_atoms
0.18970092910563027,0.07264079985615035,561.9745096105808,0.26234172896178065,119.23617408501869,-0.10980094039449667,0,0.28,3.61,4.054399999999999,0.49351124051345274,-0.011567630762678745,Cu,fcc,Pt,Au,fcc,Ag
Simulation data saved to file:  output_data.txt
-----End of simulation.-----
____Starting new simulation____:
Epot,Ekin,T,Etot,bulk_modulus,interface_energy,substrate_alloy_ratio,film_alloy_ratio,substrate_lattice,film_lattice,Etot_substrate,Etot_film,substrate_atoms,substrate_structure,substrate_alloying_atoms,film_atoms,film_structure,film_alloying_atoms
0.18550295327589938,0.0755481548375535,584.4668196233206,0.2610511081134529,117.2247518517276,-0.10898637077962461,0,0.34,3.61,4.0531999999999995,0.4915719779949128,-0.012548128322210701,Cu,fcc,Pt,Au,fcc,Ag
Simulation data saved to file:  output_data.txt
-----End of simulation.-----
____Starting new simulation____:
Epot,Ekin,T,Etot,bulk_modulus,interface_energy,substrate_alloy_ratio,film_alloy_ratio,substrate_lattice,film_lattice,Etot_substrate,Etot_film,substrate_atoms,substrate_structure,substrate_alloying_atoms,film_atoms,film_structure,film_alloying_atoms
0.18543694592645912,0.07596896428510644,587.7223479682227,0.26140591021156556,117.56290276867968,-0.10923192180130015,0,0.32,3.61,4.053599999999999,0.49221818453682836,-0.012348430722662496,Cu,fcc,Pt,Au,fcc,Ag
Simulation data saved to file:  output_data.txt
-----End of simulation.-----
____Starting new simulation____:
Epot,Ekin,T,Etot,bulk_modulus,interface_energy,substrate_alloy_ratio,film_alloy_ratio,substrate_lattice,film_lattice,Etot_substrate,Etot_film,substrate_atoms,substrate_structure,substrate_alloying_atoms,film_atoms,film_structure,film_alloying_atoms
0.18405773503839173,0.0753385767276229,582.845450423276,0.25939631176601463,110.99781620141916,-0.10780242338775506,0,0.52,3.61,4.0512,0.48834416882079273,-0.013343010279268003,Cu,fcc,Pt,Au,fcc,Ag
Simulation data saved to file:  output_data.txt
-----End of simulation.-----
____Starting new simulation____:
Epot,Ekin,T,Etot,bulk_modulus,interface_energy,substrate_alloy_ratio,film_alloy_ratio,substrate_lattice,film_lattice,Etot_substrate,Etot_film,substrate_atoms,substrate_structure,substrate_alloying_atoms,film_atoms,film_structure,film_alloying_atoms
0.18541462332822803,0.07726765127071918,597.7694424842884,0.2626822745989472,119.24762438066224,-0.10998871801058593,0,0.27,3.61,4.0546,0.49383463827376717,-0.011174927653648078,Cu,fcc,Pt,Au,fcc,Ag
Simulation data saved to file:  output_data.txt
-----End of simulation.-----
____Starting new simulation____:
Epot,Ekin,T,Etot,bulk_modulus,interface_energy,substrate_alloy_ratio,film_alloy_ratio,substrate_lattice,film_lattice,Etot_substrate,Etot_film,substrate_atoms,substrate_structure,substrate_alloying_atoms,film_atoms,film_structure,film_alloying_atoms
0.18725404936748266,0.07575885358326895,586.096858451823,0.26301290295075164,120.07035979004162,-0.11021491144156709,0,0.26,3.61,4.054799999999999,0.49415808948175605,-0.010715363647870218,Cu,fcc,Pt,Au,fcc,Ag
Simulation data saved to file:  output_data.txt
-----End of simulation.-----
____Starting new simulation____:
Epot,Ekin,T,Etot,bulk_modulus,interface_energy,substrate_alloy_ratio,film_alloy_ratio,substrate_lattice,film_lattice,Etot_substrate,Etot_film,substrate_atoms,substrate_structure,substrate_alloying_atoms,film_atoms,film_structure,film_alloying_atoms
0.1882736533448565,0.07634144151785281,590.6039614778243,0.2646150948627093,122.16650789281239,-0.11121259837584435,0,0.2,3.61,4.055999999999999,0.496099917452234,-0.009059625837836,Cu,fcc,Pt,Au,fcc,Ag
Simulation data saved to file:  output_data.txt
-----End of simulation.-----
____Starting new simulation____:
Epot,Ekin,T,Etot,bulk_modulus,interface_energy,substrate_alloy_ratio,film_alloy_ratio,substrate_lattice,film_lattice,Etot_substrate,Etot_film,substrate_atoms,substrate_structure,substrate_alloying_atoms,film_atoms,film_structure,film_alloying_atoms
0.18339047749559015,0.075774180244464,586.2154308371232,0.25916465774005415,113.32703401660882,-0.10786877613695617,0,0.44,3.61,4.0512,0.48834416882079273,-0.013441958806826245,Cu,fcc,Pt,Au,fcc,Ag
Simulation data saved to file:  output_data.txt
-----End of simulation.-----
____Starting new simulation____:
Epot,Ekin,T,Etot,bulk_modulus,interface_energy,substrate_alloy_ratio,film_alloy_ratio,substrate_lattice,film_lattice,Etot_substrate,Etot_film,substrate_atoms,substrate_structure,substrate_alloying_atoms,film_atoms,film_structure,film_alloying_atoms
0.18935215024983848,0.07627048771459974,590.0550381610778,0.2656226379644382,106.26739690729114,-0.11045630290594563,0,0.62,3.61,4.0572,0.49804366189981897,-0.01150841812348949,Cu,fcc,Pt,Au,fcc,Ag
Simulation data saved to file:  output_data.txt
-----End of simulation.-----
____Starting new simulation____:
Epot,Ekin,T,Etot,bulk_modulus,interface_energy,substrate_alloy_ratio,film_alloy_ratio,substrate_lattice,film_lattice,Etot_substrate,Etot_film,substrate_atoms,substrate_structure,substrate_alloying_atoms,film_atoms,film_structure,film_alloying_atoms
0.18580685219517992,0.07598895436460099,587.8769981805451,0.2617958065597809,118.3770416010775,-0.10943261711283436,0,0.31,3.61,4.0538,0.4925413682128217,-0.01188032742737205,Cu,fcc,Pt,Au,fcc,Ag
Simulation data saved to file:  output_data.txt
-----End of simulation.-----
____Starting new simulation____:
Epot,Ekin,T,Etot,bulk_modulus,interface_energy,substrate_alloy_ratio,film_alloy_ratio,substrate_lattice,film_lattice,Etot_substrate,Etot_film,substrate_atoms,substrate_structure,substrate_alloying_atoms,film_atoms,film_structure,film_alloying_atoms
0.18417413874265215,0.0744352881796537,575.8572958353985,0.2586094269223058,111.62122530412068,-0.10747428654008664,0,0.48,3.61,4.0504,0.48705455356484223,-0.013496553562363126,Cu,fcc,Pt,Au,fcc,Ag
Simulation data saved to file:  output_data.txt
-----End of simulation.-----
____Starting new simulation____:
Epot,Ekin,T,Etot,bulk_modulus,interface_energy,substrate_alloy_ratio,film_alloy_ratio,substrate_lattice,film_lattice,Etot_substrate,Etot_film,substrate_atoms,substrate_structure,substrate_alloying_atoms,film_atoms,film_structure,film_alloying_atoms
0.18174416891300488,0.07710366769482309,596.5008084682688,0.25884783660782795,112.22813238500704,-0.10766978601014493,0,0.46,3.61,4.0508,0.4876992532347555,-0.013511844606637681,Cu,fcc,Pt,Au,fcc,Ag
Simulation data saved to file:  output_data.txt
-----End of simulation.-----
____Starting new simulation____:
Epot,Ekin,T,Etot,bulk_modulus,interface_energy,substrate_alloy_ratio,film_alloy_ratio,substrate_lattice,film_lattice,Etot_substrate,Etot_film,substrate_atoms,substrate_structure,substrate_alloying_atoms,film_atoms,film_structure,film_alloying_atoms
0.18633363162766584,0.07388112720836759,571.5701136911966,0.2602147588360334,115.30494914688833,-0.10846260413537628,0,0.38,3.61,4.0524,0.4902802089486304,-0.013140241841844449,Cu,fcc,Pt,Au,fcc,Ag
Simulation data saved to file:  output_data.txt
-----End of simulation.-----
____Starting new simulation____:
Epot,Ekin,T,Etot,bulk_modulus,interface_energy,substrate_alloy_ratio,film_alloy_ratio,substrate_lattice,film_lattice,Etot_substrate,Etot_film,substrate_atoms,substrate_structure,substrate_alloying_atoms,film_atoms,film_structure,film_alloying_atoms
0.1828309498921051,0.07545465878820005,583.7435016451323,0.25828560868030515,110.73385328751887,-0.10732362820628277,0,0.5,3.61,4.05,0.4864100700191477,-0.013477204926277044,Cu,fcc,Pt,Au,fcc,Ag
Simulation data saved to file:  output_data.txt
-----End of simulation.-----
____Starting new simulation____:
Epot,Ekin,T,Etot,bulk_modulus,interface_energy,substrate_alloy_ratio,film_alloy_ratio,substrate_lattice,film_lattice,Etot_substrate,Etot_film,substrate_atoms,substrate_structure,substrate_alloying_atoms,film_atoms,film_structure,film_alloying_atoms
0.18490826859112053,0.07575397964241737,586.0591519490675,0.2606622482335379,109.33967676920926,-0.10831634788565739,0,0.54,3.61,4.0524,0.4902802089486304,-0.012985264943777742,Cu,fcc,Pt,Au,fcc,Ag
Simulation data saved to file:  output_data.txt
-----End of simulation.-----
____Starting new simulation____:
Epot,Ekin,T,Etot,bulk_modulus,interface_energy,substrate_alloy_ratio,film_alloy_ratio,substrate_lattice,film_lattice,Etot_substrate,Etot_film,substrate_atoms,substrate_structure,substrate_alloying_atoms,film_atoms,film_structure,film_alloying_atoms
0.18863105228783433,0.07323284998931841,566.5548154980555,0.2618639022771527,118.60686611794279,-0.10959096275789801,0,0.3,3.61,4.053999999999999,0.4928646054536254,-0.011818777660676676,Cu,fcc,Pt,Au,fcc,Ag
Simulation data saved to file:  output_data.txt
-----End of simulation.-----
____Starting new simulation____:
Epot,Ekin,T,Etot,bulk_modulus,interface_energy,substrate_alloy_ratio,film_alloy_ratio,substrate_lattice,film_lattice,Etot_substrate,Etot_film,substrate_atoms,substrate_structure,substrate_alloying_atoms,film_atoms,film_structure,film_alloying_atoms
0.186470045140257,0.07288449156364336,563.8597934742737,0.25935453670390035,114.7220165200673,-0.10804905776396204,0,0.42,3.61,4.0516,0.48898930011182573,-0.01353664788000133,Cu,fcc,Pt,Au,fcc,Ag
Simulation data saved to file:  output_data.txt
-----End of simulation.-----
____Starting new simulation____:
Epot,Ekin,T,Etot,bulk_modulus,interface_energy,substrate_alloy_ratio,film_alloy_ratio,substrate_lattice,film_lattice,Etot_substrate,Etot_film,substrate_atoms,substrate_structure,substrate_alloying_atoms,film_atoms,film_structure,film_alloying_atoms
0.18748513135780123,0.07431229711097283,574.905794122239,0.2617974284687741,109.02283661768682,-0.10879779803200423,0,0.56,3.61,4.0536,0.49221818453683236,-0.012825160004049804,Cu,fcc,Pt,Au,fcc,Ag
Simulation data saved to file:  output_data.txt
-----End of simulation.-----
____Starting new simulation____:
Epot,Ekin,T,Etot,bulk_modulus,interface_energy,substrate_alloy_ratio,film_alloy_ratio,substrate_lattice,film_lattice,Etot_substrate,Etot_film,substrate_atoms,substrate_structure,substrate_alloying_atoms,film_atoms,film_structure,film_alloying_atoms
0.18858228747545744,0.07493056662073516,579.6889422324458,0.26351285409619263,120.65773859192504,-0.11051777528341966,0,0.24,3.61,4.055199999999999,0.4948051521214411,-0.010256747458409158,Cu,fcc,Pt,Au,fcc,Ag
Simulation data saved to file:  output_data.txt
-----End of simulation.-----
mpprun INFO: mpprun v1.10.1 started
mpprun INFO: mpprun srun handler invoked on: /proj/liu-compute-2024-33/software/venv/bin/python3
mpprun WARNING: Using srun handler that just uses srun without setting up the environment; no MPI module will be loaded, etc.
mpprun INFO: Setting env variable: SLURM_KILL_BAD_EXIT=1 (was unset; to override, set to 0 before invoking mpprun)
mpprun INFO: threading env variables set by user: OPENBLAS_NUM_THREADS=1, MKL_NUM_THREADS=1, NUMEXPR_NUM_THREADS=1; set by mpprun: OMP_NUM_THREADS=1
mpprun INFO: mpprun v1.10.1 executing: /usr/bin/srun /proj/liu-compute-2024-33/software/venv/bin/python3 supercomp_main.py -slurm -simulation_method Interface -lattice_interpolation -film_alloy_ratio .64 -sc_film_alloy_ratio_offset .01 -sc
____Starting new simulation____:
Film alloy ratio 1.13 grater than 1. Stopping simulation on this core.
-----End of simulation.-----
____Starting new simulation____:
Film alloy ratio 1.19 grater than 1. Stopping simulation on this core.
-----End of simulation.-----
____Starting new simulation____:
Film alloy ratio 1.17 grater than 1. Stopping simulation on this core.
-----End of simulation.-----
____Starting new simulation____:
Film alloy ratio 1.09 grater than 1. Stopping simulation on this core.
-----End of simulation.-----
____Starting new simulation____:
Film alloy ratio 1.27 grater than 1. Stopping simulation on this core.
-----End of simulation.-----
____Starting new simulation____:
Film alloy ratio 1.03 grater than 1. Stopping simulation on this core.
-----End of simulation.-----
____Starting new simulation____:
Film alloy ratio 1.1600000000000001 grater than 1. Stopping simulation on this core.
-----End of simulation.-----
____Starting new simulation____:
Film alloy ratio 1.24 grater than 1. Stopping simulation on this core.
-----End of simulation.-----
____Starting new simulation____:
Film alloy ratio 1.07 grater than 1. Stopping simulation on this core.
-----End of simulation.-----
____Starting new simulation____:
Film alloy ratio 1.11 grater than 1. Stopping simulation on this core.
-----End of simulation.-----
____Starting new simulation____:
Film alloy ratio 1.25 grater than 1. Stopping simulation on this core.
-----End of simulation.-----
____Starting new simulation____:
Film alloy ratio 1.05 grater than 1. Stopping simulation on this core.
-----End of simulation.-----
____Starting new simulation____:
Film alloy ratio 1.21 grater than 1. Stopping simulation on this core.
-----End of simulation.-----
____Starting new simulation____:
Film alloy ratio 1.1800000000000002 grater than 1. Stopping simulation on this core.
-----End of simulation.-----
____Starting new simulation____:
Film alloy ratio 1.15 grater than 1. Stopping simulation on this core.
-----End of simulation.-----
____Starting new simulation____:
Film alloy ratio 1.1400000000000001 grater than 1. Stopping simulation on this core.
-----End of simulation.-----
____Starting new simulation____:
Film alloy ratio 1.26 grater than 1. Stopping simulation on this core.
-----End of simulation.-----
____Starting new simulation____:
Film alloy ratio 1.02 grater than 1. Stopping simulation on this core.
-----End of simulation.-----
____Starting new simulation____:
Film alloy ratio 1.22 grater than 1. Stopping simulation on this core.
-----End of simulation.-----
____Starting new simulation____:
Film alloy ratio 1.12 grater than 1. Stopping simulation on this core.
-----End of simulation.-----
____Starting new simulation____:
Film alloy ratio 1.1 grater than 1. Stopping simulation on this core.
-----End of simulation.-----
____Starting new simulation____:
Film alloy ratio 1.06 grater than 1. Stopping simulation on this core.
-----End of simulation.-----
____Starting new simulation____:
Film alloy ratio 1.08 grater than 1. Stopping simulation on this core.
-----End of simulation.-----
____Starting new simulation____:
Film alloy ratio 1.2000000000000002 grater than 1. Stopping simulation on this core.
-----End of simulation.-----
____Starting new simulation____:
Film alloy ratio 1.04 grater than 1. Stopping simulation on this core.
-----End of simulation.-----
____Starting new simulation____:
Film alloy ratio 1.01 grater than 1. Stopping simulation on this core.
-----End of simulation.-----
____Starting new simulation____:
Film alloy ratio 1.23 grater than 1. Stopping simulation on this core.
-----End of simulation.-----
____Starting new simulation____:
Epot,Ekin,T,Etot,bulk_modulus,interface_energy,substrate_alloy_ratio,film_alloy_ratio,substrate_lattice,film_lattice,Etot_substrate,Etot_film,substrate_atoms,substrate_structure,substrate_alloying_atoms,film_atoms,film_structure,film_alloying_atoms
0.20525723561110243,0.08540357016872432,660.7117427066446,0.2906608057798268,92.12173909150485,-0.12184775068442016,0,0.99,3.61,4.079400000000001,0.5343717029251719,-1.5395776504806168e-05,Cu,fcc,Pt,Au,fcc,Ag
Simulation data saved to file:  output_data.txt
-----End of simulation.-----
____Starting new simulation____:
Epot,Ekin,T,Etot,bulk_modulus,interface_energy,substrate_alloy_ratio,film_alloy_ratio,substrate_lattice,film_lattice,Etot_substrate,Etot_film,substrate_atoms,substrate_structure,substrate_alloying_atoms,film_atoms,film_structure,film_alloying_atoms
0.20467153270835542,0.0846911870704208,655.2004991201645,0.2893627197787762,92.9341178953221,-0.12121699965819915,0,0.97,3.61,4.0782,0.5323953159279209,-0.0005985968327463604,Cu,fcc,Pt,Au,fcc,Ag
Simulation data saved to file:  output_data.txt
-----End of simulation.-----
____Starting new simulation____:
Epot,Ekin,T,Etot,bulk_modulus,interface_energy,substrate_alloy_ratio,film_alloy_ratio,substrate_lattice,film_lattice,Etot_substrate,Etot_film,substrate_atoms,substrate_structure,substrate_alloying_atoms,film_atoms,film_structure,film_alloying_atoms
0.20429176579811736,0.08570305604301244,663.0286696632812,0.2899948218411298,92.6325983751424,-0.1215265435068095,0,0.98,3.61,4.0788,0.5333832815362745,-0.00033537268152567076,Cu,fcc,Pt,Au,fcc,Ag
Simulation data saved to file:  output_data.txt
-----End of simulation.-----
____Starting new simulation____:
Epot,Ekin,T,Etot,bulk_modulus,interface_energy,substrate_alloy_ratio,film_alloy_ratio,substrate_lattice,film_lattice,Etot_substrate,Etot_film,substrate_atoms,substrate_structure,substrate_alloying_atoms,film_atoms,film_structure,film_alloying_atoms
0.20371358518959248,0.08162560905940715,631.4841206823725,0.2853391942489996,95.03567976187796,-0.11931028453591996,0,0.91,3.61,4.0746,0.5264771765166057,-0.0025174131957661793,Cu,fcc,Pt,Au,fcc,Ag
Simulation data saved to file:  output_data.txt
-----End of simulation.-----
____Starting new simulation____:
Epot,Ekin,T,Etot,bulk_modulus,interface_energy,substrate_alloy_ratio,film_alloy_ratio,substrate_lattice,film_lattice,Etot_substrate,Etot_film,substrate_atoms,substrate_structure,substrate_alloying_atoms,film_atoms,film_structure,film_alloying_atoms
0.2042618028198472,0.08299563342413617,642.0831059915623,0.28725743624398337,94.38206814446772,-0.12021171275888867,0,0.94,3.61,4.0764000000000005,0.5294341685639694,-0.0017533068022086862,Cu,fcc,Pt,Au,fcc,Ag
Simulation data saved to file:  output_data.txt
-----End of simulation.-----
____Starting new simulation____:
Epot,Ekin,T,Etot,bulk_modulus,interface_energy,substrate_alloy_ratio,film_alloy_ratio,substrate_lattice,film_lattice,Etot_substrate,Etot_film,substrate_atoms,substrate_structure,substrate_alloying_atoms,film_atoms,film_structure,film_alloying_atoms
0.20240342487275953,0.08078917008215615,625.0131376399135,0.28319259495491567,96.52166150249793,-0.11828115929765146,0,0.88,3.61,4.0728,0.5235243799502332,-0.0037694664000145605,Cu,fcc,Pt,Au,fcc,Ag
Simulation data saved to file:  output_data.txt
-----End of simulation.-----
____Starting new simulation____:
Epot,Ekin,T,Etot,bulk_modulus,interface_energy,substrate_alloy_ratio,film_alloy_ratio,substrate_lattice,film_lattice,Etot_substrate,Etot_film,substrate_atoms,substrate_structure,substrate_alloying_atoms,film_atoms,film_structure,film_alloying_atoms
0.2039524732155669,0.08266076848937678,639.4924743097823,0.2866132417049437,94.56790671292474,-0.1199138311252049,0,0.9299999999999999,3.61,4.0758,0.5284480408665622,-0.0020071369112086733,Cu,fcc,Pt,Au,fcc,Ag
Simulation data saved to file:  output_data.txt
-----End of simulation.-----
____Starting new simulation____:
Epot,Ekin,T,Etot,bulk_modulus,interface_energy,substrate_alloy_ratio,film_alloy_ratio,substrate_lattice,film_lattice,Etot_substrate,Etot_film,substrate_atoms,substrate_structure,substrate_alloying_atoms,film_atoms,film_structure,film_alloying_atoms
0.2029645025807732,0.08162684127225475,631.4936535098212,0.284591343853028,95.49811495342358,-0.11895026617559082,0,0.9,3.61,4.074,0.5254924428413684,-0.0030005666371588245,Cu,fcc,Pt,Au,fcc,Ag
Simulation data saved to file:  output_data.txt
-----End of simulation.-----
____Starting new simulation____:
Epot,Ekin,T,Etot,bulk_modulus,interface_energy,substrate_alloy_ratio,film_alloy_ratio,substrate_lattice,film_lattice,Etot_substrate,Etot_film,substrate_atoms,substrate_structure,substrate_alloying_atoms,film_atoms,film_structure,film_alloying_atoms
0.20353232679475483,0.08030396823878104,621.2594473097844,0.28383629503353586,96.36304058333383,-0.11858781904770402,0,0.89,3.61,4.0734,0.5245081768212025,-0.0034962436922586428,Cu,fcc,Pt,Au,fcc,Ag
Simulation data saved to file:  output_data.txt
-----End of simulation.-----
____Starting new simulation____:
Epot,Ekin,T,Etot,bulk_modulus,interface_energy,substrate_alloy_ratio,film_alloy_ratio,substrate_lattice,film_lattice,Etot_substrate,Etot_film,substrate_atoms,substrate_structure,substrate_alloying_atoms,film_atoms,film_structure,film_alloying_atoms
0.2004200989027748,0.08152843462846449,630.7323454639851,0.2819485335312393,96.98118986522293,-0.11769386772546081,0,0.86,3.61,4.0716,0.5215581996433193,-0.004221930661158381,Cu,fcc,Pt,Au,fcc,Ag
Simulation data saved to file:  output_data.txt
-----End of simulation.-----
____Starting new simulation____:
Epot,Ekin,T,Etot,bulk_modulus,interface_energy,substrate_alloy_ratio,film_alloy_ratio,substrate_lattice,film_lattice,Etot_substrate,Etot_film,substrate_atoms,substrate_structure,substrate_alloying_atoms,film_atoms,film_structure,film_alloying_atoms
0.2035451886199851,0.08443849558003219,653.2455898037044,0.2879836842000173,93.58506160288505,-0.12056816843931467,0,0.95,3.61,4.077,0.5304207579618018,-0.001300736883155155,Cu,fcc,Pt,Au,fcc,Ag
Simulation data saved to file:  output_data.txt
-----End of simulation.-----
____Starting new simulation____:
Epot,Ekin,T,Etot,bulk_modulus,interface_energy,substrate_alloy_ratio,film_alloy_ratio,substrate_lattice,film_lattice,Etot_substrate,Etot_film,substrate_atoms,substrate_structure,substrate_alloying_atoms,film_atoms,film_structure,film_alloying_atoms
0.20186337612733182,0.07718427683716886,597.1244288486831,0.2790476529645007,99.14269897639498,-0.11630404202794581,0,0.8200000000000001,3.61,4.0692,0.5175849356339896,-0.005929198613597247,Cu,fcc,Pt,Au,fcc,Ag
Simulation data saved to file:  output_data.txt
-----End of simulation.-----
____Starting new simulation____:
Epot,Ekin,T,Etot,bulk_modulus,interface_energy,substrate_alloy_ratio,film_alloy_ratio,substrate_lattice,film_lattice,Etot_substrate,Etot_film,substrate_atoms,substrate_structure,substrate_alloying_atoms,film_atoms,film_structure,film_alloying_atoms
0.19076609716482687,0.0775321387370341,599.8156095759892,0.26829823590186097,105.32426214516668,-0.11139087350355464,0,0.66,3.61,4.0596,0.5019368730072531,-0.010856890098282819,Cu,fcc,Pt,Au,fcc,Ag
Simulation data saved to file:  output_data.txt
-----End of simulation.-----
____Starting new simulation____:
Equilibrium not reached
-----End of simulation.-----
____Starting new simulation____:
Epot,Ekin,T,Etot,bulk_modulus,interface_energy,substrate_alloy_ratio,film_alloy_ratio,substrate_lattice,film_lattice,Etot_substrate,Etot_film,substrate_atoms,substrate_structure,substrate_alloying_atoms,film_atoms,film_structure,film_alloying_atoms
0.19788323140070785,0.08180006393202097,632.8337642942334,0.27968329533272884,98.7271162772222,-0.11663956036986342,0,0.8300000000000001,3.61,4.0698,0.5186124852811539,-0.0056500692086982225,Cu,fcc,Pt,Au,fcc,Ag
Simulation data saved to file:  output_data.txt
-----End of simulation.-----
____Starting new simulation____:
Epot,Ekin,T,Etot,bulk_modulus,interface_energy,substrate_alloy_ratio,film_alloy_ratio,substrate_lattice,film_lattice,Etot_substrate,Etot_film,substrate_atoms,substrate_structure,substrate_alloying_atoms,film_atoms,film_structure,film_alloying_atoms
0.20370335503828083,0.07880256050013602,609.6440344932757,0.28250591553841686,97.11390384301836,-0.11796570163546244,0,0.87,3.61,4.0722000000000005,0.5225410537247941,-0.004103734915452342,Cu,fcc,Pt,Au,fcc,Ag
Simulation data saved to file:  output_data.txt
-----End of simulation.-----
____Starting new simulation____:
Epot,Ekin,T,Etot,bulk_modulus,interface_energy,substrate_alloy_ratio,film_alloy_ratio,substrate_lattice,film_lattice,Etot_substrate,Etot_film,substrate_atoms,substrate_structure,substrate_alloying_atoms,film_atoms,film_structure,film_alloying_atoms
0.19763684793453945,0.0782185087912081,605.1256071994965,0.27585535672574757,100.5451485749327,-0.11482703409368222,0,0.77,3.61,4.0662,0.512682120306851,-0.007172695393739002,Cu,fcc,Pt,Au,fcc,Ag
Simulation data saved to file:  output_data.txt
-----End of simulation.-----
____Starting new simulation____:
Epot,Ekin,T,Etot,bulk_modulus,interface_energy,substrate_alloy_ratio,film_alloy_ratio,substrate_lattice,film_lattice,Etot_substrate,Etot_film,substrate_atoms,substrate_structure,substrate_alloying_atoms,film_atoms,film_structure,film_alloying_atoms
0.19601038435869253,0.07781606515228831,602.0121631422213,0.27382644951098084,101.63823296546069,-0.11390047417707508,0,0.74,3.61,4.0644,0.5097459829809852,-0.008118585115854197,Cu,fcc,Pt,Au,fcc,Ag
Simulation data saved to file:  output_data.txt
-----End of simulation.-----
____Starting new simulation____:
Epot,Ekin,T,Etot,bulk_modulus,interface_energy,substrate_alloy_ratio,film_alloy_ratio,substrate_lattice,film_lattice,Etot_substrate,Etot_film,substrate_atoms,substrate_structure,substrate_alloying_atoms,film_atoms,film_structure,film_alloying_atoms
0.19924968041214988,0.07846440985533966,607.0279834150903,0.27771409026748956,99.85743533952886,-0.11569050751179896,0,0.8,3.61,4.068,0.5156224276700526,-0.006527322378965156,Cu,fcc,Pt,Au,fcc,Ag
Simulation data saved to file:  output_data.txt
-----End of simulation.-----
____Starting new simulation____:
Epot,Ekin,T,Etot,bulk_modulus,interface_energy,substrate_alloy_ratio,film_alloy_ratio,substrate_lattice,film_lattice,Etot_substrate,Etot_film,substrate_atoms,substrate_structure,substrate_alloying_atoms,film_atoms,film_structure,film_alloying_atoms
0.19937040523877875,0.07492834935483982,579.6717886917816,0.2742987545936186,102.06649481414075,-0.11412096641037975,0,0.75,3.61,4.0649999999999995,0.5107242304058693,-0.00818354299149128,Cu,fcc,Pt,Au,fcc,Ag
Simulation data saved to file:  output_data.txt
-----End of simulation.-----
____Starting new simulation____:
Epot,Ekin,T,Etot,bulk_modulus,interface_energy,substrate_alloy_ratio,film_alloy_ratio,substrate_lattice,film_lattice,Etot_substrate,Etot_film,substrate_atoms,substrate_structure,substrate_alloying_atoms,film_atoms,film_structure,film_alloying_atoms
0.1990533906325585,0.07737047804368777,598.5649461878311,0.27642386867624624,100.4874169887307,-0.11510021316741614,0,0.78,3.61,4.0668,0.5136617607759474,-0.007037465764868848,Cu,fcc,Pt,Au,fcc,Ag
Simulation data saved to file:  output_data.txt
-----End of simulation.-----
____Starting new simulation____:
Epot,Ekin,T,Etot,bulk_modulus,interface_energy,substrate_alloy_ratio,film_alloy_ratio,substrate_lattice,film_lattice,Etot_substrate,Etot_film,substrate_atoms,substrate_structure,substrate_alloying_atoms,film_atoms,film_structure,film_alloying_atoms
0.19542690997573633,0.0761729336617135,589.3003260552113,0.2715998436374498,103.39236443117764,-0.11289752592979738,0,0.71,3.61,4.0626,0.5068140426617458,-0.009419147164701212,Cu,fcc,Pt,Au,fcc,Ag
Simulation data saved to file:  output_data.txt
-----End of simulation.-----
____Starting new simulation____:
Epot,Ekin,T,Etot,bulk_modulus,interface_energy,substrate_alloy_ratio,film_alloy_ratio,substrate_lattice,film_lattice,Etot_substrate,Etot_film,substrate_atoms,substrate_structure,substrate_alloying_atoms,film_atoms,film_structure,film_alloying_atoms
0.2018757890491522,0.0841840909269253,651.2774268642061,0.2860598799760775,94.51404383375332,-0.11963444846860899,0,0.92,3.61,4.075200000000001,0.5274623763548478,-0.0021335994415523155,Cu,fcc,Pt,Au,fcc,Ag
Simulation data saved to file:  output_data.txt
-----End of simulation.-----
____Starting new simulation____:
Epot,Ekin,T,Etot,bulk_modulus,interface_energy,substrate_alloy_ratio,film_alloy_ratio,substrate_lattice,film_lattice,Etot_substrate,Etot_film,substrate_atoms,substrate_structure,substrate_alloying_atoms,film_atoms,film_structure,film_alloying_atoms
0.19999221119589852,0.07850177408481811,607.317046098592,0.2784939852807166,99.01190058031091,-0.11606017037352531,0,0.81,3.61,4.0686,0.516603452037683,-0.005989126009915763,Cu,fcc,Pt,Au,fcc,Ag
Simulation data saved to file:  output_data.txt
-----End of simulation.-----
____Starting new simulation____:
Epot,Ekin,T,Etot,bulk_modulus,interface_energy,substrate_alloy_ratio,film_alloy_ratio,substrate_lattice,film_lattice,Etot_substrate,Etot_film,substrate_atoms,substrate_structure,substrate_alloying_atoms,film_atoms,film_structure,film_alloying_atoms
0.1929261361290525,0.07682863710944225,594.3730761380441,0.2697547732384947,104.42940522654808,-0.11204209676225726,0,0.68,3.61,4.0608,0.5038863255729064,-0.010047358809897116,Cu,fcc,Pt,Au,fcc,Ag
Simulation data saved to file:  output_data.txt
-----End of simulation.-----
____Starting new simulation____:
Epot,Ekin,T,Etot,bulk_modulus,interface_energy,substrate_alloy_ratio,film_alloy_ratio,substrate_lattice,film_lattice,Etot_substrate,Etot_film,substrate_atoms,substrate_structure,substrate_alloying_atoms,film_atoms,film_structure,film_alloying_atoms
0.20193676382882594,0.07851386795141448,607.410608459734,0.28045063178024043,98.34554686421633,-0.11699650467602898,0,0.8400000000000001,3.61,4.0704,0.5195939139175132,-0.005150272785214819,Cu,fcc,Pt,Au,fcc,Ag
Simulation data saved to file:  output_data.txt
-----End of simulation.-----
____Starting new simulation____:
Epot,Ekin,T,Etot,bulk_modulus,interface_energy,substrate_alloy_ratio,film_alloy_ratio,substrate_lattice,film_lattice,Etot_substrate,Etot_film,substrate_atoms,substrate_structure,substrate_alloying_atoms,film_atoms,film_structure,film_alloying_atoms
0.198104850197996,0.07302100641016994,564.915919839667,0.27112585660816596,103.46710187267092,-0.11265596367404695,0,0.7,3.61,4.061999999999999,0.5058376664451862,-0.009399882488926344,Cu,fcc,Pt,Au,fcc,Ag
Simulation data saved to file:  output_data.txt
-----End of simulation.-----
____Starting new simulation____:
Epot,Ekin,T,Etot,bulk_modulus,interface_energy,substrate_alloy_ratio,film_alloy_ratio,substrate_lattice,film_lattice,Etot_substrate,Etot_film,substrate_atoms,substrate_structure,substrate_alloying_atoms,film_atoms,film_structure,film_alloying_atoms
0.20000647750891576,0.07502761792855327,580.4397649274897,0.27503409543746904,101.53939490386576,-0.11446153550294696,0,0.76,3.61,4.0656,0.5117029431808123,-0.007745776737449372,Cu,fcc,Pt,Au,fcc,Ag
Simulation data saved to file:  output_data.txt
-----End of simulation.-----
____Starting new simulation____:
Epot,Ekin,T,Etot,bulk_modulus,interface_energy,substrate_alloy_ratio,film_alloy_ratio,substrate_lattice,film_lattice,Etot_substrate,Etot_film,substrate_atoms,substrate_structure,substrate_alloying_atoms,film_atoms,film_structure,film_alloying_atoms
0.19543928321347281,0.0770451321957764,596.0479574749328,0.2724844154092492,102.64383883539078,-0.11327453502299809,0,0.72,3.61,4.0632,0.5077908881326597,-0.00875740267741434,Cu,fcc,Pt,Au,fcc,Ag
Simulation data saved to file:  output_data.txt
-----End of simulation.-----
____Starting new simulation____:
Epot,Ekin,T,Etot,bulk_modulus,interface_energy,substrate_alloy_ratio,film_alloy_ratio,substrate_lattice,film_lattice,Etot_substrate,Etot_film,substrate_atoms,substrate_structure,substrate_alloying_atoms,film_atoms,film_structure,film_alloying_atoms
0.19445481266075892,0.07856523860244093,607.8080296951298,0.27302005126319984,102.36093146191547,-0.11352191266024017,0,0.73,3.61,4.0638,0.5087682018963164,-0.008704325312636258,Cu,fcc,Pt,Au,fcc,Ag
Simulation data saved to file:  output_data.txt
-----End of simulation.-----
____Starting new simulation____:
Epot,Ekin,T,Etot,bulk_modulus,interface_energy,substrate_alloy_ratio,film_alloy_ratio,substrate_lattice,film_lattice,Etot_substrate,Etot_film,substrate_atoms,substrate_structure,substrate_alloying_atoms,film_atoms,film_structure,film_alloying_atoms
0.19212559879835103,0.07570892828144325,585.710618940884,0.26783452707979427,105.39057247273509,-0.11116605109425967,0,0.65,3.61,4.058999999999999,0.5009628571340823,-0.010796227865768646,Cu,fcc,Pt,Au,fcc,Ag
Simulation data saved to file:  output_data.txt
-----End of simulation.-----
____Starting new simulation____:
Epot,Ekin,T,Etot,bulk_modulus,interface_energy,substrate_alloy_ratio,film_alloy_ratio,substrate_lattice,film_lattice,Etot_substrate,Etot_film,substrate_atoms,substrate_structure,substrate_alloying_atoms,film_atoms,film_structure,film_alloying_atoms
0.20135824565358137,0.07980782784576292,617.4211325525612,0.2811660734993443,97.65401458965364,-0.11733157618536239,0,0.85,3.61,4.071,0.520575819206615,-0.0047465933365459356,Cu,fcc,Pt,Au,fcc,Ag
Simulation data saved to file:  output_data.txt
-----End of simulation.-----
____Starting new simulation____:
Epot,Ekin,T,Etot,bulk_modulus,interface_energy,substrate_alloy_ratio,film_alloy_ratio,substrate_lattice,film_lattice,Etot_substrate,Etot_film,substrate_atoms,substrate_structure,substrate_alloying_atoms,film_atoms,film_structure,film_alloying_atoms
0.1937981619641227,0.07534312703787237,582.8806532070571,0.2691412890019951,104.57751798951546,-0.11176043048210169,0,0.67,3.61,4.0602,0.5029113627900281,-0.010249212823829656,Cu,fcc,Pt,Au,fcc,Ag
Simulation data saved to file:  output_data.txt
-----End of simulation.-----
____Starting new simulation____:
Epot,Ekin,T,Etot,bulk_modulus,interface_energy,substrate_alloy_ratio,film_alloy_ratio,substrate_lattice,film_lattice,Etot_substrate,Etot_film,substrate_atoms,substrate_structure,substrate_alloying_atoms,film_atoms,film_structure,film_alloying_atoms
0.196964176130153,0.07325877083222504,566.7553481602783,0.27022294696237803,104.65630357684326,-0.11225350997218983,0,0.6900000000000001,3.61,4.0614,0.5048617604350084,-0.010131793528250745,Cu,fcc,Pt,Au,fcc,Ag
Simulation data saved to file:  output_data.txt
-----End of simulation.-----
srun: Job step aborted: Waiting up to 302 seconds for job step to finish.
slurmstepd: error: *** JOB 4062362 ON n1206 CANCELLED AT 2024-12-18T11:41:06 DUE TO TIME LIMIT ***
slurmstepd: error: *** STEP 4062362.1 ON n1206 CANCELLED AT 2024-12-18T11:41:06 DUE TO TIME LIMIT ***
