____Starting new simulation____:
Equilibrium not reached
-----End of simulation.-----
____Starting new simulation____:
Equilibrium not reached
-----End of simulation.-----
____Starting new simulation____:
Equilibrium not reached
-----End of simulation.-----
____Starting new simulation____:
Equilibrium not reached
-----End of simulation.-----
____Starting new simulation____:
Equilibrium not reached
-----End of simulation.-----
____Starting new simulation____:
Equilibrium not reached
-----End of simulation.-----
____Starting new simulation____:
Equilibrium not reached
-----End of simulation.-----
____Starting new simulation____:
Epot,Ekin,T,Etot,bulk_modulus,interface_energy,substrate_alloy_ratio,film_alloy_ratio,substrate_lattice,film_lattice,Etot_substrate,Etot_film,substrate_atoms,substrate_structure,substrate_alloying_atoms,film_atoms,film_structure,film_alloying_atoms
9.05520553508892,0.11697467903536397,904.9568289161391,9.172180214124284,-1,-4.549507211599304,0.5,0.5,2.54,2.8,9.063811281661021,9.20738335566187,Cu,fcc,Ag,Cu,fcc,Ag
-----End of simulation.-----
____Starting new simulation____:
Epot,Ekin,T,Etot,bulk_modulus,interface_energy,substrate_alloy_ratio,film_alloy_ratio,substrate_lattice,film_lattice,Etot_substrate,Etot_film,substrate_atoms,substrate_structure,substrate_alloying_atoms,film_atoms,film_structure,film_alloying_atoms
6.716960928152201,0.10332749988423873,799.377501235154,6.82028842803644,-1,-3.37190648830708,0.5,0.5,2.54,2.9,6.7981049156003195,6.765996489050281,Cu,fcc,Ag,Cu,fcc,Ag
-----End of simulation.-----
____Starting new simulation____:
Epot,Ekin,T,Etot,bulk_modulus,interface_energy,substrate_alloy_ratio,film_alloy_ratio,substrate_lattice,film_lattice,Etot_substrate,Etot_film,substrate_atoms,substrate_structure,substrate_alloying_atoms,film_atoms,film_structure,film_alloying_atoms
4.967266478672202,0.08669482425448169,670.7013337224809,5.053961302926684,-1,-2.488965655451606,0.5,0.5,2.54,3.0,5.052639926534521,4.979252687295375,Cu,fcc,Ag,Cu,fcc,Ag
-----End of simulation.-----
____Starting new simulation____:
Epot,Ekin,T,Etot,bulk_modulus,interface_energy,substrate_alloy_ratio,film_alloy_ratio,substrate_lattice,film_lattice,Etot_substrate,Etot_film,substrate_atoms,substrate_structure,substrate_alloying_atoms,film_atoms,film_structure,film_alloying_atoms
3.4953636687874745,0.07303357176964033,565.013129833781,3.5683972405571147,-1,-1.7461304023087354,0.5,0.5,2.54,3.1,3.496562054872823,3.5640959903017624,Cu,fcc,Ag,Cu,fcc,Ag
-----End of simulation.-----
____Starting new simulation____:
Epot,Ekin,T,Etot,bulk_modulus,interface_energy,substrate_alloy_ratio,film_alloy_ratio,substrate_lattice,film_lattice,Etot_substrate,Etot_film,substrate_atoms,substrate_structure,substrate_alloying_atoms,film_atoms,film_structure,film_alloying_atoms
2.412635843539715,0.06367400079859271,492.60423129417376,2.4763098443383074,-1,-1.1996154762921785,0.5,0.5,2.54,3.2,2.4227107783538915,2.452830018568773,Cu,fcc,Ag,Cu,fcc,Ag
-----End of simulation.-----
____Starting new simulation____:
Epot,Ekin,T,Etot,bulk_modulus,interface_energy,substrate_alloy_ratio,film_alloy_ratio,substrate_lattice,film_lattice,Etot_substrate,Etot_film,substrate_atoms,substrate_structure,substrate_alloying_atoms,film_atoms,film_structure,film_alloying_atoms
1.6211074942860522,0.05629285054067201,435.5010839613902,1.677400344826724,-1,-0.7991943770275913,0.5,0.5,2.54,3.3,1.6544922341601642,1.6212968647217425,Cu,fcc,Ag,Cu,fcc,Ag
-----End of simulation.-----
____Starting new simulation____:
Epot,Ekin,T,Etot,bulk_modulus,interface_energy,substrate_alloy_ratio,film_alloy_ratio,substrate_lattice,film_lattice,Etot_substrate,Etot_film,substrate_atoms,substrate_structure,substrate_alloying_atoms,film_atoms,film_structure,film_alloying_atoms
1.0309273068487268,0.04943642292824509,382.4573736387563,1.080363729776972,-1,-0.5006997268313733,0.5,0.5,2.54,3.4,1.0579845245259714,1.0237786589137472,Cu,fcc,Ag,Cu,fcc,Ag
-----End of simulation.-----
____Starting new simulation____:
Epot,Ekin,T,Etot,bulk_modulus,interface_energy,substrate_alloy_ratio,film_alloy_ratio,substrate_lattice,film_lattice,Etot_substrate,Etot_film,substrate_atoms,substrate_structure,substrate_alloying_atoms,film_atoms,film_structure,film_alloying_atoms
0.5685603265781741,0.044128489817618716,341.3933557204918,0.6126888163957929,-1,-0.26759519512040886,0.5,0.5,2.54,3.5,0.575573500023826,0.5723057066127846,Cu,fcc,Ag,Cu,fcc,Ag
-----End of simulation.-----
____Starting new simulation____:
Epot,Ekin,T,Etot,bulk_modulus,interface_energy,substrate_alloy_ratio,film_alloy_ratio,substrate_lattice,film_lattice,Etot_substrate,Etot_film,substrate_atoms,substrate_structure,substrate_alloying_atoms,film_atoms,film_structure,film_alloying_atoms
0.30072414273820075,0.039315862460408864,304.16119549700437,0.3400400051986096,-1,-0.13100596802374329,0.5,0.5,2.54,3.6,0.3050453777275223,0.29700656351857385,Cu,fcc,Ag,Cu,fcc,Ag
-----End of simulation.-----
____Starting new simulation____:
Epot,Ekin,T,Etot,bulk_modulus,interface_energy,substrate_alloy_ratio,film_alloy_ratio,substrate_lattice,film_lattice,Etot_substrate,Etot_film,substrate_atoms,substrate_structure,substrate_alloying_atoms,film_atoms,film_structure,film_alloying_atoms
0.1469124825824673,0.03515714261086204,271.9878913389419,0.18206962519332934,116.38693279980376,-0.052617778890233,0.5,0.5,2.54,3.7,0.1437467014978398,0.14355848147595554,Cu,fcc,Ag,Cu,fcc,Ag
-----End of simulation.-----
____Starting new simulation____:
Epot,Ekin,T,Etot,bulk_modulus,interface_energy,substrate_alloy_ratio,film_alloy_ratio,substrate_lattice,film_lattice,Etot_substrate,Etot_film,substrate_atoms,substrate_structure,substrate_alloying_atoms,film_atoms,film_structure,film_alloying_atoms
0.07701056394082083,0.03268934118120042,252.8961205848103,0.10969990512202124,109.76793472343142,-0.01604630008324979,0.5,0.5,2.54,3.8,0.06983359013406334,0.07195891515445747,Cu,fcc,Ag,Cu,fcc,Ag
-----End of simulation.-----
____Starting new simulation____:
Epot,Ekin,T,Etot,bulk_modulus,interface_energy,substrate_alloy_ratio,film_alloy_ratio,substrate_lattice,film_lattice,Etot_substrate,Etot_film,substrate_atoms,substrate_structure,substrate_alloying_atoms,film_atoms,film_structure,film_alloying_atoms
0.07669226523392997,0.030129101811468488,233.08921775416937,0.10682136704539846,108.27197382888343,-0.014047048926528173,0.5,0.5,2.54,3.9,0.06789625401771708,0.06701921088073773,Cu,fcc,Ag,Cu,fcc,Ag
-----End of simulation.-----
____Starting new simulation____:
Epot,Ekin,T,Etot,bulk_modulus,interface_energy,substrate_alloy_ratio,film_alloy_ratio,substrate_lattice,film_lattice,Etot_substrate,Etot_film,substrate_atoms,substrate_structure,substrate_alloying_atoms,film_atoms,film_structure,film_alloying_atoms
0.12498692407344535,0.029157073169663542,225.56926587605795,0.1541439972431089,108.75598043035431,-0.0386947956667892,0.5,0.5,2.54,4.0,0.1136293019346661,0.1179042866420212,Cu,fcc,Ag,Cu,fcc,Ag
-----End of simulation.-----
____Starting new simulation____:
Epot,Ekin,T,Etot,bulk_modulus,interface_energy,substrate_alloy_ratio,film_alloy_ratio,substrate_lattice,film_lattice,Etot_substrate,Etot_film,substrate_atoms,substrate_structure,substrate_alloying_atoms,film_atoms,film_structure,film_alloying_atoms
0.21264324951432356,0.03380403714389027,261.5197965112598,0.24644728665821383,107.80339865711389,-0.08432972648552385,0.5,0.5,2.54,4.1,0.20914598298902254,0.205960756640239,Cu,fcc,Ag,Cu,fcc,Ag
-----End of simulation.-----
____Starting new simulation____:
Epot,Ekin,T,Etot,bulk_modulus,interface_energy,substrate_alloy_ratio,film_alloy_ratio,substrate_lattice,film_lattice,Etot_substrate,Etot_film,substrate_atoms,substrate_structure,substrate_alloying_atoms,film_atoms,film_structure,film_alloying_atoms
0.29845949867093463,0.07120743927084774,550.8855332554785,0.3696669379417824,90.63752021941262,-0.14623431323211944,0.5,0.5,2.54,4.2,0.33261172121169946,0.3295238431943218,Cu,fcc,Ag,Cu,fcc,Ag
-----End of simulation.-----
____Starting new simulation____:
Epot,Ekin,T,Etot,bulk_modulus,interface_energy,substrate_alloy_ratio,film_alloy_ratio,substrate_lattice,film_lattice,Etot_substrate,Etot_film,substrate_atoms,substrate_structure,substrate_alloying_atoms,film_atoms,film_structure,film_alloying_atoms
0.3958538915611788,0.11234162440754787,869.1139058257825,0.5081955159687267,74.67378064211125,-0.21555695927524335,0.5,0.5,2.54,4.3,0.4704534554295812,0.46885597908963217,Cu,fcc,Ag,Cu,fcc,Ag
-----End of simulation.-----
____Starting new simulation____:
Epot,Ekin,T,Etot,bulk_modulus,interface_energy,substrate_alloy_ratio,film_alloy_ratio,substrate_lattice,film_lattice,Etot_substrate,Etot_film,substrate_atoms,substrate_structure,substrate_alloying_atoms,film_atoms,film_structure,film_alloying_atoms
0.5039219900735007,0.16651458788281412,1288.2148056431326,0.6704365779563148,64.95387465444917,-0.2959985092504405,0.5,0.5,2.54,4.4,0.6342373540096812,0.6281962424475147,Cu,fcc,Ag,Cu,fcc,Ag
-----End of simulation.-----
____Starting new simulation____:
Epot,Ekin,T,Etot,bulk_modulus,interface_energy,substrate_alloy_ratio,film_alloy_ratio,substrate_lattice,film_lattice,Etot_substrate,Etot_film,substrate_atoms,substrate_structure,substrate_alloying_atoms,film_atoms,film_structure,film_alloying_atoms
0.590880495148037,0.22671979202445158,1753.9832187181848,0.8176002871724886,57.55460066360054,-0.3702391998633162,0.5,0.5,2.54,4.5,0.7793444791161994,0.7787342077829216,Cu,fcc,Ag,Cu,fcc,Ag
-----End of simulation.-----
____Starting new simulation____:
Epot,Ekin,T,Etot,bulk_modulus,interface_energy,substrate_alloy_ratio,film_alloy_ratio,substrate_lattice,film_lattice,Etot_substrate,Etot_film,substrate_atoms,substrate_structure,substrate_alloying_atoms,film_atoms,film_structure,film_alloying_atoms
0.6763508496112226,0.3023280795750452,2338.9152459381894,0.9786789291862679,51.057621854553055,-0.4511334832245471,0.5,0.5,2.54,4.6,0.940729736216381,0.9402161594189811,Cu,fcc,Ag,Cu,fcc,Ag
-----End of simulation.-----
____Starting new simulation____:
Equilibrium not reached
-----End of simulation.-----
____Starting new simulation____:
Equilibrium not reached
-----End of simulation.-----
____Starting new simulation____:
Equilibrium not reached
-----End of simulation.-----
____Starting new simulation____:
Equilibrium not reached
-----End of simulation.-----
job completed
