mpprun INFO: mpprun v1.10.1 started
mpprun INFO: mpprun srun handler invoked on: /proj/liu-compute-2024-33/software/venv/bin/python3
mpprun WARNING: Using srun handler that just uses srun without setting up the environment; no MPI module will be loaded, etc.
mpprun INFO: Setting env variable: SLURM_KILL_BAD_EXIT=1 (was unset; to override, set to 0 before invoking mpprun)
mpprun INFO: threading env variables set by user: OPENBLAS_NUM_THREADS=1, MKL_NUM_THREADS=1, NUMEXPR_NUM_THREADS=1; set by mpprun: OMP_NUM_THREADS=1
mpprun INFO: mpprun v1.10.1 executing: /usr/bin/srun /proj/liu-compute-2024-33/software/venv/bin/python3 supercomp_main.py -slurm -simulation_method Interface -lattice_interpolation -film_alloy_ratio 0 -sc_film_alloy_ratio_offset .01 -sc
____Starting new simulation____:
Equilibrium not reached
-----End of simulation.-----
____Starting new simulation____:
Equilibrium not reached
-----End of simulation.-----
____Starting new simulation____:
Epot,Ekin,T,Etot,bulk_modulus,interface_energy,substrate_alloy_ratio,film_alloy_ratio,substrate_lattice,film_lattice,Etot_substrate,Etot_film,substrate_atoms,substrate_structure,substrate_alloying_atoms,film_atoms,film_structure,film_alloying_atoms
0.17983314625337704,0.027283522869400934,211.07482868227905,0.20711666912277799,96.3134546283389,-0.0458854141734006,0,0.01,4.01,3.4952000000000005,0.30082314732167736,-0.0019356498520981887,Al,fcc,Ag,Ni,fcc,Al
Simulation data saved to file:  output_data.txt
-----End of simulation.-----
____Starting new simulation____:
Equilibrium not reached
-----End of simulation.-----
____Starting new simulation____:
Equilibrium not reached
-----End of simulation.-----
____Starting new simulation____:
Equilibrium not reached
-----End of simulation.-----
____Starting new simulation____:
Equilibrium not reached
-----End of simulation.-----
____Starting new simulation____:
Equilibrium not reached
-----End of simulation.-----
____Starting new simulation____:
Equilibrium not reached
-----End of simulation.-----
____Starting new simulation____:
Equilibrium not reached
-----End of simulation.-----
____Starting new simulation____:
Equilibrium not reached
-----End of simulation.-----
____Starting new simulation____:
Equilibrium not reached
-----End of simulation.-----
____Starting new simulation____:
Equilibrium not reached
-----End of simulation.-----
____Starting new simulation____:
Epot,Ekin,T,Etot,bulk_modulus,interface_energy,substrate_alloy_ratio,film_alloy_ratio,substrate_lattice,film_lattice,Etot_substrate,Etot_film,substrate_atoms,substrate_structure,substrate_alloying_atoms,film_atoms,film_structure,film_alloying_atoms
0.18560442068598687,0.03451837931138887,267.0461961388679,0.22012279999737575,94.63498009813577,-0.06102152749581591,0,0.15,4.01,3.568,0.2047146870690085,0.13745116791999906,Al,fcc,Ag,Ni,fcc,Al
Simulation data saved to file:  output_data.txt
-----End of simulation.-----
____Starting new simulation____:
Equilibrium not reached
-----End of simulation.-----
____Starting new simulation____:
Epot,Ekin,T,Etot,bulk_modulus,interface_energy,substrate_alloy_ratio,film_alloy_ratio,substrate_lattice,film_lattice,Etot_substrate,Etot_film,substrate_atoms,substrate_structure,substrate_alloying_atoms,film_atoms,film_structure,film_alloying_atoms
0.18177478681901718,0.035190597240909366,272.2467080005464,0.21696538405992655,90.64395623510993,-0.060809203735822964,0,0.19,4.01,3.5888,0.1807116199150793,0.15787217161649317,Al,fcc,Ag,Ni,fcc,Al
Simulation data saved to file:  output_data.txt
-----End of simulation.-----
____Starting new simulation____:
Epot,Ekin,T,Etot,bulk_modulus,interface_energy,substrate_alloy_ratio,film_alloy_ratio,substrate_lattice,film_lattice,Etot_substrate,Etot_film,substrate_atoms,substrate_structure,substrate_alloying_atoms,film_atoms,film_structure,film_alloying_atoms
0.18580312476484034,0.03458545694285169,267.56513204158114,0.22038858170769204,92.93210461665798,-0.062097230065005504,0,0.17,4.01,3.5784000000000002,0.19251559999568368,0.15206744184201937,Al,fcc,Ag,Ni,fcc,Al
Simulation data saved to file:  output_data.txt
-----End of simulation.-----
____Starting new simulation____:
Epot,Ekin,T,Etot,bulk_modulus,interface_energy,substrate_alloy_ratio,film_alloy_ratio,substrate_lattice,film_lattice,Etot_substrate,Etot_film,substrate_atoms,substrate_structure,substrate_alloying_atoms,film_atoms,film_structure,film_alloying_atoms
0.18775984480128421,0.03362856099344653,260.16225193866075,0.22138840579473074,96.09374908875581,-0.06135156658309526,0,0.13,4.01,3.5576000000000003,0.21731210505416818,0.1267794339067531,Al,fcc,Ag,Ni,fcc,Al
Simulation data saved to file:  output_data.txt
-----End of simulation.-----
____Starting new simulation____:
Epot,Ekin,T,Etot,bulk_modulus,interface_energy,substrate_alloy_ratio,film_alloy_ratio,substrate_lattice,film_lattice,Etot_substrate,Etot_film,substrate_atoms,substrate_structure,substrate_alloying_atoms,film_atoms,film_structure,film_alloying_atoms
0.18428447473785206,0.03527914819721099,272.93176901779424,0.21956362293506304,91.67556165512212,-0.06209222655878026,0,0.18,4.01,3.5835999999999997,0.18656441002167976,0.1571836660309438,Al,fcc,Ag,Ni,fcc,Al
Simulation data saved to file:  output_data.txt
-----End of simulation.-----
____Starting new simulation____:
Epot,Ekin,T,Etot,bulk_modulus,interface_energy,substrate_alloy_ratio,film_alloy_ratio,substrate_lattice,film_lattice,Etot_substrate,Etot_film,substrate_atoms,substrate_structure,substrate_alloying_atoms,film_atoms,film_structure,film_alloying_atoms
0.18504804880446274,0.03516386638771305,272.0399088168064,0.22021191519217578,93.54787322299028,-0.06145278116274058,0,0.16,4.01,3.5732,0.19856556099168202,0.14455191652597493,Al,fcc,Ag,Ni,fcc,Al
Simulation data saved to file:  output_data.txt
-----End of simulation.-----
____Starting new simulation____:
Epot,Ekin,T,Etot,bulk_modulus,interface_energy,substrate_alloy_ratio,film_alloy_ratio,substrate_lattice,film_lattice,Etot_substrate,Etot_film,substrate_atoms,substrate_structure,substrate_alloying_atoms,film_atoms,film_structure,film_alloying_atoms
0.18152077757588048,0.03523417336184576,272.58382803835514,0.21675495093772623,89.60956781450686,-0.061179398580036695,0,0.2,4.01,3.594,0.17495688544505872,0.1641568626527409,Al,fcc,Ag,Ni,fcc,Al
Simulation data saved to file:  output_data.txt
-----End of simulation.-----
____Starting new simulation____:
Epot,Ekin,T,Etot,bulk_modulus,interface_energy,substrate_alloy_ratio,film_alloy_ratio,substrate_lattice,film_lattice,Etot_substrate,Etot_film,substrate_atoms,substrate_structure,substrate_alloying_atoms,film_atoms,film_structure,film_alloying_atoms
0.18180495212925601,0.03477640655734065,269.0423847174226,0.21658135868659667,88.65117037991917,-0.06159520872577805,0,0.21,4.01,3.5992000000000006,0.1692998939902334,0.17047188214791936,Al,fcc,Ag,Ni,fcc,Al
Simulation data saved to file:  output_data.txt
-----End of simulation.-----
____Starting new simulation____:
Epot,Ekin,T,Etot,bulk_modulus,interface_energy,substrate_alloy_ratio,film_alloy_ratio,substrate_lattice,film_lattice,Etot_substrate,Etot_film,substrate_atoms,substrate_structure,substrate_alloying_atoms,film_atoms,film_structure,film_alloying_atoms
0.18171617105530088,0.033430630648729406,258.630993904199,0.21514680170403028,85.01247551205563,-0.061806266988233036,0,0.24,4.01,3.6148,0.15291284659299717,0.18584648908749907,Al,fcc,Ag,Ni,fcc,Al
Simulation data saved to file:  output_data.txt
-----End of simulation.-----
____Starting new simulation____:
Equilibrium not reached
-----End of simulation.-----
____Starting new simulation____:
Epot,Ekin,T,Etot,bulk_modulus,interface_energy,substrate_alloy_ratio,film_alloy_ratio,substrate_lattice,film_lattice,Etot_substrate,Etot_film,substrate_atoms,substrate_structure,substrate_alloying_atoms,film_atoms,film_structure,film_alloying_atoms
0.18610880087084195,0.03398453808156685,262.91621458672046,0.2200933389524088,87.4046415050671,-0.06400444386540916,0,0.22,4.01,3.6044,0.1637403699952954,0.1843618566879317,Al,fcc,Ag,Ni,fcc,Al
Simulation data saved to file:  output_data.txt
-----End of simulation.-----
____Starting new simulation____:
Epot,Ekin,T,Etot,bulk_modulus,interface_energy,substrate_alloy_ratio,film_alloy_ratio,substrate_lattice,film_lattice,Etot_substrate,Etot_film,substrate_atoms,substrate_structure,substrate_alloying_atoms,film_atoms,film_structure,film_alloying_atoms
0.11981107031375222,0.02648880936249548,204.92664840055707,0.1462998796762477,42.909259297575986,-0.034124469071613546,0,0.63,4.01,3.8175999999999997,0.027489610611808584,0.1870592072076662,Al,fcc,Ag,Ni,fcc,Al
Simulation data saved to file:  output_data.txt
-----End of simulation.-----
____Starting new simulation____:
Epot,Ekin,T,Etot,bulk_modulus,interface_energy,substrate_alloy_ratio,film_alloy_ratio,substrate_lattice,film_lattice,Etot_substrate,Etot_film,substrate_atoms,substrate_structure,substrate_alloying_atoms,film_atoms,film_structure,film_alloying_atoms
0.12149612384591914,0.027189650545840664,210.3485997158682,0.1486857743917598,43.35775452333783,-0.03536920110139054,0,0.61,4.01,3.8072,0.030457681113932163,0.18896649548060873,Al,fcc,Ag,Ni,fcc,Al
Simulation data saved to file:  output_data.txt
-----End of simulation.-----
____Starting new simulation____:
Epot,Ekin,T,Etot,bulk_modulus,interface_energy,substrate_alloy_ratio,film_alloy_ratio,substrate_lattice,film_lattice,Etot_substrate,Etot_film,substrate_atoms,substrate_structure,substrate_alloying_atoms,film_atoms,film_structure,film_alloying_atoms
0.12680855890136783,0.026969385641403314,208.64455375408465,0.15377794454277113,44.058178768347084,-0.037609099911368904,0,0.59,4.01,3.7967999999999997,0.03344716486912888,0.19554897949638006,Al,fcc,Ag,Ni,fcc,Al
Simulation data saved to file:  output_data.txt
-----End of simulation.-----
____Starting new simulation____:
Epot,Ekin,T,Etot,bulk_modulus,interface_energy,substrate_alloy_ratio,film_alloy_ratio,substrate_lattice,film_lattice,Etot_substrate,Etot_film,substrate_atoms,substrate_structure,substrate_alloying_atoms,film_atoms,film_structure,film_alloying_atoms
0.1291560055971458,0.02702104893002345,209.0442389357548,0.15617705452716923,44.92539448779527,-0.03873721658127525,0,0.5700000000000001,4.01,3.7864,0.036549305920338546,0.19710218176938119,Al,fcc,Ag,Ni,fcc,Al
Simulation data saved to file:  output_data.txt
-----End of simulation.-----
____Starting new simulation____:
Epot,Ekin,T,Etot,bulk_modulus,interface_energy,substrate_alloy_ratio,film_alloy_ratio,substrate_lattice,film_lattice,Etot_substrate,Etot_film,substrate_atoms,substrate_structure,substrate_alloying_atoms,film_atoms,film_structure,film_alloying_atoms
0.1331607303436686,0.02783755191948992,215.36099023818616,0.16099828226315852,46.50580530497156,-0.040885521749411374,0,0.55,4.01,3.776,0.039887825618077716,0.20288150014390355,Al,fcc,Ag,Ni,fcc,Al
Simulation data saved to file:  output_data.txt
-----End of simulation.-----
____Starting new simulation____:
Epot,Ekin,T,Etot,bulk_modulus,interface_energy,substrate_alloy_ratio,film_alloy_ratio,substrate_lattice,film_lattice,Etot_substrate,Etot_film,substrate_atoms,substrate_structure,substrate_alloying_atoms,film_atoms,film_structure,film_alloying_atoms
0.1379425321128499,0.02788781376843908,215.7498333948042,0.16583034588128898,48.75331737085054,-0.04323687126816306,0,0.53,4.01,3.7656,0.043591766799481235,0.20871232161813386,Al,fcc,Ag,Ni,fcc,Al
Simulation data saved to file:  output_data.txt
-----End of simulation.-----
____Starting new simulation____:
Epot,Ekin,T,Etot,bulk_modulus,interface_energy,substrate_alloy_ratio,film_alloy_ratio,substrate_lattice,film_lattice,Etot_substrate,Etot_film,substrate_atoms,substrate_structure,substrate_alloying_atoms,film_atoms,film_structure,film_alloying_atoms
0.1402015577506773,0.028420050267273702,219.8674001895222,0.168621608017951,50.015318528437454,-0.04446666729003035,0,0.51,4.01,3.7552,0.047767646780607846,0.20978729581740385,Al,fcc,Ag,Ni,fcc,Al
Simulation data saved to file:  output_data.txt
-----End of simulation.-----
____Starting new simulation____:
Epot,Ekin,T,Etot,bulk_modulus,interface_energy,substrate_alloy_ratio,film_alloy_ratio,substrate_lattice,film_lattice,Etot_substrate,Etot_film,substrate_atoms,substrate_structure,substrate_alloying_atoms,film_atoms,film_structure,film_alloying_atoms
0.1837567530859787,0.03261496029974112,252.3206841982993,0.2163717133857198,83.83089564800207,-0.0631572985290323,0,0.25,4.01,3.62,0.14764454377392566,0.19504176666985876,Al,fcc,Ag,Ni,fcc,Al
Simulation data saved to file:  output_data.txt
-----End of simulation.-----
____Starting new simulation____:
Epot,Ekin,T,Etot,bulk_modulus,interface_energy,substrate_alloy_ratio,film_alloy_ratio,substrate_lattice,film_lattice,Etot_substrate,Etot_film,substrate_atoms,substrate_structure,substrate_alloying_atoms,film_atoms,film_structure,film_alloying_atoms
0.12479571735489106,0.026835404040561513,207.6080254589803,0.15163112139545257,44.02287053044705,-0.036622207370632744,0,0.6,4.01,3.8019999999999996,0.031945056005613884,0.19293048013110417,Al,fcc,Ag,Ni,fcc,Al
Simulation data saved to file:  output_data.txt
-----End of simulation.-----
____Starting new simulation____:
Epot,Ekin,T,Etot,bulk_modulus,interface_energy,substrate_alloy_ratio,film_alloy_ratio,substrate_lattice,film_lattice,Etot_substrate,Etot_film,substrate_atoms,substrate_structure,substrate_alloying_atoms,film_atoms,film_structure,film_alloying_atoms
0.11806049785651694,0.0264708546773467,204.7877447072927,0.14453135253386365,41.84972461159758,-0.03324699949692781,0,0.62,4.01,3.8124000000000002,0.02897489308279567,0.1820504584449236,Al,fcc,Ag,Ni,fcc,Al
Simulation data saved to file:  output_data.txt
-----End of simulation.-----
____Starting new simulation____:
Epot,Ekin,T,Etot,bulk_modulus,interface_energy,substrate_alloy_ratio,film_alloy_ratio,substrate_lattice,film_lattice,Etot_substrate,Etot_film,substrate_atoms,substrate_structure,substrate_alloying_atoms,film_atoms,film_structure,film_alloying_atoms
0.142794000029395,0.028535991969017828,220.7643655465956,0.1713299919984128,50.946153533228895,-0.04548685003966106,0,0.49,4.01,3.7447999999999997,0.05248292046680772,0.20982077161092721,Al,fcc,Ag,Ni,fcc,Al
Simulation data saved to file:  output_data.txt
-----End of simulation.-----
____Starting new simulation____:
Equilibrium not reached
-----End of simulation.-----
____Starting new simulation____:
Epot,Ekin,T,Etot,bulk_modulus,interface_energy,substrate_alloy_ratio,film_alloy_ratio,substrate_lattice,film_lattice,Etot_substrate,Etot_film,substrate_atoms,substrate_structure,substrate_alloying_atoms,film_atoms,film_structure,film_alloying_atoms
0.14779457568560944,0.028245000374098148,218.51315329150447,0.1760395760597076,53.402356806320746,-0.04793112621926775,0,0.47000000000000003,4.01,3.7344,0.05776457269106777,0.21413725580717533,Al,fcc,Ag,Ni,fcc,Al
Simulation data saved to file:  output_data.txt
-----End of simulation.-----
____Starting new simulation____:
Epot,Ekin,T,Etot,bulk_modulus,interface_energy,substrate_alloy_ratio,film_alloy_ratio,substrate_lattice,film_lattice,Etot_substrate,Etot_film,substrate_atoms,substrate_structure,substrate_alloying_atoms,film_atoms,film_structure,film_alloying_atoms
0.12707478522077478,0.027419176759661937,212.1242943903544,0.15449396198043672,45.13155368592744,-0.038035306176027316,0,0.58,4.01,3.7916,0.03497690234283336,0.19558767198965799,Al,fcc,Ag,Ni,fcc,Al
Simulation data saved to file:  output_data.txt
-----End of simulation.-----
____Starting new simulation____:
Epot,Ekin,T,Etot,bulk_modulus,interface_energy,substrate_alloy_ratio,film_alloy_ratio,substrate_lattice,film_lattice,Etot_substrate,Etot_film,substrate_atoms,substrate_structure,substrate_alloying_atoms,film_atoms,film_structure,film_alloying_atoms
0.1303822889546372,0.02676542584460254,207.06664977981166,0.15714771479923972,44.63160072834557,-0.039193346621561875,0,0.56,4.01,3.7812,0.03818071976433702,0.19735368827802646,Al,fcc,Ag,Ni,fcc,Al
Simulation data saved to file:  output_data.txt
-----End of simulation.-----
____Starting new simulation____:
Epot,Ekin,T,Etot,bulk_modulus,interface_energy,substrate_alloy_ratio,film_alloy_ratio,substrate_lattice,film_lattice,Etot_substrate,Etot_film,substrate_atoms,substrate_structure,substrate_alloying_atoms,film_atoms,film_structure,film_alloying_atoms
0.17932471799924335,0.0316980239237326,245.22694526271596,0.21102274192297596,79.82300044564623,-0.06116456384995264,0,0.28,4.01,3.6356,0.13242111364054365,0.2009307559823376,Al,fcc,Ag,Ni,fcc,Al
Simulation data saved to file:  output_data.txt
-----End of simulation.-----
____Starting new simulation____:
Epot,Ekin,T,Etot,bulk_modulus,interface_energy,substrate_alloy_ratio,film_alloy_ratio,substrate_lattice,film_lattice,Etot_substrate,Etot_film,substrate_atoms,substrate_structure,substrate_alloying_atoms,film_atoms,film_structure,film_alloying_atoms
0.13506065341955997,0.02702344614569702,209.06278463053312,0.162084099565257,46.58607446410207,-0.04155870828583199,0,0.54,4.01,3.7708,0.04168666395213501,0.20351485218478596,Al,fcc,Ag,Ni,fcc,Al
Simulation data saved to file:  output_data.txt
-----End of simulation.-----
____Starting new simulation____:
Epot,Ekin,T,Etot,bulk_modulus,interface_energy,substrate_alloy_ratio,film_alloy_ratio,substrate_lattice,film_lattice,Etot_substrate,Etot_film,substrate_atoms,substrate_structure,substrate_alloying_atoms,film_atoms,film_structure,film_alloying_atoms
0.17863366637681943,0.0313045844803491,242.1831607959321,0.20993825085716852,78.60934217234909,-0.061093923900833624,0,0.29,4.01,3.6408,0.1275408818450427,0.20458521681379307,Al,fcc,Ag,Ni,fcc,Al
Simulation data saved to file:  output_data.txt
-----End of simulation.-----
____Starting new simulation____:
Epot,Ekin,T,Etot,bulk_modulus,interface_energy,substrate_alloy_ratio,film_alloy_ratio,substrate_lattice,film_lattice,Etot_substrate,Etot_film,substrate_atoms,substrate_structure,substrate_alloying_atoms,film_atoms,film_structure,film_alloying_atoms
0.13756188883730588,0.027895550565691266,215.8096879510641,0.16545743940299715,48.08668138163756,-0.04310227073201571,0,0.52,4.01,3.7603999999999997,0.04561549712045635,0.20604648374657222,Al,fcc,Ag,Ni,fcc,Al
Simulation data saved to file:  output_data.txt
-----End of simulation.-----
____Starting new simulation____:
Epot,Ekin,T,Etot,bulk_modulus,interface_energy,substrate_alloy_ratio,film_alloy_ratio,substrate_lattice,film_lattice,Etot_substrate,Etot_film,substrate_atoms,substrate_structure,substrate_alloying_atoms,film_atoms,film_structure,film_alloying_atoms
0.15177040850048845,0.02833465272563327,219.20673508560859,0.18010506122612172,55.67729018510458,-0.049840926288105374,0,0.45,4.01,3.7239999999999998,0.06360837353691685,0.2161785402654156,Al,fcc,Ag,Ni,fcc,Al
Simulation data saved to file:  output_data.txt
-----End of simulation.-----
____Starting new simulation____:
Epot,Ekin,T,Etot,bulk_modulus,interface_energy,substrate_alloy_ratio,film_alloy_ratio,substrate_lattice,film_lattice,Etot_substrate,Etot_film,substrate_atoms,substrate_structure,substrate_alloying_atoms,film_atoms,film_structure,film_alloying_atoms
0.17621878124147305,0.03099632495098276,239.7983577900251,0.2072151061924558,77.24933016716838,-0.06008142366894411,0,0.3,4.01,3.646,0.12275826226342472,0.2046196912669193,Al,fcc,Ag,Ni,fcc,Al
Simulation data saved to file:  output_data.txt
-----End of simulation.-----
____Starting new simulation____:
Epot,Ekin,T,Etot,bulk_modulus,interface_energy,substrate_alloy_ratio,film_alloy_ratio,substrate_lattice,film_lattice,Etot_substrate,Etot_film,substrate_atoms,substrate_structure,substrate_alloying_atoms,film_atoms,film_structure,film_alloying_atoms
0.15536873595538417,0.02869192918249127,221.9707501024556,0.18406066513787545,58.61798520014138,-0.051028459832360734,0,0.43,4.01,3.7136,0.06999159842905028,0.21612598637354663,Al,fcc,Ag,Ni,fcc,Al
Simulation data saved to file:  output_data.txt
-----End of simulation.-----
____Starting new simulation____:
Epot,Ekin,T,Etot,bulk_modulus,interface_energy,substrate_alloy_ratio,film_alloy_ratio,substrate_lattice,film_lattice,Etot_substrate,Etot_film,substrate_atoms,substrate_structure,substrate_alloying_atoms,film_atoms,film_structure,film_alloying_atoms
0.1717484588360534,0.030255070879720635,234.06375830847617,0.20200352971577404,73.24643999914777,-0.0581420164140417,0,0.33,4.01,3.6616,0.10900191430954707,0.20928564823431037,Al,fcc,Ag,Ni,fcc,Al
Simulation data saved to file:  output_data.txt
-----End of simulation.-----
____Starting new simulation____:
Epot,Ekin,T,Etot,bulk_modulus,interface_energy,substrate_alloy_ratio,film_alloy_ratio,substrate_lattice,film_lattice,Etot_substrate,Etot_film,substrate_atoms,substrate_structure,substrate_alloying_atoms,film_atoms,film_structure,film_alloying_atoms
0.18340721057883086,0.03223074916608397,249.3482931473819,0.21563795974491484,82.5191934899403,-0.06312819609609213,0,0.26,4.01,3.6252000000000004,0.14247311998539144,0.19942123195170766,Al,fcc,Ag,Ni,fcc,Al
Simulation data saved to file:  output_data.txt
-----End of simulation.-----
____Starting new simulation____:
Epot,Ekin,T,Etot,bulk_modulus,interface_energy,substrate_alloy_ratio,film_alloy_ratio,substrate_lattice,film_lattice,Etot_substrate,Etot_film,substrate_atoms,substrate_structure,substrate_alloying_atoms,film_atoms,film_structure,film_alloying_atoms
0.15905111966248825,0.028921053617702853,223.74333647778212,0.1879721732801911,61.11280621775504,-0.05276105902223019,0,0.41000000000000003,4.01,3.7032,0.07688403510859859,0.2166102562160529,Al,fcc,Ag,Ni,fcc,Al
Simulation data saved to file:  output_data.txt
-----End of simulation.-----
____Starting new simulation____:
Epot,Ekin,T,Etot,bulk_modulus,interface_energy,substrate_alloy_ratio,film_alloy_ratio,substrate_lattice,film_lattice,Etot_substrate,Etot_film,substrate_atoms,substrate_structure,substrate_alloying_atoms,film_atoms,film_structure,film_alloying_atoms
0.16316669839282974,0.029106525620088,225.1782124399589,0.19227322401291774,64.24113502060067,-0.05470842081170049,0,0.39,4.01,3.6928,0.08425532003963154,0.21743474559668718,Al,fcc,Ag,Ni,fcc,Al
Simulation data saved to file:  output_data.txt
-----End of simulation.-----
____Starting new simulation____:
Epot,Ekin,T,Etot,bulk_modulus,interface_energy,substrate_alloy_ratio,film_alloy_ratio,substrate_lattice,film_lattice,Etot_substrate,Etot_film,substrate_atoms,substrate_structure,substrate_alloying_atoms,film_atoms,film_structure,film_alloying_atoms
0.16856792926791306,0.02851971797582944,220.6384642712853,0.1970876472437425,66.11619746712151,-0.056923500103059785,0,0.37,4.01,3.6824,0.0920788192989247,0.21885582815093738,Al,fcc,Ag,Ni,fcc,Al
Simulation data saved to file:  output_data.txt
-----End of simulation.-----
____Starting new simulation____:
Epot,Ekin,T,Etot,bulk_modulus,interface_energy,substrate_alloy_ratio,film_alloy_ratio,substrate_lattice,film_lattice,Etot_substrate,Etot_film,substrate_atoms,substrate_structure,substrate_alloying_atoms,film_atoms,film_structure,film_alloying_atoms
0.14119937291837653,0.028360303132242703,219.40517555851352,0.16955967605061922,50.44601444272542,-0.04489676172721928,0,0.5,4.01,3.75,0.05005529876837255,0.20929790073668522,Al,fcc,Ag,Ni,fcc,Al
Simulation data saved to file:  output_data.txt
-----End of simulation.-----
____Starting new simulation____:
Epot,Ekin,T,Etot,bulk_modulus,interface_energy,substrate_alloy_ratio,film_alloy_ratio,substrate_lattice,film_lattice,Etot_substrate,Etot_film,substrate_atoms,substrate_structure,substrate_alloying_atoms,film_atoms,film_structure,film_alloying_atoms
0.16986691462169098,0.029940893516885028,231.63317288320656,0.19980780813857602,70.10350710179785,-0.057716936555558186,0,0.35000000000000003,4.01,3.6720000000000006,0.10033308478483437,0.21490859646485802,Al,fcc,Ag,Ni,fcc,Al
Simulation data saved to file:  output_data.txt
-----End of simulation.-----
____Starting new simulation____:
Epot,Ekin,T,Etot,bulk_modulus,interface_energy,substrate_alloy_ratio,film_alloy_ratio,substrate_lattice,film_lattice,Etot_substrate,Etot_film,substrate_atoms,substrate_structure,substrate_alloying_atoms,film_atoms,film_structure,film_alloying_atoms
0.17276792314468847,0.03099481963217471,239.7867121198145,0.20376274277686318,74.4489625589324,-0.058928637498707165,0,0.32,4.01,3.6563999999999997,0.1134880203802818,0.2081319973939957,Al,fcc,Ag,Ni,fcc,Al
Simulation data saved to file:  output_data.txt
-----End of simulation.-----
____Starting new simulation____:
Epot,Ekin,T,Etot,bulk_modulus,interface_energy,substrate_alloy_ratio,film_alloy_ratio,substrate_lattice,film_lattice,Etot_substrate,Etot_film,substrate_atoms,substrate_structure,substrate_alloying_atoms,film_atoms,film_structure,film_alloying_atoms
0.1447232195230744,0.028553409977249183,220.8991173204416,0.17327662950032358,52.462786812740546,-0.04647949271860553,0,0.48,4.01,3.7396,0.055052630443930724,0.21118298449360393,Al,fcc,Ag,Ni,fcc,Al
Simulation data saved to file:  output_data.txt
-----End of simulation.-----
____Starting new simulation____:
Epot,Ekin,T,Etot,bulk_modulus,interface_energy,substrate_alloy_ratio,film_alloy_ratio,substrate_lattice,film_lattice,Etot_substrate,Etot_film,substrate_atoms,substrate_structure,substrate_alloying_atoms,film_atoms,film_structure,film_alloying_atoms
0.16485450418708178,0.02919451599761723,225.85893662471955,0.194049020184699,65.61198595887512,-0.05555627014862069,0,0.38,4.01,3.6876,0.08811201029386317,0.2170495501880772,Al,fcc,Ag,Ni,fcc,Al
Simulation data saved to file:  output_data.txt
-----End of simulation.-----
____Starting new simulation____:
Epot,Ekin,T,Etot,bulk_modulus,interface_energy,substrate_alloy_ratio,film_alloy_ratio,substrate_lattice,film_lattice,Etot_substrate,Etot_film,substrate_atoms,substrate_structure,substrate_alloying_atoms,film_atoms,film_structure,film_alloying_atoms
0.15283144260646023,0.028384165491829913,219.5897830773422,0.18121560809829013,56.86674837757246,-0.0500646188613407,0,0.44,4.01,3.7188,0.06673437562315657,0.21461047019781496,Al,fcc,Ag,Ni,fcc,Al
Simulation data saved to file:  output_data.txt
-----End of simulation.-----
____Starting new simulation____:
Epot,Ekin,T,Etot,bulk_modulus,interface_energy,substrate_alloy_ratio,film_alloy_ratio,substrate_lattice,film_lattice,Etot_substrate,Etot_film,substrate_atoms,substrate_structure,substrate_alloying_atoms,film_atoms,film_structure,film_alloying_atoms
0.17162723959061504,0.02972872065057697,229.99172974474632,0.201355960241192,71.63867451763312,-0.05777799600356808,0,0.34,4.01,3.6668000000000003,0.10461650089043996,0.21229545135788822,Al,fcc,Ag,Ni,fcc,Al
Simulation data saved to file:  output_data.txt
-----End of simulation.-----
____Starting new simulation____:
Epot,Ekin,T,Etot,bulk_modulus,interface_energy,substrate_alloy_ratio,film_alloy_ratio,substrate_lattice,film_lattice,Etot_substrate,Etot_film,substrate_atoms,substrate_structure,substrate_alloying_atoms,film_atoms,film_structure,film_alloying_atoms
0.1579952232551629,0.028953051276751202,223.99088150465394,0.18694827453191412,60.213190450885605,-0.05232637010394457,0,0.42,4.01,3.7084,0.07337611958495299,0.21822489515485027,Al,fcc,Ag,Ni,fcc,Al
Simulation data saved to file:  output_data.txt
-----End of simulation.-----
____Starting new simulation____:
Epot,Ekin,T,Etot,bulk_modulus,interface_energy,substrate_alloy_ratio,film_alloy_ratio,substrate_lattice,film_lattice,Etot_substrate,Etot_film,substrate_atoms,substrate_structure,substrate_alloying_atoms,film_atoms,film_structure,film_alloying_atoms
0.17648989977836288,0.030276208644711526,234.2272874152391,0.2067661084230744,75.80203300897648,-0.060098003188033794,0,0.31,4.01,3.6512000000000002,0.11807375377224583,0.20888836102689617,Al,fcc,Ag,Ni,fcc,Al
Simulation data saved to file:  output_data.txt
-----End of simulation.-----
____Starting new simulation____:
Epot,Ekin,T,Etot,bulk_modulus,interface_energy,substrate_alloy_ratio,film_alloy_ratio,substrate_lattice,film_lattice,Etot_substrate,Etot_film,substrate_atoms,substrate_structure,substrate_alloying_atoms,film_atoms,film_structure,film_alloying_atoms
0.1498387144243341,0.028109424732034413,217.4642929387167,0.17794813915636853,54.065890180582926,-0.04861585724744917,0,0.46,4.01,3.7292,0.060617336623924094,0.21456251702734278,Al,fcc,Ag,Ni,fcc,Al
Simulation data saved to file:  output_data.txt
-----End of simulation.-----
____Starting new simulation____:
Epot,Ekin,T,Etot,bulk_modulus,interface_energy,substrate_alloy_ratio,film_alloy_ratio,substrate_lattice,film_lattice,Etot_substrate,Etot_film,substrate_atoms,substrate_structure,substrate_alloying_atoms,film_atoms,film_structure,film_alloying_atoms
0.16834376353735744,0.029524037614142094,228.4082305369474,0.19786780115149954,68.44775984294031,-0.056568693109715726,0,0.36,4.01,3.6772,0.09615323670279621,0.21485195066813478,Al,fcc,Ag,Ni,fcc,Al
Simulation data saved to file:  output_data.txt
-----End of simulation.-----
____Starting new simulation____:
Epot,Ekin,T,Etot,bulk_modulus,interface_energy,substrate_alloy_ratio,film_alloy_ratio,substrate_lattice,film_lattice,Etot_substrate,Etot_film,substrate_atoms,substrate_structure,substrate_alloying_atoms,film_atoms,film_structure,film_alloying_atoms
0.16057164700915952,0.029078602204324667,224.96218717714066,0.1896502492134842,62.906211530593914,-0.0535582644182167,0,0.4,4.01,3.698,0.08051159971470216,0.21625517833521543,Al,fcc,Ag,Ni,fcc,Al
Simulation data saved to file:  output_data.txt
-----End of simulation.-----
mpprun INFO: mpprun v1.10.1 started
mpprun INFO: mpprun srun handler invoked on: /proj/liu-compute-2024-33/software/venv/bin/python3
mpprun WARNING: Using srun handler that just uses srun without setting up the environment; no MPI module will be loaded, etc.
mpprun INFO: Setting env variable: SLURM_KILL_BAD_EXIT=1 (was unset; to override, set to 0 before invoking mpprun)
mpprun INFO: threading env variables set by user: OPENBLAS_NUM_THREADS=1, MKL_NUM_THREADS=1, NUMEXPR_NUM_THREADS=1; set by mpprun: OMP_NUM_THREADS=1
mpprun INFO: mpprun v1.10.1 executing: /usr/bin/srun /proj/liu-compute-2024-33/software/venv/bin/python3 supercomp_main.py -slurm -simulation_method Interface -lattice_interpolation -film_alloy_ratio .64 -sc_film_alloy_ratio_offset .01 -sc
____Starting new simulation____:
Film alloy ratio 1.1800000000000002 grater than 1. Stopping simulation on this core.
-----End of simulation.-----
____Starting new simulation____:
Film alloy ratio 1.08 grater than 1. Stopping simulation on this core.
-----End of simulation.-----
____Starting new simulation____:
Film alloy ratio 1.02 grater than 1. Stopping simulation on this core.
-----End of simulation.-----
____Starting new simulation____:
Film alloy ratio 1.22 grater than 1. Stopping simulation on this core.
-----End of simulation.-----
____Starting new simulation____:
Film alloy ratio 1.2000000000000002 grater than 1. Stopping simulation on this core.
-----End of simulation.-----
____Starting new simulation____:
Film alloy ratio 1.03 grater than 1. Stopping simulation on this core.
-----End of simulation.-----
____Starting new simulation____:
Film alloy ratio 1.07 grater than 1. Stopping simulation on this core.
-----End of simulation.-----
____Starting new simulation____:
Film alloy ratio 1.05 grater than 1. Stopping simulation on this core.
-----End of simulation.-----
____Starting new simulation____:
Film alloy ratio 1.19 grater than 1. Stopping simulation on this core.
-----End of simulation.-----
____Starting new simulation____:
Film alloy ratio 1.15 grater than 1. Stopping simulation on this core.
-----End of simulation.-----
____Starting new simulation____:
Film alloy ratio 1.1400000000000001 grater than 1. Stopping simulation on this core.
-----End of simulation.-----
____Starting new simulation____:
Film alloy ratio 1.25 grater than 1. Stopping simulation on this core.
-----End of simulation.-----
____Starting new simulation____:
Film alloy ratio 1.1600000000000001 grater than 1. Stopping simulation on this core.
-----End of simulation.-----
____Starting new simulation____:
Film alloy ratio 1.13 grater than 1. Stopping simulation on this core.
-----End of simulation.-----
____Starting new simulation____:
Film alloy ratio 1.09 grater than 1. Stopping simulation on this core.
-----End of simulation.-----
____Starting new simulation____:
Film alloy ratio 1.27 grater than 1. Stopping simulation on this core.
-----End of simulation.-----
____Starting new simulation____:
Film alloy ratio 1.01 grater than 1. Stopping simulation on this core.
-----End of simulation.-----
____Starting new simulation____:
Film alloy ratio 1.26 grater than 1. Stopping simulation on this core.
-----End of simulation.-----
____Starting new simulation____:
Film alloy ratio 1.24 grater than 1. Stopping simulation on this core.
-----End of simulation.-----
____Starting new simulation____:
Film alloy ratio 1.11 grater than 1. Stopping simulation on this core.
-----End of simulation.-----
____Starting new simulation____:
Film alloy ratio 1.12 grater than 1. Stopping simulation on this core.
-----End of simulation.-----
____Starting new simulation____:
Film alloy ratio 1.06 grater than 1. Stopping simulation on this core.
-----End of simulation.-----
____Starting new simulation____:
Film alloy ratio 1.17 grater than 1. Stopping simulation on this core.
-----End of simulation.-----
____Starting new simulation____:
Film alloy ratio 1.23 grater than 1. Stopping simulation on this core.
-----End of simulation.-----
____Starting new simulation____:
Film alloy ratio 1.04 grater than 1. Stopping simulation on this core.
-----End of simulation.-----
____Starting new simulation____:
Film alloy ratio 1.21 grater than 1. Stopping simulation on this core.
-----End of simulation.-----
____Starting new simulation____:
Film alloy ratio 1.1 grater than 1. Stopping simulation on this core.
-----End of simulation.-----
____Starting new simulation____:
Epot,Ekin,T,Etot,bulk_modulus,interface_energy,substrate_alloy_ratio,film_alloy_ratio,substrate_lattice,film_lattice,Etot_substrate,Etot_film,substrate_atoms,substrate_structure,substrate_alloying_atoms,film_atoms,film_structure,film_alloying_atoms
0.017825814084858626,0.019286907017533828,149.21022530791623,0.03711272110239246,36.66431715962291,0.02000678096952037,0,0.99,4.01,4.0047999999999995,-0.004748051155993089,0.00184721031934481,Al,fcc,Ag,Ni,fcc,Al
Simulation data saved to file:  output_data.txt
-----End of simulation.-----
____Starting new simulation____:
Epot,Ekin,T,Etot,bulk_modulus,interface_energy,substrate_alloy_ratio,film_alloy_ratio,substrate_lattice,film_lattice,Etot_substrate,Etot_film,substrate_atoms,substrate_structure,substrate_alloying_atoms,film_atoms,film_structure,film_alloying_atoms
0.020297927263102793,0.01909358207531171,147.71459627002133,0.0393915093384145,36.81945187787527,0.018858626658305806,0,0.98,4.01,3.9996,-0.004836519289259202,0.006510775311062097,Al,fcc,Ag,Ni,fcc,Al
Simulation data saved to file:  output_data.txt
-----End of simulation.-----
____Starting new simulation____:
Epot,Ekin,T,Etot,bulk_modulus,interface_energy,substrate_alloy_ratio,film_alloy_ratio,substrate_lattice,film_lattice,Etot_substrate,Etot_film,substrate_atoms,substrate_structure,substrate_alloying_atoms,film_atoms,film_structure,film_alloying_atoms
0.023584175550124445,0.019597150909086487,151.61038003033454,0.04318132645921093,37.070427948711945,0.016963482445662793,0,0.97,4.01,3.9943999999999997,-0.004864485143582955,0.014118846711468297,Al,fcc,Ag,Ni,fcc,Al
Simulation data saved to file:  output_data.txt
-----End of simulation.-----
____Starting new simulation____:
Epot,Ekin,T,Etot,bulk_modulus,interface_energy,substrate_alloy_ratio,film_alloy_ratio,substrate_lattice,film_lattice,Etot_substrate,Etot_film,substrate_atoms,substrate_structure,substrate_alloying_atoms,film_atoms,film_structure,film_alloying_atoms
0.02966002528581261,0.019406883352931125,150.13840399514555,0.04906690863874373,37.481289358237376,0.01401702654260811,0,0.95,4.01,3.984,-0.004737013352236408,0.02576986890576392,Al,fcc,Ag,Ni,fcc,Al
Simulation data saved to file:  output_data.txt
-----End of simulation.-----
____Starting new simulation____:
Epot,Ekin,T,Etot,bulk_modulus,interface_energy,substrate_alloy_ratio,film_alloy_ratio,substrate_lattice,film_lattice,Etot_substrate,Etot_film,substrate_atoms,substrate_structure,substrate_alloying_atoms,film_atoms,film_structure,film_alloying_atoms
0.030587796089857712,0.01966765274945327,152.15580680489137,0.05025544883931098,37.5600427119009,0.013421558921939265,0,0.94,4.01,3.9787999999999997,-0.004580620285514042,0.027992951280946497,Al,fcc,Ag,Ni,fcc,Al
Simulation data saved to file:  output_data.txt
-----End of simulation.-----
____Starting new simulation____:
Epot,Ekin,T,Etot,bulk_modulus,interface_energy,substrate_alloy_ratio,film_alloy_ratio,substrate_lattice,film_lattice,Etot_substrate,Etot_film,substrate_atoms,substrate_structure,substrate_alloying_atoms,film_atoms,film_structure,film_alloying_atoms
0.037277994913256715,0.01965829171340871,152.08338657203313,0.056936286626665424,38.029051956304635,0.01008643934683923,0,0.92,4.01,3.9684,-0.004080110774567747,0.04084351870755471,Al,fcc,Ag,Ni,fcc,Al
Simulation data saved to file:  output_data.txt
-----End of simulation.-----
____Starting new simulation____:
Epot,Ekin,T,Etot,bulk_modulus,interface_energy,substrate_alloy_ratio,film_alloy_ratio,substrate_lattice,film_lattice,Etot_substrate,Etot_film,substrate_atoms,substrate_structure,substrate_alloying_atoms,film_atoms,film_structure,film_alloying_atoms
0.03505835700502307,0.019597053866448305,151.60962927471084,0.054655410871471376,37.87673494484378,0.011234555668071664,0,0.9299999999999999,4.01,3.9736,-0.004361814250686775,0.03654811378601482,Al,fcc,Ag,Ni,fcc,Al
Simulation data saved to file:  output_data.txt
-----End of simulation.-----
____Starting new simulation____:
Epot,Ekin,T,Etot,bulk_modulus,interface_energy,substrate_alloy_ratio,film_alloy_ratio,substrate_lattice,film_lattice,Etot_substrate,Etot_film,substrate_atoms,substrate_structure,substrate_alloying_atoms,film_atoms,film_structure,film_alloying_atoms
0.040790981126159795,0.019909654824569998,154.02801908446128,0.06070063595072979,38.283269231279554,0.008190831162270235,0,0.91,4.01,3.9632,-0.0037350227842117617,0.04805399641040108,Al,fcc,Ag,Ni,fcc,Al
Simulation data saved to file:  output_data.txt
-----End of simulation.-----
____Starting new simulation____:
Epot,Ekin,T,Etot,bulk_modulus,interface_energy,substrate_alloy_ratio,film_alloy_ratio,substrate_lattice,film_lattice,Etot_substrate,Etot_film,substrate_atoms,substrate_structure,substrate_alloying_atoms,film_atoms,film_structure,film_alloying_atoms
0.0432425233909875,0.02030238152429206,157.0662895182167,0.06354490491527956,38.48029210783308,0.006819964603073584,0,0.9,4.01,3.958,-0.00337695099864421,0.0532819267077766,Al,fcc,Ag,Ni,fcc,Al
Simulation data saved to file:  output_data.txt
-----End of simulation.-----
____Starting new simulation____:
Epot,Ekin,T,Etot,bulk_modulus,interface_energy,substrate_alloy_ratio,film_alloy_ratio,substrate_lattice,film_lattice,Etot_substrate,Etot_film,substrate_atoms,substrate_structure,substrate_alloying_atoms,film_atoms,film_structure,film_alloying_atoms
0.04941675881320719,0.020413930319987176,157.92926982518682,0.06983068913319436,38.878450597008886,0.003593602135614886,0,0.88,4.01,3.9476,-0.0023888460298050695,0.06503233089176966,Al,fcc,Ag,Ni,fcc,Al
Simulation data saved to file:  output_data.txt
-----End of simulation.-----
____Starting new simulation____:
Epot,Ekin,T,Etot,bulk_modulus,interface_energy,substrate_alloy_ratio,film_alloy_ratio,substrate_lattice,film_lattice,Etot_substrate,Etot_film,substrate_atoms,substrate_structure,substrate_alloying_atoms,film_atoms,film_structure,film_alloying_atoms
0.04586763784130059,0.020169860638908032,156.0410618262815,0.06603749848020862,38.62239575152999,0.005539654945514243,0,0.89,4.01,3.9528,-0.0029142283238485877,0.057872416913028725,Al,fcc,Ag,Ni,fcc,Al
Simulation data saved to file:  output_data.txt
-----End of simulation.-----
____Starting new simulation____:
Epot,Ekin,T,Etot,bulk_modulus,interface_energy,substrate_alloy_ratio,film_alloy_ratio,substrate_lattice,film_lattice,Etot_substrate,Etot_film,substrate_atoms,substrate_structure,substrate_alloying_atoms,film_atoms,film_structure,film_alloying_atoms
0.052661808389231214,0.020718485359625952,160.2854136092498,0.07338029374885717,38.94747565154959,0.0018763975649654363,0,0.86,4.01,3.9372,-0.0011500150650312463,0.07077751368395754,Al,fcc,Ag,Ni,fcc,Al
Simulation data saved to file:  output_data.txt
-----End of simulation.-----
____Starting new simulation____:
Epot,Ekin,T,Etot,bulk_modulus,interface_energy,substrate_alloy_ratio,film_alloy_ratio,substrate_lattice,film_lattice,Etot_substrate,Etot_film,substrate_atoms,substrate_structure,substrate_alloying_atoms,film_atoms,film_structure,film_alloying_atoms
0.05143103528848414,0.020521648481299018,158.7626150113529,0.07195268376978316,38.93670942292723,0.002586677088780614,0,0.87,4.01,3.9423999999999997,-0.0018007599784352275,0.06858008957065716,Al,fcc,Ag,Ni,fcc,Al
Simulation data saved to file:  output_data.txt
-----End of simulation.-----
____Starting new simulation____:
Epot,Ekin,T,Etot,bulk_modulus,interface_energy,substrate_alloy_ratio,film_alloy_ratio,substrate_lattice,film_lattice,Etot_substrate,Etot_film,substrate_atoms,substrate_structure,substrate_alloying_atoms,film_atoms,film_structure,film_alloying_atoms
0.056666269375305126,0.02080711535130308,160.97108607167007,0.07747338472660821,39.14798064621316,-0.00018819656477754015,0,0.85,4.01,3.9319999999999995,-0.00043676294576461006,0.0782865408019279,Al,fcc,Ag,Ni,fcc,Al
Simulation data saved to file:  output_data.txt
-----End of simulation.-----
____Starting new simulation____:
Epot,Ekin,T,Etot,bulk_modulus,interface_energy,substrate_alloy_ratio,film_alloy_ratio,substrate_lattice,film_lattice,Etot_substrate,Etot_film,substrate_atoms,substrate_structure,substrate_alloying_atoms,film_atoms,film_structure,film_alloying_atoms
0.06239730110290596,0.02140878447783261,165.62580783958614,0.08380608558073857,39.656169925474394,-0.003339624502363179,0,0.8400000000000001,4.01,3.9267999999999996,0.00033871714448238823,0.09014661744098254,Al,fcc,Ag,Ni,fcc,Al
Simulation data saved to file:  output_data.txt
-----End of simulation.-----
____Starting new simulation____:
Epot,Ekin,T,Etot,bulk_modulus,interface_energy,substrate_alloy_ratio,film_alloy_ratio,substrate_lattice,film_lattice,Etot_substrate,Etot_film,substrate_atoms,substrate_structure,substrate_alloying_atoms,film_atoms,film_structure,film_alloying_atoms
0.06269306658383776,0.02097601653880524,162.2777644426012,0.083669083122643,39.35764550815148,-0.0032703794298617707,0,0.8300000000000001,4.01,3.9215999999999998,0.001175994092708388,0.08903384788965815,Al,fcc,Ag,Ni,fcc,Al
Simulation data saved to file:  output_data.txt
-----End of simulation.-----
____Starting new simulation____:
Epot,Ekin,T,Etot,bulk_modulus,interface_energy,substrate_alloy_ratio,film_alloy_ratio,substrate_lattice,film_lattice,Etot_substrate,Etot_film,substrate_atoms,substrate_structure,substrate_alloying_atoms,film_atoms,film_structure,film_alloying_atoms
0.0650769154535092,0.02144857682880195,165.93365531602544,0.08652549228231116,39.479808387866974,-0.004646099311734195,0,0.8200000000000001,4.01,3.9164,0.002074456755844737,0.09374323414993481,Al,fcc,Ag,Ni,fcc,Al
Simulation data saved to file:  output_data.txt
-----End of simulation.-----
____Starting new simulation____:
Epot,Ekin,T,Etot,bulk_modulus,interface_energy,substrate_alloy_ratio,film_alloy_ratio,substrate_lattice,film_lattice,Etot_substrate,Etot_film,substrate_atoms,substrate_structure,substrate_alloying_atoms,film_atoms,film_structure,film_alloying_atoms
0.07220835570969959,0.022175952323087614,171.56088529578082,0.0943843080327872,39.78368828729281,-0.008652464041713482,0,0.8,4.01,3.9059999999999997,0.0040513963115455884,0.10763783980466858,Al,fcc,Ag,Ni,fcc,Al
Simulation data saved to file:  output_data.txt
-----End of simulation.-----
____Starting new simulation____:
Epot,Ekin,T,Etot,bulk_modulus,interface_energy,substrate_alloy_ratio,film_alloy_ratio,substrate_lattice,film_lattice,Etot_substrate,Etot_film,substrate_atoms,substrate_structure,substrate_alloying_atoms,film_atoms,film_structure,film_alloying_atoms
0.0725741663723731,0.02210096090425579,170.98072557966438,0.09467512727662888,40.15953203399803,-0.008811267267037032,0,0.81,4.01,3.9112,0.003033281650930398,0.10926438015977255,Al,fcc,Ag,Ni,fcc,Al
Simulation data saved to file:  output_data.txt
-----End of simulation.-----
____Starting new simulation____:
Epot,Ekin,T,Etot,bulk_modulus,interface_energy,substrate_alloy_ratio,film_alloy_ratio,substrate_lattice,film_lattice,Etot_substrate,Etot_film,substrate_atoms,substrate_structure,substrate_alloying_atoms,film_atoms,film_structure,film_alloying_atoms
0.07950696804702459,0.022658817104505347,175.296495301216,0.10216578515152994,40.09292895109118,-0.012437278142858017,0,0.78,4.01,3.8956,0.006259710695256833,0.12078063074198914,Al,fcc,Ag,Ni,fcc,Al
Simulation data saved to file:  output_data.txt
-----End of simulation.-----
____Starting new simulation____:
Epot,Ekin,T,Etot,bulk_modulus,interface_energy,substrate_alloy_ratio,film_alloy_ratio,substrate_lattice,film_lattice,Etot_substrate,Etot_film,substrate_atoms,substrate_structure,substrate_alloying_atoms,film_atoms,film_structure,film_alloying_atoms
0.07583482450481689,0.022473335038178825,173.86154148088607,0.09830815954299571,39.997027575098635,-0.010632182095360572,0,0.79,4.01,3.9008,0.005127438359257944,0.11444508537445891,Al,fcc,Ag,Ni,fcc,Al
Simulation data saved to file:  output_data.txt
-----End of simulation.-----
____Starting new simulation____:
Epot,Ekin,T,Etot,bulk_modulus,interface_energy,substrate_alloy_ratio,film_alloy_ratio,substrate_lattice,film_lattice,Etot_substrate,Etot_film,substrate_atoms,substrate_structure,substrate_alloying_atoms,film_atoms,film_structure,film_alloying_atoms
0.0809429833281384,0.023433105617947668,181.28666072478703,0.10437608894608608,40.08691563216795,-0.013559745821426576,0,0.77,4.01,3.8903999999999996,0.0074461337536383095,0.12404944683530092,Al,fcc,Ag,Ni,fcc,Al
Simulation data saved to file:  output_data.txt
-----End of simulation.-----
____Starting new simulation____:
Epot,Ekin,T,Etot,bulk_modulus,interface_energy,substrate_alloy_ratio,film_alloy_ratio,substrate_lattice,film_lattice,Etot_substrate,Etot_film,substrate_atoms,substrate_structure,substrate_alloying_atoms,film_atoms,film_structure,film_alloying_atoms
0.08387866349281603,0.023554353974594756,182.22468021111936,0.10743301746741078,40.20550867459718,-0.015150663569383807,0,0.76,4.01,3.8851999999999998,0.00868419652531047,0.12905014808086793,Al,fcc,Ag,Ni,fcc,Al
Simulation data saved to file:  output_data.txt
-----End of simulation.-----
____Starting new simulation____:
Epot,Ekin,T,Etot,bulk_modulus,interface_energy,substrate_alloy_ratio,film_alloy_ratio,substrate_lattice,film_lattice,Etot_substrate,Etot_film,substrate_atoms,substrate_structure,substrate_alloying_atoms,film_atoms,film_structure,film_alloying_atoms
0.09010611361192031,0.024009813283564378,185.74827194348802,0.11411592689548469,40.352414181163475,-0.018433969573768902,0,0.74,4.01,3.8748,0.01130276103694244,0.13968110500608005,Al,fcc,Ag,Ni,fcc,Al
Simulation data saved to file:  output_data.txt
-----End of simulation.-----
____Starting new simulation____:
Epot,Ekin,T,Etot,bulk_modulus,interface_energy,substrate_alloy_ratio,film_alloy_ratio,substrate_lattice,film_lattice,Etot_substrate,Etot_film,substrate_atoms,substrate_structure,substrate_alloying_atoms,film_atoms,film_structure,film_alloying_atoms
0.08522827552010888,0.02334605404488941,180.61319945815558,0.1085743295649983,39.86522933245895,-0.01570808863469325,0,0.75,4.01,3.88,0.009970909120918163,0.13001959771346663,Al,fcc,Ag,Ni,fcc,Al
Simulation data saved to file:  output_data.txt
-----End of simulation.-----
____Starting new simulation____:
Epot,Ekin,T,Etot,bulk_modulus,interface_energy,substrate_alloy_ratio,film_alloy_ratio,substrate_lattice,film_lattice,Etot_substrate,Etot_film,substrate_atoms,substrate_structure,substrate_alloying_atoms,film_atoms,film_structure,film_alloying_atoms
0.0908398303410172,0.02432727366820462,188.20425596806206,0.11516710400922181,40.11690977470231,-0.019053141229110553,0,0.73,4.01,3.8696,0.012675691047488545,0.14059769541995437,Al,fcc,Ag,Ni,fcc,Al
Simulation data saved to file:  output_data.txt
-----End of simulation.-----
____Starting new simulation____:
Epot,Ekin,T,Etot,bulk_modulus,interface_energy,substrate_alloy_ratio,film_alloy_ratio,substrate_lattice,film_lattice,Etot_substrate,Etot_film,substrate_atoms,substrate_structure,substrate_alloying_atoms,film_atoms,film_structure,film_alloying_atoms
0.09962457608163869,0.025214396563980227,195.06734744427197,0.12483897264561891,40.63524332483247,-0.023901875682080277,0,0.7,4.01,3.854,0.01699207846187274,0.15565064554790672,Al,fcc,Ag,Ni,fcc,Al
Simulation data saved to file:  output_data.txt
-----End of simulation.-----
____Starting new simulation____:
Epot,Ekin,T,Etot,bulk_modulus,interface_energy,substrate_alloy_ratio,film_alloy_ratio,substrate_lattice,film_lattice,Etot_substrate,Etot_film,substrate_atoms,substrate_structure,substrate_alloying_atoms,film_atoms,film_structure,film_alloying_atoms
0.0942319506166363,0.024563933190001493,190.0351363957259,0.1187958838066378,40.34988158274472,-0.02061257096826518,0,0.72,4.01,3.8644,0.01408507672920366,0.1459359490139645,Al,fcc,Ag,Ni,fcc,Al
Simulation data saved to file:  output_data.txt
-----End of simulation.-----
____Starting new simulation____:
Epot,Ekin,T,Etot,bulk_modulus,interface_energy,substrate_alloy_ratio,film_alloy_ratio,substrate_lattice,film_lattice,Etot_substrate,Etot_film,substrate_atoms,substrate_structure,substrate_alloying_atoms,film_atoms,film_structure,film_alloying_atoms
0.101837459953554,0.025663677576310454,198.54314172354225,0.12750113752986447,40.63775571031443,-0.02505275511520901,0,0.6900000000000001,4.01,3.8488,0.018478044596666944,0.15912860316361555,Al,fcc,Ag,Ni,fcc,Al
Simulation data saved to file:  output_data.txt
-----End of simulation.-----
____Starting new simulation____:
Epot,Ekin,T,Etot,bulk_modulus,interface_energy,substrate_alloy_ratio,film_alloy_ratio,substrate_lattice,film_lattice,Etot_substrate,Etot_film,substrate_atoms,substrate_structure,substrate_alloying_atoms,film_atoms,film_structure,film_alloying_atoms
0.09760289596228527,0.025152698389930762,194.5900288963763,0.12275559435221603,40.70187737880599,-0.0226749879583652,0,0.71,4.01,3.8592,0.015525753903974373,0.15257981636497206,Al,fcc,Ag,Ni,fcc,Al
Simulation data saved to file:  output_data.txt
-----End of simulation.-----
____Starting new simulation____:
Epot,Ekin,T,Etot,bulk_modulus,interface_energy,substrate_alloy_ratio,film_alloy_ratio,substrate_lattice,film_lattice,Etot_substrate,Etot_film,substrate_atoms,substrate_structure,substrate_alloying_atoms,film_atoms,film_structure,film_alloying_atoms
0.10803241077256004,0.026171272563218422,202.47007320575722,0.13420368333577845,41.98396513857217,-0.028328466689444068,0,0.68,4.01,3.8435999999999995,0.019977473676492136,0.17088314303817445,Al,fcc,Ag,Ni,fcc,Al
Simulation data saved to file:  output_data.txt
-----End of simulation.-----
____Starting new simulation____:
Epot,Ekin,T,Etot,bulk_modulus,interface_energy,substrate_alloy_ratio,film_alloy_ratio,substrate_lattice,film_lattice,Etot_substrate,Etot_film,substrate_atoms,substrate_structure,substrate_alloying_atoms,film_atoms,film_structure,film_alloying_atoms
0.1102408666231894,0.026388088060357067,204.14743335214538,0.13662895468354647,41.58051733288667,-0.02941101223185425,0,0.66,4.01,3.8331999999999997,0.022992860059936435,0.17245811908731853,Al,fcc,Ag,Ni,fcc,Al
Simulation data saved to file:  output_data.txt
-----End of simulation.-----
____Starting new simulation____:
Epot,Ekin,T,Etot,bulk_modulus,interface_energy,substrate_alloy_ratio,film_alloy_ratio,substrate_lattice,film_lattice,Etot_substrate,Etot_film,substrate_atoms,substrate_structure,substrate_alloying_atoms,film_atoms,film_structure,film_alloying_atoms
0.10766489132599542,0.02580902299610352,199.66758447712016,0.13347391432209893,41.17969436852657,-0.027995239927724007,0,0.67,4.01,3.8384,0.02148428576508361,0.16798010841246333,Al,fcc,Ag,Ni,fcc,Al
Simulation data saved to file:  output_data.txt
-----End of simulation.-----
____Starting new simulation____:
Epot,Ekin,T,Etot,bulk_modulus,interface_energy,substrate_alloy_ratio,film_alloy_ratio,substrate_lattice,film_lattice,Etot_substrate,Etot_film,substrate_atoms,substrate_structure,substrate_alloying_atoms,film_atoms,film_structure,film_alloying_atoms
0.1111478023499259,0.026289526953755103,203.38493032823868,0.137437329303681,41.14050999276334,-0.029846727258403507,0,0.65,4.01,3.8280000000000003,0.024498480249943354,0.17263230357054465,Al,fcc,Ag,Ni,fcc,Al
Simulation data saved to file:  output_data.txt
-----End of simulation.-----
srun: Job step aborted: Waiting up to 302 seconds for job step to finish.
slurmstepd: error: *** JOB 4062801 ON n1206 CANCELLED AT 2024-12-19T14:02:15 DUE TO TIME LIMIT ***
slurmstepd: error: *** STEP 4062801.1 ON n1206 CANCELLED AT 2024-12-19T14:02:15 DUE TO TIME LIMIT ***
