mpprun INFO: mpprun v1.10.1 started
mpprun INFO: mpprun srun handler invoked on: /proj/liu-compute-2024-33/software/venv/bin/python3
mpprun WARNING: Using srun handler that just uses srun without setting up the environment; no MPI module will be loaded, etc.
mpprun INFO: Setting env variable: SLURM_KILL_BAD_EXIT=1 (was unset; to override, set to 0 before invoking mpprun)
mpprun INFO: threading env variables set by user: OPENBLAS_NUM_THREADS=1, MKL_NUM_THREADS=1, NUMEXPR_NUM_THREADS=1; set by mpprun: OMP_NUM_THREADS=1
mpprun INFO: mpprun v1.10.1 executing: /usr/bin/srun /proj/liu-compute-2024-33/software/venv/bin/python3 supercomp_main.py -film_lattice 3.50 -substrate_lattice 3.50 -slurm -simulation_method Interface -sc_film_lattice_offset .01 -sc_substrate_lattice_offset .01 -sc
____Starting new simulation____:
Equilibrium not reached
-----End of simulation.-----
____Starting new simulation____:
Epot,Ekin,T,Etot,bulk_modulus,interface_energy,substrate_alloy_ratio,film_alloy_ratio,substrate_lattice,film_lattice,Etot_substrate,Etot_film,substrate_atoms,substrate_structure,substrate_alloying_atoms,film_atoms,film_structure,film_alloying_atoms
0.16534483401582875,0.06932280132984252,536.3053182139693,0.23466763534567125,129.50063280907364,-0.09359090634238892,0.5,0.5,3.74,3.74,0.14693816307330593,0.2749112849571432,Cu,fcc,Ni,Al,fcc,Pt
Simulation data saved to file:  output_data.txt
-----End of simulation.-----
____Starting new simulation____:
Epot,Ekin,T,Etot,bulk_modulus,interface_energy,substrate_alloy_ratio,film_alloy_ratio,substrate_lattice,film_lattice,Etot_substrate,Etot_film,substrate_atoms,substrate_structure,substrate_alloying_atoms,film_atoms,film_structure,film_alloying_atoms
0.15194766866310538,0.0683666980402549,528.9085704032749,0.2203143667033603,126.20308889031452,-0.08594274304783599,0.5,0.5,3.77,3.77,0.1829322375472198,0.20926761525181253,Cu,fcc,Ni,Al,fcc,Pt
Simulation data saved to file:  output_data.txt
-----End of simulation.-----
____Starting new simulation____:
Equilibrium not reached
-----End of simulation.-----
____Starting new simulation____:
Equilibrium not reached
-----End of simulation.-----
____Starting new simulation____:
Equilibrium not reached
-----End of simulation.-----
____Starting new simulation____:
Equilibrium not reached
-----End of simulation.-----
____Starting new simulation____:
Equilibrium not reached
-----End of simulation.-----
____Starting new simulation____:
Equilibrium not reached
-----End of simulation.-----
____Starting new simulation____:
Equilibrium not reached
-----End of simulation.-----
____Starting new simulation____:
Epot,Ekin,T,Etot,bulk_modulus,interface_energy,substrate_alloy_ratio,film_alloy_ratio,substrate_lattice,film_lattice,Etot_substrate,Etot_film,substrate_atoms,substrate_structure,substrate_alloying_atoms,film_atoms,film_structure,film_alloying_atoms
0.1704310275888392,0.06916219616081773,535.0628207293275,0.23959322374965694,128.49751256920774,-0.09655651874394748,0.5,0.5,3.73,3.73,0.13493318000325194,0.29777308123429996,Cu,fcc,Ni,Al,fcc,Pt
Simulation data saved to file:  output_data.txt
-----End of simulation.-----
____Starting new simulation____:
Equilibrium not reached
-----End of simulation.-----
____Starting new simulation____:
Epot,Ekin,T,Etot,bulk_modulus,interface_energy,substrate_alloy_ratio,film_alloy_ratio,substrate_lattice,film_lattice,Etot_substrate,Etot_film,substrate_atoms,substrate_structure,substrate_alloying_atoms,film_atoms,film_structure,film_alloying_atoms
0.1762297748261313,0.06917653176783853,535.1737259746089,0.24540630659396984,129.8973469975169,-0.1009617557098737,0.5,0.5,3.72,3.72,0.12496794395810977,0.32236187405560746,Cu,fcc,Ni,Al,fcc,Pt
Simulation data saved to file:  output_data.txt
-----End of simulation.-----
____Starting new simulation____:
Equilibrium not reached
-----End of simulation.-----
____Starting new simulation____:
Equilibrium not reached
-----End of simulation.-----
____Starting new simulation____:
Equilibrium not reached
-----End of simulation.-----
____Starting new simulation____:
Epot,Ekin,T,Etot,bulk_modulus,interface_energy,substrate_alloy_ratio,film_alloy_ratio,substrate_lattice,film_lattice,Etot_substrate,Etot_film,substrate_atoms,substrate_structure,substrate_alloying_atoms,film_atoms,film_structure,film_alloying_atoms
0.1833975274343093,0.0696899189982989,539.1454682688793,0.25308744643260817,128.19641975604952,-0.10247435060615379,0.5,0.5,3.71,3.71,0.11292975483565347,0.34510639280926225,Cu,fcc,Ni,Al,fcc,Pt
Simulation data saved to file:  output_data.txt
-----End of simulation.-----
____Starting new simulation____:
Equilibrium not reached
-----End of simulation.-----
____Starting new simulation____:
Equilibrium not reached
-----End of simulation.-----
____Starting new simulation____:
Equilibrium not reached
-----End of simulation.-----
____Starting new simulation____:
Equilibrium not reached
-----End of simulation.-----
____Starting new simulation____:
Epot,Ekin,T,Etot,bulk_modulus,interface_energy,substrate_alloy_ratio,film_alloy_ratio,substrate_lattice,film_lattice,Etot_substrate,Etot_film,substrate_atoms,substrate_structure,substrate_alloying_atoms,film_atoms,film_structure,film_alloying_atoms
0.30046624199645816,0.10157822534277285,785.8445045643949,0.402044467339231,-1,-0.18264982275588104,0.5,0.5,3.6,3.6,0.031673479339606354,0.7356706335113867,Cu,fcc,Ni,Al,fcc,Pt
Simulation data saved to file:  output_data.txt
-----End of simulation.-----
____Starting new simulation____:
Equilibrium not reached
-----End of simulation.-----
____Starting new simulation____:
Equilibrium not reached
-----End of simulation.-----
____Starting new simulation____:
Equilibrium not reached
-----End of simulation.-----
____Starting new simulation____:
Equilibrium not reached
-----End of simulation.-----
____Starting new simulation____:
Equilibrium not reached
-----End of simulation.-----
____Starting new simulation____:
Equilibrium not reached
-----End of simulation.-----
____Starting new simulation____:
Equilibrium not reached
-----End of simulation.-----
____Starting new simulation____:
Equilibrium not reached
-----End of simulation.-----
____Starting new simulation____:
Equilibrium not reached
-----End of simulation.-----
____Starting new simulation____:
Equilibrium not reached
-----End of simulation.-----
mpprun INFO: mpprun v1.10.1 started
mpprun INFO: mpprun srun handler invoked on: /proj/liu-compute-2024-33/software/venv/bin/python3
mpprun WARNING: Using srun handler that just uses srun without setting up the environment; no MPI module will be loaded, etc.
mpprun INFO: Setting env variable: SLURM_KILL_BAD_EXIT=1 (was unset; to override, set to 0 before invoking mpprun)
mpprun INFO: threading env variables set by user: OPENBLAS_NUM_THREADS=1, MKL_NUM_THREADS=1, NUMEXPR_NUM_THREADS=1; set by mpprun: OMP_NUM_THREADS=1
mpprun INFO: mpprun v1.10.1 executing: /usr/bin/srun /proj/liu-compute-2024-33/software/venv/bin/python3 supercomp_main.py -film_lattice 3.82 -substrate_lattice 3.82 -slurm -simulation_method Interface -sc_film_lattice_offset .01 -sc_substrate_lattice_offset .01 -sc
____Starting new simulation____:
Epot,Ekin,T,Etot,bulk_modulus,interface_energy,substrate_alloy_ratio,film_alloy_ratio,substrate_lattice,film_lattice,Etot_substrate,Etot_film,substrate_atoms,substrate_structure,substrate_alloying_atoms,film_atoms,film_structure,film_alloying_atoms
0.1436586550645131,0.07627902207906176,590.1210629748585,0.21993767714357487,121.54814437883583,-0.08592835873867156,0.5,0.5,3.8499999999999996,3.8499999999999996,0.30597255936343604,0.08582183525748197,Cu,fcc,Ni,Al,fcc,Pt
Simulation data saved to file:  output_data.txt
-----End of simulation.-----
____Starting new simulation____:
Epot,Ekin,T,Etot,bulk_modulus,interface_energy,substrate_alloy_ratio,film_alloy_ratio,substrate_lattice,film_lattice,Etot_substrate,Etot_film,substrate_atoms,substrate_structure,substrate_alloying_atoms,film_atoms,film_structure,film_alloying_atoms
0.1495555286211578,0.07586520743712277,586.9196488806599,0.22542073605828059,120.65008873222581,-0.08903959882510887,0.5,0.5,3.8699999999999997,3.8699999999999997,0.33946776262845674,0.0640321710800416,Cu,fcc,Ni,Al,fcc,Pt
Simulation data saved to file:  output_data.txt
-----End of simulation.-----
____Starting new simulation____:
Epot,Ekin,T,Etot,bulk_modulus,interface_energy,substrate_alloy_ratio,film_alloy_ratio,substrate_lattice,film_lattice,Etot_substrate,Etot_film,substrate_atoms,substrate_structure,substrate_alloying_atoms,film_atoms,film_structure,film_alloying_atoms
0.14000191161060335,0.07492167289977489,579.6201373117241,0.21492358451037824,125.06176094797368,-0.08274694171197278,0.5,0.5,3.8299999999999996,3.8299999999999996,0.27042049808437946,0.10999696984994434,Cu,fcc,Ni,Al,fcc,Pt
Simulation data saved to file:  output_data.txt
-----End of simulation.-----
____Starting new simulation____:
Equilibrium not reached
-----End of simulation.-----
____Starting new simulation____:
Epot,Ekin,T,Etot,bulk_modulus,interface_energy,substrate_alloy_ratio,film_alloy_ratio,substrate_lattice,film_lattice,Etot_substrate,Etot_film,substrate_atoms,substrate_structure,substrate_alloying_atoms,film_atoms,film_structure,film_alloying_atoms
0.14618168563387157,0.07463299779861136,577.3868462585637,0.22081468343248295,122.71422945447242,-0.08670589663915401,0.5,0.5,3.86,3.86,0.32037318004405657,0.07385329666673439,Cu,fcc,Ni,Al,fcc,Pt
Simulation data saved to file:  output_data.txt
-----End of simulation.-----
____Starting new simulation____:
Epot,Ekin,T,Etot,bulk_modulus,interface_energy,substrate_alloy_ratio,film_alloy_ratio,substrate_lattice,film_lattice,Etot_substrate,Etot_film,substrate_atoms,substrate_structure,substrate_alloying_atoms,film_atoms,film_structure,film_alloying_atoms
0.1415925785138482,0.07376631840701406,570.6819128458397,0.21535889692086227,123.90714511878173,-0.08274144279558168,0.5,0.5,3.84,3.84,0.2861646965579828,0.09467708595404281,Cu,fcc,Ni,Al,fcc,Pt
Simulation data saved to file:  output_data.txt
-----End of simulation.-----
____Starting new simulation____:
Epot,Ekin,T,Etot,bulk_modulus,interface_energy,substrate_alloy_ratio,film_alloy_ratio,substrate_lattice,film_lattice,Etot_substrate,Etot_film,substrate_atoms,substrate_structure,substrate_alloying_atoms,film_atoms,film_structure,film_alloying_atoms
0.15362538958208968,0.07369510427173,570.1309755098956,0.2273204938538197,121.69251048037445,-0.09132828021486351,0.5,0.5,3.88,3.88,0.35564575791828934,0.054331296365257374,Cu,fcc,Ni,Al,fcc,Pt
Simulation data saved to file:  output_data.txt
-----End of simulation.-----
____Starting new simulation____:
Epot,Ekin,T,Etot,bulk_modulus,interface_energy,substrate_alloy_ratio,film_alloy_ratio,substrate_lattice,film_lattice,Etot_substrate,Etot_film,substrate_atoms,substrate_structure,substrate_alloying_atoms,film_atoms,film_structure,film_alloying_atoms
0.16224415087326327,0.07473423853542209,578.1700798343845,0.23697838940868537,120.91976917858305,-0.09797807654219459,0.5,0.5,3.9,3.9,0.3957189772832945,0.037215565209780026,Cu,fcc,Ni,Al,fcc,Pt
Simulation data saved to file:  output_data.txt
-----End of simulation.-----
____Starting new simulation____:
Epot,Ekin,T,Etot,bulk_modulus,interface_energy,substrate_alloy_ratio,film_alloy_ratio,substrate_lattice,film_lattice,Etot_substrate,Etot_film,substrate_atoms,substrate_structure,substrate_alloying_atoms,film_atoms,film_structure,film_alloying_atoms
0.15749474408599115,0.07484723000899708,579.0442211995434,0.23234197409498825,122.230474441005,-0.0944002084350573,0.5,0.5,3.8899999999999997,3.8899999999999997,0.376087130425076,0.04505526054002682,Cu,fcc,Ni,Al,fcc,Pt
Simulation data saved to file:  output_data.txt
-----End of simulation.-----
____Starting new simulation____:
Equilibrium not reached
-----End of simulation.-----
____Starting new simulation____:
Epot,Ekin,T,Etot,bulk_modulus,interface_energy,substrate_alloy_ratio,film_alloy_ratio,substrate_lattice,film_lattice,Etot_substrate,Etot_film,substrate_atoms,substrate_structure,substrate_alloying_atoms,film_atoms,film_structure,film_alloying_atoms
0.16606826206174305,0.07446212112590211,576.0648848465221,0.24053038318764516,120.48158431001568,-0.10010422413954577,0.5,0.5,3.9099999999999997,3.9099999999999997,0.4107948232428736,0.029944008223863106,Cu,fcc,Ni,Al,fcc,Pt
Simulation data saved to file:  output_data.txt
-----End of simulation.-----
____Starting new simulation____:
Epot,Ekin,T,Etot,bulk_modulus,interface_energy,substrate_alloy_ratio,film_alloy_ratio,substrate_lattice,film_lattice,Etot_substrate,Etot_film,substrate_atoms,substrate_structure,substrate_alloying_atoms,film_atoms,film_structure,film_alloying_atoms
0.17216412599209924,0.07450118027058253,576.367059983925,0.24666530626268177,121.04950048660433,-0.10400177040937146,0.5,0.5,3.92,3.92,0.4330780618515908,0.021590785229833865,Cu,fcc,Ni,Al,fcc,Pt
Simulation data saved to file:  output_data.txt
-----End of simulation.-----
____Starting new simulation____:
Epot,Ekin,T,Etot,bulk_modulus,interface_energy,substrate_alloy_ratio,film_alloy_ratio,substrate_lattice,film_lattice,Etot_substrate,Etot_film,substrate_atoms,substrate_structure,substrate_alloying_atoms,film_atoms,film_structure,film_alloying_atoms
0.17978261400166745,0.07367165058014842,569.9495295889915,0.25345426458181586,121.1629179869946,-0.10763606748107278,0.5,0.5,3.9299999999999997,3.9299999999999997,0.44958572516519796,0.019140674378763472,Cu,fcc,Ni,Al,fcc,Pt
Simulation data saved to file:  output_data.txt
-----End of simulation.-----
____Starting new simulation____:
Epot,Ekin,T,Etot,bulk_modulus,interface_energy,substrate_alloy_ratio,film_alloy_ratio,substrate_lattice,film_lattice,Etot_substrate,Etot_film,substrate_atoms,substrate_structure,substrate_alloying_atoms,film_atoms,film_structure,film_alloying_atoms
0.3411179144702742,0.10589475981828703,819.2387175947854,0.4470126742885612,108.27598665811817,-0.19931396740694785,0.5,0.5,4.12,4.12,0.8019673001338157,0.0436733089686412,Cu,fcc,Ni,Al,fcc,Pt
Simulation data saved to file:  output_data.txt
-----End of simulation.-----
____Starting new simulation____:
Equilibrium not reached
-----End of simulation.-----
____Starting new simulation____:
Epot,Ekin,T,Etot,bulk_modulus,interface_energy,substrate_alloy_ratio,film_alloy_ratio,substrate_lattice,film_lattice,Etot_substrate,Etot_film,substrate_atoms,substrate_structure,substrate_alloying_atoms,film_atoms,film_structure,film_alloying_atoms
0.19213638922913864,0.07422767411286152,574.2511211566389,0.26636406334200013,119.81431879970444,-0.1141143069158336,0.5,0.5,3.9499999999999997,3.9499999999999997,0.4851230791962668,0.009469597977400573,Cu,fcc,Ni,Al,fcc,Pt
Simulation data saved to file:  output_data.txt
-----End of simulation.-----
____Starting new simulation____:
Epot,Ekin,T,Etot,bulk_modulus,interface_energy,substrate_alloy_ratio,film_alloy_ratio,substrate_lattice,film_lattice,Etot_substrate,Etot_film,substrate_atoms,substrate_structure,substrate_alloying_atoms,film_atoms,film_structure,film_alloying_atoms
0.21446652167102717,0.07644155275388087,591.3784568424787,0.29090807442490807,117.97938084749546,-0.12578920099113156,0.5,0.5,3.98,3.98,0.5405526959120326,0.0019337804951386176,Cu,fcc,Ni,Al,fcc,Pt
Simulation data saved to file:  output_data.txt
-----End of simulation.-----
____Starting new simulation____:
Epot,Ekin,T,Etot,bulk_modulus,interface_energy,substrate_alloy_ratio,film_alloy_ratio,substrate_lattice,film_lattice,Etot_substrate,Etot_film,substrate_atoms,substrate_structure,substrate_alloying_atoms,film_atoms,film_structure,film_alloying_atoms
0.19827415840510465,0.07600245667312407,587.9814567386268,0.2742766150782287,119.26021817613163,-0.11828717527336169,0.5,0.5,3.96,3.96,0.5044176121066568,0.006433353518295283,Cu,fcc,Ni,Al,fcc,Pt
Simulation data saved to file:  output_data.txt
-----End of simulation.-----
____Starting new simulation____:
Epot,Ekin,T,Etot,bulk_modulus,interface_energy,substrate_alloy_ratio,film_alloy_ratio,substrate_lattice,film_lattice,Etot_substrate,Etot_film,substrate_atoms,substrate_structure,substrate_alloying_atoms,film_atoms,film_structure,film_alloying_atoms
0.3341938299984927,0.1013645440934325,784.1913920498188,0.43555837409192516,110.00838296418507,-0.19375118325710972,0.5,0.5,4.109999999999999,4.109999999999999,0.7853099922423963,0.037750748363748324,Cu,fcc,Ni,Al,fcc,Pt
Simulation data saved to file:  output_data.txt
-----End of simulation.-----
____Starting new simulation____:
Epot,Ekin,T,Etot,bulk_modulus,interface_energy,substrate_alloy_ratio,film_alloy_ratio,substrate_lattice,film_lattice,Etot_substrate,Etot_film,substrate_atoms,substrate_structure,substrate_alloying_atoms,film_atoms,film_structure,film_alloying_atoms
0.25740826659530935,0.08241757523406548,637.6110466456485,0.3398258418293748,118.13236964697498,-0.14875833905263197,0.5,0.5,4.03,4.03,0.6329783676221157,0.0043641523125230895,Cu,fcc,Ni,Al,fcc,Pt
Simulation data saved to file:  output_data.txt
-----End of simulation.-----
____Starting new simulation____:
Epot,Ekin,T,Etot,bulk_modulus,interface_energy,substrate_alloy_ratio,film_alloy_ratio,substrate_lattice,film_lattice,Etot_substrate,Etot_film,substrate_atoms,substrate_structure,substrate_alloying_atoms,film_atoms,film_structure,film_alloying_atoms
0.3250441970603451,0.09772276139509245,756.0172936084363,0.42276695845543755,111.11092882877827,-0.18762382994277618,0.5,0.5,4.1,4.1,0.7646730891675121,0.033341529173477824,Cu,fcc,Ni,Al,fcc,Pt
Simulation data saved to file:  output_data.txt
-----End of simulation.-----
____Starting new simulation____:
Epot,Ekin,T,Etot,bulk_modulus,interface_energy,substrate_alloy_ratio,film_alloy_ratio,substrate_lattice,film_lattice,Etot_substrate,Etot_film,substrate_atoms,substrate_structure,substrate_alloying_atoms,film_atoms,film_structure,film_alloying_atoms
0.2797167422568992,0.08447257471393022,653.5092378444505,0.3641893169708294,116.45887958592832,-0.1602293963917464,0.5,0.5,4.05,4.05,0.6749804883144155,0.009667621439906763,Cu,fcc,Ni,Al,fcc,Pt
Simulation data saved to file:  output_data.txt
-----End of simulation.-----
____Starting new simulation____:
Epot,Ekin,T,Etot,bulk_modulus,interface_energy,substrate_alloy_ratio,film_alloy_ratio,substrate_lattice,film_lattice,Etot_substrate,Etot_film,substrate_atoms,substrate_structure,substrate_alloying_atoms,film_atoms,film_structure,film_alloying_atoms
0.2866121466634798,0.08738967042026921,676.0769054954584,0.374001817083749,114.16606785732387,-0.16488704252450545,0.5,0.5,4.06,4.06,0.6916016520883145,0.012174250044445452,Cu,fcc,Ni,Al,fcc,Pt
Simulation data saved to file:  output_data.txt
-----End of simulation.-----
____Starting new simulation____:
Epot,Ekin,T,Etot,bulk_modulus,interface_energy,substrate_alloy_ratio,film_alloy_ratio,substrate_lattice,film_lattice,Etot_substrate,Etot_film,substrate_atoms,substrate_structure,substrate_alloying_atoms,film_atoms,film_structure,film_alloying_atoms
0.31499988874652624,0.0945721454630514,731.6430322169555,0.40957203420957766,111.56079932800559,-0.18140416378387728,0.5,0.5,4.09,4.09,0.7469738121525921,0.02540654962474014,Cu,fcc,Ni,Al,fcc,Pt
Simulation data saved to file:  output_data.txt
-----End of simulation.-----
____Starting new simulation____:
Epot,Ekin,T,Etot,bulk_modulus,interface_energy,substrate_alloy_ratio,film_alloy_ratio,substrate_lattice,film_lattice,Etot_substrate,Etot_film,substrate_atoms,substrate_structure,substrate_alloying_atoms,film_atoms,film_structure,film_alloying_atoms
0.3098092200006951,0.09195665979548648,711.4087247983423,0.4017658797961816,113.12941180316614,-0.17813930141903808,0.5,0.5,4.08,4.08,0.7366059681109369,0.02143851452332084,Cu,fcc,Ni,Al,fcc,Pt
Simulation data saved to file:  output_data.txt
-----End of simulation.-----
____Starting new simulation____:
Equilibrium not reached
-----End of simulation.-----
____Starting new simulation____:
Epot,Ekin,T,Etot,bulk_modulus,interface_energy,substrate_alloy_ratio,film_alloy_ratio,substrate_lattice,film_lattice,Etot_substrate,Etot_film,substrate_atoms,substrate_structure,substrate_alloying_atoms,film_atoms,film_structure,film_alloying_atoms
0.2074335936707673,0.075504878034792,584.1320152150876,0.2829384717055593,119.66168173520482,-0.12226659324996061,0.5,0.5,3.9699999999999998,3.9699999999999998,0.5227575800806532,0.00471407812482731,Cu,fcc,Ni,Al,fcc,Pt
Simulation data saved to file:  output_data.txt
-----End of simulation.-----
____Starting new simulation____:
Epot,Ekin,T,Etot,bulk_modulus,interface_energy,substrate_alloy_ratio,film_alloy_ratio,substrate_lattice,film_lattice,Etot_substrate,Etot_film,substrate_atoms,substrate_structure,substrate_alloying_atoms,film_atoms,film_structure,film_alloying_atoms
0.2478261914304384,0.08108664743547181,627.314525979261,0.3289128388659102,117.62822487758547,-0.14375958456545648,0.5,0.5,4.02,4.02,0.6141968962365443,0.0022351117602789207,Cu,fcc,Ni,Al,fcc,Pt
Simulation data saved to file:  output_data.txt
-----End of simulation.-----
____Starting new simulation____:
Epot,Ekin,T,Etot,bulk_modulus,interface_energy,substrate_alloy_ratio,film_alloy_ratio,substrate_lattice,film_lattice,Etot_substrate,Etot_film,substrate_atoms,substrate_structure,substrate_alloying_atoms,film_atoms,film_structure,film_alloying_atoms
0.23874403305834765,0.07989831229564111,618.1211517490509,0.3186423453539888,118.14483566981818,-0.13891032848959295,0.5,0.5,4.01,4.01,0.595147214145798,0.001315788187376717,Cu,fcc,Ni,Al,fcc,Pt
Simulation data saved to file:  output_data.txt
-----End of simulation.-----
____Starting new simulation____:
Epot,Ekin,T,Etot,bulk_modulus,interface_energy,substrate_alloy_ratio,film_alloy_ratio,substrate_lattice,film_lattice,Etot_substrate,Etot_film,substrate_atoms,substrate_structure,substrate_alloying_atoms,film_atoms,film_structure,film_alloying_atoms
0.2962098106774197,0.09105766254255357,704.453769162409,0.38726747321997324,114.11310182971592,-0.17119456542331613,0.5,0.5,4.07,4.07,0.7131424538143913,0.016514150252214164,Cu,fcc,Ni,Al,fcc,Pt
Simulation data saved to file:  output_data.txt
-----End of simulation.-----
____Starting new simulation____:
Epot,Ekin,T,Etot,bulk_modulus,interface_energy,substrate_alloy_ratio,film_alloy_ratio,substrate_lattice,film_lattice,Etot_substrate,Etot_film,substrate_atoms,substrate_structure,substrate_alloying_atoms,film_atoms,film_structure,film_alloying_atoms
0.22319235653574884,0.07834119102052137,606.0747196238198,0.3015335475562702,120.4416202701381,-0.1309113213517983,0.5,0.5,3.9899999999999998,3.9899999999999998,0.5621675789838909,0.0011886112759759166,Cu,fcc,Ni,Al,fcc,Pt
Simulation data saved to file:  output_data.txt
-----End of simulation.-----
____Starting new simulation____:
Epot,Ekin,T,Etot,bulk_modulus,interface_energy,substrate_alloy_ratio,film_alloy_ratio,substrate_lattice,film_lattice,Etot_substrate,Etot_film,substrate_atoms,substrate_structure,substrate_alloying_atoms,film_atoms,film_structure,film_alloying_atoms
0.2285059088664436,0.0783259194302791,605.9565732865772,0.3068318282967227,118.34161303480994,-0.1331722596250807,0.5,0.5,4.0,4.0,0.5733439979016096,-0.0001676503547255449,Cu,fcc,Ni,Al,fcc,Pt
Simulation data saved to file:  output_data.txt
-----End of simulation.-----
mpprun INFO: mpprun v1.10.1 started
mpprun INFO: mpprun srun handler invoked on: /proj/liu-compute-2024-33/software/venv/bin/python3
mpprun WARNING: Using srun handler that just uses srun without setting up the environment; no MPI module will be loaded, etc.
mpprun INFO: Setting env variable: SLURM_KILL_BAD_EXIT=1 (was unset; to override, set to 0 before invoking mpprun)
mpprun INFO: threading env variables set by user: OPENBLAS_NUM_THREADS=1, MKL_NUM_THREADS=1, NUMEXPR_NUM_THREADS=1; set by mpprun: OMP_NUM_THREADS=1
mpprun INFO: mpprun v1.10.1 executing: /usr/bin/srun /proj/liu-compute-2024-33/software/venv/bin/python3 supercomp_main.py -film_lattice 4.14 -substrate_lattice 4.14 -slurm -simulation_method Interface -sc_film_lattice_offset .01 -sc_substrate_lattice_offset .01 -sc
____Starting new simulation____:
Epot,Ekin,T,Etot,bulk_modulus,interface_energy,substrate_alloy_ratio,film_alloy_ratio,substrate_lattice,film_lattice,Etot_substrate,Etot_film,substrate_atoms,substrate_structure,substrate_alloying_atoms,film_atoms,film_structure,film_alloying_atoms
0.7085000661400187,0.29673358842388864,2295.634315284646,1.0052336545639073,74.31200036309656,-0.4690084622496112,0.5,0.5,4.4399999999999995,4.4399999999999995,1.4484845530101245,0.49476602605300546,Cu,fcc,Ni,Al,fcc,Pt
Simulation data saved to file:  output_data.txt
-----End of simulation.-----
____Starting new simulation____:
Equilibrium not reached
-----End of simulation.-----
____Starting new simulation____:
Equilibrium not reached
-----End of simulation.-----
____Starting new simulation____:
Equilibrium not reached
-----End of simulation.-----
____Starting new simulation____:
Equilibrium not reached
-----End of simulation.-----
____Starting new simulation____:
Equilibrium not reached
-----End of simulation.-----
____Starting new simulation____:
Epot,Ekin,T,Etot,bulk_modulus,interface_energy,substrate_alloy_ratio,film_alloy_ratio,substrate_lattice,film_lattice,Etot_substrate,Etot_film,substrate_atoms,substrate_structure,substrate_alloying_atoms,film_atoms,film_structure,film_alloying_atoms
0.6371690359951537,0.25177447452570567,1947.8149625862823,0.8889435105208594,78.93064291917167,-0.41244511315259025,0.5,0.5,4.38,4.38,1.327549198543414,0.38628453828262593,Cu,fcc,Ni,Al,fcc,Pt
Simulation data saved to file:  output_data.txt
-----End of simulation.-----
____Starting new simulation____:
Epot,Ekin,T,Etot,bulk_modulus,interface_energy,substrate_alloy_ratio,film_alloy_ratio,substrate_lattice,film_lattice,Etot_substrate,Etot_film,substrate_atoms,substrate_structure,substrate_alloying_atoms,film_atoms,film_structure,film_alloying_atoms
0.6626302704986355,0.2623317118583974,2029.489424935689,0.924961982357033,76.29871643944625,-0.4300473631305795,0.5,0.5,4.3999999999999995,4.3999999999999995,1.3703748450724016,0.4146818635457904,Cu,fcc,Ni,Al,fcc,Pt
Simulation data saved to file:  output_data.txt
-----End of simulation.-----
____Starting new simulation____:
Epot,Ekin,T,Etot,bulk_modulus,interface_energy,substrate_alloy_ratio,film_alloy_ratio,substrate_lattice,film_lattice,Etot_substrate,Etot_film,substrate_atoms,substrate_structure,substrate_alloying_atoms,film_atoms,film_structure,film_alloying_atoms
0.6227024550548502,0.24132892714926993,1867.0045726110739,0.8640313822041201,79.14982569943186,-0.40075038762985904,0.5,0.5,4.37,4.37,1.3084162061274809,0.35711595133635726,Cu,fcc,Ni,Al,fcc,Pt
Simulation data saved to file:  output_data.txt
-----End of simulation.-----
____Starting new simulation____:
Epot,Ekin,T,Etot,bulk_modulus,interface_energy,substrate_alloy_ratio,film_alloy_ratio,substrate_lattice,film_lattice,Etot_substrate,Etot_film,substrate_atoms,substrate_structure,substrate_alloying_atoms,film_atoms,film_structure,film_alloying_atoms
0.5784147721568071,0.21520867840932908,1664.929237460537,0.7936234505661363,84.40452677974325,-0.36656195388199536,0.5,0.5,4.33,4.33,1.2323047262399043,0.2944426320902227,Cu,fcc,Ni,Al,fcc,Pt
Simulation data saved to file:  output_data.txt
-----End of simulation.-----
____Starting new simulation____:
Equilibrium not reached
-----End of simulation.-----
____Starting new simulation____:
Epot,Ekin,T,Etot,bulk_modulus,interface_energy,substrate_alloy_ratio,film_alloy_ratio,substrate_lattice,film_lattice,Etot_substrate,Etot_film,substrate_atoms,substrate_structure,substrate_alloying_atoms,film_atoms,film_structure,film_alloying_atoms
0.6749637347372069,0.2714190967714486,2099.7925973989277,0.9463828315086555,75.29970077462272,-0.440911551860642,0.5,0.5,4.41,4.41,1.3896797728490147,0.43852616238092496,Cu,fcc,Ni,Al,fcc,Pt
Simulation data saved to file:  output_data.txt
-----End of simulation.-----
____Starting new simulation____:
Epot,Ekin,T,Etot,bulk_modulus,interface_energy,substrate_alloy_ratio,film_alloy_ratio,substrate_lattice,film_lattice,Etot_substrate,Etot_film,substrate_atoms,substrate_structure,substrate_alloying_atoms,film_atoms,film_structure,film_alloying_atoms
0.5564758949376596,0.20266065965599564,1567.853397168948,0.7591365545936553,85.95631958550378,-0.35007876658336456,0.5,0.5,4.31,4.31,1.1944291543719046,0.2648649333884799,Cu,fcc,Ni,Al,fcc,Pt
Simulation data saved to file:  output_data.txt
-----End of simulation.-----
____Starting new simulation____:
Equilibrium not reached
-----End of simulation.-----
____Starting new simulation____:
Epot,Ekin,T,Etot,bulk_modulus,interface_energy,substrate_alloy_ratio,film_alloy_ratio,substrate_lattice,film_lattice,Etot_substrate,Etot_film,substrate_atoms,substrate_structure,substrate_alloying_atoms,film_atoms,film_structure,film_alloying_atoms
0.5289759368837436,0.19170791647219232,1483.1191639033798,0.7206838533559359,89.00051589020383,-0.331184761149699,0.5,0.5,4.29,4.29,1.1516428081349521,0.23141056752038178,Cu,fcc,Ni,Al,fcc,Pt
Simulation data saved to file:  output_data.txt
-----End of simulation.-----
____Starting new simulation____:
Epot,Ekin,T,Etot,bulk_modulus,interface_energy,substrate_alloy_ratio,film_alloy_ratio,substrate_lattice,film_lattice,Etot_substrate,Etot_film,substrate_atoms,substrate_structure,substrate_alloying_atoms,film_atoms,film_structure,film_alloying_atoms
0.595351506236113,0.22919744606909445,1773.1512127309181,0.8245489523052074,81.30352920007294,-0.38149290255233625,0.5,0.5,4.35,4.35,1.2631045138980548,0.3244302435118251,Cu,fcc,Ni,Al,fcc,Pt
Simulation data saved to file:  output_data.txt
-----End of simulation.-----
____Starting new simulation____:
Epot,Ekin,T,Etot,bulk_modulus,interface_energy,substrate_alloy_ratio,film_alloy_ratio,substrate_lattice,film_lattice,Etot_substrate,Etot_film,substrate_atoms,substrate_structure,substrate_alloying_atoms,film_atoms,film_structure,film_alloying_atoms
0.5175991892321445,0.18864465737744338,1459.4207254088878,0.7062438466095879,90.70604648257654,-0.32377580915118465,0.5,0.5,4.279999999999999,4.279999999999999,1.1313249000095316,0.22247056490242628,Cu,fcc,Ni,Al,fcc,Pt
Simulation data saved to file:  output_data.txt
-----End of simulation.-----
____Starting new simulation____:
Equilibrium not reached
-----End of simulation.-----
____Starting new simulation____:
Epot,Ekin,T,Etot,bulk_modulus,interface_energy,substrate_alloy_ratio,film_alloy_ratio,substrate_lattice,film_lattice,Etot_substrate,Etot_film,substrate_atoms,substrate_structure,substrate_alloying_atoms,film_atoms,film_structure,film_alloying_atoms
0.5664711297871751,0.20890063831423925,1616.128043832961,0.7753717681014143,85.54459182355997,-0.3579119645317509,0.5,0.5,4.319999999999999,4.319999999999999,1.2130677323422956,0.2781279648226205,Cu,fcc,Ni,Al,fcc,Pt
Simulation data saved to file:  output_data.txt
-----End of simulation.-----
____Starting new simulation____:
Epot,Ekin,T,Etot,bulk_modulus,interface_energy,substrate_alloy_ratio,film_alloy_ratio,substrate_lattice,film_lattice,Etot_substrate,Etot_film,substrate_atoms,substrate_structure,substrate_alloying_atoms,film_atoms,film_structure,film_alloying_atoms
0.46536105114229354,0.1640923375977503,1269.4754343972422,0.6294533887400439,94.8739518668231,-0.28681916744253144,0.5,0.5,4.239999999999999,4.239999999999999,1.0423611967373214,0.16073052688778536,Cu,fcc,Ni,Al,fcc,Pt
Simulation data saved to file:  output_data.txt
-----End of simulation.-----
____Starting new simulation____:
Equilibrium not reached
-----End of simulation.-----
____Starting new simulation____:
Epot,Ekin,T,Etot,bulk_modulus,interface_energy,substrate_alloy_ratio,film_alloy_ratio,substrate_lattice,film_lattice,Etot_substrate,Etot_film,substrate_atoms,substrate_structure,substrate_alloying_atoms,film_atoms,film_structure,film_alloying_atoms
0.424049104686285,0.14690336714021,1136.495576483837,0.570952471826495,100.69590512361358,-0.25878807163730955,0.5,0.5,4.199999999999999,4.199999999999999,0.9685259640367719,0.12000265106434216,Cu,fcc,Ni,Al,fcc,Pt
Simulation data saved to file:  output_data.txt
-----End of simulation.-----
____Starting new simulation____:
Equilibrium not reached
-----End of simulation.-----
____Starting new simulation____:
Equilibrium not reached
-----End of simulation.-----
____Starting new simulation____:
Epot,Ekin,T,Etot,bulk_modulus,interface_energy,substrate_alloy_ratio,film_alloy_ratio,substrate_lattice,film_lattice,Etot_substrate,Etot_film,substrate_atoms,substrate_structure,substrate_alloying_atoms,film_atoms,film_structure,film_alloying_atoms
0.4581112746370291,0.16029723261023276,1240.1151813644522,0.6184085072472618,96.09499535448148,-0.28175281766850596,0.5,0.5,4.2299999999999995,4.2299999999999995,1.0322591254767093,0.1496550171075645,Cu,fcc,Ni,Al,fcc,Pt
Simulation data saved to file:  output_data.txt
-----End of simulation.-----
____Starting new simulation____:
Epot,Ekin,T,Etot,bulk_modulus,interface_energy,substrate_alloy_ratio,film_alloy_ratio,substrate_lattice,film_lattice,Etot_substrate,Etot_film,substrate_atoms,substrate_structure,substrate_alloying_atoms,film_atoms,film_structure,film_alloying_atoms
0.4857806585196384,0.16996406230406316,1314.901140321915,0.6557447208237016,93.48285583382186,-0.3002827477154751,0.5,0.5,4.25,4.25,1.0828658754242044,0.17344434083044732,Cu,fcc,Ni,Al,fcc,Pt
Simulation data saved to file:  output_data.txt
-----End of simulation.-----
____Starting new simulation____:
Equilibrium not reached
-----End of simulation.-----
____Starting new simulation____:
Equilibrium not reached
-----End of simulation.-----
____Starting new simulation____:
Equilibrium not reached
-----End of simulation.-----
____Starting new simulation____:
Epot,Ekin,T,Etot,bulk_modulus,interface_energy,substrate_alloy_ratio,film_alloy_ratio,substrate_lattice,film_lattice,Etot_substrate,Etot_film,substrate_atoms,substrate_structure,substrate_alloying_atoms,film_atoms,film_structure,film_alloying_atoms
0.38546254789696766,0.12271727202293756,949.383526921607,0.5081798199199052,104.5614233085962,-0.22848375885951058,0.5,0.5,4.159999999999999,4.159999999999999,0.8870445429372209,0.07810279470170549,Cu,fcc,Ni,Al,fcc,Pt
Simulation data saved to file:  output_data.txt
-----End of simulation.-----
____Starting new simulation____:
Epot,Ekin,T,Etot,bulk_modulus,interface_energy,substrate_alloy_ratio,film_alloy_ratio,substrate_lattice,film_lattice,Etot_substrate,Etot_film,substrate_atoms,substrate_structure,substrate_alloying_atoms,film_atoms,film_structure,film_alloying_atoms
0.37058002012427066,0.12274472171432203,949.5958872877552,0.4933247418385927,105.72873136319322,-0.22119108914947633,0.5,0.5,4.1499999999999995,4.1499999999999995,0.8667692461043819,0.06893767403316345,Cu,fcc,Ni,Al,fcc,Pt
Simulation data saved to file:  output_data.txt
-----End of simulation.-----
____Starting new simulation____:
Equilibrium not reached
-----End of simulation.-----
mpprun INFO: mpprun v1.10.1 started
mpprun INFO: mpprun srun handler invoked on: /proj/liu-compute-2024-33/software/venv/bin/python3
mpprun WARNING: Using srun handler that just uses srun without setting up the environment; no MPI module will be loaded, etc.
mpprun INFO: Setting env variable: SLURM_KILL_BAD_EXIT=1 (was unset; to override, set to 0 before invoking mpprun)
mpprun INFO: threading env variables set by user: OPENBLAS_NUM_THREADS=1, MKL_NUM_THREADS=1, NUMEXPR_NUM_THREADS=1; set by mpprun: OMP_NUM_THREADS=1
mpprun INFO: mpprun v1.10.1 executing: /usr/bin/srun /proj/liu-compute-2024-33/software/venv/bin/python3 supercomp_main.py -film_lattice 4.46 -substrate_lattice 4.46 -slurm -simulation_method Interface -sc_film_lattice_offset .01 -sc_substrate_lattice_offset .01 -sc
____Starting new simulation____:
Equilibrium not reached
-----End of simulation.-----
____Starting new simulation____:
Equilibrium not reached
-----End of simulation.-----
____Starting new simulation____:
Equilibrium not reached
-----End of simulation.-----
____Starting new simulation____:
Equilibrium not reached
-----End of simulation.-----
____Starting new simulation____:
Equilibrium not reached
-----End of simulation.-----
____Starting new simulation____:
Epot,Ekin,T,Etot,bulk_modulus,interface_energy,substrate_alloy_ratio,film_alloy_ratio,substrate_lattice,film_lattice,Etot_substrate,Etot_film,substrate_atoms,substrate_structure,substrate_alloying_atoms,film_atoms,film_structure,film_alloying_atoms
1.0157218457434873,0.6123138677797435,4737.073191026333,1.6280357135232308,50.788586257674304,-0.7814601784661425,0.5,0.5,4.77,4.77,2.059642555929951,1.1313135145255646,Cu,fcc,Ni,Al,fcc,Pt
Simulation data saved to file:  output_data.txt
-----End of simulation.-----
____Starting new simulation____:
Equilibrium not reached
-----End of simulation.-----
____Starting new simulation____:
Equilibrium not reached
-----End of simulation.-----
____Starting new simulation____:
Equilibrium not reached
-----End of simulation.-----
____Starting new simulation____:
Equilibrium not reached
-----End of simulation.-----
____Starting new simulation____:
Equilibrium not reached
-----End of simulation.-----
____Starting new simulation____:
Equilibrium not reached
-----End of simulation.-----
____Starting new simulation____:
Epot,Ekin,T,Etot,bulk_modulus,interface_energy,substrate_alloy_ratio,film_alloy_ratio,substrate_lattice,film_lattice,Etot_substrate,Etot_film,substrate_atoms,substrate_structure,substrate_alloying_atoms,film_atoms,film_structure,film_alloying_atoms
0.9229715947071887,0.4896994126258657,3788.485091188183,1.4126710073330544,56.37529308318415,-0.671951781389267,0.5,0.5,4.66,4.66,1.8709610473476017,0.8856135227639867,Cu,fcc,Ni,Al,fcc,Pt
Simulation data saved to file:  output_data.txt
-----End of simulation.-----
____Starting new simulation____:
Equilibrium not reached
-----End of simulation.-----
____Starting new simulation____:
Equilibrium not reached
-----End of simulation.-----
____Starting new simulation____:
Equilibrium not reached
-----End of simulation.-----
____Starting new simulation____:
Equilibrium not reached
-----End of simulation.-----
____Starting new simulation____:
Epot,Ekin,T,Etot,bulk_modulus,interface_energy,substrate_alloy_ratio,film_alloy_ratio,substrate_lattice,film_lattice,Etot_substrate,Etot_film,substrate_atoms,substrate_structure,substrate_alloying_atoms,film_atoms,film_structure,film_alloying_atoms
0.947636077150157,0.5158909811919951,3991.1121813362856,1.463527058342152,54.06081445575108,-0.6979736978629667,0.5,0.5,4.69,4.69,1.9377145962457876,0.9217598578222979,Cu,fcc,Ni,Al,fcc,Pt
Simulation data saved to file:  output_data.txt
-----End of simulation.-----
____Starting new simulation____:
Epot,Ekin,T,Etot,bulk_modulus,interface_energy,substrate_alloy_ratio,film_alloy_ratio,substrate_lattice,film_lattice,Etot_substrate,Etot_film,substrate_atoms,substrate_structure,substrate_alloying_atoms,film_atoms,film_structure,film_alloying_atoms
0.8615712355798897,0.4216507083032837,3262.0366308594444,1.2832219438831733,61.526797553908146,-0.6068797364032306,0.5,0.5,4.59,4.59,1.7421443355631856,0.7548370811264478,Cu,fcc,Ni,Al,fcc,Pt
Simulation data saved to file:  output_data.txt
-----End of simulation.-----
____Starting new simulation____:
Equilibrium not reached
-----End of simulation.-----
____Starting new simulation____:
Equilibrium not reached
-----End of simulation.-----
____Starting new simulation____:
Equilibrium not reached
-----End of simulation.-----
____Starting new simulation____:
Epot,Ekin,T,Etot,bulk_modulus,interface_energy,substrate_alloy_ratio,film_alloy_ratio,substrate_lattice,film_lattice,Etot_substrate,Etot_film,substrate_atoms,substrate_structure,substrate_alloying_atoms,film_atoms,film_structure,film_alloying_atoms
0.8560471358638062,0.41584516002687827,3217.1228888285978,1.2718922958906844,62.22415150656621,-0.6010350357937011,0.5,0.5,4.58,4.58,1.7223472547219312,0.7516151127561553,Cu,fcc,Ni,Al,fcc,Pt
Simulation data saved to file:  output_data.txt
-----End of simulation.-----
____Starting new simulation____:
Equilibrium not reached
-----End of simulation.-----
____Starting new simulation____:
Epot,Ekin,T,Etot,bulk_modulus,interface_energy,substrate_alloy_ratio,film_alloy_ratio,substrate_lattice,film_lattice,Etot_substrate,Etot_film,substrate_atoms,substrate_structure,substrate_alloying_atoms,film_atoms,film_structure,film_alloying_atoms
0.7795109226013232,0.3574728179787014,2765.5341348183697,1.1369837405800245,66.92722067116293,-0.5338107254476256,0.5,0.5,4.51,4.51,1.5930669306521248,0.611538260823151,Cu,fcc,Ni,Al,fcc,Pt
Simulation data saved to file:  output_data.txt
-----End of simulation.-----
____Starting new simulation____:
Epot,Ekin,T,Etot,bulk_modulus,interface_energy,substrate_alloy_ratio,film_alloy_ratio,substrate_lattice,film_lattice,Etot_substrate,Etot_film,substrate_atoms,substrate_structure,substrate_alloying_atoms,film_atoms,film_structure,film_alloying_atoms
0.8126301806152176,0.38123464654625877,2949.363910690161,1.1938648271614765,64.71706317007278,-0.5624476194813257,0.5,0.5,4.54,4.54,1.651058574985262,0.6677014911388658,Cu,fcc,Ni,Al,fcc,Pt
Simulation data saved to file:  output_data.txt
-----End of simulation.-----
____Starting new simulation____:
Equilibrium not reached
-----End of simulation.-----
____Starting new simulation____:
Equilibrium not reached
-----End of simulation.-----
____Starting new simulation____:
Equilibrium not reached
-----End of simulation.-----
____Starting new simulation____:
Epot,Ekin,T,Etot,bulk_modulus,interface_energy,substrate_alloy_ratio,film_alloy_ratio,substrate_lattice,film_lattice,Etot_substrate,Etot_film,substrate_atoms,substrate_structure,substrate_alloying_atoms,film_atoms,film_structure,film_alloying_atoms
0.7456111507237965,0.32889886925791917,2544.476122629647,1.0745100199817157,69.62349933818062,-0.5031468754437496,0.5,0.5,4.4799999999999995,4.4799999999999995,1.5250679202502055,0.5557358506190092,Cu,fcc,Ni,Al,fcc,Pt
Simulation data saved to file:  output_data.txt
-----End of simulation.-----
____Starting new simulation____:
Epot,Ekin,T,Etot,bulk_modulus,interface_energy,substrate_alloy_ratio,film_alloy_ratio,substrate_lattice,film_lattice,Etot_substrate,Etot_film,substrate_atoms,substrate_structure,substrate_alloying_atoms,film_atoms,film_structure,film_alloying_atoms
0.7453578649857866,0.3207673882006095,2481.5681550874583,1.066125253186396,70.07884018072335,-0.49880877744509483,0.5,0.5,4.47,4.47,1.5190447951603447,0.544698012916241,Cu,fcc,Ni,Al,fcc,Pt
Simulation data saved to file:  output_data.txt
-----End of simulation.-----
____Starting new simulation____:
Epot,Ekin,T,Etot,bulk_modulus,interface_energy,substrate_alloy_ratio,film_alloy_ratio,substrate_lattice,film_lattice,Etot_substrate,Etot_film,substrate_atoms,substrate_structure,substrate_alloying_atoms,film_atoms,film_structure,film_alloying_atoms
0.73388903016488,0.309106930861445,2391.3587988029917,1.042995961026325,72.06329939792161,-0.48804793932827484,0.5,0.5,4.46,4.46,1.4907520918339412,0.5283397478489336,Cu,fcc,Ni,Al,fcc,Pt
Simulation data saved to file:  output_data.txt
-----End of simulation.-----
mpprun INFO: mpprun v1.10.1 started
mpprun INFO: mpprun srun handler invoked on: /proj/liu-compute-2024-33/software/venv/bin/python3
mpprun WARNING: Using srun handler that just uses srun without setting up the environment; no MPI module will be loaded, etc.
mpprun INFO: Setting env variable: SLURM_KILL_BAD_EXIT=1 (was unset; to override, set to 0 before invoking mpprun)
mpprun INFO: threading env variables set by user: OPENBLAS_NUM_THREADS=1, MKL_NUM_THREADS=1, NUMEXPR_NUM_THREADS=1; set by mpprun: OMP_NUM_THREADS=1
mpprun INFO: mpprun v1.10.1 executing: /usr/bin/srun /proj/liu-compute-2024-33/software/venv/bin/python3 supercomp_main.py -film_lattice 4.78 -substrate_lattice 4.78 -slurm -simulation_method Interface -sc_film_lattice_offset .01 -sc_substrate_lattice_offset .01 -sc
____Starting new simulation____:
Equilibrium not reached
-----End of simulation.-----
____Starting new simulation____:
Equilibrium not reached
-----End of simulation.-----
____Starting new simulation____:
Equilibrium not reached
-----End of simulation.-----
____Starting new simulation____:
Equilibrium not reached
-----End of simulation.-----
____Starting new simulation____:
Equilibrium not reached
-----End of simulation.-----
____Starting new simulation____:
Equilibrium not reached
-----End of simulation.-----
____Starting new simulation____:
Equilibrium not reached
-----End of simulation.-----
____Starting new simulation____:
Equilibrium not reached
-----End of simulation.-----
____Starting new simulation____:
Equilibrium not reached
-----End of simulation.-----
____Starting new simulation____:
Equilibrium not reached
-----End of simulation.-----
____Starting new simulation____:
Equilibrium not reached
-----End of simulation.-----
____Starting new simulation____:
Epot,Ekin,T,Etot,bulk_modulus,interface_energy,substrate_alloy_ratio,film_alloy_ratio,substrate_lattice,film_lattice,Etot_substrate,Etot_film,substrate_atoms,substrate_structure,substrate_alloying_atoms,film_atoms,film_structure,film_alloying_atoms
1.233889059036384,0.9412454138578666,7281.802112909927,2.1751344728942508,37.4500787995331,-1.0552270216056137,0.5,0.5,5.09,5.09,2.5649530719723037,1.7206354441331742,Cu,fcc,Ni,Al,fcc,Pt
Simulation data saved to file:  output_data.txt
-----End of simulation.-----
____Starting new simulation____:
Equilibrium not reached
-----End of simulation.-----
____Starting new simulation____:
Epot,Ekin,T,Etot,bulk_modulus,interface_energy,substrate_alloy_ratio,film_alloy_ratio,substrate_lattice,film_lattice,Etot_substrate,Etot_film,substrate_atoms,substrate_structure,substrate_alloying_atoms,film_atoms,film_structure,film_alloying_atoms
1.1416307395979957,0.778700917138914,6024.301314262017,1.9203316567369098,42.525427427916384,-0.9295660729503745,0.5,0.5,4.94,4.94,2.349882421634652,1.4295813810030067,Cu,fcc,Ni,Al,fcc,Pt
Simulation data saved to file:  output_data.txt
-----End of simulation.-----
____Starting new simulation____:
Equilibrium not reached
-----End of simulation.-----
____Starting new simulation____:
Equilibrium not reached
-----End of simulation.-----
____Starting new simulation____:
Equilibrium not reached
-----End of simulation.-----
____Starting new simulation____:
Equilibrium not reached
-----End of simulation.-----
____Starting new simulation____:
Equilibrium not reached
-----End of simulation.-----
____Starting new simulation____:
Equilibrium not reached
-----End of simulation.-----
____Starting new simulation____:
Equilibrium not reached
-----End of simulation.-----
____Starting new simulation____:
Equilibrium not reached
-----End of simulation.-----
____Starting new simulation____:
Equilibrium not reached
-----End of simulation.-----
____Starting new simulation____:
Equilibrium not reached
-----End of simulation.-----
____Starting new simulation____:
Equilibrium not reached
-----End of simulation.-----
____Starting new simulation____:
Equilibrium not reached
-----End of simulation.-----
____Starting new simulation____:
Equilibrium not reached
-----End of simulation.-----
____Starting new simulation____:
Equilibrium not reached
-----End of simulation.-----
____Starting new simulation____:
Equilibrium not reached
-----End of simulation.-----
____Starting new simulation____:
Equilibrium not reached
-----End of simulation.-----
____Starting new simulation____:
Epot,Ekin,T,Etot,bulk_modulus,interface_energy,substrate_alloy_ratio,film_alloy_ratio,substrate_lattice,film_lattice,Etot_substrate,Etot_film,substrate_atoms,substrate_structure,substrate_alloying_atoms,film_atoms,film_structure,film_alloying_atoms
1.0422354692146873,0.6414520621732859,4962.496404119744,1.6836875313879731,49.21689419118927,-0.8095185292111544,0.5,0.5,4.8,4.8,2.1252233180605185,1.1775012717497626,Cu,fcc,Ni,Al,fcc,Pt
Simulation data saved to file:  output_data.txt
-----End of simulation.-----
____Starting new simulation____:
Equilibrium not reached
-----End of simulation.-----
mpprun INFO: mpprun v1.10.1 started
mpprun INFO: mpprun srun handler invoked on: /proj/liu-compute-2024-33/software/venv/bin/python3
mpprun WARNING: Using srun handler that just uses srun without setting up the environment; no MPI module will be loaded, etc.
mpprun INFO: Setting env variable: SLURM_KILL_BAD_EXIT=1 (was unset; to override, set to 0 before invoking mpprun)
mpprun INFO: threading env variables set by user: OPENBLAS_NUM_THREADS=1, MKL_NUM_THREADS=1, NUMEXPR_NUM_THREADS=1; set by mpprun: OMP_NUM_THREADS=1
mpprun INFO: mpprun v1.10.1 executing: /usr/bin/srun /proj/liu-compute-2024-33/software/venv/bin/python3 supercomp_main.py -film_lattice 5.10 -substrate_lattice 5.10 -slurm -simulation_method Interface -sc_film_lattice_offset .01 -sc_substrate_lattice_offset .01 -sc
____Starting new simulation____:
Equilibrium not reached
-----End of simulation.-----
____Starting new simulation____:
Equilibrium not reached
-----End of simulation.-----
____Starting new simulation____:
Equilibrium not reached
-----End of simulation.-----
____Starting new simulation____:
Equilibrium not reached
-----End of simulation.-----
____Starting new simulation____:
Equilibrium not reached
-----End of simulation.-----
____Starting new simulation____:
Equilibrium not reached
-----End of simulation.-----
____Starting new simulation____:
Equilibrium not reached
-----End of simulation.-----
____Starting new simulation____:
Equilibrium not reached
-----End of simulation.-----
____Starting new simulation____:
Equilibrium not reached
-----End of simulation.-----
____Starting new simulation____:
Equilibrium not reached
-----End of simulation.-----
____Starting new simulation____:
Equilibrium not reached
-----End of simulation.-----
____Starting new simulation____:
Equilibrium not reached
-----End of simulation.-----
____Starting new simulation____:
Equilibrium not reached
-----End of simulation.-----
____Starting new simulation____:
Equilibrium not reached
-----End of simulation.-----
____Starting new simulation____:
Equilibrium not reached
-----End of simulation.-----
____Starting new simulation____:
Equilibrium not reached
-----End of simulation.-----
____Starting new simulation____:
Equilibrium not reached
-----End of simulation.-----
____Starting new simulation____:
Equilibrium not reached
-----End of simulation.-----
____Starting new simulation____:
Equilibrium not reached
-----End of simulation.-----
____Starting new simulation____:
Equilibrium not reached
-----End of simulation.-----
____Starting new simulation____:
Equilibrium not reached
-----End of simulation.-----
____Starting new simulation____:
Equilibrium not reached
-----End of simulation.-----
____Starting new simulation____:
Equilibrium not reached
-----End of simulation.-----
____Starting new simulation____:
Equilibrium not reached
-----End of simulation.-----
____Starting new simulation____:
Equilibrium not reached
-----End of simulation.-----
____Starting new simulation____:
Equilibrium not reached
-----End of simulation.-----
____Starting new simulation____:
Equilibrium not reached
-----End of simulation.-----
____Starting new simulation____:
Equilibrium not reached
-----End of simulation.-----
____Starting new simulation____:
Equilibrium not reached
-----End of simulation.-----
____Starting new simulation____:
Equilibrium not reached
-----End of simulation.-----
____Starting new simulation____:
Equilibrium not reached
-----End of simulation.-----
____Starting new simulation____:
Equilibrium not reached
-----End of simulation.-----
job completed
