mpprun INFO: mpprun v1.10.1 started
mpprun INFO: mpprun srun handler invoked on: /proj/liu-compute-2024-33/software/venv/bin/python3
mpprun WARNING: Using srun handler that just uses srun without setting up the environment; no MPI module will be loaded, etc.
mpprun INFO: Setting env variable: SLURM_KILL_BAD_EXIT=1 (was unset; to override, set to 0 before invoking mpprun)
mpprun INFO: threading env variables set by user: OPENBLAS_NUM_THREADS=1, MKL_NUM_THREADS=1, NUMEXPR_NUM_THREADS=1; set by mpprun: OMP_NUM_THREADS=1
mpprun INFO: mpprun v1.10.1 executing: /usr/bin/srun /proj/liu-compute-2024-33/software/venv/bin/python3 supercomp_main.py -slurm -simulation_method Interface -lattice_interpolation -film_alloy_ratio 0 -sc_film_alloy_ratio_offset .01 -sc
____Starting new simulation____:
Epot,Ekin,T,Etot,bulk_modulus,interface_energy,substrate_alloy_ratio,film_alloy_ratio,substrate_lattice,film_lattice,Etot_substrate,Etot_film,substrate_atoms,substrate_structure,substrate_alloying_atoms,film_atoms,film_structure,film_alloying_atoms
0.07423104872580437,0.02907899042613621,224.96519059619158,0.10331003915194058,135.51214482942856,-0.011651446908733432,0,0.01,4.08,3.8706,0.12659999580790668,1.2937161500755635e-05,Ag,fcc,Cu,Pd,fcc,Pt
Simulation data saved to file:  output_data.txt
-----End of simulation.-----
____Starting new simulation____:
Epot,Ekin,T,Etot,bulk_modulus,interface_energy,substrate_alloy_ratio,film_alloy_ratio,substrate_lattice,film_lattice,Etot_substrate,Etot_film,substrate_atoms,substrate_structure,substrate_alloying_atoms,film_atoms,film_structure,film_alloying_atoms
0.07487700415878652,0.028935376451867924,223.85414290780614,0.10381238061065445,135.12920708541674,-0.011922900239814758,0,0.0,4.08,3.87,0.12745883867575025,0.0001993424145337166,Ag,fcc,Cu,Pd,fcc,Pt
Simulation data saved to file:  output_data.txt
-----End of simulation.-----
____Starting new simulation____:
Epot,Ekin,T,Etot,bulk_modulus,interface_energy,substrate_alloy_ratio,film_alloy_ratio,substrate_lattice,film_lattice,Etot_substrate,Etot_film,substrate_atoms,substrate_structure,substrate_alloying_atoms,film_atoms,film_structure,film_alloying_atoms
0.07294348416363883,0.029376378522595788,227.26588841343548,0.10231986268623461,136.33686627578987,-0.0111032107636296,0,0.03,4.08,3.8718,0.12489217239946504,-0.0003658881859712321,Ag,fcc,Cu,Pd,fcc,Pt
Simulation data saved to file:  output_data.txt
-----End of simulation.-----
____Starting new simulation____:
Epot,Ekin,T,Etot,bulk_modulus,interface_energy,substrate_alloy_ratio,film_alloy_ratio,substrate_lattice,film_lattice,Etot_substrate,Etot_film,substrate_atoms,substrate_structure,substrate_alloying_atoms,film_atoms,film_structure,film_alloying_atoms
0.07222826044713222,0.029572733889267407,228.78496186958142,0.10180099433639964,136.856967745721,-0.010830125743934368,0,0.04,4.08,3.8724000000000003,0.12404318513574533,-0.0005819393114769579,Ag,fcc,Cu,Pd,fcc,Pt
Simulation data saved to file:  output_data.txt
-----End of simulation.-----
____Starting new simulation____:
Epot,Ekin,T,Etot,bulk_modulus,interface_energy,substrate_alloy_ratio,film_alloy_ratio,substrate_lattice,film_lattice,Etot_substrate,Etot_film,substrate_atoms,substrate_structure,substrate_alloying_atoms,film_atoms,film_structure,film_alloying_atoms
0.07349012815059347,0.02930231092993359,226.69287573809598,0.10279243908052706,135.98523656969252,-0.011375526717850255,0,0.02,4.08,3.8712,0.1257444415017944,-0.00020094898556682683,Ag,fcc,Cu,Pd,fcc,Pt
Simulation data saved to file:  output_data.txt
-----End of simulation.-----
____Starting new simulation____:
Epot,Ekin,T,Etot,bulk_modulus,interface_energy,substrate_alloy_ratio,film_alloy_ratio,substrate_lattice,film_lattice,Etot_substrate,Etot_film,substrate_atoms,substrate_structure,substrate_alloying_atoms,film_atoms,film_structure,film_alloying_atoms
0.07059999658668546,0.02967877634571327,229.60534321969152,0.10027877293239873,138.50978734840902,-0.010001819323639187,0,0.07,4.08,3.8742,0.12151588061050236,-0.001233469030825265,Ag,fcc,Cu,Pd,fcc,Pt
Simulation data saved to file:  output_data.txt
-----End of simulation.-----
____Starting new simulation____:
Epot,Ekin,T,Etot,bulk_modulus,interface_energy,substrate_alloy_ratio,film_alloy_ratio,substrate_lattice,film_lattice,Etot_substrate,Etot_film,substrate_atoms,substrate_structure,substrate_alloying_atoms,film_atoms,film_structure,film_alloying_atoms
0.07161679753065484,0.029687810640903017,229.67523567157792,0.10130460817155786,137.3901727401288,-0.010551686866089365,0,0.05,4.08,3.873,0.12319747633807336,-0.000789494434336777,Ag,fcc,Cu,Pd,fcc,Pt
Simulation data saved to file:  output_data.txt
-----End of simulation.-----
____Starting new simulation____:
Epot,Ekin,T,Etot,bulk_modulus,interface_energy,substrate_alloy_ratio,film_alloy_ratio,substrate_lattice,film_lattice,Etot_substrate,Etot_film,substrate_atoms,substrate_structure,substrate_alloying_atoms,film_atoms,film_structure,film_alloying_atoms
0.06997043795262689,0.029881770532356015,231.1757768977108,0.09985220848498291,138.95231974174078,-0.009706838406624833,0,0.08,4.08,3.8748,0.12067998689439427,-0.0014141015961616889,Ag,fcc,Cu,Pd,fcc,Pt
Simulation data saved to file:  output_data.txt
-----End of simulation.-----
____Starting new simulation____:
Epot,Ekin,T,Etot,bulk_modulus,interface_energy,substrate_alloy_ratio,film_alloy_ratio,substrate_lattice,film_lattice,Etot_substrate,Etot_film,substrate_atoms,substrate_structure,substrate_alloying_atoms,film_atoms,film_structure,film_alloying_atoms
0.06963176145725004,0.02971371231108917,229.87562000696224,0.09934547376833922,139.0033312713441,-0.00951870357983247,0,0.09,4.08,3.8754000000000004,0.1198473580712358,-0.0014644771432316382,Ag,fcc,Cu,Pd,fcc,Pt
Simulation data saved to file:  output_data.txt
-----End of simulation.-----
____Starting new simulation____:
Epot,Ekin,T,Etot,bulk_modulus,interface_energy,substrate_alloy_ratio,film_alloy_ratio,substrate_lattice,film_lattice,Etot_substrate,Etot_film,substrate_atoms,substrate_structure,substrate_alloying_atoms,film_atoms,film_structure,film_alloying_atoms
0.06842337772823502,0.029478140703094177,228.05315605910752,0.0979015184313292,140.51558198303331,-0.008724354716761099,0,0.12,4.08,3.8772,0.11736902675485211,-0.002018798890000712,Ag,fcc,Cu,Pd,fcc,Pt
Simulation data saved to file:  output_data.txt
-----End of simulation.-----
____Starting new simulation____:
Epot,Ekin,T,Etot,bulk_modulus,interface_energy,substrate_alloy_ratio,film_alloy_ratio,substrate_lattice,film_lattice,Etot_substrate,Etot_film,substrate_atoms,substrate_structure,substrate_alloying_atoms,film_atoms,film_structure,film_alloying_atoms
0.06866663745245248,0.029686323036673953,229.6637270475157,0.09835296048912644,139.96918983657463,-0.009010390076452962,0,0.11,4.08,3.8766000000000003,0.11819188143158142,-0.0018181407895490644,Ag,fcc,Cu,Pd,fcc,Pt
Simulation data saved to file:  output_data.txt
-----End of simulation.-----
____Starting new simulation____:
Epot,Ekin,T,Etot,bulk_modulus,interface_energy,substrate_alloy_ratio,film_alloy_ratio,substrate_lattice,film_lattice,Etot_substrate,Etot_film,substrate_atoms,substrate_structure,substrate_alloying_atoms,film_atoms,film_structure,film_alloying_atoms
0.06827629327251655,0.029200091971756055,225.90207430132102,0.0974763852442726,140.92111421370376,-0.008449736981800293,0,0.13,4.08,3.8777999999999997,0.11654942325014005,-0.0021735640422668656,Ag,fcc,Cu,Pd,fcc,Pt
Simulation data saved to file:  output_data.txt
-----End of simulation.-----
____Starting new simulation____:
Epot,Ekin,T,Etot,bulk_modulus,interface_energy,substrate_alloy_ratio,film_alloy_ratio,substrate_lattice,film_lattice,Etot_substrate,Etot_film,substrate_atoms,substrate_structure,substrate_alloying_atoms,film_atoms,film_structure,film_alloying_atoms
0.06612813721546623,0.02861821432274594,221.40046629172625,0.09474635153821218,143.0310213749276,-0.007030999675096912,0,0.19,4.08,3.8814,0.11169988259135923,-0.002891531702953223,Ag,fcc,Cu,Pd,fcc,Pt
Simulation data saved to file:  output_data.txt
-----End of simulation.-----
____Starting new simulation____:
Epot,Ekin,T,Etot,bulk_modulus,interface_energy,substrate_alloy_ratio,film_alloy_ratio,substrate_lattice,film_lattice,Etot_substrate,Etot_film,substrate_atoms,substrate_structure,substrate_alloying_atoms,film_atoms,film_structure,film_alloying_atoms
0.06659842132125322,0.02894399685695793,223.92083336183052,0.09554241817821116,142.74519124086046,-0.007487487308031865,0,0.17,4.08,3.8802,0.11330345168608817,-0.0027860588918132904,Ag,fcc,Cu,Pd,fcc,Pt
Simulation data saved to file:  output_data.txt
-----End of simulation.-----
____Starting new simulation____:
Epot,Ekin,T,Etot,bulk_modulus,interface_energy,substrate_alloy_ratio,film_alloy_ratio,substrate_lattice,film_lattice,Etot_substrate,Etot_film,substrate_atoms,substrate_structure,substrate_alloying_atoms,film_atoms,film_structure,film_alloying_atoms
0.0710007577834206,0.02975455858769189,230.19162101890987,0.10075531637111249,138.0395641551355,-0.010277958657862706,0,0.06,4.08,3.8736,0.12235504262590975,-0.0010438089390718578,Ag,fcc,Cu,Pd,fcc,Pt
Simulation data saved to file:  output_data.txt
-----End of simulation.-----
____Starting new simulation____:
Epot,Ekin,T,Etot,bulk_modulus,interface_energy,substrate_alloy_ratio,film_alloy_ratio,substrate_lattice,film_lattice,Etot_substrate,Etot_film,substrate_atoms,substrate_structure,substrate_alloying_atoms,film_atoms,film_structure,film_alloying_atoms
0.06742383613430876,0.02910082540823243,225.13411361714097,0.09652466154254119,142.06921269306636,-0.007932804093566663,0,0.15,4.08,3.879,0.1149199559248341,-0.002529686195159588,Ag,fcc,Cu,Pd,fcc,Pt
Simulation data saved to file:  output_data.txt
-----End of simulation.-----
____Starting new simulation____:
Epot,Ekin,T,Etot,bulk_modulus,interface_energy,substrate_alloy_ratio,film_alloy_ratio,substrate_lattice,film_lattice,Etot_substrate,Etot_film,substrate_atoms,substrate_structure,substrate_alloying_atoms,film_atoms,film_structure,film_alloying_atoms
0.06763430262481358,0.02931865102202355,226.8192883775139,0.09695295364683713,141.72037708888283,-0.008176417826621818,0,0.14,4.08,3.8784,0.11573306746206345,-0.002427278161982683,Ag,fcc,Cu,Pd,fcc,Pt
Simulation data saved to file:  output_data.txt
-----End of simulation.-----
____Starting new simulation____:
Epot,Ekin,T,Etot,bulk_modulus,interface_energy,substrate_alloy_ratio,film_alloy_ratio,substrate_lattice,film_lattice,Etot_substrate,Etot_film,substrate_atoms,substrate_structure,substrate_alloying_atoms,film_atoms,film_structure,film_alloying_atoms
0.0692963787737685,0.0295604639884671,228.6900376465707,0.0988568427622356,139.58562595029028,-0.009239801521631986,0,0.1,4.08,3.8760000000000003,0.11901799072535035,-0.0016815449198507913,Ag,fcc,Cu,Pd,fcc,Pt
Simulation data saved to file:  output_data.txt
-----End of simulation.-----
____Starting new simulation____:
Equilibrium not reached
-----End of simulation.-----
____Starting new simulation____:
Epot,Ekin,T,Etot,bulk_modulus,interface_energy,substrate_alloy_ratio,film_alloy_ratio,substrate_lattice,film_lattice,Etot_substrate,Etot_film,substrate_atoms,substrate_structure,substrate_alloying_atoms,film_atoms,film_structure,film_alloying_atoms
0.06475804212593823,0.027340078552864102,211.5123631332053,0.09209812067880234,146.6069630544279,-0.005495711754419645,0,0.25,4.08,3.885,0.1069665040668514,-0.0038769598792097785,Ag,fcc,Cu,Pd,fcc,Pt
Simulation data saved to file:  output_data.txt
-----End of simulation.-----
____Starting new simulation____:
Epot,Ekin,T,Etot,bulk_modulus,interface_energy,substrate_alloy_ratio,film_alloy_ratio,substrate_lattice,film_lattice,Etot_substrate,Etot_film,substrate_atoms,substrate_structure,substrate_alloying_atoms,film_atoms,film_structure,film_alloying_atoms
0.06608837952954535,0.028240783244017797,218.4805281054718,0.09432916277356315,143.99336300460354,-0.006705788203563025,0,0.2,4.08,3.882,0.11090293994255775,-0.003162200761868545,Ag,fcc,Cu,Pd,fcc,Pt
Simulation data saved to file:  output_data.txt
-----End of simulation.-----
____Starting new simulation____:
Equilibrium not reached
-----End of simulation.-----
____Starting new simulation____:
Epot,Ekin,T,Etot,bulk_modulus,interface_energy,substrate_alloy_ratio,film_alloy_ratio,substrate_lattice,film_lattice,Etot_substrate,Etot_film,substrate_atoms,substrate_structure,substrate_alloying_atoms,film_atoms,film_structure,film_alloying_atoms
0.06708792361127343,0.02902788196142219,224.56979772536022,0.09611580557269561,141.7230706543059,-0.007752580580539591,0,0.16,4.08,3.8796,0.11411008516194049,-0.0024891184281656976,Ag,fcc,Cu,Pd,fcc,Pt
Simulation data saved to file:  output_data.txt
-----End of simulation.-----
____Starting new simulation____:
Epot,Ekin,T,Etot,bulk_modulus,interface_energy,substrate_alloy_ratio,film_alloy_ratio,substrate_lattice,film_lattice,Etot_substrate,Etot_film,substrate_atoms,substrate_structure,substrate_alloying_atoms,film_atoms,film_structure,film_alloying_atoms
0.06505243883157583,0.027914211856282165,215.95405818995584,0.09296665068785799,146.20462721051572,-0.005913842449462393,0,0.23,4.08,3.8838000000000004,0.10853143717378172,-0.003737101586998941,Ag,fcc,Cu,Pd,fcc,Pt
Simulation data saved to file:  output_data.txt
-----End of simulation.-----
____Starting new simulation____:
Epot,Ekin,T,Etot,bulk_modulus,interface_energy,substrate_alloy_ratio,film_alloy_ratio,substrate_lattice,film_lattice,Etot_substrate,Etot_film,substrate_atoms,substrate_structure,substrate_alloying_atoms,film_atoms,film_structure,film_alloying_atoms
0.06397912733921489,0.027241244394170167,210.747747683282,0.09122037173338506,146.93010284079907,-0.005114547898898182,0,0.27,4.08,3.8861999999999997,0.10541439253199522,-0.003964925000813806,Ag,fcc,Cu,Pd,fcc,Pt
Simulation data saved to file:  output_data.txt
-----End of simulation.-----
____Starting new simulation____:
Equilibrium not reached
-----End of simulation.-----
____Starting new simulation____:
Epot,Ekin,T,Etot,bulk_modulus,interface_energy,substrate_alloy_ratio,film_alloy_ratio,substrate_lattice,film_lattice,Etot_substrate,Etot_film,substrate_atoms,substrate_structure,substrate_alloying_atoms,film_atoms,film_structure,film_alloying_atoms
0.06321123405342205,0.026402047721894414,204.25543015232262,0.08961328177531647,149.12568584001266,-0.004156455370218137,0,0.31,4.08,3.8886000000000003,0.10234851858200612,-0.004422326066253376,Ag,fcc,Cu,Pd,fcc,Pt
Simulation data saved to file:  output_data.txt
-----End of simulation.-----
____Starting new simulation____:
Epot,Ekin,T,Etot,bulk_modulus,interface_energy,substrate_alloy_ratio,film_alloy_ratio,substrate_lattice,film_lattice,Etot_substrate,Etot_film,substrate_atoms,substrate_structure,substrate_alloying_atoms,film_atoms,film_structure,film_alloying_atoms
0.062244910176070735,0.02577152576790192,199.37749286920726,0.08801643594397265,150.90471205516957,-0.0032930164383664917,0,0.35000000000000003,4.08,3.891,0.0993335822883104,-0.004731113467604763,Ag,fcc,Cu,Pd,fcc,Pt
Simulation data saved to file:  output_data.txt
-----End of simulation.-----
____Starting new simulation____:
Epot,Ekin,T,Etot,bulk_modulus,interface_energy,substrate_alloy_ratio,film_alloy_ratio,substrate_lattice,film_lattice,Etot_substrate,Etot_film,substrate_atoms,substrate_structure,substrate_alloying_atoms,film_atoms,film_structure,film_alloying_atoms
0.06535157232377128,0.028026122296641937,216.81983630591864,0.09337769462041322,145.14023958620834,-0.00621527119440439,0,0.22,4.08,3.8832000000000004,0.10931872078273831,-0.0035104837735163096,Ag,fcc,Cu,Pd,fcc,Pt
Simulation data saved to file:  output_data.txt
-----End of simulation.-----
____Starting new simulation____:
Epot,Ekin,T,Etot,bulk_modulus,interface_energy,substrate_alloy_ratio,film_alloy_ratio,substrate_lattice,film_lattice,Etot_substrate,Etot_film,substrate_atoms,substrate_structure,substrate_alloying_atoms,film_atoms,film_structure,film_alloying_atoms
0.06351958941196724,0.026931131156135026,208.3486037419479,0.09045072056810227,147.66009359174194,-0.004651591415843238,0,0.29,4.08,3.8874000000000004,0.10387507371631598,-0.0041211703165272345,Ag,fcc,Cu,Pd,fcc,Pt
Simulation data saved to file:  output_data.txt
-----End of simulation.-----
____Starting new simulation____:
Epot,Ekin,T,Etot,bulk_modulus,interface_energy,substrate_alloy_ratio,film_alloy_ratio,substrate_lattice,film_lattice,Etot_substrate,Etot_film,substrate_atoms,substrate_structure,substrate_alloying_atoms,film_atoms,film_structure,film_alloying_atoms
0.06283581137938568,0.025948532437090666,200.74687806749986,0.08878434381647635,149.69382842382433,-0.003748046813459742,0,0.33,4.08,3.8897999999999997,0.10083469790738786,-0.004554260463992026,Ag,fcc,Cu,Pd,fcc,Pt
Simulation data saved to file:  output_data.txt
-----End of simulation.-----
____Starting new simulation____:
Epot,Ekin,T,Etot,bulk_modulus,interface_energy,substrate_alloy_ratio,film_alloy_ratio,substrate_lattice,film_lattice,Etot_substrate,Etot_film,substrate_atoms,substrate_structure,substrate_alloying_atoms,film_atoms,film_structure,film_alloying_atoms
0.06324208550991472,0.02682409095511722,207.52050349257397,0.09006617646503194,147.8409013299263,-0.004435950580252979,0,0.3,4.08,3.888,0.10311020251104652,-0.004172124885508631,Ag,fcc,Cu,Pd,fcc,Pt
Simulation data saved to file:  output_data.txt
-----End of simulation.-----
____Starting new simulation____:
Equilibrium not reached
-----End of simulation.-----
____Starting new simulation____:
Epot,Ekin,T,Etot,bulk_modulus,interface_energy,substrate_alloy_ratio,film_alloy_ratio,substrate_lattice,film_lattice,Etot_substrate,Etot_film,substrate_atoms,substrate_structure,substrate_alloying_atoms,film_atoms,film_structure,film_alloying_atoms
0.06410979062311165,0.027500344691028446,212.75223775711424,0.09161013531414008,147.08030227772298,-0.005280409003423692,0,0.26,4.08,3.8856,0.10618884740188099,-0.004017894080893517,Ag,fcc,Cu,Pd,fcc,Pt
Simulation data saved to file:  output_data.txt
-----End of simulation.-----
____Starting new simulation____:
Epot,Ekin,T,Etot,bulk_modulus,interface_energy,substrate_alloy_ratio,film_alloy_ratio,substrate_lattice,film_lattice,Etot_substrate,Etot_film,substrate_atoms,substrate_structure,substrate_alloying_atoms,film_atoms,film_structure,film_alloying_atoms
0.061582638403515036,0.025689122773521235,198.73999462511807,0.08727176117703628,151.3919173473013,-0.0028893314858155286,0,0.37,4.08,3.8922,0.09784514214027112,-0.004794717991603794,Ag,fcc,Cu,Pd,fcc,Pt
Simulation data saved to file:  output_data.txt
-----End of simulation.-----
____Starting new simulation____:
Epot,Ekin,T,Etot,bulk_modulus,interface_energy,substrate_alloy_ratio,film_alloy_ratio,substrate_lattice,film_lattice,Etot_substrate,Etot_film,substrate_atoms,substrate_structure,substrate_alloying_atoms,film_atoms,film_structure,film_alloying_atoms
0.06017005886618803,0.024834692495462607,192.12982461791412,0.08500475136165064,154.8635416424865,-0.0016238357927031016,0,0.43,4.08,3.8958000000000004,0.09345557603009058,-0.005203153083033736,Ag,fcc,Cu,Pd,fcc,Pt
Simulation data saved to file:  output_data.txt
-----End of simulation.-----
____Starting new simulation____:
Epot,Ekin,T,Etot,bulk_modulus,interface_energy,substrate_alloy_ratio,film_alloy_ratio,substrate_lattice,film_lattice,Etot_substrate,Etot_film,substrate_atoms,substrate_structure,substrate_alloying_atoms,film_atoms,film_structure,film_alloying_atoms
0.06134810593884598,0.02508579223151675,194.07241956884826,0.08643389817036273,153.54330832178272,-0.002408535942383064,0,0.39,4.08,3.8933999999999997,0.0963693477010611,-0.005118377645932247,Ag,fcc,Cu,Pd,fcc,Pt
Simulation data saved to file:  output_data.txt
-----End of simulation.-----
____Starting new simulation____:
Epot,Ekin,T,Etot,bulk_modulus,interface_energy,substrate_alloy_ratio,film_alloy_ratio,substrate_lattice,film_lattice,Etot_substrate,Etot_film,substrate_atoms,substrate_structure,substrate_alloying_atoms,film_atoms,film_structure,film_alloying_atoms
0.057300195572491545,0.023579592595479957,182.41993496634362,0.0808797881679715,159.67698479692083,0.0005531640970546994,0,0.55,4.08,3.903,0.08501461033942796,-0.005241150365565855,Ag,fcc,Cu,Pd,fcc,Pt
Simulation data saved to file:  output_data.txt
-----End of simulation.-----
____Starting new simulation____:
Epot,Ekin,T,Etot,bulk_modulus,interface_energy,substrate_alloy_ratio,film_alloy_ratio,substrate_lattice,film_lattice,Etot_substrate,Etot_film,substrate_atoms,substrate_structure,substrate_alloying_atoms,film_atoms,film_structure,film_alloying_atoms
0.05789303862998015,0.023701496085103142,183.36302278939172,0.0815945347150833,159.2205165742868,0.00025345942943716393,0,0.53,4.08,3.9018,0.08639033070267564,-0.005302714846466674,Ag,fcc,Cu,Pd,fcc,Pt
Simulation data saved to file:  output_data.txt
-----End of simulation.-----
____Starting new simulation____:
Epot,Ekin,T,Etot,bulk_modulus,interface_energy,substrate_alloy_ratio,film_alloy_ratio,substrate_lattice,film_lattice,Etot_substrate,Etot_film,substrate_atoms,substrate_structure,substrate_alloying_atoms,film_atoms,film_structure,film_alloying_atoms
0.06071045808938583,0.024988834816637197,193.32232326225542,0.08569929290602302,154.13639937561257,-0.002023840121927266,0,0.41000000000000003,4.08,3.8945999999999996,0.09490616903372967,-0.005159195883852122,Ag,fcc,Cu,Pd,fcc,Pt
Simulation data saved to file:  output_data.txt
-----End of simulation.-----
____Starting new simulation____:
Epot,Ekin,T,Etot,bulk_modulus,interface_energy,substrate_alloy_ratio,film_alloy_ratio,substrate_lattice,film_lattice,Etot_substrate,Etot_film,substrate_atoms,substrate_structure,substrate_alloying_atoms,film_atoms,film_structure,film_alloying_atoms
0.06223686310620645,0.026105949605015655,201.96471206608078,0.0883428127112221,150.32829532080478,-0.0035501403753739336,0,0.34,4.08,3.8904,0.10008255381074158,-0.004639460348771614,Ag,fcc,Cu,Pd,fcc,Pt
Simulation data saved to file:  output_data.txt
-----End of simulation.-----
____Starting new simulation____:
Epot,Ekin,T,Etot,bulk_modulus,interface_energy,substrate_alloy_ratio,film_alloy_ratio,substrate_lattice,film_lattice,Etot_substrate,Etot_film,substrate_atoms,substrate_structure,substrate_alloying_atoms,film_atoms,film_structure,film_alloying_atoms
0.05813525417091437,0.02403379904453139,185.93383413833948,0.08216905321544576,157.94587530118233,-0.00014797328649978486,0,0.51,4.08,3.9006000000000003,0.08777845271896163,-0.0053134529305163,Ag,fcc,Cu,Pd,fcc,Pt
Simulation data saved to file:  output_data.txt
-----End of simulation.-----
____Starting new simulation____:
Epot,Ekin,T,Etot,bulk_modulus,interface_energy,substrate_alloy_ratio,film_alloy_ratio,substrate_lattice,film_lattice,Etot_substrate,Etot_film,substrate_atoms,substrate_structure,substrate_alloying_atoms,film_atoms,film_structure,film_alloying_atoms
0.05978815995628454,0.024497419251794893,189.52056142023082,0.08428557920807943,155.56579457027013,-0.0012359408316352863,0,0.45,4.08,3.897,0.09201753841459362,-0.005260077543243618,Ag,fcc,Cu,Pd,fcc,Pt
Simulation data saved to file:  output_data.txt
-----End of simulation.-----
____Starting new simulation____:
Epot,Ekin,T,Etot,bulk_modulus,interface_energy,substrate_alloy_ratio,film_alloy_ratio,substrate_lattice,film_lattice,Etot_substrate,Etot_film,substrate_atoms,substrate_structure,substrate_alloying_atoms,film_atoms,film_structure,film_alloying_atoms
0.05859196086607962,0.02428238401631146,187.8569739976101,0.08287434488239108,157.4191227043247,-0.0004912487824217937,0,0.49,4.08,3.8994,0.08917900743379069,-0.005322164986556019,Ag,fcc,Cu,Pd,fcc,Pt
Simulation data saved to file:  output_data.txt
-----End of simulation.-----
____Starting new simulation____:
Epot,Ekin,T,Etot,bulk_modulus,interface_energy,substrate_alloy_ratio,film_alloy_ratio,substrate_lattice,film_lattice,Etot_substrate,Etot_film,substrate_atoms,substrate_structure,substrate_alloying_atoms,film_atoms,film_structure,film_alloying_atoms
0.05910335014519674,0.02444193749439623,189.09133523510906,0.08354528763959297,155.97514773473927,-0.0008957665348300475,0,0.47000000000000003,4.08,3.8981999999999997,0.09059202574839724,-0.005255205039144178,Ag,fcc,Cu,Pd,fcc,Pt
Simulation data saved to file:  output_data.txt
-----End of simulation.-----
____Starting new simulation____:
Epot,Ekin,T,Etot,bulk_modulus,interface_energy,substrate_alloy_ratio,film_alloy_ratio,substrate_lattice,film_lattice,Etot_substrate,Etot_film,substrate_atoms,substrate_structure,substrate_alloying_atoms,film_atoms,film_structure,film_alloying_atoms
0.06311759615153559,0.026128171289247056,202.13662674933582,0.08924576744078264,149.6985276994211,-0.003890308973311822,0,0.32,4.08,3.8891999999999998,0.10159001827073678,-0.004563632883330507,Ag,fcc,Cu,Pd,fcc,Pt
Simulation data saved to file:  output_data.txt
-----End of simulation.-----
____Starting new simulation____:
Epot,Ekin,T,Etot,bulk_modulus,interface_energy,substrate_alloy_ratio,film_alloy_ratio,substrate_lattice,film_lattice,Etot_substrate,Etot_film,substrate_atoms,substrate_structure,substrate_alloying_atoms,film_atoms,film_structure,film_alloying_atoms
0.056493089137367815,0.023179874047146692,179.32757315828707,0.0796729631845145,162.33013179272882,0.0012821864174705627,0,0.59,4.08,3.9053999999999998,0.08230024969941797,-0.0051916593498446025,Ag,fcc,Cu,Pd,fcc,Pt
Simulation data saved to file:  output_data.txt
-----End of simulation.-----
____Starting new simulation____:
Epot,Ekin,T,Etot,bulk_modulus,interface_energy,substrate_alloy_ratio,film_alloy_ratio,substrate_lattice,film_lattice,Etot_substrate,Etot_film,substrate_atoms,substrate_structure,substrate_alloying_atoms,film_atoms,film_structure,film_alloying_atoms
0.056718507842357185,0.023510621228880736,181.8863484695192,0.08022912907123791,160.92887714010686,0.0009049677234490919,0,0.5700000000000001,4.08,3.9042000000000003,0.08365126044453174,-0.0052320668201920025,Ag,fcc,Cu,Pd,fcc,Pt
Simulation data saved to file:  output_data.txt
-----End of simulation.-----
____Starting new simulation____:
Epot,Ekin,T,Etot,bulk_modulus,interface_energy,substrate_alloy_ratio,film_alloy_ratio,substrate_lattice,film_lattice,Etot_substrate,Etot_film,substrate_atoms,substrate_structure,substrate_alloying_atoms,film_atoms,film_structure,film_alloying_atoms
0.060672669752298736,0.025408798366587035,196.57130744889358,0.08608146811888577,152.35138778063134,-0.0022967502317820104,0,0.4,4.08,3.894,0.09563618327370928,-0.004961214691259481,Ag,fcc,Cu,Pd,fcc,Pt
Simulation data saved to file:  output_data.txt
-----End of simulation.-----
____Starting new simulation____:
Epot,Ekin,T,Etot,bulk_modulus,interface_energy,substrate_alloy_ratio,film_alloy_ratio,substrate_lattice,film_lattice,Etot_substrate,Etot_film,substrate_atoms,substrate_structure,substrate_alloying_atoms,film_atoms,film_structure,film_alloying_atoms
0.06188031590893362,0.025739535361128153,199.13000394845565,0.08761985127006178,151.25427761771616,-0.003088274036193661,0,0.36,4.08,3.8916,0.09858777963640937,-0.004791380293960266,Ag,fcc,Cu,Pd,fcc,Pt
Simulation data saved to file:  output_data.txt
-----End of simulation.-----
____Starting new simulation____:
Epot,Ekin,T,Etot,bulk_modulus,interface_energy,substrate_alloy_ratio,film_alloy_ratio,substrate_lattice,film_lattice,Etot_substrate,Etot_film,substrate_atoms,substrate_structure,substrate_alloying_atoms,film_atoms,film_structure,film_alloying_atoms
0.056204916136156476,0.022831360732099387,176.63135285641377,0.07903627686825586,162.85206346526923,0.0015653498403479932,0,0.61,4.08,3.9065999999999996,0.08096154665691206,-0.0050559694693521895,Ag,fcc,Cu,Pd,fcc,Pt
Simulation data saved to file:  output_data.txt
-----End of simulation.-----
____Starting new simulation____:
Epot,Ekin,T,Etot,bulk_modulus,interface_energy,substrate_alloy_ratio,film_alloy_ratio,substrate_lattice,film_lattice,Etot_substrate,Etot_film,substrate_atoms,substrate_structure,substrate_alloying_atoms,film_atoms,film_structure,film_alloying_atoms
0.059248686166392325,0.024609968460739474,190.39128127228287,0.0838586546271318,155.92348358838638,-0.001069391439182589,0,0.46,4.08,3.8975999999999997,0.09130321837152604,-0.005305780866029069,Ag,fcc,Cu,Pd,fcc,Pt
Simulation data saved to file:  output_data.txt
-----End of simulation.-----
____Starting new simulation____:
Epot,Ekin,T,Etot,bulk_modulus,interface_energy,substrate_alloy_ratio,film_alloy_ratio,substrate_lattice,film_lattice,Etot_substrate,Etot_film,substrate_atoms,substrate_structure,substrate_alloying_atoms,film_atoms,film_structure,film_alloying_atoms
0.060212485813361735,0.02507337014559725,193.9763179887889,0.08528585595895899,154.2905447222472,-0.0018494942515448268,0,0.42,4.08,3.8952,0.09417930121230701,-0.005194456750258364,Ag,fcc,Cu,Pd,fcc,Pt
Simulation data saved to file:  output_data.txt
-----End of simulation.-----
____Starting new simulation____:
Epot,Ekin,T,Etot,bulk_modulus,interface_energy,substrate_alloy_ratio,film_alloy_ratio,substrate_lattice,film_lattice,Etot_substrate,Etot_film,substrate_atoms,substrate_structure,substrate_alloying_atoms,film_atoms,film_structure,film_alloying_atoms
0.05763364256552475,0.02361055031131662,182.65943463058775,0.08124419287684137,159.26378111235664,0.00040044881886473066,0,0.54,4.08,3.9024,0.08570092226027327,-0.00525762702116137,Ag,fcc,Cu,Pd,fcc,Pt
Simulation data saved to file:  output_data.txt
-----End of simulation.-----
____Starting new simulation____:
Epot,Ekin,T,Etot,bulk_modulus,interface_energy,substrate_alloy_ratio,film_alloy_ratio,substrate_lattice,film_lattice,Etot_substrate,Etot_film,substrate_atoms,substrate_structure,substrate_alloying_atoms,film_atoms,film_structure,film_alloying_atoms
0.06100444273245834,0.02583211223982811,199.84621090256016,0.08683655497228646,151.86737492332477,-0.0026988549791990765,0,0.38,4.08,3.8928,0.09710566607407253,-0.0048714011433879266,Ag,fcc,Cu,Pd,fcc,Pt
Simulation data saved to file:  output_data.txt
-----End of simulation.-----
____Starting new simulation____:
Epot,Ekin,T,Etot,bulk_modulus,interface_energy,substrate_alloy_ratio,film_alloy_ratio,substrate_lattice,film_lattice,Etot_substrate,Etot_film,substrate_atoms,substrate_structure,substrate_alloying_atoms,film_atoms,film_structure,film_alloying_atoms
0.05818202107413969,0.02427383016412867,187.79079842003907,0.08245585123826836,157.23716487198652,-0.0003684975563835874,0,0.5,4.08,3.9,0.08847717405429507,-0.005284327703259538,Ag,fcc,Cu,Pd,fcc,Pt
Simulation data saved to file:  output_data.txt
-----End of simulation.-----
____Starting new simulation____:
Epot,Ekin,T,Etot,bulk_modulus,interface_energy,substrate_alloy_ratio,film_alloy_ratio,substrate_lattice,film_lattice,Etot_substrate,Etot_film,substrate_atoms,substrate_structure,substrate_alloying_atoms,film_atoms,film_structure,film_alloying_atoms
0.055652324346408495,0.022799683327272082,176.3862854276573,0.07845200767368057,163.68005523465004,0.0019087224146271675,0,0.63,4.08,3.9078,0.07963511974675067,-0.005000556902324431,Ag,fcc,Cu,Pd,fcc,Pt
Simulation data saved to file:  output_data.txt
-----End of simulation.-----
____Starting new simulation____:
Epot,Ekin,T,Etot,bulk_modulus,interface_energy,substrate_alloy_ratio,film_alloy_ratio,substrate_lattice,film_lattice,Etot_substrate,Etot_film,substrate_atoms,substrate_structure,substrate_alloying_atoms,film_atoms,film_structure,film_alloying_atoms
0.05957976215794202,0.02497818807963157,193.2399563992867,0.08455795023757359,154.97688925708817,-0.0014886072110090187,0,0.44,4.08,3.8964,0.0927349896974753,-0.005199825037883677,Ag,fcc,Cu,Pd,fcc,Pt
Simulation data saved to file:  output_data.txt
-----End of simulation.-----
____Starting new simulation____:
Epot,Ekin,T,Etot,bulk_modulus,interface_energy,substrate_alloy_ratio,film_alloy_ratio,substrate_lattice,film_lattice,Etot_substrate,Etot_film,substrate_atoms,substrate_structure,substrate_alloying_atoms,film_atoms,film_structure,film_alloying_atoms
0.05815329271186461,0.023737162991238014,183.63895438877063,0.08189045570310263,158.6622558402069,2.113588301890651e-05,0,0.52,4.08,3.9012,0.08708283956052644,-0.005234655623461618,Ag,fcc,Cu,Pd,fcc,Pt
Simulation data saved to file:  output_data.txt
-----End of simulation.-----
____Starting new simulation____:
Epot,Ekin,T,Etot,bulk_modulus,interface_energy,substrate_alloy_ratio,film_alloy_ratio,substrate_lattice,film_lattice,Etot_substrate,Etot_film,substrate_atoms,substrate_structure,substrate_alloying_atoms,film_atoms,film_structure,film_alloying_atoms
0.059173947971487,0.024071747742607227,186.22741847432917,0.08324569571409422,157.2160462275546,-0.0006712209445110737,0,0.48,4.08,3.8988,0.08988395671558648,-0.005295819112470114,Ag,fcc,Cu,Pd,fcc,Pt
Simulation data saved to file:  output_data.txt
-----End of simulation.-----
____Starting new simulation____:
Epot,Ekin,T,Etot,bulk_modulus,interface_energy,substrate_alloy_ratio,film_alloy_ratio,substrate_lattice,film_lattice,Etot_substrate,Etot_film,substrate_atoms,substrate_structure,substrate_alloying_atoms,film_atoms,film_structure,film_alloying_atoms
0.05675222960189501,0.02318157811956344,179.34075645558886,0.07993380772145844,161.2052559255015,0.001081361275944194,0,0.58,4.08,3.9048,0.08297421464073985,-0.005203129471169797,Ag,fcc,Cu,Pd,fcc,Pt
Simulation data saved to file:  output_data.txt
-----End of simulation.-----
____Starting new simulation____:
Epot,Ekin,T,Etot,bulk_modulus,interface_energy,substrate_alloy_ratio,film_alloy_ratio,substrate_lattice,film_lattice,Etot_substrate,Etot_film,substrate_atoms,substrate_structure,substrate_alloying_atoms,film_atoms,film_structure,film_alloying_atoms
0.05719700060059237,0.023382072064062964,180.8918473902032,0.08057907266465533,160.83160419110666,0.0007494965864981717,0,0.56,4.08,3.9036,0.08433139103778109,-0.005251311546122105,Ag,fcc,Cu,Pd,fcc,Pt
Simulation data saved to file:  output_data.txt
-----End of simulation.-----
____Starting new simulation____:
Epot,Ekin,T,Etot,bulk_modulus,interface_energy,substrate_alloy_ratio,film_alloy_ratio,substrate_lattice,film_lattice,Etot_substrate,Etot_film,substrate_atoms,substrate_structure,substrate_alloying_atoms,film_atoms,film_structure,film_alloying_atoms
0.056435505515115926,0.02292377426861794,177.34629613855327,0.07935927978373386,162.31689073158245,0.0014203231306247344,0,0.6,4.08,3.9059999999999997,0.08162936168567075,-0.005110728163186357,Ag,fcc,Cu,Pd,fcc,Pt
Simulation data saved to file:  output_data.txt
-----End of simulation.-----
____Starting new simulation____:
Epot,Ekin,T,Etot,bulk_modulus,interface_energy,substrate_alloy_ratio,film_alloy_ratio,substrate_lattice,film_lattice,Etot_substrate,Etot_film,substrate_atoms,substrate_structure,substrate_alloying_atoms,film_atoms,film_structure,film_alloying_atoms
0.05586750299502128,0.02281686217355129,176.5191869614035,0.07868436516857258,162.85096945361195,0.0017180713781743406,0,0.62,4.08,3.9072,0.08029680066309092,-0.005048578250867013,Ag,fcc,Cu,Pd,fcc,Pt
Simulation data saved to file:  output_data.txt
-----End of simulation.-----
mpprun INFO: mpprun v1.10.1 started
mpprun INFO: mpprun srun handler invoked on: /proj/liu-compute-2024-33/software/venv/bin/python3
mpprun WARNING: Using srun handler that just uses srun without setting up the environment; no MPI module will be loaded, etc.
mpprun INFO: Setting env variable: SLURM_KILL_BAD_EXIT=1 (was unset; to override, set to 0 before invoking mpprun)
mpprun INFO: threading env variables set by user: OPENBLAS_NUM_THREADS=1, MKL_NUM_THREADS=1, NUMEXPR_NUM_THREADS=1; set by mpprun: OMP_NUM_THREADS=1
mpprun INFO: mpprun v1.10.1 executing: /usr/bin/srun /proj/liu-compute-2024-33/software/venv/bin/python3 supercomp_main.py -slurm -simulation_method Interface -lattice_interpolation -film_alloy_ratio .64 -sc_film_alloy_ratio_offset .01 -sc
____Starting new simulation____:
Film alloy ratio 1.22 grater than 1. Stopping simulation on this core.
-----End of simulation.-----
____Starting new simulation____:
Film alloy ratio 1.1600000000000001 grater than 1. Stopping simulation on this core.
-----End of simulation.-----
____Starting new simulation____:
Film alloy ratio 1.15 grater than 1. Stopping simulation on this core.
-----End of simulation.-----
____Starting new simulation____:
Film alloy ratio 1.03 grater than 1. Stopping simulation on this core.
-----End of simulation.-----
____Starting new simulation____:
Film alloy ratio 1.09 grater than 1. Stopping simulation on this core.
-----End of simulation.-----
____Starting new simulation____:
Film alloy ratio 1.06 grater than 1. Stopping simulation on this core.
-----End of simulation.-----
____Starting new simulation____:
Film alloy ratio 1.07 grater than 1. Stopping simulation on this core.
-----End of simulation.-----
____Starting new simulation____:
Film alloy ratio 1.27 grater than 1. Stopping simulation on this core.
-----End of simulation.-----
____Starting new simulation____:
Film alloy ratio 1.2000000000000002 grater than 1. Stopping simulation on this core.
-----End of simulation.-----
____Starting new simulation____:
Film alloy ratio 1.08 grater than 1. Stopping simulation on this core.
-----End of simulation.-----
____Starting new simulation____:
Film alloy ratio 1.24 grater than 1. Stopping simulation on this core.
-----End of simulation.-----
____Starting new simulation____:
Film alloy ratio 1.25 grater than 1. Stopping simulation on this core.
-----End of simulation.-----
____Starting new simulation____:
Film alloy ratio 1.11 grater than 1. Stopping simulation on this core.
-----End of simulation.-----
____Starting new simulation____:
Film alloy ratio 1.1 grater than 1. Stopping simulation on this core.
-----End of simulation.-----
____Starting new simulation____:
Film alloy ratio 1.21 grater than 1. Stopping simulation on this core.
-----End of simulation.-----
____Starting new simulation____:
Film alloy ratio 1.1400000000000001 grater than 1. Stopping simulation on this core.
-----End of simulation.-----
____Starting new simulation____:
Film alloy ratio 1.04 grater than 1. Stopping simulation on this core.
-----End of simulation.-----
____Starting new simulation____:
Film alloy ratio 1.23 grater than 1. Stopping simulation on this core.
-----End of simulation.-----
____Starting new simulation____:
Film alloy ratio 1.19 grater than 1. Stopping simulation on this core.
-----End of simulation.-----
____Starting new simulation____:
Film alloy ratio 1.12 grater than 1. Stopping simulation on this core.
-----End of simulation.-----
____Starting new simulation____:
Film alloy ratio 1.02 grater than 1. Stopping simulation on this core.
-----End of simulation.-----
____Starting new simulation____:
Film alloy ratio 1.05 grater than 1. Stopping simulation on this core.
-----End of simulation.-----
____Starting new simulation____:
Film alloy ratio 1.01 grater than 1. Stopping simulation on this core.
-----End of simulation.-----
____Starting new simulation____:
Film alloy ratio 1.1800000000000002 grater than 1. Stopping simulation on this core.
-----End of simulation.-----
____Starting new simulation____:
Film alloy ratio 1.17 grater than 1. Stopping simulation on this core.
-----End of simulation.-----
____Starting new simulation____:
Film alloy ratio 1.13 grater than 1. Stopping simulation on this core.
-----End of simulation.-----
____Starting new simulation____:
Film alloy ratio 1.26 grater than 1. Stopping simulation on this core.
-----End of simulation.-----
____Starting new simulation____:
Epot,Ekin,T,Etot,bulk_modulus,interface_energy,substrate_alloy_ratio,film_alloy_ratio,substrate_lattice,film_lattice,Etot_substrate,Etot_film,substrate_atoms,substrate_structure,substrate_alloying_atoms,film_atoms,film_structure,film_alloying_atoms
0.049426148182816036,0.020832297011972478,161.16590016284044,0.07025844519478852,179.952554631136,0.006180240824102411,0,0.99,4.08,3.9294000000000002,0.05782206831912825,7.589522745545507e-05,Ag,fcc,Cu,Pd,fcc,Pt
Simulation data saved to file:  output_data.txt
-----End of simulation.-----
____Starting new simulation____:
Epot,Ekin,T,Etot,bulk_modulus,interface_energy,substrate_alloy_ratio,film_alloy_ratio,substrate_lattice,film_lattice,Etot_substrate,Etot_film,substrate_atoms,substrate_structure,substrate_alloying_atoms,film_atoms,film_structure,film_alloying_atoms
0.04957027595934614,0.02091919928715835,161.8382064091694,0.0704894752465045,179.8581452447063,0.006075365479992472,0,0.98,4.08,3.9288000000000003,0.05837609048541375,-3.73461988942051e-05,Ag,fcc,Cu,Pd,fcc,Pt
Simulation data saved to file:  output_data.txt
-----End of simulation.-----
____Starting new simulation____:
Epot,Ekin,T,Etot,bulk_modulus,interface_energy,substrate_alloy_ratio,film_alloy_ratio,substrate_lattice,film_lattice,Etot_substrate,Etot_film,substrate_atoms,substrate_structure,substrate_alloying_atoms,film_atoms,film_structure,film_alloying_atoms
0.049756586600010956,0.020894735641384773,161.64894713113122,0.07065132224139573,179.45165287217765,0.005985438846331112,0,0.97,4.08,3.9282000000000004,0.05893303175068876,-0.00025258720195524986,Ag,fcc,Cu,Pd,fcc,Pt
Simulation data saved to file:  output_data.txt
-----End of simulation.-----
____Starting new simulation____:
Epot,Ekin,T,Etot,bulk_modulus,interface_energy,substrate_alloy_ratio,film_alloy_ratio,substrate_lattice,film_lattice,Etot_substrate,Etot_film,substrate_atoms,substrate_structure,substrate_alloying_atoms,film_atoms,film_structure,film_alloying_atoms
0.050121131586214916,0.020792754172163436,160.85998299157714,0.07091388575837836,178.04257487755442,0.005838562408852218,0,0.95,4.08,3.9270000000000005,0.06005568803555094,-0.0008189270948770213,Ag,fcc,Cu,Pd,fcc,Pt
Simulation data saved to file:  output_data.txt
-----End of simulation.-----
____Starting new simulation____:
Epot,Ekin,T,Etot,bulk_modulus,interface_energy,substrate_alloy_ratio,film_alloy_ratio,substrate_lattice,film_lattice,Etot_substrate,Etot_film,substrate_atoms,substrate_structure,substrate_alloying_atoms,film_atoms,film_structure,film_alloying_atoms
0.05015088720300832,0.02095590528387945,162.12217677496878,0.07110679248688777,177.7404835537771,0.005747103231844523,0,0.94,4.08,3.9264,0.06062141127910161,-0.0010088252559028836,Ag,fcc,Cu,Pd,fcc,Pt
Simulation data saved to file:  output_data.txt
-----End of simulation.-----
____Starting new simulation____:
Epot,Ekin,T,Etot,bulk_modulus,interface_energy,substrate_alloy_ratio,film_alloy_ratio,substrate_lattice,film_lattice,Etot_substrate,Etot_film,substrate_atoms,substrate_structure,substrate_alloying_atoms,film_atoms,film_structure,film_alloying_atoms
0.05060600535208849,0.02084129130773575,161.23548316524221,0.07144729665982424,176.67531991715163,0.0055628185252624765,0,0.92,4.08,3.9252000000000002,0.06176166851294777,-0.0014400089036484863,Ag,fcc,Cu,Pd,fcc,Pt
Simulation data saved to file:  output_data.txt
-----End of simulation.-----
____Starting new simulation____:
Epot,Ekin,T,Etot,bulk_modulus,interface_energy,substrate_alloy_ratio,film_alloy_ratio,substrate_lattice,film_lattice,Etot_substrate,Etot_film,substrate_atoms,substrate_structure,substrate_alloying_atoms,film_atoms,film_structure,film_alloying_atoms
0.05052737704009862,0.020819622832112465,161.06784829631843,0.07134699987221108,177.55203873660602,0.005633579712072415,0,0.9299999999999999,4.08,3.9257999999999997,0.06119007006932384,-0.001110229621257591,Ag,fcc,Cu,Pd,fcc,Pt
Simulation data saved to file:  output_data.txt
-----End of simulation.-----
____Starting new simulation____:
Epot,Ekin,T,Etot,bulk_modulus,interface_energy,substrate_alloy_ratio,film_alloy_ratio,substrate_lattice,film_lattice,Etot_substrate,Etot_film,substrate_atoms,substrate_structure,substrate_alloying_atoms,film_atoms,film_structure,film_alloying_atoms
0.05063949158691841,0.020968126948017685,162.2167278223734,0.0716076185349361,176.0632073364319,0.005461611400828757,0,0.91,4.08,3.9246,0.06233621071439163,-0.0016518149811130523,Ag,fcc,Cu,Pd,fcc,Pt
Simulation data saved to file:  output_data.txt
-----End of simulation.-----
____Starting new simulation____:
Epot,Ekin,T,Etot,bulk_modulus,interface_energy,substrate_alloy_ratio,film_alloy_ratio,substrate_lattice,film_lattice,Etot_substrate,Etot_film,substrate_atoms,substrate_structure,substrate_alloying_atoms,film_atoms,film_structure,film_alloying_atoms
0.05088394728417404,0.020993745625774638,162.41492282983265,0.07187769290994868,176.13008813620024,0.005334303081211793,0,0.9,4.08,3.924,0.06291370077555393,-0.0017046140280288348,Ag,fcc,Cu,Pd,fcc,Pt
Simulation data saved to file:  output_data.txt
-----End of simulation.-----
____Starting new simulation____:
Epot,Ekin,T,Etot,bulk_modulus,interface_energy,substrate_alloy_ratio,film_alloy_ratio,substrate_lattice,film_lattice,Etot_substrate,Etot_film,substrate_atoms,substrate_structure,substrate_alloying_atoms,film_atoms,film_structure,film_alloying_atoms
0.05341088068644896,0.02143535043089441,165.83133129849364,0.07484623111734337,168.8276227613727,0.0037609432811201854,0,0.76,4.08,3.9156,0.07131037690183203,-0.003986032346729038,Ag,fcc,Cu,Pd,fcc,Pt
Simulation data saved to file:  output_data.txt
-----End of simulation.-----
____Starting new simulation____:
Epot,Ekin,T,Etot,bulk_modulus,interface_energy,substrate_alloy_ratio,film_alloy_ratio,substrate_lattice,film_lattice,Etot_substrate,Etot_film,substrate_atoms,substrate_structure,substrate_alloying_atoms,film_atoms,film_structure,film_alloying_atoms
0.051171229362181554,0.020879382053203485,161.53016642929384,0.07205061141538505,175.48650730536096,0.005244624722147172,0,0.89,4.08,3.9234,0.06349414279577369,-0.0019327808246829869,Ag,fcc,Cu,Pd,fcc,Pt
Simulation data saved to file:  output_data.txt
-----End of simulation.-----
____Starting new simulation____:
Epot,Ekin,T,Etot,bulk_modulus,interface_energy,substrate_alloy_ratio,film_alloy_ratio,substrate_lattice,film_lattice,Etot_substrate,Etot_film,substrate_atoms,substrate_structure,substrate_alloying_atoms,film_atoms,film_structure,film_alloying_atoms
0.05121384117570614,0.02100374456596659,162.4922781111914,0.07221758574167272,174.99654005647645,0.005141254838617888,0,0.88,4.08,3.9228,0.06407754087160927,-0.0021424648071723213,Ag,fcc,Cu,Pd,fcc,Pt
Simulation data saved to file:  output_data.txt
-----End of simulation.-----
____Starting new simulation____:
Epot,Ekin,T,Etot,bulk_modulus,interface_energy,substrate_alloy_ratio,film_alloy_ratio,substrate_lattice,film_lattice,Etot_substrate,Etot_film,substrate_atoms,substrate_structure,substrate_alloying_atoms,film_atoms,film_structure,film_alloying_atoms
0.053477424838990144,0.021201113969452755,164.01919650906032,0.0746785388084429,169.9516787541729,0.0038487110723694345,0,0.77,4.08,3.9162,0.07069118782078491,-0.0037100711570808905,Ag,fcc,Cu,Pd,fcc,Pt
Simulation data saved to file:  output_data.txt
-----End of simulation.-----
____Starting new simulation____:
Epot,Ekin,T,Etot,bulk_modulus,interface_energy,substrate_alloy_ratio,film_alloy_ratio,substrate_lattice,film_lattice,Etot_substrate,Etot_film,substrate_atoms,substrate_structure,substrate_alloying_atoms,film_atoms,film_structure,film_alloying_atoms
0.051896126426199264,0.020803875440229054,160.94602099198187,0.07270000186642832,174.36448422569524,0.004923282759639762,0,0.86,4.08,3.9216,0.06525322156188729,-0.0023997852147384863,Ag,fcc,Cu,Pd,fcc,Pt
Simulation data saved to file:  output_data.txt
-----End of simulation.-----
____Starting new simulation____:
Epot,Ekin,T,Etot,bulk_modulus,interface_energy,substrate_alloy_ratio,film_alloy_ratio,substrate_lattice,film_lattice,Etot_substrate,Etot_film,substrate_atoms,substrate_structure,substrate_alloying_atoms,film_atoms,film_structure,film_alloying_atoms
0.05158513480565715,0.0208888012029367,161.60303624987338,0.07247393600859385,174.79809678939023,0.005039811082441392,0,0.87,4.08,3.9222,0.06466389909676494,-0.0022695852530538723,Ag,fcc,Cu,Pd,fcc,Pt
Simulation data saved to file:  output_data.txt
-----End of simulation.-----
____Starting new simulation____:
Epot,Ekin,T,Etot,bulk_modulus,interface_energy,substrate_alloy_ratio,film_alloy_ratio,substrate_lattice,film_lattice,Etot_substrate,Etot_film,substrate_atoms,substrate_structure,substrate_alloying_atoms,film_atoms,film_structure,film_alloying_atoms
0.05328128520064124,0.02091217170216512,161.78383856577923,0.07419345690280636,170.85593367980613,0.004116077633559832,0,0.79,4.08,3.9173999999999998,0.06946182045002787,-0.003500518814341171,Ag,fcc,Cu,Pd,fcc,Pt
Simulation data saved to file:  output_data.txt
-----End of simulation.-----
____Starting new simulation____:
Epot,Ekin,T,Etot,bulk_modulus,interface_energy,substrate_alloy_ratio,film_alloy_ratio,substrate_lattice,film_lattice,Etot_substrate,Etot_film,substrate_atoms,substrate_structure,substrate_alloying_atoms,film_atoms,film_structure,film_alloying_atoms
0.052719280964411655,0.021024008898586546,162.6490500411431,0.0737432898629982,171.9145649831293,0.004359644635586364,0,0.81,4.08,3.9185999999999996,0.06824444043014113,-0.0032204398383156624,Ag,fcc,Cu,Pd,fcc,Pt
Simulation data saved to file:  output_data.txt
-----End of simulation.-----
____Starting new simulation____:
Epot,Ekin,T,Etot,bulk_modulus,interface_energy,substrate_alloy_ratio,film_alloy_ratio,substrate_lattice,film_lattice,Etot_substrate,Etot_film,substrate_atoms,substrate_structure,substrate_alloying_atoms,film_atoms,film_structure,film_alloying_atoms
0.05231340204352723,0.02096008740862893,162.15453114757858,0.07327348945215617,172.61455562325634,0.004599194352506733,0,0.8300000000000001,4.08,3.9198000000000004,0.06703901525525602,-0.0029639145081133203,Ag,fcc,Cu,Pd,fcc,Pt
Simulation data saved to file:  output_data.txt
-----End of simulation.-----
____Starting new simulation____:
Epot,Ekin,T,Etot,bulk_modulus,interface_energy,substrate_alloy_ratio,film_alloy_ratio,substrate_lattice,film_lattice,Etot_substrate,Etot_film,substrate_atoms,substrate_structure,substrate_alloying_atoms,film_atoms,film_structure,film_alloying_atoms
0.05322960988405991,0.02122676572966945,164.2176474539422,0.07445637561372936,170.9051591779049,0.003952129239183075,0,0.78,4.08,3.9168,0.07007500368761371,-0.0035228865522504956,Ag,fcc,Cu,Pd,fcc,Pt
Simulation data saved to file:  output_data.txt
-----End of simulation.-----
____Starting new simulation____:
Epot,Ekin,T,Etot,bulk_modulus,interface_energy,substrate_alloy_ratio,film_alloy_ratio,substrate_lattice,film_lattice,Etot_substrate,Etot_film,substrate_atoms,substrate_structure,substrate_alloying_atoms,film_atoms,film_structure,film_alloying_atoms
0.05245182739114217,0.02100240972045261,162.48195128171528,0.07345423711159478,172.3411465933231,0.004464711958015906,0,0.8200000000000001,4.08,3.9192,0.06764023552127489,-0.0031154223257119245,Ag,fcc,Cu,Pd,fcc,Pt
Simulation data saved to file:  output_data.txt
-----End of simulation.-----
____Starting new simulation____:
Epot,Ekin,T,Etot,bulk_modulus,interface_energy,substrate_alloy_ratio,film_alloy_ratio,substrate_lattice,film_lattice,Etot_substrate,Etot_film,substrate_atoms,substrate_structure,substrate_alloying_atoms,film_atoms,film_structure,film_alloying_atoms
0.05174699040190229,0.02111417763256533,163.34662674955328,0.07286116803446763,173.70138410207025,0.0048211451500415475,0,0.85,4.08,3.9210000000000003,0.06584551235444301,-0.0026266346200584855,Ag,fcc,Cu,Pd,fcc,Pt
Simulation data saved to file:  output_data.txt
-----End of simulation.-----
____Starting new simulation____:
Epot,Ekin,T,Etot,bulk_modulus,interface_energy,substrate_alloy_ratio,film_alloy_ratio,substrate_lattice,film_lattice,Etot_substrate,Etot_film,substrate_atoms,substrate_structure,substrate_alloying_atoms,film_atoms,film_structure,film_alloying_atoms
0.05593820239997881,0.02192439194747194,169.61472667687758,0.07786259434745076,164.77845807683934,0.0022060288580017795,0,0.65,4.08,3.9090000000000003,0.07832093728086136,-0.0048704006494141566,Ag,fcc,Cu,Pd,fcc,Pt
Simulation data saved to file:  output_data.txt
-----End of simulation.-----
____Starting new simulation____:
Epot,Ekin,T,Etot,bulk_modulus,interface_energy,substrate_alloy_ratio,film_alloy_ratio,substrate_lattice,film_lattice,Etot_substrate,Etot_film,substrate_atoms,substrate_structure,substrate_alloying_atoms,film_atoms,film_structure,film_alloying_atoms
0.05449229439068606,0.021229675504982295,164.2401584884813,0.07572196989566835,169.03308584498643,0.0033243645867788163,0,0.73,4.08,3.9137999999999997,0.07318601428338654,-0.0041127735612758315,Ag,fcc,Cu,Pd,fcc,Pt
Simulation data saved to file:  output_data.txt
-----End of simulation.-----
____Starting new simulation____:
Epot,Ekin,T,Etot,bulk_modulus,interface_energy,substrate_alloy_ratio,film_alloy_ratio,substrate_lattice,film_lattice,Etot_substrate,Etot_film,substrate_atoms,substrate_structure,substrate_alloying_atoms,film_atoms,film_structure,film_alloying_atoms
0.05456359705886198,0.021775558444003248,168.46329889399144,0.07633915550286523,166.49646956248105,0.0029002498799447496,0,0.7,4.08,3.912,0.07508884160858445,-0.004550185865608716,Ag,fcc,Cu,Pd,fcc,Pt
Simulation data saved to file:  output_data.txt
-----End of simulation.-----
____Starting new simulation____:
Epot,Ekin,T,Etot,bulk_modulus,interface_energy,substrate_alloy_ratio,film_alloy_ratio,substrate_lattice,film_lattice,Etot_substrate,Etot_film,substrate_atoms,substrate_structure,substrate_alloying_atoms,film_atoms,film_structure,film_alloying_atoms
0.05410977691968478,0.021780537000886932,168.50181474278187,0.07589031392057172,167.95396950802947,0.0031950513764951102,0,0.72,4.08,3.9132,0.07381726358226728,-0.00431705241468579,Ag,fcc,Cu,Pd,fcc,Pt
Simulation data saved to file:  output_data.txt
-----End of simulation.-----
____Starting new simulation____:
Epot,Ekin,T,Etot,bulk_modulus,interface_energy,substrate_alloy_ratio,film_alloy_ratio,substrate_lattice,film_lattice,Etot_substrate,Etot_film,substrate_atoms,substrate_structure,substrate_alloying_atoms,film_atoms,film_structure,film_alloying_atoms
0.052162626018311446,0.020919522511226547,161.84070698305598,0.073082148529538,173.09673776381374,0.004705923353771818,0,0.8400000000000001,4.08,3.9204,0.0664407755586579,-0.002770473736663546,Ag,fcc,Cu,Pd,fcc,Pt
Simulation data saved to file:  output_data.txt
-----End of simulation.-----
____Starting new simulation____:
Epot,Ekin,T,Etot,bulk_modulus,interface_energy,substrate_alloy_ratio,film_alloy_ratio,substrate_lattice,film_lattice,Etot_substrate,Etot_film,substrate_atoms,substrate_structure,substrate_alloying_atoms,film_atoms,film_structure,film_alloying_atoms
0.052855424281416374,0.021047340011345915,162.82954764961633,0.0739027642927623,171.09360469473577,0.004217303824874764,0,0.8,4.08,3.918,0.06885163405126563,-0.0033834774082528644,Ag,fcc,Cu,Pd,fcc,Pt
Simulation data saved to file:  output_data.txt
-----End of simulation.-----
____Starting new simulation____:
Epot,Ekin,T,Etot,bulk_modulus,interface_energy,substrate_alloy_ratio,film_alloy_ratio,substrate_lattice,film_lattice,Etot_substrate,Etot_film,substrate_atoms,substrate_structure,substrate_alloying_atoms,film_atoms,film_structure,film_alloying_atoms
0.05499033631522119,0.021681991075413284,167.7394291653675,0.07667232739063448,166.06171620262052,0.002777056337556906,0,0.6900000000000001,4.08,3.9114000000000004,0.07572917837374463,-0.004610963658223959,Ag,fcc,Cu,Pd,fcc,Pt
Simulation data saved to file:  output_data.txt
-----End of simulation.-----
____Starting new simulation____:
Epot,Ekin,T,Etot,bulk_modulus,interface_energy,substrate_alloy_ratio,film_alloy_ratio,substrate_lattice,film_lattice,Etot_substrate,Etot_film,substrate_atoms,substrate_structure,substrate_alloying_atoms,film_atoms,film_structure,film_alloying_atoms
0.05382679587436652,0.021306760185069492,164.83651240220854,0.07513355605943602,168.74955629736053,0.0036217124512356313,0,0.75,4.08,3.915,0.07193257497828331,-0.004042443821318558,Ag,fcc,Cu,Pd,fcc,Pt
Simulation data saved to file:  output_data.txt
-----End of simulation.-----
____Starting new simulation____:
Epot,Ekin,T,Etot,bulk_modulus,interface_energy,substrate_alloy_ratio,film_alloy_ratio,substrate_lattice,film_lattice,Etot_substrate,Etot_film,substrate_atoms,substrate_structure,substrate_alloying_atoms,film_atoms,film_structure,film_alloying_atoms
0.054589599623226036,0.021569125649181467,166.86626294632504,0.0761587252724075,167.29064783652643,0.0030643195922405164,0,0.71,4.08,3.9126,0.07445153801677461,-0.004421451928848145,Ag,fcc,Cu,Pd,fcc,Pt
Simulation data saved to file:  output_data.txt
-----End of simulation.-----
____Starting new simulation____:
Epot,Ekin,T,Etot,bulk_modulus,interface_energy,substrate_alloy_ratio,film_alloy_ratio,substrate_lattice,film_lattice,Etot_substrate,Etot_film,substrate_atoms,substrate_structure,substrate_alloying_atoms,film_atoms,film_structure,film_alloying_atoms
0.05548639886390322,0.021805522458907944,168.69511094197793,0.07729192132281117,166.38916763227067,0.002478294048970535,0,0.67,4.08,3.9102,0.07701896745889938,-0.0046836342340292846,Ag,fcc,Cu,Pd,fcc,Pt
Simulation data saved to file:  output_data.txt
-----End of simulation.-----
____Starting new simulation____:
Epot,Ekin,T,Etot,bulk_modulus,interface_energy,substrate_alloy_ratio,film_alloy_ratio,substrate_lattice,film_lattice,Etot_substrate,Etot_film,substrate_atoms,substrate_structure,substrate_alloying_atoms,film_atoms,film_structure,film_alloying_atoms
0.05370980369142727,0.021609763218106426,167.1806493230389,0.0753195669095337,168.07915997692774,0.0034632139109624996,0,0.74,4.08,3.9144,0.0725577860928964,-0.004164647005287688,Ag,fcc,Cu,Pd,fcc,Pt
Simulation data saved to file:  output_data.txt
-----End of simulation.-----
____Starting new simulation____:
Epot,Ekin,T,Etot,bulk_modulus,interface_energy,substrate_alloy_ratio,film_alloy_ratio,substrate_lattice,film_lattice,Etot_substrate,Etot_film,substrate_atoms,substrate_structure,substrate_alloying_atoms,film_atoms,film_structure,film_alloying_atoms
0.05521267211724677,0.021801255392507,168.6620994311893,0.07701392750975378,166.14430007993656,0.0026351438503119523,0,0.68,4.08,3.9108,0.07637255232244898,-0.004628912513319107,Ag,fcc,Cu,Pd,fcc,Pt
Simulation data saved to file:  output_data.txt
-----End of simulation.-----
____Starting new simulation____:
Epot,Ekin,T,Etot,bulk_modulus,interface_energy,substrate_alloy_ratio,film_alloy_ratio,substrate_lattice,film_lattice,Etot_substrate,Etot_film,substrate_atoms,substrate_structure,substrate_alloying_atoms,film_atoms,film_structure,film_alloying_atoms
0.055545364826534736,0.021971600419380215,169.97994784600917,0.07751696524591495,164.71696705813022,0.0023304316169030018,0,0.66,4.08,3.9096,0.07766842778113502,-0.004812325769026067,Ag,fcc,Cu,Pd,fcc,Pt
Simulation data saved to file:  output_data.txt
-----End of simulation.-----
srun: Job step aborted: Waiting up to 302 seconds for job step to finish.
slurmstepd: error: *** JOB 4062805 ON n1184 CANCELLED AT 2024-12-19T21:03:49 DUE TO TIME LIMIT ***
slurmstepd: error: *** STEP 4062805.1 ON n1184 CANCELLED AT 2024-12-19T21:03:49 DUE TO TIME LIMIT ***
