mpprun INFO: mpprun v1.10.1 started
mpprun INFO: mpprun srun handler invoked on: /proj/liu-compute-2024-33/software/venv/bin/python3
mpprun WARNING: Using srun handler that just uses srun without setting up the environment; no MPI module will be loaded, etc.
mpprun INFO: Setting env variable: SLURM_KILL_BAD_EXIT=1 (was unset; to override, set to 0 before invoking mpprun)
mpprun INFO: threading env variables set by user: OPENBLAS_NUM_THREADS=1, MKL_NUM_THREADS=1, NUMEXPR_NUM_THREADS=1; set by mpprun: OMP_NUM_THREADS=1
mpprun INFO: mpprun v1.10.1 executing: /usr/bin/srun /proj/liu-compute-2024-33/software/venv/bin/python3 supercomp_main.py -slurm -simulation_method Interface -lattice_interpolation -film_alloy_ratio 0 -sc_film_alloy_ratio_offset .01 -sc
____Starting new simulation____:
Epot,Ekin,T,Etot,bulk_modulus,interface_energy,substrate_alloy_ratio,film_alloy_ratio,substrate_lattice,film_lattice,Etot_substrate,Etot_film,substrate_atoms,substrate_structure,substrate_alloying_atoms,film_atoms,film_structure,film_alloying_atoms
0.12588378474051123,0.06751937815315806,522.3534088552537,0.1934031628936693,133.05646707993782,-0.06441917471126486,0.25,0.45,3.73,4.051,0.3358323215854541,-0.013590809269255096,Cu,fcc,Pt,Au,fcc,Ag
Simulation data saved to file:  output_data.txt
-----End of simulation.-----
____Starting new simulation____:
Epot,Ekin,T,Etot,bulk_modulus,interface_energy,substrate_alloy_ratio,film_alloy_ratio,substrate_lattice,film_lattice,Etot_substrate,Etot_film,substrate_atoms,substrate_structure,substrate_alloying_atoms,film_atoms,film_structure,film_alloying_atoms
0.13797576148665813,0.07046888539814447,545.1718234497587,0.2084446468848026,146.35317801822794,-0.07356223082780686,0.25,0.05,3.73,4.059,0.3584169389109271,-0.0028478303705107696,Cu,fcc,Pt,Au,fcc,Ag
Simulation data saved to file:  output_data.txt
-----End of simulation.-----
____Starting new simulation____:
Epot,Ekin,T,Etot,bulk_modulus,interface_energy,substrate_alloy_ratio,film_alloy_ratio,substrate_lattice,film_lattice,Etot_substrate,Etot_film,substrate_atoms,substrate_structure,substrate_alloying_atoms,film_atoms,film_structure,film_alloying_atoms
0.1310023049224876,0.06586024210936202,509.51775497429537,0.19686254703184963,133.59477720099395,-0.06620326722113029,0.25,0.41000000000000003,3.73,4.0518,0.3426535446489346,-0.013384463174824394,Cu,fcc,Pt,Au,fcc,Ag
Simulation data saved to file:  output_data.txt
-----End of simulation.-----
____Starting new simulation____:
Epot,Ekin,T,Etot,bulk_modulus,interface_energy,substrate_alloy_ratio,film_alloy_ratio,substrate_lattice,film_lattice,Etot_substrate,Etot_film,substrate_atoms,substrate_structure,substrate_alloying_atoms,film_atoms,film_structure,film_alloying_atoms
0.13265461672736742,0.06765147239688446,523.3753358988371,0.20030608912425188,135.82807828532387,-0.06822386124976842,0.25,0.33,3.73,4.0534,0.3492729371101075,-0.012519125486318769,Cu,fcc,Pt,Au,fcc,Ag
Simulation data saved to file:  output_data.txt
-----End of simulation.-----
____Starting new simulation____:
Epot,Ekin,T,Etot,bulk_modulus,interface_energy,substrate_alloy_ratio,film_alloy_ratio,substrate_lattice,film_lattice,Etot_substrate,Etot_film,substrate_atoms,substrate_structure,substrate_alloying_atoms,film_atoms,film_structure,film_alloying_atoms
0.13451924809588867,0.06505109184131963,503.2578868838438,0.1995703399372083,134.36934966574898,-0.06777033027431865,0.25,0.39,3.73,4.052199999999999,0.348191781150449,-0.013080780664603405,Cu,fcc,Pt,Au,fcc,Ag
Simulation data saved to file:  output_data.txt
-----End of simulation.-----
____Starting new simulation____:
Epot,Ekin,T,Etot,bulk_modulus,interface_energy,substrate_alloy_ratio,film_alloy_ratio,substrate_lattice,film_lattice,Etot_substrate,Etot_film,substrate_atoms,substrate_structure,substrate_alloying_atoms,film_atoms,film_structure,film_alloying_atoms
0.14224769335489426,0.07116253237534872,550.5381178824902,0.213410225730243,146.87068749369314,-0.07629620768212099,0.25,0.01,3.73,4.0598,0.36671596215096497,-0.0007133210564800046,Cu,fcc,Pt,Au,fcc,Ag
Simulation data saved to file:  output_data.txt
-----End of simulation.-----
____Starting new simulation____:
Epot,Ekin,T,Etot,bulk_modulus,interface_energy,substrate_alloy_ratio,film_alloy_ratio,substrate_lattice,film_lattice,Etot_substrate,Etot_film,substrate_atoms,substrate_structure,substrate_alloying_atoms,film_atoms,film_structure,film_alloying_atoms
0.1321304202801234,0.06599399390072044,510.55250538325333,0.19812441418084384,132.14346667191015,-0.06676543092926887,0.25,0.43,3.73,4.051399999999999,0.3452207483128927,-0.01356547227351111,Cu,fcc,Pt,Au,fcc,Ag
Simulation data saved to file:  output_data.txt
-----End of simulation.-----
____Starting new simulation____:
Epot,Ekin,T,Etot,bulk_modulus,interface_energy,substrate_alloy_ratio,film_alloy_ratio,substrate_lattice,film_lattice,Etot_substrate,Etot_film,substrate_atoms,substrate_structure,substrate_alloying_atoms,film_atoms,film_structure,film_alloying_atoms
0.12823257030575988,0.06705109972288113,518.7306439388814,0.195283670028641,131.72660177031193,-0.06485386028620695,0.25,0.47000000000000003,3.73,4.050599999999999,0.3384426904161807,-0.0134512998151258,Cu,fcc,Pt,Au,fcc,Ag
Simulation data saved to file:  output_data.txt
-----End of simulation.-----
____Starting new simulation____:
Epot,Ekin,T,Etot,bulk_modulus,interface_energy,substrate_alloy_ratio,film_alloy_ratio,substrate_lattice,film_lattice,Etot_substrate,Etot_film,substrate_atoms,substrate_structure,substrate_alloying_atoms,film_atoms,film_structure,film_alloying_atoms
0.13104959358201188,0.06749566660084193,522.1699680339611,0.1985452601828538,128.96629060840368,-0.06646327021963351,0.25,0.55,3.73,4.053,0.34445635404038244,-0.012984553418261635,Cu,fcc,Pt,Au,fcc,Ag
Simulation data saved to file:  output_data.txt
-----End of simulation.-----
____Starting new simulation____:
Epot,Ekin,T,Etot,bulk_modulus,interface_energy,substrate_alloy_ratio,film_alloy_ratio,substrate_lattice,film_lattice,Etot_substrate,Etot_film,substrate_atoms,substrate_structure,substrate_alloying_atoms,film_atoms,film_structure,film_alloying_atoms
0.14018233299427574,0.06779678844991849,524.4995514609462,0.20797912144419423,145.7296968400359,-0.07327912823489302,0.25,0.07,3.73,4.058599999999999,0.3584580871559996,-0.00392070924201931,Cu,fcc,Pt,Au,fcc,Ag
Simulation data saved to file:  output_data.txt
-----End of simulation.-----
____Starting new simulation____:
Epot,Ekin,T,Etot,bulk_modulus,interface_energy,substrate_alloy_ratio,film_alloy_ratio,substrate_lattice,film_lattice,Etot_substrate,Etot_film,substrate_atoms,substrate_structure,substrate_alloying_atoms,film_atoms,film_structure,film_alloying_atoms
0.14167862887258528,0.06949702648059809,537.6531846175824,0.2111756553531834,146.8960082621961,-0.07499613275984815,0.25,0.03,3.73,4.059399999999999,0.3629290721652066,-0.0017611512923268902,Cu,fcc,Pt,Au,fcc,Ag
Simulation data saved to file:  output_data.txt
-----End of simulation.-----
____Starting new simulation____:
Equilibrium not reached
-----End of simulation.-----
____Starting new simulation____:
Epot,Ekin,T,Etot,bulk_modulus,interface_energy,substrate_alloy_ratio,film_alloy_ratio,substrate_lattice,film_lattice,Etot_substrate,Etot_film,substrate_atoms,substrate_structure,substrate_alloying_atoms,film_atoms,film_structure,film_alloying_atoms
0.12993718229765516,0.06799998498076087,526.0715505441179,0.19793716727841604,128.8666650136024,-0.06634862359589547,0.25,0.51,3.73,4.0506,0.34407453854547154,-0.013440124075264577,Cu,fcc,Pt,Au,fcc,Ag
Simulation data saved to file:  output_data.txt
-----End of simulation.-----
____Starting new simulation____:
Epot,Ekin,T,Etot,bulk_modulus,interface_energy,substrate_alloy_ratio,film_alloy_ratio,substrate_lattice,film_lattice,Etot_substrate,Etot_film,substrate_atoms,substrate_structure,substrate_alloying_atoms,film_atoms,film_structure,film_alloying_atoms
0.13194892011503462,0.0655702597220722,507.2743503006737,0.19751917983710682,130.313744841746,-0.06650406512861919,0.25,0.49,3.73,4.0502,0.34409905653115413,-0.013571746436808935,Cu,fcc,Pt,Au,fcc,Ag
Simulation data saved to file:  output_data.txt
-----End of simulation.-----
____Starting new simulation____:
Epot,Ekin,T,Etot,bulk_modulus,interface_energy,substrate_alloy_ratio,film_alloy_ratio,substrate_lattice,film_lattice,Etot_substrate,Etot_film,substrate_atoms,substrate_structure,substrate_alloying_atoms,film_atoms,film_structure,film_alloying_atoms
0.13341462380782362,0.06766340057968206,523.4676164724473,0.2010780243875057,127.34637197862482,-0.06747133044795833,0.25,0.59,3.73,4.0554,0.3483630827578943,-0.01234239747447193,Cu,fcc,Pt,Au,fcc,Ag
Simulation data saved to file:  output_data.txt
-----End of simulation.-----
____Starting new simulation____:
Epot,Ekin,T,Etot,bulk_modulus,interface_energy,substrate_alloy_ratio,film_alloy_ratio,substrate_lattice,film_lattice,Etot_substrate,Etot_film,substrate_atoms,substrate_structure,substrate_alloying_atoms,film_atoms,film_structure,film_alloying_atoms
0.132929857660043,0.0645193992430817,499.14452789344114,0.1974492569031247,129.85950934859707,-0.0658626128034058,0.25,0.53,3.73,4.0518,0.3425563645785751,-0.013381882068638783,Cu,fcc,Pt,Au,fcc,Ag
Simulation data saved to file:  output_data.txt
-----End of simulation.-----
____Starting new simulation____:
Epot,Ekin,T,Etot,bulk_modulus,interface_energy,substrate_alloy_ratio,film_alloy_ratio,substrate_lattice,film_lattice,Etot_substrate,Etot_film,substrate_atoms,substrate_structure,substrate_alloying_atoms,film_atoms,film_structure,film_alloying_atoms
0.1404021033162846,0.07037891828408462,544.4758065432133,0.2107810216003692,148.26320946907654,-0.07495757573461831,0.25,0.0,3.73,4.06,0.36075867130840017,-6.249823879433447e-05,Cu,fcc,Pt,Au,fcc,Ag
Simulation data saved to file:  output_data.txt
-----End of simulation.-----
____Starting new simulation____:
Epot,Ekin,T,Etot,bulk_modulus,interface_energy,substrate_alloy_ratio,film_alloy_ratio,substrate_lattice,film_lattice,Etot_substrate,Etot_film,substrate_atoms,substrate_structure,substrate_alloying_atoms,film_atoms,film_structure,film_alloying_atoms
0.1393152802916443,0.07088740736460092,548.4096550447629,0.21020268765624522,144.6814937637418,-0.0743559599907045,0.25,0.08,3.73,4.0584,0.3630236058487381,-0.0041089982110838665,Cu,fcc,Pt,Au,fcc,Ag
Simulation data saved to file:  output_data.txt
-----End of simulation.-----
____Starting new simulation____:
Epot,Ekin,T,Etot,bulk_modulus,interface_energy,substrate_alloy_ratio,film_alloy_ratio,substrate_lattice,film_lattice,Etot_substrate,Etot_film,substrate_atoms,substrate_structure,substrate_alloying_atoms,film_atoms,film_structure,film_alloying_atoms
0.13600086274414935,0.06740947207611954,521.5031371915434,0.20341033482026888,126.26005095711652,-0.06875154963724883,0.25,0.61,3.73,4.0565999999999995,0.35288790823311683,-0.011974474138350299,Cu,fcc,Pt,Au,fcc,Ag
Simulation data saved to file:  output_data.txt
-----End of simulation.-----
____Starting new simulation____:
Epot,Ekin,T,Etot,bulk_modulus,interface_energy,substrate_alloy_ratio,film_alloy_ratio,substrate_lattice,film_lattice,Etot_substrate,Etot_film,substrate_atoms,substrate_structure,substrate_alloying_atoms,film_atoms,film_structure,film_alloying_atoms
0.1375016491576448,0.06614585514810298,511.72735684683374,0.20364750430574777,126.47211550403456,-0.06903885655365395,0.25,0.5700000000000001,3.73,4.0542,0.35420070201453846,-0.012475484601482796,Cu,fcc,Pt,Au,fcc,Ag
Simulation data saved to file:  output_data.txt
-----End of simulation.-----
____Starting new simulation____:
Epot,Ekin,T,Etot,bulk_modulus,interface_energy,substrate_alloy_ratio,film_alloy_ratio,substrate_lattice,film_lattice,Etot_substrate,Etot_film,substrate_atoms,substrate_structure,substrate_alloying_atoms,film_atoms,film_structure,film_alloying_atoms
0.1386270076952204,0.06948347937462537,537.5483794908391,0.20811048706984578,148.10061415927078,-0.07346645823467775,0.25,0.02,3.73,4.0596,0.35637933721022874,-0.0013359336710274663,Cu,fcc,Pt,Au,fcc,Ag
Simulation data saved to file:  output_data.txt
-----End of simulation.-----
____Starting new simulation____:
Epot,Ekin,T,Etot,bulk_modulus,interface_energy,substrate_alloy_ratio,film_alloy_ratio,substrate_lattice,film_lattice,Etot_substrate,Etot_film,substrate_atoms,substrate_structure,substrate_alloying_atoms,film_atoms,film_structure,film_alloying_atoms
0.13962427401111913,0.06763162488837916,523.2217886653079,0.2072558988994983,144.22651720029776,-0.07255657092142907,0.25,0.11,3.73,4.0578,0.35827195088277286,-0.005902910140416423,Cu,fcc,Pt,Au,fcc,Ag
Simulation data saved to file:  output_data.txt
-----End of simulation.-----
____Starting new simulation____:
Epot,Ekin,T,Etot,bulk_modulus,interface_energy,substrate_alloy_ratio,film_alloy_ratio,substrate_lattice,film_lattice,Etot_substrate,Etot_film,substrate_atoms,substrate_structure,substrate_alloying_atoms,film_atoms,film_structure,film_alloying_atoms
0.1306961292794093,0.06701743662348834,518.4702144858646,0.19771356590289763,135.25925521001855,-0.06657439529165533,0.25,0.37,3.73,4.0526,0.34391742364170486,-0.013055067155496558,Cu,fcc,Pt,Au,fcc,Ag
Simulation data saved to file:  output_data.txt
-----End of simulation.-----
____Starting new simulation____:
Epot,Ekin,T,Etot,bulk_modulus,interface_energy,substrate_alloy_ratio,film_alloy_ratio,substrate_lattice,film_lattice,Etot_substrate,Etot_film,substrate_atoms,substrate_structure,substrate_alloying_atoms,film_atoms,film_structure,film_alloying_atoms
0.13718262224943875,0.07192881375856047,556.4663373597938,0.20911143600799922,145.74267616395687,-0.07353566019850527,0.25,0.06,3.73,4.0588,0.35940450473535074,-0.0032217483303409785,Cu,fcc,Pt,Au,fcc,Ag
Simulation data saved to file:  output_data.txt
-----End of simulation.-----
____Starting new simulation____:
Epot,Ekin,T,Etot,bulk_modulus,interface_energy,substrate_alloy_ratio,film_alloy_ratio,substrate_lattice,film_lattice,Etot_substrate,Etot_film,substrate_atoms,substrate_structure,substrate_alloying_atoms,film_atoms,film_structure,film_alloying_atoms
0.13449863857344566,0.07162564055665288,554.1208839533543,0.20612427913009854,143.12547447246453,-0.0722366409430281,0.25,0.13,3.73,4.0573999999999995,0.3571627947107896,-0.006565233694634851,Cu,fcc,Pt,Au,fcc,Ag
Simulation data saved to file:  output_data.txt
-----End of simulation.-----
____Starting new simulation____:
Epot,Ekin,T,Etot,bulk_modulus,interface_energy,substrate_alloy_ratio,film_alloy_ratio,substrate_lattice,film_lattice,Etot_substrate,Etot_film,substrate_atoms,substrate_structure,substrate_alloying_atoms,film_atoms,film_structure,film_alloying_atoms
0.13876462136036155,0.07076606515857914,547.4709095070045,0.2095306865189407,146.4868141713012,-0.07420508520775061,0.25,0.04,3.73,4.0592,0.360439557600963,-0.0024987006665211147,Cu,fcc,Pt,Au,fcc,Ag
Simulation data saved to file:  output_data.txt
-----End of simulation.-----
____Starting new simulation____:
Epot,Ekin,T,Etot,bulk_modulus,interface_energy,substrate_alloy_ratio,film_alloy_ratio,substrate_lattice,film_lattice,Etot_substrate,Etot_film,substrate_atoms,substrate_structure,substrate_alloying_atoms,film_atoms,film_structure,film_alloying_atoms
0.13626061444894105,0.06887144850243818,532.8134956522106,0.20513206295137923,124.99055346775923,-0.06942782043019251,0.25,0.63,3.73,4.0578,0.35523800613015183,-0.011250302318387587,Cu,fcc,Pt,Au,fcc,Ag
Simulation data saved to file:  output_data.txt
-----End of simulation.-----
____Starting new simulation____:
Epot,Ekin,T,Etot,bulk_modulus,interface_energy,substrate_alloy_ratio,film_alloy_ratio,substrate_lattice,film_lattice,Etot_substrate,Etot_film,substrate_atoms,substrate_structure,substrate_alloying_atoms,film_atoms,film_structure,film_alloying_atoms
0.13254432443418787,0.06719088161641036,519.8120453169511,0.19973520605059825,139.5599204666756,-0.06815565934076144,0.25,0.26,3.73,4.054799999999999,0.34695696984361357,-0.010910445111492445,Cu,fcc,Pt,Au,fcc,Ag
Simulation data saved to file:  output_data.txt
-----End of simulation.-----
____Starting new simulation____:
Epot,Ekin,T,Etot,bulk_modulus,interface_energy,substrate_alloy_ratio,film_alloy_ratio,substrate_lattice,film_lattice,Etot_substrate,Etot_film,substrate_atoms,substrate_structure,substrate_alloying_atoms,film_atoms,film_structure,film_alloying_atoms
0.13267761645270287,0.06688514800693585,517.4467837064491,0.19956276445963872,133.55892871660149,-0.06733979930269685,0.25,0.38,3.73,4.0524,0.3474141157345335,-0.013171752669501099,Cu,fcc,Pt,Au,fcc,Ag
Simulation data saved to file:  output_data.txt
-----End of simulation.-----
____Starting new simulation____:
Epot,Ekin,T,Etot,bulk_modulus,interface_energy,substrate_alloy_ratio,film_alloy_ratio,substrate_lattice,film_lattice,Etot_substrate,Etot_film,substrate_atoms,substrate_structure,substrate_alloying_atoms,film_atoms,film_structure,film_alloying_atoms
0.13290481165924892,0.06715863220342029,519.5625526339655,0.20006344386266922,128.51221374672812,-0.06766469957885952,0.25,0.52,3.73,4.0512,0.3487565219940532,-0.013363678973664934,Cu,fcc,Pt,Au,fcc,Ag
Simulation data saved to file:  output_data.txt
-----End of simulation.-----
____Starting new simulation____:
Epot,Ekin,T,Etot,bulk_modulus,interface_energy,substrate_alloy_ratio,film_alloy_ratio,substrate_lattice,film_lattice,Etot_substrate,Etot_film,substrate_atoms,substrate_structure,substrate_alloying_atoms,film_atoms,film_structure,film_alloying_atoms
0.1278445555131567,0.06763611524386184,523.2565276181465,0.19548067075701855,130.31058562653988,-0.0650947283818091,0.25,0.5,3.73,4.05,0.3390763866844043,-0.013406259163767548,Cu,fcc,Pt,Au,fcc,Ag
Simulation data saved to file:  output_data.txt
-----End of simulation.-----
____Starting new simulation____:
Epot,Ekin,T,Etot,bulk_modulus,interface_energy,substrate_alloy_ratio,film_alloy_ratio,substrate_lattice,film_lattice,Etot_substrate,Etot_film,substrate_atoms,substrate_structure,substrate_alloying_atoms,film_atoms,film_structure,film_alloying_atoms
0.13771512410333067,0.07049347491831279,545.362056535924,0.20820859902164346,144.40909398883892,-0.07311688861562446,0.25,0.09,3.73,4.058199999999999,0.3596655320409272,-0.005223155788034832,Cu,fcc,Pt,Au,fcc,Ag
Simulation data saved to file:  output_data.txt
-----End of simulation.-----
____Starting new simulation____:
Epot,Ekin,T,Etot,bulk_modulus,interface_energy,substrate_alloy_ratio,film_alloy_ratio,substrate_lattice,film_lattice,Etot_substrate,Etot_film,substrate_atoms,substrate_structure,substrate_alloying_atoms,film_atoms,film_structure,film_alloying_atoms
0.13541224399824753,0.07106727630913551,549.801183801318,0.20647952030738304,142.49004978271017,-0.07217741376608443,0.25,0.15,3.73,4.0569999999999995,0.3581694981857761,-0.0073351503462242024,Cu,fcc,Pt,Au,fcc,Ag
Simulation data saved to file:  output_data.txt
-----End of simulation.-----
____Starting new simulation____:
Epot,Ekin,T,Etot,bulk_modulus,interface_energy,substrate_alloy_ratio,film_alloy_ratio,substrate_lattice,film_lattice,Etot_substrate,Etot_film,substrate_atoms,substrate_structure,substrate_alloying_atoms,film_atoms,film_structure,film_alloying_atoms
0.1374953221437764,0.06712005105151066,519.2640754149983,0.20461537319528705,140.97173336308174,-0.07068382955592376,0.25,0.19,3.73,4.0562,0.3548276483700201,-0.008844616062885545,Cu,fcc,Pt,Au,fcc,Ag
Simulation data saved to file:  output_data.txt
-----End of simulation.-----
____Starting new simulation____:
Epot,Ekin,T,Etot,bulk_modulus,interface_energy,substrate_alloy_ratio,film_alloy_ratio,substrate_lattice,film_lattice,Etot_substrate,Etot_film,substrate_atoms,substrate_structure,substrate_alloying_atoms,film_atoms,film_structure,film_alloying_atoms
0.13437347261267293,0.06689731464165802,517.5409090271386,0.20127078725433095,130.54285207976758,-0.06822671187328744,0.25,0.46,3.73,4.0508,0.3512972233947529,-0.013573012393847058,Cu,fcc,Pt,Au,fcc,Ag
Simulation data saved to file:  output_data.txt
-----End of simulation.-----
____Starting new simulation____:
Epot,Ekin,T,Etot,bulk_modulus,interface_energy,substrate_alloy_ratio,film_alloy_ratio,substrate_lattice,film_lattice,Etot_substrate,Etot_film,substrate_atoms,substrate_structure,substrate_alloying_atoms,film_atoms,film_structure,film_alloying_atoms
0.13537911083704413,0.06841819782857166,529.3069906896934,0.2037973086656158,142.37911383713342,-0.07055511053516927,0.25,0.17,3.73,4.0565999999999995,0.35278001238797035,-0.007872482652015997,Cu,fcc,Pt,Au,fcc,Ag
Simulation data saved to file:  output_data.txt
-----End of simulation.-----
____Starting new simulation____:
Epot,Ekin,T,Etot,bulk_modulus,interface_energy,substrate_alloy_ratio,film_alloy_ratio,substrate_lattice,film_lattice,Etot_substrate,Etot_film,substrate_atoms,substrate_structure,substrate_alloying_atoms,film_atoms,film_structure,film_alloying_atoms
0.13263849364240413,0.06898290170827778,533.6757364427893,0.2016213953506819,140.59637944017547,-0.06916210080691608,0.25,0.22,3.73,4.0556,0.3500493768418482,-0.010103779877334145,Cu,fcc,Pt,Au,fcc,Ag
Simulation data saved to file:  output_data.txt
-----End of simulation.-----
____Starting new simulation____:
Epot,Ekin,T,Etot,bulk_modulus,interface_energy,substrate_alloy_ratio,film_alloy_ratio,substrate_lattice,film_lattice,Etot_substrate,Etot_film,substrate_atoms,substrate_structure,substrate_alloying_atoms,film_atoms,film_structure,film_alloying_atoms
0.13216757242827196,0.06921636217641582,535.4818678779488,0.2013839346046878,139.84838478138028,-0.06889796140135675,0.25,0.23,3.73,4.055400000000001,0.34932434142251234,-0.010144484015111054,Cu,fcc,Pt,Au,fcc,Ag
Simulation data saved to file:  output_data.txt
-----End of simulation.-----
____Starting new simulation____:
Epot,Ekin,T,Etot,bulk_modulus,interface_energy,substrate_alloy_ratio,film_alloy_ratio,substrate_lattice,film_lattice,Etot_substrate,Etot_film,substrate_atoms,substrate_structure,substrate_alloying_atoms,film_atoms,film_structure,film_alloying_atoms
0.13131840343429985,0.06770738844409314,523.8079219010795,0.19902579187839298,131.64324709182927,-0.06727882871698916,0.25,0.44,3.73,4.0512,0.3471481403923757,-0.013564691080004385,Cu,fcc,Pt,Au,fcc,Ag
Simulation data saved to file:  output_data.txt
-----End of simulation.-----
____Starting new simulation____:
Epot,Ekin,T,Etot,bulk_modulus,interface_energy,substrate_alloy_ratio,film_alloy_ratio,substrate_lattice,film_lattice,Etot_substrate,Etot_film,substrate_atoms,substrate_structure,substrate_alloying_atoms,film_atoms,film_structure,film_alloying_atoms
0.1374285836507022,0.06932743994075444,536.3412041224072,0.20675602359145664,144.9100016719362,-0.07230622577951247,0.25,0.1,3.73,4.058,0.35672878601925284,-0.005360310868771267,Cu,fcc,Pt,Au,fcc,Ag
Simulation data saved to file:  output_data.txt
-----End of simulation.-----
____Starting new simulation____:
Epot,Ekin,T,Etot,bulk_modulus,interface_energy,substrate_alloy_ratio,film_alloy_ratio,substrate_lattice,film_lattice,Etot_substrate,Etot_film,substrate_atoms,substrate_structure,substrate_alloying_atoms,film_atoms,film_structure,film_alloying_atoms
0.13556408163569858,0.06823405409268744,527.8823906594581,0.203798135728386,140.9497965886207,-0.07030427794340555,0.25,0.2,3.73,4.055999999999999,0.3536286207561998,-0.009221929141002679,Cu,fcc,Pt,Au,fcc,Ag
Simulation data saved to file:  output_data.txt
-----End of simulation.-----
____Starting new simulation____:
Epot,Ekin,T,Etot,bulk_modulus,interface_energy,substrate_alloy_ratio,film_alloy_ratio,substrate_lattice,film_lattice,Etot_substrate,Etot_film,substrate_atoms,substrate_structure,substrate_alloying_atoms,film_atoms,film_structure,film_alloying_atoms
0.13606424001950687,0.06893744808916989,533.3240914256809,0.20500168810867675,141.90437853280125,-0.07105363986201718,0.25,0.18,3.73,4.0564,0.3554940281633458,-0.008385060330634676,Cu,fcc,Pt,Au,fcc,Ag
Simulation data saved to file:  output_data.txt
-----End of simulation.-----
____Starting new simulation____:
Epot,Ekin,T,Etot,bulk_modulus,interface_energy,substrate_alloy_ratio,film_alloy_ratio,substrate_lattice,film_lattice,Etot_substrate,Etot_film,substrate_atoms,substrate_structure,substrate_alloying_atoms,film_atoms,film_structure,film_alloying_atoms
0.13479987503282792,0.06713304224142608,519.3645797816412,0.201932917274254,136.48339608545695,-0.06930402224184382,0.25,0.31,3.73,4.0538,0.35273373933076285,-0.01219277757282123,Cu,fcc,Pt,Au,fcc,Ag
Simulation data saved to file:  output_data.txt
-----End of simulation.-----
____Starting new simulation____:
Epot,Ekin,T,Etot,bulk_modulus,interface_energy,substrate_alloy_ratio,film_alloy_ratio,substrate_lattice,film_lattice,Etot_substrate,Etot_film,substrate_atoms,substrate_structure,substrate_alloying_atoms,film_atoms,film_structure,film_alloying_atoms
0.135928881406149,0.06840399181872907,529.1970880532878,0.2043328732248781,137.50565971879104,-0.07050257246788871,0.25,0.27,3.73,4.0546,0.35630693489141313,-0.010968916730757611,Cu,fcc,Pt,Au,fcc,Ag
Simulation data saved to file:  output_data.txt
-----End of simulation.-----
____Starting new simulation____:
Epot,Ekin,T,Etot,bulk_modulus,interface_energy,substrate_alloy_ratio,film_alloy_ratio,substrate_lattice,film_lattice,Etot_substrate,Etot_film,substrate_atoms,substrate_structure,substrate_alloying_atoms,film_atoms,film_structure,film_alloying_atoms
0.13458701492566358,0.06587864927758925,509.660159234137,0.20046566420325285,137.84829690070805,-0.06845204511365936,0.25,0.29,3.73,4.0542,0.3489936817047187,-0.011623927274147095,Cu,fcc,Pt,Au,fcc,Ag
Simulation data saved to file:  output_data.txt
-----End of simulation.-----
____Starting new simulation____:
Epot,Ekin,T,Etot,bulk_modulus,interface_energy,substrate_alloy_ratio,film_alloy_ratio,substrate_lattice,film_lattice,Etot_substrate,Etot_film,substrate_atoms,substrate_structure,substrate_alloying_atoms,film_atoms,film_structure,film_alloying_atoms
0.13785005326482846,0.06821345497944865,527.723028750122,0.2060635082442771,143.145435867564,-0.07182449931154282,0.25,0.14,3.73,4.0572,0.3565836386480155,-0.006871131780652764,Cu,fcc,Pt,Au,fcc,Ag
Simulation data saved to file:  output_data.txt
-----End of simulation.-----
____Starting new simulation____:
Epot,Ekin,T,Etot,bulk_modulus,interface_energy,substrate_alloy_ratio,film_alloy_ratio,substrate_lattice,film_lattice,Etot_substrate,Etot_film,substrate_atoms,substrate_structure,substrate_alloying_atoms,film_atoms,film_structure,film_alloying_atoms
0.13780000523568783,0.06890883330078733,533.1027174636548,0.20670883853647515,143.79295555743843,-0.07226417281522715,0.25,0.12,3.73,4.0576,0.35737564145956313,-0.00613845729263369,Cu,fcc,Pt,Au,fcc,Ag
Simulation data saved to file:  output_data.txt
-----End of simulation.-----
____Starting new simulation____:
Epot,Ekin,T,Etot,bulk_modulus,interface_energy,substrate_alloy_ratio,film_alloy_ratio,substrate_lattice,film_lattice,Etot_substrate,Etot_film,substrate_atoms,substrate_structure,substrate_alloying_atoms,film_atoms,film_structure,film_alloying_atoms
0.13101573371245753,0.06790796500884447,525.359652014717,0.198923698721302,136.03484202946188,-0.06765440113580506,0.25,0.32,3.73,4.053599999999999,0.34664557896900505,-0.012413077976092932,Cu,fcc,Pt,Au,fcc,Ag
Simulation data saved to file:  output_data.txt
-----End of simulation.-----
____Starting new simulation____:
Epot,Ekin,T,Etot,bulk_modulus,interface_energy,substrate_alloy_ratio,film_alloy_ratio,substrate_lattice,film_lattice,Etot_substrate,Etot_film,substrate_atoms,substrate_structure,substrate_alloying_atoms,film_atoms,film_structure,film_alloying_atoms
0.1333437225591791,0.07007817476142313,542.1491499810479,0.20342189732060223,142.69099881131697,-0.07047893422307604,0.25,0.16,3.73,4.0568,0.3522861716986059,-0.007906405931851584,Cu,fcc,Pt,Au,fcc,Ag
Simulation data saved to file:  output_data.txt
-----End of simulation.-----
____Starting new simulation____:
Epot,Ekin,T,Etot,bulk_modulus,interface_energy,substrate_alloy_ratio,film_alloy_ratio,substrate_lattice,film_lattice,Etot_substrate,Etot_film,substrate_atoms,substrate_structure,substrate_alloying_atoms,film_atoms,film_structure,film_alloying_atoms
0.133054575605762,0.0668385279699311,517.0861148745303,0.19989310357569312,137.26711168699796,-0.06779750707911292,0.25,0.3,3.73,4.053999999999999,0.3474591955146506,-0.01197107778073164,Cu,fcc,Pt,Au,fcc,Ag
Simulation data saved to file:  output_data.txt
-----End of simulation.-----
____Starting new simulation____:
Epot,Ekin,T,Etot,bulk_modulus,interface_energy,substrate_alloy_ratio,film_alloy_ratio,substrate_lattice,film_lattice,Etot_substrate,Etot_film,substrate_atoms,substrate_structure,substrate_alloying_atoms,film_atoms,film_structure,film_alloying_atoms
0.1356872568151219,0.06824877383038355,527.9962676733367,0.20393603064550545,138.9261299054358,-0.07023178376304977,0.25,0.25,3.73,4.055,0.35520756523864994,-0.010807967067044942,Cu,fcc,Pt,Au,fcc,Ag
Simulation data saved to file:  output_data.txt
-----End of simulation.-----
____Starting new simulation____:
Epot,Ekin,T,Etot,bulk_modulus,interface_energy,substrate_alloy_ratio,film_alloy_ratio,substrate_lattice,film_lattice,Etot_substrate,Etot_film,substrate_atoms,substrate_structure,substrate_alloying_atoms,film_atoms,film_structure,film_alloying_atoms
0.13631450146132645,0.07066306295747259,546.6740486303306,0.20697756441879905,138.01569300254803,-0.07208386515167566,0.25,0.24,3.73,4.055199999999999,0.36151694449644456,-0.010371649774294205,Cu,fcc,Pt,Au,fcc,Ag
Simulation data saved to file:  output_data.txt
-----End of simulation.-----
____Starting new simulation____:
Epot,Ekin,T,Etot,bulk_modulus,interface_energy,substrate_alloy_ratio,film_alloy_ratio,substrate_lattice,film_lattice,Etot_substrate,Etot_film,substrate_atoms,substrate_structure,substrate_alloying_atoms,film_atoms,film_structure,film_alloying_atoms
0.13280361387815526,0.0664982949865413,514.4539541002483,0.19930190886469656,127.95524830568766,-0.06698105309094622,0.25,0.56,3.73,4.0536,0.34601130951273645,-0.01274729446614744,Cu,fcc,Pt,Au,fcc,Ag
Simulation data saved to file:  output_data.txt
-----End of simulation.-----
____Starting new simulation____:
Epot,Ekin,T,Etot,bulk_modulus,interface_energy,substrate_alloy_ratio,film_alloy_ratio,substrate_lattice,film_lattice,Etot_substrate,Etot_film,substrate_atoms,substrate_structure,substrate_alloying_atoms,film_atoms,film_structure,film_alloying_atoms
0.1326628327502142,0.06945221163128298,537.3064813459087,0.2021150443814972,137.42052534545388,-0.06930019770205752,0.25,0.28,3.73,4.054399999999999,0.3521831827547709,-0.011467742969158664,Cu,fcc,Pt,Au,fcc,Ag
Simulation data saved to file:  output_data.txt
-----End of simulation.-----
____Starting new simulation____:
Epot,Ekin,T,Etot,bulk_modulus,interface_energy,substrate_alloy_ratio,film_alloy_ratio,substrate_lattice,film_lattice,Etot_substrate,Etot_film,substrate_atoms,substrate_structure,substrate_alloying_atoms,film_atoms,film_structure,film_alloying_atoms
0.13467031547759004,0.0670591071333041,518.7925920528147,0.20172942261089413,134.7621043585302,-0.06894311810670553,0.25,0.36,3.73,4.0527999999999995,0.35250632315281544,-0.012890664328510253,Cu,fcc,Pt,Au,fcc,Ag
Simulation data saved to file:  output_data.txt
-----End of simulation.-----
____Starting new simulation____:
Epot,Ekin,T,Etot,bulk_modulus,interface_energy,substrate_alloy_ratio,film_alloy_ratio,substrate_lattice,film_lattice,Etot_substrate,Etot_film,substrate_atoms,substrate_structure,substrate_alloying_atoms,film_atoms,film_structure,film_alloying_atoms
0.13129138347636074,0.06563863699565838,507.80334068718093,0.19693002047201913,131.19534286617414,-0.06585796930670966,0.25,0.48,3.73,4.0504,0.34213447853225476,-0.01348851944681632,Cu,fcc,Pt,Au,fcc,Ag
Simulation data saved to file:  output_data.txt
-----End of simulation.-----
____Starting new simulation____:
Epot,Ekin,T,Etot,bulk_modulus,interface_energy,substrate_alloy_ratio,film_alloy_ratio,substrate_lattice,film_lattice,Etot_substrate,Etot_film,substrate_atoms,substrate_structure,substrate_alloying_atoms,film_atoms,film_structure,film_alloying_atoms
0.13683620074039168,0.06716996569929048,519.6502325025303,0.20400616643968217,140.2931446447252,-0.07046503143242948,0.25,0.21,3.73,4.0558,0.35463060058191065,-0.009694371277369523,Cu,fcc,Pt,Au,fcc,Ag
Simulation data saved to file:  output_data.txt
-----End of simulation.-----
____Starting new simulation____:
Epot,Ekin,T,Etot,bulk_modulus,interface_energy,substrate_alloy_ratio,film_alloy_ratio,substrate_lattice,film_lattice,Etot_substrate,Etot_film,substrate_atoms,substrate_structure,substrate_alloying_atoms,film_atoms,film_structure,film_alloying_atoms
0.13116811828579,0.06449374466149092,498.9460551214275,0.19566186294728094,135.07262100757887,-0.06552925923000708,0.25,0.4,3.73,4.052,0.34006789036593105,-0.013347508958635942,Cu,fcc,Pt,Au,fcc,Ag
Simulation data saved to file:  output_data.txt
-----End of simulation.-----
____Starting new simulation____:
Epot,Ekin,T,Etot,bulk_modulus,interface_energy,substrate_alloy_ratio,film_alloy_ratio,substrate_lattice,film_lattice,Etot_substrate,Etot_film,substrate_atoms,substrate_structure,substrate_alloying_atoms,film_atoms,film_structure,film_alloying_atoms
0.1308139736000326,0.06693303534893581,517.8172568508842,0.1977470089489684,132.9381727261501,-0.06671346695818814,0.25,0.42,3.73,4.0516,0.34460350507649384,-0.013429562211149158,Cu,fcc,Pt,Au,fcc,Ag
Simulation data saved to file:  output_data.txt
-----End of simulation.-----
____Starting new simulation____:
Epot,Ekin,T,Etot,bulk_modulus,interface_energy,substrate_alloy_ratio,film_alloy_ratio,substrate_lattice,film_lattice,Etot_substrate,Etot_film,substrate_atoms,substrate_structure,substrate_alloying_atoms,film_atoms,film_structure,film_alloying_atoms
0.12928136344213667,0.06566263975263814,507.9890343691024,0.1949440031947748,130.08343289262407,-0.06473273626050018,0.25,0.54,3.73,4.0524,0.33763226381431954,-0.013222788098544382,Cu,fcc,Pt,Au,fcc,Ag
Simulation data saved to file:  output_data.txt
-----End of simulation.-----
____Starting new simulation____:
Epot,Ekin,T,Etot,bulk_modulus,interface_energy,substrate_alloy_ratio,film_alloy_ratio,substrate_lattice,film_lattice,Etot_substrate,Etot_film,substrate_atoms,substrate_structure,substrate_alloying_atoms,film_atoms,film_structure,film_alloying_atoms
0.13346967812580404,0.06784259102030465,524.8538960865925,0.2013122691461087,135.47753704923113,-0.06832104322110671,0.25,0.34,3.73,4.0531999999999995,0.35042295714810273,-0.012468601559780601,Cu,fcc,Pt,Au,fcc,Ag
Simulation data saved to file:  output_data.txt
-----End of simulation.-----
____Starting new simulation____:
Epot,Ekin,T,Etot,bulk_modulus,interface_energy,substrate_alloy_ratio,film_alloy_ratio,substrate_lattice,film_lattice,Etot_substrate,Etot_film,substrate_atoms,substrate_structure,substrate_alloying_atoms,film_atoms,film_structure,film_alloying_atoms
0.13642967481082538,0.0677272984826701,523.961952889006,0.20415697329349547,125.64672760789884,-0.06922443105064492,0.25,0.6,3.73,4.056,0.3544554334940523,-0.01184959809926696,Cu,fcc,Pt,Au,fcc,Ag
Simulation data saved to file:  output_data.txt
-----End of simulation.-----
____Starting new simulation____:
Epot,Ekin,T,Etot,bulk_modulus,interface_energy,substrate_alloy_ratio,film_alloy_ratio,substrate_lattice,film_lattice,Etot_substrate,Etot_film,substrate_atoms,substrate_structure,substrate_alloying_atoms,film_atoms,film_structure,film_alloying_atoms
0.1369987553129799,0.06752944044269807,522.4312542292172,0.20452819575567796,125.8946435366218,-0.06931873692768187,0.25,0.62,3.73,4.0572,0.3549193694073305,-0.011753699796288784,Cu,fcc,Pt,Au,fcc,Ag
Simulation data saved to file:  output_data.txt
-----End of simulation.-----
____Starting new simulation____:
Epot,Ekin,T,Etot,bulk_modulus,interface_energy,substrate_alloy_ratio,film_alloy_ratio,substrate_lattice,film_lattice,Etot_substrate,Etot_film,substrate_atoms,substrate_structure,substrate_alloying_atoms,film_atoms,film_structure,film_alloying_atoms
0.13498717419644976,0.06813465054587095,527.1133702248487,0.2031218247423207,127.10641737912182,-0.06885062985071054,0.25,0.58,3.73,4.0548,0.35339334337240774,-0.012570258928665949,Cu,fcc,Pt,Au,fcc,Ag
Simulation data saved to file:  output_data.txt
-----End of simulation.-----
mpprun INFO: mpprun v1.10.1 started
mpprun INFO: mpprun srun handler invoked on: /proj/liu-compute-2024-33/software/venv/bin/python3
mpprun WARNING: Using srun handler that just uses srun without setting up the environment; no MPI module will be loaded, etc.
mpprun INFO: Setting env variable: SLURM_KILL_BAD_EXIT=1 (was unset; to override, set to 0 before invoking mpprun)
mpprun INFO: threading env variables set by user: OPENBLAS_NUM_THREADS=1, MKL_NUM_THREADS=1, NUMEXPR_NUM_THREADS=1; set by mpprun: OMP_NUM_THREADS=1
mpprun INFO: mpprun v1.10.1 executing: /usr/bin/srun /proj/liu-compute-2024-33/software/venv/bin/python3 supercomp_main.py -slurm -simulation_method Interface -lattice_interpolation -film_alloy_ratio .64 -sc_film_alloy_ratio_offset .01 -sc
____Starting new simulation____:
Film alloy ratio 1.07 grater than 1. Stopping simulation on this core.
-----End of simulation.-----
____Starting new simulation____:
Film alloy ratio 1.17 grater than 1. Stopping simulation on this core.
-----End of simulation.-----
____Starting new simulation____:
Film alloy ratio 1.08 grater than 1. Stopping simulation on this core.
-----End of simulation.-----
____Starting new simulation____:
Film alloy ratio 1.21 grater than 1. Stopping simulation on this core.
-----End of simulation.-----
____Starting new simulation____:
Film alloy ratio 1.03 grater than 1. Stopping simulation on this core.
-----End of simulation.-----
____Starting new simulation____:
Film alloy ratio 1.05 grater than 1. Stopping simulation on this core.
-----End of simulation.-----
____Starting new simulation____:
Film alloy ratio 1.09 grater than 1. Stopping simulation on this core.
-----End of simulation.-----
____Starting new simulation____:
Film alloy ratio 1.1400000000000001 grater than 1. Stopping simulation on this core.
-----End of simulation.-----
____Starting new simulation____:
Film alloy ratio 1.1800000000000002 grater than 1. Stopping simulation on this core.
-----End of simulation.-----
____Starting new simulation____:
Film alloy ratio 1.25 grater than 1. Stopping simulation on this core.
-----End of simulation.-----
____Starting new simulation____:
Film alloy ratio 1.11 grater than 1. Stopping simulation on this core.
-----End of simulation.-----
____Starting new simulation____:
Film alloy ratio 1.02 grater than 1. Stopping simulation on this core.
-----End of simulation.-----
____Starting new simulation____:
Film alloy ratio 1.12 grater than 1. Stopping simulation on this core.
-----End of simulation.-----
____Starting new simulation____:
Film alloy ratio 1.06 grater than 1. Stopping simulation on this core.
-----End of simulation.-----
____Starting new simulation____:
Film alloy ratio 1.22 grater than 1. Stopping simulation on this core.
-----End of simulation.-----
____Starting new simulation____:
Film alloy ratio 1.04 grater than 1. Stopping simulation on this core.
-----End of simulation.-----
____Starting new simulation____:
Film alloy ratio 1.01 grater than 1. Stopping simulation on this core.
-----End of simulation.-----
____Starting new simulation____:
Film alloy ratio 1.1 grater than 1. Stopping simulation on this core.
-----End of simulation.-----
____Starting new simulation____:
Film alloy ratio 1.19 grater than 1. Stopping simulation on this core.
-----End of simulation.-----
____Starting new simulation____:
Film alloy ratio 1.1600000000000001 grater than 1. Stopping simulation on this core.
-----End of simulation.-----
____Starting new simulation____:
Film alloy ratio 1.27 grater than 1. Stopping simulation on this core.
-----End of simulation.-----
____Starting new simulation____:
Film alloy ratio 1.26 grater than 1. Stopping simulation on this core.
-----End of simulation.-----
____Starting new simulation____:
Film alloy ratio 1.24 grater than 1. Stopping simulation on this core.
-----End of simulation.-----
____Starting new simulation____:
Film alloy ratio 1.2000000000000002 grater than 1. Stopping simulation on this core.
-----End of simulation.-----
____Starting new simulation____:
Film alloy ratio 1.15 grater than 1. Stopping simulation on this core.
-----End of simulation.-----
____Starting new simulation____:
Film alloy ratio 1.13 grater than 1. Stopping simulation on this core.
-----End of simulation.-----
____Starting new simulation____:
Film alloy ratio 1.23 grater than 1. Stopping simulation on this core.
-----End of simulation.-----
____Starting new simulation____:
Epot,Ekin,T,Etot,bulk_modulus,interface_energy,substrate_alloy_ratio,film_alloy_ratio,substrate_lattice,film_lattice,Etot_substrate,Etot_film,substrate_atoms,substrate_structure,substrate_alloying_atoms,film_atoms,film_structure,film_alloying_atoms
0.15174267931447094,0.08161792235157646,631.4246536353104,0.23336060166604738,109.64464485355339,-0.08280743006745395,0.25,0.99,3.73,4.079400000000001,0.3988951799851471,8.028181580817118e-05,Cu,fcc,Pt,Au,fcc,Ag
Simulation data saved to file:  output_data.txt
-----End of simulation.-----
____Starting new simulation____:
Epot,Ekin,T,Etot,bulk_modulus,interface_energy,substrate_alloy_ratio,film_alloy_ratio,substrate_lattice,film_lattice,Etot_substrate,Etot_film,substrate_atoms,substrate_structure,substrate_alloying_atoms,film_atoms,film_structure,film_alloying_atoms
0.1496559783712586,0.08085890424508328,625.5526253946146,0.2305148826163419,110.77039396308898,-0.08140526531782644,0.25,0.98,3.73,4.0788,0.3935558291953542,-0.0002304159433594285,Cu,fcc,Pt,Au,fcc,Ag
Simulation data saved to file:  output_data.txt
-----End of simulation.-----
____Starting new simulation____:
Epot,Ekin,T,Etot,bulk_modulus,interface_energy,substrate_alloy_ratio,film_alloy_ratio,substrate_lattice,film_lattice,Etot_substrate,Etot_film,substrate_atoms,substrate_structure,substrate_alloying_atoms,film_atoms,film_structure,film_alloying_atoms
0.1508200957850064,0.08048126201208122,622.6310536454068,0.23130135779708763,111.16431242692936,-0.08170258728748117,0.25,0.97,3.73,4.0782,0.3952573733155953,-0.0005508409435453166,Cu,fcc,Pt,Au,fcc,Ag
Simulation data saved to file:  output_data.txt
-----End of simulation.-----
____Starting new simulation____:
Epot,Ekin,T,Etot,bulk_modulus,interface_energy,substrate_alloy_ratio,film_alloy_ratio,substrate_lattice,film_lattice,Etot_substrate,Etot_film,substrate_atoms,substrate_structure,substrate_alloying_atoms,film_atoms,film_structure,film_alloying_atoms
0.15130370353695693,0.07717167181161197,597.0269119839186,0.2284753753485689,112.74967371752909,-0.08048468643721379,0.25,0.94,3.73,4.0764000000000005,0.3911159212788286,-0.0016711730558321145,Cu,fcc,Pt,Au,fcc,Ag
Simulation data saved to file:  output_data.txt
-----End of simulation.-----
____Starting new simulation____:
Epot,Ekin,T,Etot,bulk_modulus,interface_energy,substrate_alloy_ratio,film_alloy_ratio,substrate_lattice,film_lattice,Etot_substrate,Etot_film,substrate_atoms,substrate_structure,substrate_alloying_atoms,film_atoms,film_structure,film_alloying_atoms
0.15085153825150938,0.0775602059469636,600.032747280523,0.228411744198473,112.81357292069642,-0.08051947225255222,0.25,0.92,3.73,4.075200000000001,0.3918900212979926,-0.0024393325944151688,Cu,fcc,Pt,Au,fcc,Ag
Simulation data saved to file:  output_data.txt
-----End of simulation.-----
____Starting new simulation____:
Epot,Ekin,T,Etot,bulk_modulus,interface_energy,substrate_alloy_ratio,film_alloy_ratio,substrate_lattice,film_lattice,Etot_substrate,Etot_film,substrate_atoms,substrate_structure,substrate_alloying_atoms,film_atoms,film_structure,film_alloying_atoms
0.15353923374520917,0.0791027582026837,611.9664684010733,0.23264199194789287,111.38931838150484,-0.08227297586229841,0.25,0.9299999999999999,3.73,4.0758,0.3991369238328,-0.0019489801603102884,Cu,fcc,Pt,Au,fcc,Ag
Simulation data saved to file:  output_data.txt
-----End of simulation.-----
____Starting new simulation____:
Epot,Ekin,T,Etot,bulk_modulus,interface_energy,substrate_alloy_ratio,film_alloy_ratio,substrate_lattice,film_lattice,Etot_substrate,Etot_film,substrate_atoms,substrate_structure,substrate_alloying_atoms,film_atoms,film_structure,film_alloying_atoms
0.14894264542577737,0.07456806852361622,576.8845307891991,0.2235107139493936,115.65237639694168,-0.07778123338999449,0.25,0.86,3.73,4.0716,0.38346660582282327,-0.004393425093440708,Cu,fcc,Pt,Au,fcc,Ag
Simulation data saved to file:  output_data.txt
-----End of simulation.-----
____Starting new simulation____:
Epot,Ekin,T,Etot,bulk_modulus,interface_energy,substrate_alloy_ratio,film_alloy_ratio,substrate_lattice,film_lattice,Etot_substrate,Etot_film,substrate_atoms,substrate_structure,substrate_alloying_atoms,film_atoms,film_structure,film_alloying_atoms
0.1502527288538145,0.07480054113960306,578.6830198563047,0.22505326999341757,114.30198332941929,-0.07844013865871675,0.25,0.9,3.73,4.074,0.38481382051138174,-0.0028802732005306776,Cu,fcc,Pt,Au,fcc,Ag
Simulation data saved to file:  output_data.txt
-----End of simulation.-----
____Starting new simulation____:
Epot,Ekin,T,Etot,bulk_modulus,interface_energy,substrate_alloy_ratio,film_alloy_ratio,substrate_lattice,film_lattice,Etot_substrate,Etot_film,substrate_atoms,substrate_structure,substrate_alloying_atoms,film_atoms,film_structure,film_alloying_atoms
0.1463454318894588,0.07646250220656668,591.5405290997093,0.2228079340960255,115.57808136747622,-0.07752729023229034,0.25,0.88,3.73,4.0728,0.3816614979478032,-0.0037989833871970116,Cu,fcc,Pt,Au,fcc,Ag
Simulation data saved to file:  output_data.txt
-----End of simulation.-----
____Starting new simulation____:
Epot,Ekin,T,Etot,bulk_modulus,interface_energy,substrate_alloy_ratio,film_alloy_ratio,substrate_lattice,film_lattice,Etot_substrate,Etot_film,substrate_atoms,substrate_structure,substrate_alloying_atoms,film_atoms,film_structure,film_alloying_atoms
0.14663146371801178,0.07447090368867174,576.1328298087933,0.22110236740668351,116.36883907416669,-0.07677765459480566,0.25,0.8400000000000001,3.73,4.0704,0.3795776536601798,-0.00491997706388497,Cu,fcc,Pt,Au,fcc,Ag
Simulation data saved to file:  output_data.txt
-----End of simulation.-----
____Starting new simulation____:
Epot,Ekin,T,Etot,bulk_modulus,interface_energy,substrate_alloy_ratio,film_alloy_ratio,substrate_lattice,film_lattice,Etot_substrate,Etot_film,substrate_atoms,substrate_structure,substrate_alloying_atoms,film_atoms,film_structure,film_alloying_atoms
0.1529644560297185,0.07810038590101492,604.2117674094397,0.23106484193073343,111.37662827870217,-0.0812771542200226,0.25,0.95,3.73,4.077,0.39486151133336445,-0.001242360962585816,Cu,fcc,Pt,Au,fcc,Ag
Simulation data saved to file:  output_data.txt
-----End of simulation.-----
____Starting new simulation____:
Epot,Ekin,T,Etot,bulk_modulus,interface_energy,substrate_alloy_ratio,film_alloy_ratio,substrate_lattice,film_lattice,Etot_substrate,Etot_film,substrate_atoms,substrate_structure,substrate_alloying_atoms,film_atoms,film_structure,film_alloying_atoms
0.1398133819607244,0.07131584622266783,551.7242071647432,0.21112922818339225,122.0820789617175,-0.07237852129563709,0.25,0.66,3.73,4.0596,0.36638090341768015,-0.010494632643013741,Cu,fcc,Pt,Au,fcc,Ag
Simulation data saved to file:  output_data.txt
-----End of simulation.-----
____Starting new simulation____:
Epot,Ekin,T,Etot,bulk_modulus,interface_energy,substrate_alloy_ratio,film_alloy_ratio,substrate_lattice,film_lattice,Etot_substrate,Etot_film,substrate_atoms,substrate_structure,substrate_alloying_atoms,film_atoms,film_structure,film_alloying_atoms
0.14687513534730165,0.0708936726980148,548.458125844641,0.21776880804531645,118.71619395942743,-0.07491616710000873,0.25,0.8,3.73,4.068,0.3740755181662228,-0.0064743759208888965,Cu,fcc,Pt,Au,fcc,Ag
Simulation data saved to file:  output_data.txt
-----End of simulation.-----
____Starting new simulation____:
Epot,Ekin,T,Etot,bulk_modulus,interface_energy,substrate_alloy_ratio,film_alloy_ratio,substrate_lattice,film_lattice,Etot_substrate,Etot_film,substrate_atoms,substrate_structure,substrate_alloying_atoms,film_atoms,film_structure,film_alloying_atoms
0.14680637158883594,0.0756626093753911,585.3522797628201,0.22246898096422704,116.3678153126752,-0.07763627295257343,0.25,0.8200000000000001,3.73,4.0692,0.38346089218013046,-0.005719365310756574,Cu,fcc,Pt,Au,fcc,Ag
Simulation data saved to file:  output_data.txt
-----End of simulation.-----
____Starting new simulation____:
Epot,Ekin,T,Etot,bulk_modulus,interface_energy,substrate_alloy_ratio,film_alloy_ratio,substrate_lattice,film_lattice,Etot_substrate,Etot_film,substrate_atoms,substrate_structure,substrate_alloying_atoms,film_atoms,film_structure,film_alloying_atoms
0.15025598757136582,0.07800332858765574,603.4608982534398,0.22825931615902156,112.96109529352013,-0.08035120255679132,0.25,0.91,3.73,4.0746,0.39163243187834057,-0.0026707106057363753,Cu,fcc,Pt,Au,fcc,Ag
Simulation data saved to file:  output_data.txt
-----End of simulation.-----
____Starting new simulation____:
Epot,Ekin,T,Etot,bulk_modulus,interface_energy,substrate_alloy_ratio,film_alloy_ratio,substrate_lattice,film_lattice,Etot_substrate,Etot_film,substrate_atoms,substrate_structure,substrate_alloying_atoms,film_atoms,film_structure,film_alloying_atoms
0.1458077992076633,0.07161360402023442,554.0277651184218,0.2174214032278977,118.61895340613712,-0.07520390614223774,0.25,0.76,3.73,4.0656,0.3753560202911731,-0.007526804778799921,Cu,fcc,Pt,Au,fcc,Ag
Simulation data saved to file:  output_data.txt
-----End of simulation.-----
____Starting new simulation____:
Epot,Ekin,T,Etot,bulk_modulus,interface_energy,substrate_alloy_ratio,film_alloy_ratio,substrate_lattice,film_lattice,Etot_substrate,Etot_film,substrate_atoms,substrate_structure,substrate_alloying_atoms,film_atoms,film_structure,film_alloying_atoms
0.14775828001083638,0.06978234178741118,539.8604831323041,0.21754062179824757,118.73938372067508,-0.07508390443257329,0.25,0.78,3.73,4.0668,0.37484949108853954,-0.007141060425145402,Cu,fcc,Pt,Au,fcc,Ag
Simulation data saved to file:  output_data.txt
-----End of simulation.-----
____Starting new simulation____:
Epot,Ekin,T,Etot,bulk_modulus,interface_energy,substrate_alloy_ratio,film_alloy_ratio,substrate_lattice,film_lattice,Etot_substrate,Etot_film,substrate_atoms,substrate_structure,substrate_alloying_atoms,film_atoms,film_structure,film_alloying_atoms
0.14973693100035998,0.07660618517810094,592.6521105749581,0.22634311617846092,114.24647598688179,-0.0793278536235811,0.25,0.87,3.73,4.0722000000000005,0.3887778535566761,-0.0037790301310529975,Cu,fcc,Pt,Au,fcc,Ag
Simulation data saved to file:  output_data.txt
-----End of simulation.-----
____Starting new simulation____:
Epot,Ekin,T,Etot,bulk_modulus,interface_energy,substrate_alloy_ratio,film_alloy_ratio,substrate_lattice,film_lattice,Etot_substrate,Etot_film,substrate_atoms,substrate_structure,substrate_alloying_atoms,film_atoms,film_structure,film_alloying_atoms
0.1418183293136251,0.0703955079050138,544.6041496245775,0.2122138372186389,121.50880377213403,-0.07259110462855588,0.25,0.7,3.73,4.061999999999999,0.3667956498702668,-0.009399603394516141,Cu,fcc,Pt,Au,fcc,Ag
Simulation data saved to file:  output_data.txt
-----End of simulation.-----
____Starting new simulation____:
Epot,Ekin,T,Etot,bulk_modulus,interface_energy,substrate_alloy_ratio,film_alloy_ratio,substrate_lattice,film_lattice,Etot_substrate,Etot_film,substrate_atoms,substrate_structure,substrate_alloying_atoms,film_atoms,film_structure,film_alloying_atoms
0.1404151571959869,0.0710834697208028,549.9264616699355,0.21149862691678972,121.80891654795052,-0.07222292282959879,0.25,0.72,3.73,4.0632,0.3649983661640043,-0.009053893588016969,Cu,fcc,Pt,Au,fcc,Ag
Simulation data saved to file:  output_data.txt
-----End of simulation.-----
____Starting new simulation____:
Epot,Ekin,T,Etot,bulk_modulus,interface_energy,substrate_alloy_ratio,film_alloy_ratio,substrate_lattice,film_lattice,Etot_substrate,Etot_film,substrate_atoms,substrate_structure,substrate_alloying_atoms,film_atoms,film_structure,film_alloying_atoms
0.13795270962721495,0.07028928995408472,543.7824105880661,0.20824199958129969,123.61555416581336,-0.07044227719762791,0.25,0.68,3.73,4.0608,0.3593762933434312,-0.010249739366875685,Cu,fcc,Pt,Au,fcc,Ag
Simulation data saved to file:  output_data.txt
-----End of simulation.-----
____Starting new simulation____:
Epot,Ekin,T,Etot,bulk_modulus,interface_energy,substrate_alloy_ratio,film_alloy_ratio,substrate_lattice,film_lattice,Etot_substrate,Etot_film,substrate_atoms,substrate_structure,substrate_alloying_atoms,film_atoms,film_structure,film_alloying_atoms
0.14739085441850547,0.0763207031699165,590.4435224004088,0.22371155758842198,114.97008962821555,-0.07767988262361582,0.25,0.89,3.73,4.0734,0.3823687354321269,-0.0032974125964732757,Cu,fcc,Pt,Au,fcc,Ag
Simulation data saved to file:  output_data.txt
-----End of simulation.-----
____Starting new simulation____:
Epot,Ekin,T,Etot,bulk_modulus,interface_energy,substrate_alloy_ratio,film_alloy_ratio,substrate_lattice,film_lattice,Etot_substrate,Etot_film,substrate_atoms,substrate_structure,substrate_alloying_atoms,film_atoms,film_structure,film_alloying_atoms
0.14215496568653846,0.07037798616362467,544.4685953349197,0.21253295185016313,120.57446214640032,-0.07282975000993655,0.25,0.74,3.73,4.0644,0.36631106947612163,-0.008118617606085387,Cu,fcc,Pt,Au,fcc,Ag
Simulation data saved to file:  output_data.txt
-----End of simulation.-----
____Starting new simulation____:
Epot,Ekin,T,Etot,bulk_modulus,interface_energy,substrate_alloy_ratio,film_alloy_ratio,substrate_lattice,film_lattice,Etot_substrate,Etot_film,substrate_atoms,substrate_structure,substrate_alloying_atoms,film_atoms,film_structure,film_alloying_atoms
0.14308560658995778,0.07279579601134555,563.1736138120741,0.21588140260130334,119.59384262049714,-0.0739946515815015,0.25,0.77,3.73,4.0662,0.371304541111971,-0.007433835347664644,Cu,fcc,Pt,Au,fcc,Ag
Simulation data saved to file:  output_data.txt
-----End of simulation.-----
____Starting new simulation____:
Epot,Ekin,T,Etot,bulk_modulus,interface_energy,substrate_alloy_ratio,film_alloy_ratio,substrate_lattice,film_lattice,Etot_substrate,Etot_film,substrate_atoms,substrate_structure,substrate_alloying_atoms,film_atoms,film_structure,film_alloying_atoms
0.1487979880058437,0.0714829884210573,553.0172773836995,0.220280976426901,117.62453938923102,-0.07606919901111649,0.25,0.8300000000000001,3.73,4.0698,0.3779899453973291,-0.00557057094819513,Cu,fcc,Pt,Au,fcc,Ag
Simulation data saved to file:  output_data.txt
-----End of simulation.-----
____Starting new simulation____:
Epot,Ekin,T,Etot,bulk_modulus,interface_energy,substrate_alloy_ratio,film_alloy_ratio,substrate_lattice,film_lattice,Etot_substrate,Etot_film,substrate_atoms,substrate_structure,substrate_alloying_atoms,film_atoms,film_structure,film_alloying_atoms
0.1450937003926857,0.07541647856534804,583.4481261528941,0.22051017895803376,116.8211047324814,-0.07627148283489134,0.25,0.85,3.73,4.071,0.3777684510228076,-0.004715306394991161,Cu,fcc,Pt,Au,fcc,Ag
Simulation data saved to file:  output_data.txt
-----End of simulation.-----
____Starting new simulation____:
Epot,Ekin,T,Etot,bulk_modulus,interface_energy,substrate_alloy_ratio,film_alloy_ratio,substrate_lattice,film_lattice,Etot_substrate,Etot_film,substrate_atoms,substrate_structure,substrate_alloying_atoms,film_atoms,film_structure,film_alloying_atoms
0.1492028622003905,0.0697664067999936,539.7372045236244,0.2189692690003841,118.79495481749986,-0.0758383833719165,0.25,0.79,3.73,4.0674,0.37749832864450317,-0.0068522929002860595,Cu,fcc,Pt,Au,fcc,Ag
Simulation data saved to file:  output_data.txt
-----End of simulation.-----
____Starting new simulation____:
Epot,Ekin,T,Etot,bulk_modulus,interface_energy,substrate_alloy_ratio,film_alloy_ratio,substrate_lattice,film_lattice,Etot_substrate,Etot_film,substrate_atoms,substrate_structure,substrate_alloying_atoms,film_atoms,film_structure,film_alloying_atoms
0.1395437206565148,0.0695504540824252,538.0665191402738,0.20909417473894,122.87771816448021,-0.07089225561678941,0.25,0.6900000000000001,3.73,4.0614,0.3606733672746533,-0.009794681302134501,Cu,fcc,Pt,Au,fcc,Ag
Simulation data saved to file:  output_data.txt
-----End of simulation.-----
____Starting new simulation____:
Epot,Ekin,T,Etot,bulk_modulus,interface_energy,substrate_alloy_ratio,film_alloy_ratio,substrate_lattice,film_lattice,Etot_substrate,Etot_film,substrate_atoms,substrate_structure,substrate_alloying_atoms,film_atoms,film_structure,film_alloying_atoms
0.1445797095414608,0.07011716177512975,542.450767088133,0.21469687131659054,120.28814655761524,-0.07369334404729105,0.25,0.73,3.73,4.0638,0.3707158666250885,-0.008632307213915847,Cu,fcc,Pt,Au,fcc,Ag
Simulation data saved to file:  output_data.txt
-----End of simulation.-----
____Starting new simulation____:
Epot,Ekin,T,Etot,bulk_modulus,interface_energy,substrate_alloy_ratio,film_alloy_ratio,substrate_lattice,film_lattice,Etot_substrate,Etot_film,substrate_atoms,substrate_structure,substrate_alloying_atoms,film_atoms,film_structure,film_alloying_atoms
0.13963711874226725,0.06840101626332079,529.1740681210362,0.20803813500558804,123.19885951051766,-0.07025442778825079,0.25,0.67,3.73,4.0602,0.358882021734134,-0.010335031152044401,Cu,fcc,Pt,Au,fcc,Ag
Simulation data saved to file:  output_data.txt
-----End of simulation.-----
____Starting new simulation____:
Epot,Ekin,T,Etot,bulk_modulus,interface_energy,substrate_alloy_ratio,film_alloy_ratio,substrate_lattice,film_lattice,Etot_substrate,Etot_film,substrate_atoms,substrate_structure,substrate_alloying_atoms,film_atoms,film_structure,film_alloying_atoms
0.1427696041624875,0.06573250413523982,508.5295295485273,0.2085021082977273,124.30298776667033,-0.07063740829412048,0.25,0.65,3.73,4.058999999999999,0.36062017919635647,-0.010843254310388207,Cu,fcc,Pt,Au,fcc,Ag
Simulation data saved to file:  output_data.txt
-----End of simulation.-----
____Starting new simulation____:
Epot,Ekin,T,Etot,bulk_modulus,interface_energy,substrate_alloy_ratio,film_alloy_ratio,substrate_lattice,film_lattice,Etot_substrate,Etot_film,substrate_atoms,substrate_structure,substrate_alloying_atoms,film_atoms,film_structure,film_alloying_atoms
0.1419461900742175,0.07270412531723959,562.4644174173776,0.21465031539145707,120.09007348642953,-0.07347812892310362,0.25,0.75,3.73,4.0649999999999995,0.36963121347968064,-0.008024640242016318,Cu,fcc,Pt,Au,fcc,Ag
Simulation data saved to file:  output_data.txt
-----End of simulation.-----
____Starting new simulation____:
Epot,Ekin,T,Etot,bulk_modulus,interface_energy,substrate_alloy_ratio,film_alloy_ratio,substrate_lattice,film_lattice,Etot_substrate,Etot_film,substrate_atoms,substrate_structure,substrate_alloying_atoms,film_atoms,film_structure,film_alloying_atoms
0.14230738684514846,0.07138175733306258,552.2341184544774,0.21368914417821105,121.19404390962283,-0.07329000328610139,0.25,0.71,3.73,4.0626,0.36953555254102666,-0.00926640179061282,Cu,fcc,Pt,Au,fcc,Ag
Simulation data saved to file:  output_data.txt
-----End of simulation.-----
____Starting new simulation____:
Epot,Ekin,T,Etot,bulk_modulus,interface_energy,substrate_alloy_ratio,film_alloy_ratio,substrate_lattice,film_lattice,Etot_substrate,Etot_film,substrate_atoms,substrate_structure,substrate_alloying_atoms,film_atoms,film_structure,film_alloying_atoms
0.14735812838382753,0.07001185110620335,541.636047100965,0.2173699794900309,118.6900334769806,-0.07468391762162993,0.25,0.81,3.73,4.0686,0.3726335159799027,-0.005895701246611919,Cu,fcc,Pt,Au,fcc,Ag
Simulation data saved to file:  output_data.txt
-----End of simulation.-----
srun: Job step aborted: Waiting up to 302 seconds for job step to finish.
slurmstepd: error: *** STEP 4062471.1 ON n1206 CANCELLED AT 2024-12-18T19:58:39 DUE TO TIME LIMIT ***
slurmstepd: error: *** JOB 4062471 ON n1206 CANCELLED AT 2024-12-18T19:58:39 DUE TO TIME LIMIT ***
