____Starting new simulation____:
Equilibrium not reached
-----End of simulation.-----
____Starting new simulation____:
Equilibrium not reached
-----End of simulation.-----
____Starting new simulation____:
Equilibrium not reached
-----End of simulation.-----
____Starting new simulation____:
Equilibrium not reached
-----End of simulation.-----
____Starting new simulation____:
Equilibrium not reached
-----End of simulation.-----
____Starting new simulation____:
Equilibrium not reached
-----End of simulation.-----
____Starting new simulation____:
Equilibrium not reached
-----End of simulation.-----
____Starting new simulation____:
Equilibrium not reached
-----End of simulation.-----
____Starting new simulation____:
Equilibrium not reached
-----End of simulation.-----
____Starting new simulation____:
Equilibrium not reached
-----End of simulation.-----
____Starting new simulation____:
Equilibrium not reached
-----End of simulation.-----
____Starting new simulation____:
Equilibrium not reached
-----End of simulation.-----
____Starting new simulation____:
Equilibrium not reached
-----End of simulation.-----
____Starting new simulation____:
Equilibrium not reached
-----End of simulation.-----
____Starting new simulation____:
Equilibrium not reached
-----End of simulation.-----
____Starting new simulation____:
Equilibrium not reached
-----End of simulation.-----
____Starting new simulation____:
Equilibrium not reached
-----End of simulation.-----
____Starting new simulation____:
Epot,Ekin,T,Etot,bulk_modulus,interface_energy,substrate_alloy_ratio,film_alloy_ratio,substrate_lattice,film_lattice,Etot_substrate,Etot_film,substrate_atoms,substrate_structure,substrate_alloying_atoms,film_atoms,film_structure,film_alloying_atoms
0.07123999928982276,0.028939842576833727,223.88869440493292,0.10017984186665649,169.11111002858212,-0.014695062766544875,0.5,0.5,2.54,3.8,0.07056614525371926,0.05900382214602697,Cu,fcc,Ag,Pd,fcc,Pt
-----End of simulation.-----
____Starting new simulation____:
Epot,Ekin,T,Etot,bulk_modulus,interface_energy,substrate_alloy_ratio,film_alloy_ratio,substrate_lattice,film_lattice,Etot_substrate,Etot_film,substrate_atoms,substrate_structure,substrate_alloying_atoms,film_atoms,film_structure,film_alloying_atoms
0.042830782174063504,0.025406790972750868,196.5557775515231,0.06823757314681438,166.41013413864053,0.003644603028143366,0.5,0.5,2.54,3.9,0.0663130613410429,-0.005364694250515248,Cu,fcc,Ag,Pd,fcc,Pt
-----End of simulation.-----
____Starting new simulation____:
Epot,Ekin,T,Etot,bulk_modulus,interface_energy,substrate_alloy_ratio,film_alloy_ratio,substrate_lattice,film_lattice,Etot_substrate,Etot_film,substrate_atoms,substrate_structure,substrate_alloying_atoms,film_atoms,film_structure,film_alloying_atoms
0.09854587427148198,0.02634331212428308,203.80103112684824,0.12488918639576506,164.03308805364048,-0.02421358301438136,0.5,0.5,2.54,4.0,0.11770208108571699,0.05561427133881079,Cu,fcc,Ag,Pd,fcc,Pt
-----End of simulation.-----
____Starting new simulation____:
Epot,Ekin,T,Etot,bulk_modulus,interface_energy,substrate_alloy_ratio,film_alloy_ratio,substrate_lattice,film_lattice,Etot_substrate,Etot_film,substrate_atoms,substrate_structure,substrate_alloying_atoms,film_atoms,film_structure,film_alloying_atoms
0.18968628021887793,0.05206392744340301,402.7846630453918,0.24175020766228095,151.91773856859135,-0.08280202882837549,0.5,0.5,2.54,4.1,0.20158475262419412,0.20576951269483781,Cu,fcc,Ag,Pd,fcc,Pt
-----End of simulation.-----
____Starting new simulation____:
Epot,Ekin,T,Etot,bulk_modulus,interface_energy,substrate_alloy_ratio,film_alloy_ratio,substrate_lattice,film_lattice,Etot_substrate,Etot_film,substrate_atoms,substrate_structure,substrate_alloying_atoms,film_atoms,film_structure,film_alloying_atoms
0.3088057469311496,0.1051839286054746,813.7394799345832,0.4139896755366242,128.91902857881612,-0.1703240480543318,0.5,0.5,2.54,4.2,0.3349098458047313,0.41972792584055646,Cu,fcc,Ag,Pd,fcc,Pt
-----End of simulation.-----
____Starting new simulation____:
Epot,Ekin,T,Etot,bulk_modulus,interface_energy,substrate_alloy_ratio,film_alloy_ratio,substrate_lattice,film_lattice,Etot_substrate,Etot_film,substrate_atoms,substrate_structure,substrate_alloying_atoms,film_atoms,film_structure,film_alloying_atoms
0.4435360523974384,0.1595087719266444,1234.0153751001453,0.6030448243240828,108.93955700840614,-0.26526228822303777,0.5,0.5,2.54,4.3,0.4616042670733031,0.6719651336968553,Cu,fcc,Ag,Pd,fcc,Pt
-----End of simulation.-----
____Starting new simulation____:
Epot,Ekin,T,Etot,bulk_modulus,interface_energy,substrate_alloy_ratio,film_alloy_ratio,substrate_lattice,film_lattice,Etot_substrate,Etot_film,substrate_atoms,substrate_structure,substrate_alloying_atoms,film_atoms,film_structure,film_alloying_atoms
0.5703644343066826,0.24859747161340742,1923.2365623318,0.81896190592009,95.01440617103071,-0.3723845459090735,0.5,0.5,2.54,4.4,0.6189681643977772,0.9447628333404597,Cu,fcc,Ag,Pd,fcc,Pt
-----End of simulation.-----
____Starting new simulation____:
Epot,Ekin,T,Etot,bulk_modulus,interface_energy,substrate_alloy_ratio,film_alloy_ratio,substrate_lattice,film_lattice,Etot_substrate,Etot_film,substrate_atoms,substrate_structure,substrate_alloying_atoms,film_atoms,film_structure,film_alloying_atoms
0.6810468118423431,0.3613786536933795,2795.7510392952263,1.0424254655357226,83.98419196570633,-0.483209112084252,0.5,0.5,2.54,4.5,0.7771539206938487,1.2316897690103779,Cu,fcc,Ag,Pd,fcc,Pt
-----End of simulation.-----
____Starting new simulation____:
Equilibrium not reached
-----End of simulation.-----
____Starting new simulation____:
Equilibrium not reached
-----End of simulation.-----
____Starting new simulation____:
Equilibrium not reached
-----End of simulation.-----
____Starting new simulation____:
Equilibrium not reached
-----End of simulation.-----
____Starting new simulation____:
Equilibrium not reached
-----End of simulation.-----
job completed
