____Starting new simulation____:
Equilibrium not reached
-----End of simulation.-----
____Starting new simulation____:
Equilibrium not reached
-----End of simulation.-----
____Starting new simulation____:
Equilibrium not reached
-----End of simulation.-----
____Starting new simulation____:
Equilibrium not reached
-----End of simulation.-----
____Starting new simulation____:
Equilibrium not reached
-----End of simulation.-----
____Starting new simulation____:
Equilibrium not reached
-----End of simulation.-----
____Starting new simulation____:
Equilibrium not reached
-----End of simulation.-----
____Starting new simulation____:
Equilibrium not reached
-----End of simulation.-----
____Starting new simulation____:
Equilibrium not reached
-----End of simulation.-----
____Starting new simulation____:
Equilibrium not reached
-----End of simulation.-----
____Starting new simulation____:
Epot,Ekin,T,Etot,bulk_modulus,interface_energy,substrate_alloy_ratio,film_alloy_ratio,substrate_lattice,film_lattice,Etot_substrate,Etot_film,substrate_atoms,substrate_structure,substrate_alloying_atoms,film_atoms,film_structure,film_alloying_atoms
3.527845825726148,0.07340064399159293,567.8529282987206,3.601246469717741,-1,-1.76157261135567,0.5,0.5,2.54,3.1,3.5495054042937717,3.574886288135309,Cu,fcc,Ag,Cu,fcc,Ag
-----End of simulation.-----
____Starting new simulation____:
Epot,Ekin,T,Etot,bulk_modulus,interface_energy,substrate_alloy_ratio,film_alloy_ratio,substrate_lattice,film_lattice,Etot_substrate,Etot_film,substrate_atoms,substrate_structure,substrate_alloying_atoms,film_atoms,film_structure,film_alloying_atoms
2.425057091827376,0.06408195799531691,495.7603301535639,2.4891390498226933,-1,-1.2056586985389974,0.5,0.5,2.54,3.2,2.4753476334838536,2.4251088134168346,Cu,fcc,Ag,Cu,fcc,Ag
-----End of simulation.-----
____Starting new simulation____:
Epot,Ekin,T,Etot,bulk_modulus,interface_energy,substrate_alloy_ratio,film_alloy_ratio,substrate_lattice,film_lattice,Etot_substrate,Etot_film,substrate_atoms,substrate_structure,substrate_alloying_atoms,film_atoms,film_structure,film_alloying_atoms
1.606647079930769,0.05603260678564926,433.4877476972281,1.6626796867164184,-1,-0.7930021719461126,0.5,0.5,2.54,3.3,1.6081606531624693,1.6405233774461743,Cu,fcc,Ag,Cu,fcc,Ag
-----End of simulation.-----
____Starting new simulation____:
Epot,Ekin,T,Etot,bulk_modulus,interface_energy,substrate_alloy_ratio,film_alloy_ratio,substrate_lattice,film_lattice,Etot_substrate,Etot_film,substrate_atoms,substrate_structure,substrate_alloying_atoms,film_atoms,film_structure,film_alloying_atoms
1.0111503034215128,0.04960699139959434,383.77695069781043,1.060757294821107,-1,-0.49167856925250863,0.5,0.5,2.54,3.4,1.0356790653518364,1.008435367974288,Cu,fcc,Ag,Cu,fcc,Ag
-----End of simulation.-----
____Starting new simulation____:
Epot,Ekin,T,Etot,bulk_modulus,interface_energy,substrate_alloy_ratio,film_alloy_ratio,substrate_lattice,film_lattice,Etot_substrate,Etot_film,substrate_atoms,substrate_structure,substrate_alloying_atoms,film_atoms,film_structure,film_alloying_atoms
0.5746897159663187,0.043638289325931265,337.6009941072875,0.61832800529225,-1,-0.2700148786897319,0.5,0.5,2.54,3.5,0.5782829174967041,0.5800748451750096,Cu,fcc,Ag,Cu,fcc,Ag
-----End of simulation.-----
____Starting new simulation____:
Epot,Ekin,T,Etot,bulk_modulus,interface_energy,substrate_alloy_ratio,film_alloy_ratio,substrate_lattice,film_lattice,Etot_substrate,Etot_film,substrate_atoms,substrate_structure,substrate_alloying_atoms,film_atoms,film_structure,film_alloying_atoms
0.30251230479306573,0.03914340614006326,302.82701338106693,0.34165571093312896,-1,-0.13192811984668698,0.5,0.5,2.54,3.6,0.29377974892123615,0.3117322017052668,Cu,fcc,Ag,Cu,fcc,Ag
-----End of simulation.-----
____Starting new simulation____:
Epot,Ekin,T,Etot,bulk_modulus,interface_energy,substrate_alloy_ratio,film_alloy_ratio,substrate_lattice,film_lattice,Etot_substrate,Etot_film,substrate_atoms,substrate_structure,substrate_alloying_atoms,film_atoms,film_structure,film_alloying_atoms
0.14390333779371692,0.035099864885572825,271.54477092114973,0.17900320267928974,116.3529893350908,-0.05131684721878099,0.5,0.5,2.54,3.7,0.13995333100452148,0.14168356611233024,Cu,fcc,Ag,Cu,fcc,Ag
-----End of simulation.-----
____Starting new simulation____:
Epot,Ekin,T,Etot,bulk_modulus,interface_energy,substrate_alloy_ratio,film_alloy_ratio,substrate_lattice,film_lattice,Etot_substrate,Etot_film,substrate_atoms,substrate_structure,substrate_alloying_atoms,film_atoms,film_structure,film_alloying_atoms
0.07494741480972855,0.03219736147834168,249.0899943747478,0.10714477628807023,109.98821316005146,-0.014963861618546917,0.5,0.5,2.54,3.8,0.06853168954228442,0.06854080998287965,Cu,fcc,Ag,Cu,fcc,Ag
-----End of simulation.-----
____Starting new simulation____:
Epot,Ekin,T,Etot,bulk_modulus,interface_energy,substrate_alloy_ratio,film_alloy_ratio,substrate_lattice,film_lattice,Etot_substrate,Etot_film,substrate_atoms,substrate_structure,substrate_alloying_atoms,film_atoms,film_structure,film_alloying_atoms
0.07521512712971122,0.030115927286733728,232.98729504555615,0.10533105441644494,108.24449643199567,-0.013968802505961261,0.5,0.5,2.54,3.9,0.06662792108643728,0.06664073834193018,Cu,fcc,Ag,Cu,fcc,Ag
-----End of simulation.-----
____Starting new simulation____:
Epot,Ekin,T,Etot,bulk_modulus,interface_energy,substrate_alloy_ratio,film_alloy_ratio,substrate_lattice,film_lattice,Etot_substrate,Etot_film,substrate_atoms,substrate_structure,substrate_alloying_atoms,film_atoms,film_structure,film_alloying_atoms
0.1294985969165417,0.02952103499072043,228.38500119712356,0.15901963190726212,109.07384349542892,-0.04021055098341565,0.5,0.5,2.54,4.0,0.12139057746672752,0.11805015640736591,Cu,fcc,Ag,Cu,fcc,Ag
-----End of simulation.-----
____Starting new simulation____:
Epot,Ekin,T,Etot,bulk_modulus,interface_energy,substrate_alloy_ratio,film_alloy_ratio,substrate_lattice,film_lattice,Etot_substrate,Etot_film,substrate_atoms,substrate_structure,substrate_alloying_atoms,film_atoms,film_structure,film_alloying_atoms
0.21562528694924765,0.033252740550505894,257.25477419142453,0.24887802749975355,107.91511723146496,-0.08586601450922778,0.5,0.5,2.54,4.1,0.21145049828492987,0.20915955823327922,Cu,fcc,Ag,Cu,fcc,Ag
-----End of simulation.-----
____Starting new simulation____:
Epot,Ekin,T,Etot,bulk_modulus,interface_energy,substrate_alloy_ratio,film_alloy_ratio,substrate_lattice,film_lattice,Etot_substrate,Etot_film,substrate_atoms,substrate_structure,substrate_alloying_atoms,film_atoms,film_structure,film_alloying_atoms
0.29545515759068536,0.07093945575929189,548.8123195410294,0.36639461334997725,90.415219107617,-0.14478329978066193,0.5,0.5,2.54,4.2,0.3223373910700132,0.3336238218412879,Cu,fcc,Ag,Cu,fcc,Ag
-----End of simulation.-----
____Starting new simulation____:
Equilibrium not reached
-----End of simulation.-----
____Starting new simulation____:
Equilibrium not reached
-----End of simulation.-----
____Starting new simulation____:
Epot,Ekin,T,Etot,bulk_modulus,interface_energy,substrate_alloy_ratio,film_alloy_ratio,substrate_lattice,film_lattice,Etot_substrate,Etot_film,substrate_atoms,substrate_structure,substrate_alloying_atoms,film_atoms,film_structure,film_alloying_atoms
0.5967106320919707,0.23063489851228985,1784.2718451228104,0.8273455306042605,57.59442783546658,-0.37473688463971244,0.5,0.5,2.54,4.5,0.7826301241662729,0.7941891757174125,Cu,fcc,Ag,Cu,fcc,Ag
-----End of simulation.-----
____Starting new simulation____:
Equilibrium not reached
-----End of simulation.-----
____Starting new simulation____:
Epot,Ekin,T,Etot,bulk_modulus,interface_energy,substrate_alloy_ratio,film_alloy_ratio,substrate_lattice,film_lattice,Etot_substrate,Etot_film,substrate_atoms,substrate_structure,substrate_alloying_atoms,film_atoms,film_structure,film_alloying_atoms
0.7608689817787946,0.3948197502298972,3054.4630009499056,1.1556887320086917,45.25397676773641,-0.5390062498430395,0.5,0.5,2.54,4.7,1.119433415479926,1.1142678162148447,Cu,fcc,Ag,Cu,fcc,Ag
-----End of simulation.-----
____Starting new simulation____:
Equilibrium not reached
-----End of simulation.-----
____Starting new simulation____:
Equilibrium not reached
-----End of simulation.-----
____Starting new simulation____:
Equilibrium not reached
-----End of simulation.-----
job completed
