____Starting new simulation____:
Epot,Ekin,T,Etot,bulk_modulus,pressure,lattice_constant,cohesive_energy,bulk_modulus,material, structure
0.1851772985703797,0.019486371137711678,150.7533491631578,0.20466366970809138,-1,0.004673733789167971,3.31,4.254905470590284,-1,Ni,FaceCenteredCubic
-----End of simulation.-----
____Starting new simulation____:
Epot,Ekin,T,Etot,bulk_modulus,pressure,lattice_constant,cohesive_energy,bulk_modulus,material, structure
0.16760946482739725,0.01827278746127986,141.36464346629407,0.1858822522886771,-1,0.002241268263562777,3.32,4.273560998195409,-1,Ni,FaceCenteredCubic
-----End of simulation.-----
____Starting new simulation____:
Epot,Ekin,T,Etot,bulk_modulus,pressure,lattice_constant,cohesive_energy,bulk_modulus,material, structure
0.14879970888100783,0.020160310622421858,155.96717957495417,0.16896001950342968,-1,0.0015706002576423704,3.33,4.290785096679664,-1,Ni,FaceCenteredCubic
-----End of simulation.-----
____Starting new simulation____:
Epot,Ekin,T,Etot,bulk_modulus,pressure,lattice_constant,cohesive_energy,bulk_modulus,material, structure
0.132098879078482,0.019707480783909874,152.4639303412074,0.15180635986239188,162.02374221379887,-0.004310455215693728,3.34,4.307608943841508,162.02374221379887,Ni,FaceCenteredCubic
-----End of simulation.-----
____Starting new simulation____:
Equilibrium not reached
-----End of simulation.-----
____Starting new simulation____:
Equilibrium not reached
-----End of simulation.-----
____Starting new simulation____:
Epot,Ekin,T,Etot,bulk_modulus,pressure,lattice_constant,cohesive_energy,bulk_modulus,material, structure
0.08955305489052535,0.01878235759269146,145.30685535381897,0.10833541248321682,174.62771883963333,-0.0014341038756424647,3.37,4.350733058845444,174.62771883963333,Ni,FaceCenteredCubic
-----End of simulation.-----
____Starting new simulation____:
Epot,Ekin,T,Etot,bulk_modulus,pressure,lattice_constant,cohesive_energy,bulk_modulus,material, structure
0.0778532970742337,0.019333218069803624,149.56850372638638,0.09718651514403732,177.4577607031687,0.002994866155057385,3.38,4.362315140771285,177.4577607031687,Ni,FaceCenteredCubic
-----End of simulation.-----
____Starting new simulation____:
Epot,Ekin,T,Etot,bulk_modulus,pressure,lattice_constant,cohesive_energy,bulk_modulus,material, structure
0.06659281584068776,0.01905709301772613,147.43230422087794,0.08564990885841389,179.5478843662944,-0.0027847473076123234,3.39,4.373567469388158,179.5478843662944,Ni,FaceCenteredCubic
-----End of simulation.-----
____Starting new simulation____:
Epot,Ekin,T,Etot,bulk_modulus,pressure,lattice_constant,cohesive_energy,bulk_modulus,material, structure
0.05750895887564924,0.018493952529190515,143.07565340600024,0.07600291140483975,180.65472451230022,0.0052040531879992274,3.4,4.383252084060294,180.65472451230022,Ni,FaceCenteredCubic
-----End of simulation.-----
____Starting new simulation____:
Epot,Ekin,T,Etot,bulk_modulus,pressure,lattice_constant,cohesive_energy,bulk_modulus,material, structure
0.04813581353665328,0.019500034746528554,150.85905559645119,0.06763584828318184,181.0773775314105,-0.0006776176981325247,3.41,4.391880967063632,181.0773775314105,Ni,FaceCenteredCubic
-----End of simulation.-----
____Starting new simulation____:
Epot,Ekin,T,Etot,bulk_modulus,pressure,lattice_constant,cohesive_energy,bulk_modulus,material, structure
0.04069706702825781,0.01905345336437122,147.40414659577843,0.05975052039262903,180.89942125487104,0.0002089583626733019,3.42,4.399561900115358,180.89942125487104,Ni,FaceCenteredCubic
-----End of simulation.-----
____Starting new simulation____:
Epot,Ekin,T,Etot,bulk_modulus,pressure,lattice_constant,cohesive_energy,bulk_modulus,material, structure
0.033786311966263215,0.019799157341773187,153.1731720999717,0.0535854693080364,180.28709239883517,-0.00015977062487523976,3.43,4.405979891335239,180.28709239883517,Ni,FaceCenteredCubic
-----End of simulation.-----
____Starting new simulation____:
Epot,Ekin,T,Etot,bulk_modulus,pressure,lattice_constant,cohesive_energy,bulk_modulus,material, structure
0.027935409981345968,0.019677300076648564,152.2304418857325,0.04761271005799453,179.46661133741546,-0.0010239965595962382,3.44,4.411582335301104,179.46661133741546,Ni,FaceCenteredCubic
-----End of simulation.-----
____Starting new simulation____:
Epot,Ekin,T,Etot,bulk_modulus,pressure,lattice_constant,cohesive_energy,bulk_modulus,material, structure
0.023989606159375728,0.01856837564419351,143.65141652590424,0.042557981803569234,178.6273055022468,-0.004230616549031936,3.45,4.4163814712634535,178.6273055022468,Ni,FaceCenteredCubic
-----End of simulation.-----
____Starting new simulation____:
Epot,Ekin,T,Etot,bulk_modulus,pressure,lattice_constant,cohesive_energy,bulk_modulus,material, structure
0.02019992141928112,0.020026862816627067,154.93478090411566,0.04022678423590818,177.81873710701234,0.0023411804388858474,3.46,4.419297142547044,177.81873710701234,Ni,FaceCenteredCubic
-----End of simulation.-----
____Starting new simulation____:
Epot,Ekin,T,Etot,bulk_modulus,pressure,lattice_constant,cohesive_energy,bulk_modulus,material, structure
0.017873057231719783,0.0193918852030439,150.02237308765788,0.03726494243476368,177.23441349495837,0.00060188615360882,3.47,4.422022557313486,177.23441349495837,Ni,FaceCenteredCubic
-----End of simulation.-----
____Starting new simulation____:
Epot,Ekin,T,Etot,bulk_modulus,pressure,lattice_constant,cohesive_energy,bulk_modulus,material, structure
0.01702826292133517,0.018429276426019044,142.5752965619775,0.03545753934735421,176.86155544437017,-0.0023295546233005576,3.48,4.423680048180637,176.86155544437017,Ni,FaceCenteredCubic
-----End of simulation.-----
____Starting new simulation____:
Epot,Ekin,T,Etot,bulk_modulus,pressure,lattice_constant,cohesive_energy,bulk_modulus,material, structure
0.015150786832580547,0.019801110506917567,153.18828246530873,0.03495189733949811,176.72912653109776,0.0010839504549521898,3.49,4.424244513861195,176.72912653109776,Ni,FaceCenteredCubic
-----End of simulation.-----
____Starting new simulation____:
Epot,Ekin,T,Etot,bulk_modulus,pressure,lattice_constant,cohesive_energy,bulk_modulus,material, structure
0.015930140613080294,0.01912990171633716,147.9955776536918,0.03506004232941745,176.79307394089392,0.001491890107922653,3.5,4.424056748637839,176.79307394089392,Ni,FaceCenteredCubic
-----End of simulation.-----
____Starting new simulation____:
Epot,Ekin,T,Etot,bulk_modulus,pressure,lattice_constant,cohesive_energy,bulk_modulus,material, structure
0.017633902188400746,0.018557919120055544,143.57052121588148,0.03619182130845629,176.98356353212176,0.0006646418694589858,3.51,4.422932876297569,176.98356353212176,Ni,FaceCenteredCubic
-----End of simulation.-----
____Starting new simulation____:
Epot,Ekin,T,Etot,bulk_modulus,pressure,lattice_constant,cohesive_energy,bulk_modulus,material, structure
0.019171965557006905,0.02015666852564111,155.93900304666195,0.039328634082648015,177.2247248989475,0.0038493473199338072,3.52,4.420427831150866,177.2247248989475,Ni,FaceCenteredCubic
-----End of simulation.-----
____Starting new simulation____:
Epot,Ekin,T,Etot,bulk_modulus,pressure,lattice_constant,cohesive_energy,bulk_modulus,material, structure
0.021699659106902327,0.01950704450266278,150.91328550958298,0.041206703609565104,177.46955815085502,0.0017710128550575347,3.53,4.417968913220911,177.46955815085502,Ni,FaceCenteredCubic
-----End of simulation.-----
____Starting new simulation____:
Epot,Ekin,T,Etot,bulk_modulus,pressure,lattice_constant,cohesive_energy,bulk_modulus,material, structure
0.026348667417619098,0.01910023420765117,147.76605948100934,0.045448901625270266,177.57639603870732,0.0003611440121865443,3.54,4.4140917201347385,177.57639603870732,Ni,FaceCenteredCubic
-----End of simulation.-----
____Starting new simulation____:
Equilibrium not reached
-----End of simulation.-----
____Starting new simulation____:
Epot,Ekin,T,Etot,bulk_modulus,pressure,lattice_constant,cohesive_energy,bulk_modulus,material, structure
0.03554782337808852,0.019456147364503917,150.51952753453244,0.05500397074259243,177.37290593418976,0.0024050185555776035,3.56,4.404586837637231,177.37290593418976,Ni,FaceCenteredCubic
-----End of simulation.-----
____Starting new simulation____:
Epot,Ekin,T,Etot,bulk_modulus,pressure,lattice_constant,cohesive_energy,bulk_modulus,material, structure
0.040676044113960426,0.019488318242691618,150.76841264495354,0.06016436235665204,177.03253761712986,0.002170122701560396,3.57,4.3990406366125105,177.03253761712986,Ni,FaceCenteredCubic
-----End of simulation.-----
____Starting new simulation____:
Epot,Ekin,T,Etot,bulk_modulus,pressure,lattice_constant,cohesive_energy,bulk_modulus,material, structure
0.046532155175561266,0.019786504991722062,153.07528911644891,0.06631866016728333,176.62518660176858,0.002090737178363402,3.58,4.392651493250589,176.62518660176858,Ni,FaceCenteredCubic
-----End of simulation.-----
____Starting new simulation____:
Epot,Ekin,T,Etot,bulk_modulus,pressure,lattice_constant,cohesive_energy,bulk_modulus,material, structure
0.05452804063813773,0.019777318280935128,153.0042175244559,0.07430535891907286,176.30576032015728,0.002034656907479679,3.59,4.38508101055533,176.30576032015728,Ni,FaceCenteredCubic
-----End of simulation.-----
____Starting new simulation____:
Epot,Ekin,T,Etot,bulk_modulus,pressure,lattice_constant,cohesive_energy,bulk_modulus,material, structure
0.0631589994188593,0.01964825107556486,152.00570870312683,0.08280725049442417,176.2610723798668,-0.0006483985439301707,3.6,4.376874652979968,176.2610723798668,Ni,FaceCenteredCubic
-----End of simulation.-----
____Starting new simulation____:
Epot,Ekin,T,Etot,bulk_modulus,pressure,lattice_constant,cohesive_energy,bulk_modulus,material, structure
0.07245572296776862,0.018647933411192894,144.266903100718,0.0911036563789615,176.5039709918464,0.0011295748890007933,3.61,4.3684142676219695,176.5039709918464,Ni,FaceCenteredCubic
-----End of simulation.-----
____Starting new simulation____:
Epot,Ekin,T,Etot,bulk_modulus,pressure,lattice_constant,cohesive_energy,bulk_modulus,material, structure
0.08105994780690344,0.018586975376490653,143.79531052841077,0.09964692318339409,177.27349386958625,-0.0024355544133063934,3.62,4.359486844515765,177.27349386958625,Ni,FaceCenteredCubic
-----End of simulation.-----
____Starting new simulation____:
Epot,Ekin,T,Etot,bulk_modulus,pressure,lattice_constant,cohesive_energy,bulk_modulus,material, structure
0.09124162676993562,0.019529638197613892,151.0880781972404,0.11077126496754952,179.3451116668048,-0.0003506081011377705,3.63,4.34910374401682,179.3451116668048,Ni,FaceCenteredCubic
-----End of simulation.-----
____Starting new simulation____:
Epot,Ekin,T,Etot,bulk_modulus,pressure,lattice_constant,cohesive_energy,bulk_modulus,material, structure
0.10129151196218665,0.01985620337962734,153.6145001031297,0.12114771534181398,182.20146146395481,0.0015821458915328728,3.64,4.338663215852011,182.20146146395481,Ni,FaceCenteredCubic
-----End of simulation.-----
____Starting new simulation____:
Epot,Ekin,T,Etot,bulk_modulus,pressure,lattice_constant,cohesive_energy,bulk_modulus,material, structure
0.1120253692032694,0.019073072466163198,147.5559267954786,0.1310984416694326,186.08103566439226,-0.00028843330662723456,3.65,4.3281132150710055,186.08103566439226,Ni,FaceCenteredCubic
-----End of simulation.-----
____Starting new simulation____:
Epot,Ekin,T,Etot,bulk_modulus,pressure,lattice_constant,cohesive_energy,bulk_modulus,material, structure
0.12440713743154685,0.02014828142688157,155.87411753161007,0.14455541885842843,191.77743687381397,-0.000632385008398513,3.66,4.315469397314942,191.77743687381397,Ni,FaceCenteredCubic
-----End of simulation.-----
____Starting new simulation____:
Epot,Ekin,T,Etot,bulk_modulus,pressure,lattice_constant,cohesive_energy,bulk_modulus,material, structure
0.13584654495109333,0.020658023752955786,159.81766157697564,0.1565045687040491,198.54236835833444,-0.002797657492045582,3.67,4.303247400719749,198.54236835833444,Ni,FaceCenteredCubic
-----End of simulation.-----
____Starting new simulation____:
Epot,Ekin,T,Etot,bulk_modulus,pressure,lattice_constant,cohesive_energy,bulk_modulus,material, structure
0.14908229324126046,0.020539068342180007,158.89738111794125,0.16962136158344046,207.26022048924045,0.0009519650874145868,3.68,4.290118186497465,207.26022048924045,Ni,FaceCenteredCubic
-----End of simulation.-----
____Starting new simulation____:
Epot,Ekin,T,Etot,bulk_modulus,pressure,lattice_constant,cohesive_energy,bulk_modulus,material, structure
0.16330859017483806,0.020369373136266744,157.58455994423142,0.1836779633111048,217.13841161729604,-0.00024429997711149096,3.69,4.276093733631457,217.13841161729604,Ni,FaceCenteredCubic
-----End of simulation.-----
____Starting new simulation____:
Epot,Ekin,T,Etot,bulk_modulus,pressure,lattice_constant,cohesive_energy,bulk_modulus,material, structure
0.1784241660012131,0.018671008905896343,144.4454231589452,0.19709517490710945,228.80381946035934,0.00041772757315564757,3.7,4.262081555731581,228.80381946035934,Ni,FaceCenteredCubic
-----End of simulation.-----
job completed
