____Starting new simulation____:
Epot,Ekin,T,Etot,bulk_modulus,pressure,lattice_constant,cohesive_energy,bulk_modulus,material, structure
0.14990887661692365,0.02032784377613964,157.26327436039853,0.17023672039306328,-1,-0.005180933731654584,3.41,3.3596407495464446,-1,Cu,FaceCenteredCubic
-----End of simulation.-----
____Starting new simulation____:
Epot,Ekin,T,Etot,bulk_modulus,pressure,lattice_constant,cohesive_energy,bulk_modulus,material, structure
0.13558476090291635,0.019161886866269275,148.24302590568678,0.15474664776918562,-1,0.0007240593343156083,3.42,3.3747387308799612,-1,Cu,FaceCenteredCubic
-----End of simulation.-----
____Starting new simulation____:
Epot,Ekin,T,Etot,bulk_modulus,pressure,lattice_constant,cohesive_energy,bulk_modulus,material, structure
0.1221420007888427,0.019165843944460314,148.27363923979522,0.14130784473330302,-1,-0.001812581730308693,3.43,3.3883503713326055,-1,Cu,FaceCenteredCubic
-----End of simulation.-----
____Starting new simulation____:
Epot,Ekin,T,Etot,bulk_modulus,pressure,lattice_constant,cohesive_energy,bulk_modulus,material, structure
0.10776232346842315,0.019890751529443713,153.88177661425644,0.12765307499786688,128.62939531821422,0.0012090513873483444,3.44,3.4017365627853033,128.62939531821422,Cu,FaceCenteredCubic
-----End of simulation.-----
____Starting new simulation____:
Epot,Ekin,T,Etot,bulk_modulus,pressure,lattice_constant,cohesive_energy,bulk_modulus,material, structure
0.09616945065119113,0.019701939595394735,152.42106177829754,0.11587139024658587,130.45371567875733,-3.540378367828068e-05,3.45,3.4135961188389605,130.45371567875733,Cu,FaceCenteredCubic
-----End of simulation.-----
____Starting new simulation____:
Epot,Ekin,T,Etot,bulk_modulus,pressure,lattice_constant,cohesive_energy,bulk_modulus,material, structure
0.08555064730628019,0.018699403476313037,144.66509343814263,0.10425005078259322,132.01252300294732,-0.002811858645448783,3.46,3.4249584694381863,132.01252300294732,Cu,FaceCenteredCubic
-----End of simulation.-----
____Starting new simulation____:
Epot,Ekin,T,Etot,bulk_modulus,pressure,lattice_constant,cohesive_energy,bulk_modulus,material, structure
0.07450374044301417,0.019438675156152017,150.38435644969007,0.09394241559916619,133.2212086484781,0.0006989809163188052,3.47,3.435211856598724,133.2212086484781,Cu,FaceCenteredCubic
-----End of simulation.-----
____Starting new simulation____:
Epot,Ekin,T,Etot,bulk_modulus,pressure,lattice_constant,cohesive_energy,bulk_modulus,material, structure
0.06551491602600643,0.018745676833128274,145.0230802314568,0.0842605928591347,134.06009708631993,-0.0017278835348526161,3.48,3.4446957576119974,134.06009708631993,Cu,FaceCenteredCubic
-----End of simulation.-----
____Starting new simulation____:
Equilibrium not reached
-----End of simulation.-----
____Starting new simulation____:
Epot,Ekin,T,Etot,bulk_modulus,pressure,lattice_constant,cohesive_energy,bulk_modulus,material, structure
0.049819791403224525,0.01921839492366316,148.68019190476528,0.06903818632688768,134.59967457415476,-0.0029921553574709923,3.5,3.460307408523305,134.59967457415476,Cu,FaceCenteredCubic
-----End of simulation.-----
____Starting new simulation____:
Epot,Ekin,T,Etot,bulk_modulus,pressure,lattice_constant,cohesive_energy,bulk_modulus,material, structure
0.0419286456274608,0.01934828078285295,149.68503411696665,0.06127692641031375,134.53072154842528,-0.001073194340070696,3.51,3.467652341843525,134.53072154842528,Cu,FaceCenteredCubic
-----End of simulation.-----
____Starting new simulation____:
Epot,Ekin,T,Etot,bulk_modulus,pressure,lattice_constant,cohesive_energy,bulk_modulus,material, structure
0.03685764324792789,0.02004119807318164,155.04568343806835,0.05689884132110953,134.1150339575698,-0.0007026275789142034,3.52,3.4727249159537075,134.1150339575698,Cu,FaceCenteredCubic
-----End of simulation.-----
____Starting new simulation____:
Epot,Ekin,T,Etot,bulk_modulus,pressure,lattice_constant,cohesive_energy,bulk_modulus,material, structure
0.032698839798331276,0.019030627339333344,147.22755652170957,0.05172946713766462,133.65066046604667,-0.0007032025066551855,3.53,3.4778363532449634,133.65066046604667,Cu,FaceCenteredCubic
-----End of simulation.-----
____Starting new simulation____:
Epot,Ekin,T,Etot,bulk_modulus,pressure,lattice_constant,cohesive_energy,bulk_modulus,material, structure
0.027942626645355684,0.01777484012690996,137.51234958188513,0.04571746677226564,133.22291871925972,-0.0012533744286480565,3.54,3.4829724647747153,133.22291871925972,Cu,FaceCenteredCubic
-----End of simulation.-----
____Starting new simulation____:
Epot,Ekin,T,Etot,bulk_modulus,pressure,lattice_constant,cohesive_energy,bulk_modulus,material, structure
0.024812699637019313,0.01869664921598039,144.64378552161577,0.0435093488529997,132.7134452498361,0.0028451968679164084,3.55,3.4857941719339185,132.7134452498361,Cu,FaceCenteredCubic
-----End of simulation.-----
____Starting new simulation____:
Epot,Ekin,T,Etot,bulk_modulus,pressure,lattice_constant,cohesive_energy,bulk_modulus,material, structure
0.021869001545273787,0.01939101825359658,150.01566606500012,0.04126001979887037,132.30518867398015,-0.001665298936457968,3.56,3.4883532582188614,132.30518867398015,Cu,FaceCenteredCubic
-----End of simulation.-----
____Starting new simulation____:
Epot,Ekin,T,Etot,bulk_modulus,pressure,lattice_constant,cohesive_energy,bulk_modulus,material, structure
0.019259860535581753,0.01891614203954573,146.34185839705825,0.03817600257512749,132.00685699789926,-0.0015167838798798368,3.57,3.4908640593315905,132.00685699789926,Cu,FaceCenteredCubic
-----End of simulation.-----
____Starting new simulation____:
Epot,Ekin,T,Etot,bulk_modulus,pressure,lattice_constant,cohesive_energy,bulk_modulus,material, structure
0.017953600652977717,0.020435996696878175,158.09998299680328,0.03838959734985589,131.78320780490273,0.000234244821276981,3.58,3.4913367125482027,131.78320780490273,Cu,FaceCenteredCubic
-----End of simulation.-----
____Starting new simulation____:
Equilibrium not reached
-----End of simulation.-----
____Starting new simulation____:
Epot,Ekin,T,Etot,bulk_modulus,pressure,lattice_constant,cohesive_energy,bulk_modulus,material, structure
0.018526035154361045,0.019831824759376965,153.42589861213128,0.03835785991373801,131.64925030213615,-0.0011957606783865263,3.6,3.4915348547300455,131.64925030213615,Cu,FaceCenteredCubic
-----End of simulation.-----
____Starting new simulation____:
Epot,Ekin,T,Etot,bulk_modulus,pressure,lattice_constant,cohesive_energy,bulk_modulus,material, structure
0.01956737945916735,0.018712156204720595,144.76375298356652,0.03827953566388795,131.73173006402186,0.0006951947478219617,3.61,3.4911506535911903,131.73173006402186,Cu,FaceCenteredCubic
-----End of simulation.-----
____Starting new simulation____:
Epot,Ekin,T,Etot,bulk_modulus,pressure,lattice_constant,cohesive_energy,bulk_modulus,material, structure
0.021146229414815927,0.018842684334759503,145.77356402659277,0.03998891374957543,131.7829334128807,0.0003493696226894852,3.62,3.489597368740698,131.7829334128807,Cu,FaceCenteredCubic
-----End of simulation.-----
____Starting new simulation____:
Epot,Ekin,T,Etot,bulk_modulus,pressure,lattice_constant,cohesive_energy,bulk_modulus,material, structure
0.022819779468072267,0.01908552592686497,147.6522711017733,0.04190530539493724,131.86815069070352,-0.0010329719758588464,3.63,3.4876158373899324,131.86815069070352,Cu,FaceCenteredCubic
-----End of simulation.-----
____Starting new simulation____:
Epot,Ekin,T,Etot,bulk_modulus,pressure,lattice_constant,cohesive_energy,bulk_modulus,material, structure
0.02468079632912862,0.01958690023244809,151.53107722821167,0.04426769656157671,131.9323208755279,0.00158279034439537,3.64,3.4850934833379075,131.9323208755279,Cu,FaceCenteredCubic
-----End of simulation.-----
____Starting new simulation____:
Epot,Ekin,T,Etot,bulk_modulus,pressure,lattice_constant,cohesive_energy,bulk_modulus,material, structure
0.027682421848777318,0.019575477621235918,151.44270793234566,0.047257899470013236,131.96008420059104,-0.0006311059077636485,3.65,3.481971176965008,131.96008420059104,Cu,FaceCenteredCubic
-----End of simulation.-----
____Starting new simulation____:
Epot,Ekin,T,Etot,bulk_modulus,pressure,lattice_constant,cohesive_energy,bulk_modulus,material, structure
0.03172864022093244,0.01953077096343515,151.0968416678818,0.051259411184367595,131.9744405345872,-0.0004900025088557995,3.66,3.477991914379968,131.9744405345872,Cu,FaceCenteredCubic
-----End of simulation.-----
____Starting new simulation____:
Epot,Ekin,T,Etot,bulk_modulus,pressure,lattice_constant,cohesive_energy,bulk_modulus,material, structure
0.03575757117456227,0.019926578545365687,154.15894687867305,0.05568414971992795,132.00708275760553,0.0005188564337591861,3.67,3.4736209085840777,132.00708275760553,Cu,FaceCenteredCubic
-----End of simulation.-----
____Starting new simulation____:
Epot,Ekin,T,Etot,bulk_modulus,pressure,lattice_constant,cohesive_energy,bulk_modulus,material, structure
0.04157075908927422,0.020203980956806207,156.30502848078635,0.061774740046080426,132.0822358202608,0.0014819626792769989,3.68,3.468101965771006,132.0822358202608,Cu,FaceCenteredCubic
-----End of simulation.-----
____Starting new simulation____:
Epot,Ekin,T,Etot,bulk_modulus,pressure,lattice_constant,cohesive_energy,bulk_modulus,material, structure
0.04667622835310116,0.019467481927698416,150.60721566028948,0.06614371028079957,132.28944803882655,-0.00013420935835398094,3.69,3.4631930000398405,132.28944803882655,Cu,FaceCenteredCubic
-----End of simulation.-----
____Starting new simulation____:
Epot,Ekin,T,Etot,bulk_modulus,pressure,lattice_constant,cohesive_energy,bulk_modulus,material, structure
0.05354870444597773,0.019494928610366846,150.81955274996324,0.07304363305634458,132.61695967037173,0.00014056858095878275,3.7,3.456740411001299,132.61695967037173,Cu,FaceCenteredCubic
-----End of simulation.-----
____Starting new simulation____:
Epot,Ekin,T,Etot,bulk_modulus,pressure,lattice_constant,cohesive_energy,bulk_modulus,material, structure
0.059800613486262866,0.019249913293638215,148.9240289845542,0.07905052677990108,133.27187473696924,-0.00019174499172060664,3.71,3.4504370707852887,133.27187473696924,Cu,FaceCenteredCubic
-----End of simulation.-----
____Starting new simulation____:
Epot,Ekin,T,Etot,bulk_modulus,pressure,lattice_constant,cohesive_energy,bulk_modulus,material, structure
0.06668307566428193,0.01857950209932684,143.73749465527013,0.08526257776360877,134.16613438531746,0.0015605563134661368,3.72,3.4438393361871404,134.16613438531746,Cu,FaceCenteredCubic
-----End of simulation.-----
____Starting new simulation____:
Epot,Ekin,T,Etot,bulk_modulus,pressure,lattice_constant,cohesive_energy,bulk_modulus,material, structure
0.07422629763300313,0.01967721580819016,152.22978995560945,0.0939035134411933,135.59261825125205,0.0018856523419099086,3.73,3.43575797003148,135.59261825125205,Cu,FaceCenteredCubic
-----End of simulation.-----
____Starting new simulation____:
Epot,Ekin,T,Etot,bulk_modulus,pressure,lattice_constant,cohesive_energy,bulk_modulus,material, structure
0.0825289163908631,0.019295369400362673,149.27569324673016,0.10182428579122577,137.36735661499742,0.0007420987127138863,3.74,3.427800642086259,137.36735661499742,Cu,FaceCenteredCubic
-----End of simulation.-----
____Starting new simulation____:
Epot,Ekin,T,Etot,bulk_modulus,pressure,lattice_constant,cohesive_energy,bulk_modulus,material, structure
0.09163247552700313,0.019300819861823342,149.31785991356995,0.11093329538882647,139.55466829128326,-0.0010251640293889904,3.75,3.419021298765838,139.55466829128326,Cu,FaceCenteredCubic
-----End of simulation.-----
____Starting new simulation____:
Epot,Ekin,T,Etot,bulk_modulus,pressure,lattice_constant,cohesive_energy,bulk_modulus,material, structure
0.0999800987335648,0.019759996940842458,152.87021360897518,0.11974009567440726,142.4110819268487,0.00029981854658500277,3.76,3.4100603392843274,142.4110819268487,Cu,FaceCenteredCubic
-----End of simulation.-----
____Starting new simulation____:
Epot,Ekin,T,Etot,bulk_modulus,pressure,lattice_constant,cohesive_energy,bulk_modulus,material, structure
0.10900122596573886,0.019605287287113318,151.6733258825373,0.12860651325285216,145.60963633777888,0.0009707052434341897,3.77,3.4008632973997575,145.60963633777888,Cu,FaceCenteredCubic
-----End of simulation.-----
____Starting new simulation____:
Epot,Ekin,T,Etot,bulk_modulus,pressure,lattice_constant,cohesive_energy,bulk_modulus,material, structure
0.11887013929817446,0.018594708547757015,143.85513703278232,0.13746484784593146,149.57699798868637,-0.00018670745380885737,3.78,3.391426783645797,149.57699798868637,Cu,FaceCenteredCubic
-----End of simulation.-----
____Starting new simulation____:
Epot,Ekin,T,Etot,bulk_modulus,pressure,lattice_constant,cohesive_energy,bulk_modulus,material, structure
0.13008573497469353,0.019670096231742488,152.17471043431098,0.149755831206436,153.37078235361676,-0.0010963747551503112,3.79,3.379950789487304,153.37078235361676,Cu,FaceCenteredCubic
-----End of simulation.-----
____Starting new simulation____:
Epot,Ekin,T,Etot,bulk_modulus,pressure,lattice_constant,cohesive_energy,bulk_modulus,material, structure
0.14041235040361,0.020002828492142882,154.7488430049933,0.16041517889575288,157.86138104976715,-0.0007105637508232816,3.8,3.369096412445439,157.86138104976715,Cu,FaceCenteredCubic
-----End of simulation.-----
job completed
